{"/app/src/CityView.ts": {"path":"/app/src/CityView.ts","statementMap":{"0":{"start":{"line":40,"column":13},"end":{"line":40,"column":17}},"1":{"start":{"line":26,"column":6},"end":{"line":26,"column":null}},"2":{"start":{"line":27,"column":8},"end":{"line":27,"column":null}},"3":{"start":{"line":27,"column":19},"end":{"line":27,"column":null}},"4":{"start":{"line":28,"column":8},"end":{"line":28,"column":null}},"5":{"start":{"line":28,"column":19},"end":{"line":28,"column":null}},"6":{"start":{"line":29,"column":8},"end":{"line":29,"column":null}},"7":{"start":{"line":29,"column":25},"end":{"line":29,"column":null}},"8":{"start":{"line":30,"column":8},"end":{"line":30,"column":null}},"9":{"start":{"line":30,"column":28},"end":{"line":30,"column":null}},"10":{"start":{"line":31,"column":8},"end":{"line":31,"column":null}},"11":{"start":{"line":31,"column":25},"end":{"line":31,"column":null}},"12":{"start":{"line":32,"column":8},"end":{"line":32,"column":null}},"13":{"start":{"line":35,"column":43},"end":{"line":35,"column":null}},"14":{"start":{"line":39,"column":26},"end":{"line":39,"column":null}},"15":{"start":{"line":40,"column":8},"end":{"line":40,"column":null}},"16":{"start":{"line":40,"column":78},"end":{"line":40,"column":null}},"17":{"start":{"line":41,"column":8},"end":{"line":41,"column":null}},"18":{"start":{"line":41,"column":29},"end":{"line":41,"column":null}},"19":{"start":{"line":42,"column":8},"end":{"line":42,"column":null}},"20":{"start":{"line":42,"column":77},"end":{"line":42,"column":null}},"21":{"start":{"line":44,"column":8},"end":{"line":44,"column":null}},"22":{"start":{"line":44,"column":22},"end":{"line":44,"column":null}},"23":{"start":{"line":45,"column":8},"end":{"line":45,"column":null}},"24":{"start":{"line":45,"column":67},"end":{"line":45,"column":null}},"25":{"start":{"line":47,"column":8},"end":{"line":62,"column":null}},"26":{"start":{"line":47,"column":17},"end":{"line":47,"column":26}},"27":{"start":{"line":47,"column":54},"end":{"line":47,"column":null}},"28":{"start":{"line":48,"column":12},"end":{"line":61,"column":null}},"29":{"start":{"line":48,"column":21},"end":{"line":48,"column":30}},"30":{"start":{"line":49,"column":22},"end":{"line":49,"column":null}},"31":{"start":{"line":49,"column":54},"end":{"line":49,"column":null}},"32":{"start":{"line":50,"column":16},"end":{"line":60,"column":null}},"33":{"start":{"line":50,"column":26},"end":{"line":50,"column":null}},"34":{"start":{"line":51,"column":26},"end":{"line":51,"column":null}},"35":{"start":{"line":51,"column":59},"end":{"line":51,"column":null}},"36":{"start":{"line":52,"column":20},"end":{"line":59,"column":null}},"37":{"start":{"line":52,"column":64},"end":{"line":52,"column":null}},"38":{"start":{"line":53,"column":24},"end":{"line":53,"column":null}},"39":{"start":{"line":54,"column":20},"end":{"line":54,"column":31}},"40":{"start":{"line":54,"column":20},"end":{"line":59,"column":null}},"41":{"start":{"line":54,"column":69},"end":{"line":54,"column":null}},"42":{"start":{"line":55,"column":24},"end":{"line":55,"column":null}},"43":{"start":{"line":56,"column":27},"end":{"line":56,"column":null}},"44":{"start":{"line":58,"column":24},"end":{"line":58,"column":null}},"45":{"start":{"line":60,"column":16},"end":{"line":60,"column":null}},"46":{"start":{"line":62,"column":8},"end":{"line":62,"column":null}},"47":{"start":{"line":64,"column":8},"end":{"line":64,"column":null}},"48":{"start":{"line":67,"column":64},"end":{"line":67,"column":null}},"49":{"start":{"line":68,"column":8},"end":{"line":68,"column":null}},"50":{"start":{"line":68,"column":27},"end":{"line":68,"column":null}},"51":{"start":{"line":69,"column":8},"end":{"line":69,"column":null}},"52":{"start":{"line":69,"column":28},"end":{"line":69,"column":null}},"53":{"start":{"line":70,"column":8},"end":{"line":70,"column":null}},"54":{"start":{"line":70,"column":65},"end":{"line":70,"column":null}},"55":{"start":{"line":71,"column":8},"end":{"line":71,"column":null}},"56":{"start":{"line":71,"column":51},"end":{"line":71,"column":null}},"57":{"start":{"line":72,"column":8},"end":{"line":72,"column":null}},"58":{"start":{"line":72,"column":65},"end":{"line":72,"column":null}},"59":{"start":{"line":73,"column":8},"end":{"line":73,"column":null}},"60":{"start":{"line":73,"column":27},"end":{"line":73,"column":null}},"61":{"start":{"line":74,"column":8},"end":{"line":74,"column":null}},"62":{"start":{"line":74,"column":29},"end":{"line":74,"column":null}},"63":{"start":{"line":75,"column":8},"end":{"line":75,"column":null}},"64":{"start":{"line":75,"column":22},"end":{"line":75,"column":null}},"65":{"start":{"line":76,"column":8},"end":{"line":76,"column":null}},"66":{"start":{"line":76,"column":31},"end":{"line":76,"column":null}},"67":{"start":{"line":77,"column":8},"end":{"line":77,"column":null}},"68":{"start":{"line":80,"column":68},"end":{"line":80,"column":null}},"69":{"start":{"line":81,"column":14},"end":{"line":81,"column":null}},"70":{"start":{"line":81,"column":25},"end":{"line":81,"column":null}},"71":{"start":{"line":84,"column":8},"end":{"line":84,"column":null}},"72":{"start":{"line":84,"column":29},"end":{"line":84,"column":null}},"73":{"start":{"line":85,"column":8},"end":{"line":85,"column":null}},"74":{"start":{"line":85,"column":27},"end":{"line":85,"column":null}},"75":{"start":{"line":86,"column":8},"end":{"line":86,"column":null}},"76":{"start":{"line":86,"column":31},"end":{"line":86,"column":null}},"77":{"start":{"line":87,"column":8},"end":{"line":87,"column":null}},"78":{"start":{"line":87,"column":68},"end":{"line":87,"column":null}},"79":{"start":{"line":88,"column":8},"end":{"line":88,"column":null}},"80":{"start":{"line":88,"column":54},"end":{"line":88,"column":null}},"81":{"start":{"line":89,"column":8},"end":{"line":89,"column":null}},"82":{"start":{"line":89,"column":68},"end":{"line":89,"column":null}},"83":{"start":{"line":90,"column":8},"end":{"line":90,"column":null}},"84":{"start":{"line":90,"column":27},"end":{"line":90,"column":null}},"85":{"start":{"line":91,"column":8},"end":{"line":91,"column":null}},"86":{"start":{"line":91,"column":22},"end":{"line":91,"column":null}},"87":{"start":{"line":92,"column":8},"end":{"line":92,"column":null}},"88":{"start":{"line":92,"column":24},"end":{"line":92,"column":null}},"89":{"start":{"line":95,"column":8},"end":{"line":95,"column":null}},"90":{"start":{"line":95,"column":29},"end":{"line":95,"column":null}},"91":{"start":{"line":96,"column":8},"end":{"line":96,"column":null}},"92":{"start":{"line":96,"column":27},"end":{"line":96,"column":null}},"93":{"start":{"line":97,"column":8},"end":{"line":97,"column":null}},"94":{"start":{"line":97,"column":68},"end":{"line":97,"column":null}},"95":{"start":{"line":98,"column":8},"end":{"line":98,"column":null}},"96":{"start":{"line":98,"column":54},"end":{"line":98,"column":null}},"97":{"start":{"line":99,"column":8},"end":{"line":99,"column":null}},"98":{"start":{"line":99,"column":51},"end":{"line":99,"column":null}},"99":{"start":{"line":100,"column":8},"end":{"line":100,"column":null}},"100":{"start":{"line":100,"column":65},"end":{"line":100,"column":null}},"101":{"start":{"line":101,"column":8},"end":{"line":101,"column":null}},"102":{"start":{"line":101,"column":27},"end":{"line":101,"column":null}},"103":{"start":{"line":102,"column":8},"end":{"line":102,"column":null}},"104":{"start":{"line":102,"column":22},"end":{"line":102,"column":null}},"105":{"start":{"line":103,"column":8},"end":{"line":103,"column":null}},"106":{"start":{"line":103,"column":24},"end":{"line":103,"column":null}},"107":{"start":{"line":106,"column":8},"end":{"line":106,"column":null}},"108":{"start":{"line":106,"column":29},"end":{"line":106,"column":null}},"109":{"start":{"line":107,"column":8},"end":{"line":107,"column":null}},"110":{"start":{"line":107,"column":27},"end":{"line":107,"column":null}},"111":{"start":{"line":108,"column":8},"end":{"line":108,"column":null}},"112":{"start":{"line":108,"column":68},"end":{"line":108,"column":null}},"113":{"start":{"line":109,"column":8},"end":{"line":109,"column":null}},"114":{"start":{"line":109,"column":54},"end":{"line":109,"column":null}},"115":{"start":{"line":110,"column":8},"end":{"line":110,"column":null}},"116":{"start":{"line":110,"column":51},"end":{"line":110,"column":null}},"117":{"start":{"line":111,"column":8},"end":{"line":111,"column":null}},"118":{"start":{"line":111,"column":65},"end":{"line":111,"column":null}},"119":{"start":{"line":112,"column":8},"end":{"line":112,"column":null}},"120":{"start":{"line":112,"column":27},"end":{"line":112,"column":null}},"121":{"start":{"line":113,"column":8},"end":{"line":113,"column":null}},"122":{"start":{"line":113,"column":22},"end":{"line":113,"column":null}},"123":{"start":{"line":114,"column":8},"end":{"line":114,"column":null}},"124":{"start":{"line":117,"column":90},"end":{"line":117,"column":null}},"125":{"start":{"line":118,"column":8},"end":{"line":121,"column":null}},"126":{"start":{"line":118,"column":38},"end":{"line":118,"column":null}},"127":{"start":{"line":119,"column":12},"end":{"line":119,"column":null}},"128":{"start":{"line":119,"column":52},"end":{"line":119,"column":null}},"129":{"start":{"line":120,"column":12},"end":{"line":120,"column":null}},"130":{"start":{"line":121,"column":8},"end":{"line":121,"column":null}},"131":{"start":{"line":123,"column":14},"end":{"line":123,"column":null}},"132":{"start":{"line":124,"column":14},"end":{"line":124,"column":null}},"133":{"start":{"line":124,"column":85},"end":{"line":124,"column":null}},"134":{"start":{"line":126,"column":8},"end":{"line":129,"column":null}},"135":{"start":{"line":126,"column":87},"end":{"line":126,"column":null}},"136":{"start":{"line":127,"column":12},"end":{"line":127,"column":null}},"137":{"start":{"line":127,"column":35},"end":{"line":127,"column":null}},"138":{"start":{"line":128,"column":12},"end":{"line":128,"column":null}},"139":{"start":{"line":129,"column":8},"end":{"line":129,"column":null}},"140":{"start":{"line":131,"column":14},"end":{"line":134,"column":null}},"141":{"start":{"line":134,"column":8},"end":{"line":134,"column":null}},"142":{"start":{"line":136,"column":8},"end":{"line":170,"column":null}},"143":{"start":{"line":136,"column":17},"end":{"line":136,"column":42}},"144":{"start":{"line":136,"column":59},"end":{"line":136,"column":null}},"145":{"start":{"line":137,"column":12},"end":{"line":169,"column":null}},"146":{"start":{"line":137,"column":21},"end":{"line":137,"column":46}},"147":{"start":{"line":138,"column":22},"end":{"line":138,"column":null}},"148":{"start":{"line":138,"column":54},"end":{"line":138,"column":null}},"149":{"start":{"line":140,"column":16},"end":{"line":168,"column":null}},"150":{"start":{"line":140,"column":110},"end":{"line":140,"column":null}},"151":{"start":{"line":141,"column":26},"end":{"line":141,"column":null}},"152":{"start":{"line":142,"column":26},"end":{"line":142,"column":null}},"153":{"start":{"line":144,"column":26},"end":{"line":148,"column":null}},"154":{"start":{"line":149,"column":20},"end":{"line":149,"column":null}},"155":{"start":{"line":151,"column":20},"end":{"line":167,"column":null}},"156":{"start":{"line":151,"column":63},"end":{"line":151,"column":null}},"157":{"start":{"line":152,"column":24},"end":{"line":165,"column":null}},"158":{"start":{"line":152,"column":68},"end":{"line":152,"column":null}},"159":{"start":{"line":153,"column":28},"end":{"line":162,"column":null}},"160":{"start":{"line":153,"column":79},"end":{"line":153,"column":null}},"161":{"start":{"line":154,"column":32},"end":{"line":161,"column":null}},"162":{"start":{"line":154,"column":82},"end":{"line":154,"column":null}},"163":{"start":{"line":155,"column":42},"end":{"line":155,"column":null}},"164":{"start":{"line":155,"column":73},"end":{"line":155,"column":null}},"165":{"start":{"line":156,"column":36},"end":{"line":156,"column":null}},"166":{"start":{"line":156,"column":78},"end":{"line":156,"column":null}},"167":{"start":{"line":157,"column":36},"end":{"line":157,"column":null}},"168":{"start":{"line":157,"column":88},"end":{"line":157,"column":null}},"169":{"start":{"line":158,"column":36},"end":{"line":158,"column":null}},"170":{"start":{"line":159,"column":39},"end":{"line":159,"column":null}},"171":{"start":{"line":160,"column":36},"end":{"line":160,"column":null}},"172":{"start":{"line":163,"column":24},"end":{"line":163,"column":35}},"173":{"start":{"line":163,"column":24},"end":{"line":165,"column":null}},"174":{"start":{"line":163,"column":73},"end":{"line":163,"column":null}},"175":{"start":{"line":164,"column":28},"end":{"line":164,"column":null}},"176":{"start":{"line":165,"column":24},"end":{"line":165,"column":null}},"177":{"start":{"line":166,"column":24},"end":{"line":166,"column":null}},"178":{"start":{"line":167,"column":20},"end":{"line":167,"column":null}},"179":{"start":{"line":168,"column":16},"end":{"line":168,"column":null}}},"fnMap":{"0":{"name":"(anonymous_0)","decl":{"start":{"line":40,"column":13},"end":{"line":40,"column":17}},"loc":{"start":{"line":40,"column":13},"end":{"line":40,"column":17}},"line":40},"1":{"name":"(anonymous_1)","decl":{"start":{"line":19,"column":4},"end":{"line":19,"column":null}},"loc":{"start":{"line":26,"column":6},"end":{"line":33,"column":null}},"line":26},"2":{"name":"(anonymous_2)","decl":{"start":{"line":35,"column":11},"end":{"line":35,"column":18}},"loc":{"start":{"line":35,"column":43},"end":{"line":37,"column":null}},"line":35},"3":{"name":"(anonymous_3)","decl":{"start":{"line":39,"column":11},"end":{"line":39,"column":26}},"loc":{"start":{"line":39,"column":26},"end":{"line":65,"column":null}},"line":39},"4":{"name":"(anonymous_4)","decl":{"start":{"line":67,"column":12},"end":{"line":67,"column":21}},"loc":{"start":{"line":67,"column":64},"end":{"line":78,"column":null}},"line":67},"5":{"name":"(anonymous_5)","decl":{"start":{"line":80,"column":12},"end":{"line":80,"column":25}},"loc":{"start":{"line":80,"column":68},"end":{"line":115,"column":null}},"line":80},"6":{"name":"(anonymous_6)","decl":{"start":{"line":117,"column":11},"end":{"line":117,"column":28}},"loc":{"start":{"line":117,"column":90},"end":{"line":171,"column":null}},"line":117},"7":{"name":"(anonymous_7)","decl":{"start":{"line":153,"column":73},"end":{"line":153,"column":79}},"loc":{"start":{"line":153,"column":79},"end":{"line":162,"column":29}},"line":153}},"branchMap":{"0":{"loc":{"start":{"line":50,"column":16},"end":{"line":60,"column":null}},"type":"if","locations":[{"start":{"line":50,"column":16},"end":{"line":60,"column":null}},{"start":{"line":60,"column":16},"end":{"line":60,"column":null}}],"line":50},"1":{"loc":{"start":{"line":52,"column":20},"end":{"line":59,"column":null}},"type":"if","locations":[{"start":{"line":52,"column":20},"end":{"line":59,"column":null}},{"start":{"line":54,"column":20},"end":{"line":59,"column":null}}],"line":52},"2":{"loc":{"start":{"line":54,"column":20},"end":{"line":59,"column":null}},"type":"if","locations":[{"start":{"line":54,"column":20},"end":{"line":59,"column":null}},{"start":{"line":56,"column":27},"end":{"line":59,"column":null}}],"line":54},"3":{"loc":{"start":{"line":58,"column":64},"end":{"line":58,"column":null}},"type":"cond-expr","locations":[{"start":{"line":58,"column":87},"end":{"line":58,"column":103}},{"start":{"line":58,"column":94},"end":{"line":58,"column":109}}],"line":58},"4":{"loc":{"start":{"line":118,"column":8},"end":{"line":121,"column":null}},"type":"if","locations":[{"start":{"line":118,"column":8},"end":{"line":121,"column":null}},{"start":{"line":121,"column":8},"end":{"line":121,"column":null}}],"line":118},"5":{"loc":{"start":{"line":126,"column":8},"end":{"line":129,"column":null}},"type":"if","locations":[{"start":{"line":126,"column":8},"end":{"line":129,"column":null}},{"start":{"line":129,"column":8},"end":{"line":129,"column":null}}],"line":126},"6":{"loc":{"start":{"line":126,"column":12},"end":{"line":126,"column":87}},"type":"binary-expr","locations":[{"start":{"line":126,"column":12},"end":{"line":126,"column":31}},{"start":{"line":126,"column":25},"end":{"line":126,"column":51}},{"start":{"line":126,"column":44},"end":{"line":126,"column":70}},{"start":{"line":126,"column":64},"end":{"line":126,"column":87}}],"line":126},"7":{"loc":{"start":{"line":140,"column":16},"end":{"line":168,"column":null}},"type":"if","locations":[{"start":{"line":140,"column":16},"end":{"line":168,"column":null}},{"start":{"line":168,"column":16},"end":{"line":168,"column":null}}],"line":140},"8":{"loc":{"start":{"line":140,"column":20},"end":{"line":140,"column":110}},"type":"binary-expr","locations":[{"start":{"line":140,"column":20},"end":{"line":140,"column":29}},{"start":{"line":140,"column":29},"end":{"line":140,"column":71}},{"start":{"line":140,"column":52},"end":{"line":140,"column":110}}],"line":140},"9":{"loc":{"start":{"line":151,"column":20},"end":{"line":167,"column":null}},"type":"if","locations":[{"start":{"line":151,"column":20},"end":{"line":167,"column":null}},{"start":{"line":167,"column":20},"end":{"line":167,"column":null}}],"line":151},"10":{"loc":{"start":{"line":152,"column":24},"end":{"line":165,"column":null}},"type":"if","locations":[{"start":{"line":152,"column":24},"end":{"line":165,"column":null}},{"start":{"line":163,"column":24},"end":{"line":165,"column":null}}],"line":152},"11":{"loc":{"start":{"line":154,"column":32},"end":{"line":161,"column":null}},"type":"if","locations":[{"start":{"line":154,"column":32},"end":{"line":161,"column":null}},{"start":{"line":159,"column":39},"end":{"line":161,"column":null}}],"line":154},"12":{"loc":{"start":{"line":163,"column":24},"end":{"line":165,"column":null}},"type":"if","locations":[{"start":{"line":163,"column":24},"end":{"line":165,"column":null}},{"start":{"line":165,"column":24},"end":{"line":165,"column":null}}],"line":163}},"s":{"0":1,"1":4,"2":4,"3":4,"4":4,"5":4,"6":4,"7":4,"8":4,"9":4,"10":4,"11":4,"12":4,"13":0,"14":0,"15":0,"16":0,"17":0,"18":0,"19":0,"20":0,"21":0,"22":0,"23":0,"24":0,"25":0,"26":0,"27":0,"28":0,"29":0,"30":0,"31":0,"32":0,"33":0,"34":0,"35":0,"36":0,"37":0,"38":0,"39":0,"40":0,"41":0,"42":0,"43":0,"44":0,"45":0,"46":0,"47":0,"48":0,"49":0,"50":0,"51":0,"52":0,"53":0,"54":0,"55":0,"56":0,"57":0,"58":0,"59":0,"60":0,"61":0,"62":0,"63":0,"64":0,"65":0,"66":0,"67":0,"68":0,"69":0,"70":0,"71":0,"72":0,"73":0,"74":0,"75":0,"76":0,"77":0,"78":0,"79":0,"80":0,"81":0,"82":0,"83":0,"84":0,"85":0,"86":0,"87":0,"88":0,"89":0,"90":0,"91":0,"92":0,"93":0,"94":0,"95":0,"96":0,"97":0,"98":0,"99":0,"100":0,"101":0,"102":0,"103":0,"104":0,"105":0,"106":0,"107":0,"108":0,"109":0,"110":0,"111":0,"112":0,"113":0,"114":0,"115":0,"116":0,"117":0,"118":0,"119":0,"120":0,"121":0,"122":0,"123":0,"124":0,"125":0,"126":0,"127":0,"128":0,"129":0,"130":0,"131":0,"132":0,"133":0,"134":0,"135":0,"136":0,"137":0,"138":0,"139":0,"140":0,"141":0,"142":0,"143":0,"144":0,"145":0,"146":0,"147":0,"148":0,"149":0,"150":0,"151":0,"152":0,"153":0,"154":0,"155":0,"156":0,"157":0,"158":0,"159":0,"160":0,"161":0,"162":0,"163":0,"164":0,"165":0,"166":0,"167":0,"168":0,"169":0,"170":0,"171":0,"172":0,"173":0,"174":0,"175":0,"176":0,"177":0,"178":0,"179":0},"f":{"0":28,"1":4,"2":0,"3":0,"4":0,"5":0,"6":0,"7":0},"b":{"0":[0,0],"1":[0,0],"2":[0,0],"3":[0,0],"4":[0,0],"5":[0,0],"6":[0,0,0,0],"7":[0,0],"8":[0,0,0],"9":[0,0],"10":[0,0],"11":[0,0],"12":[0,0]},"meta":{"lastBranch":13,"lastFunction":8,"lastStatement":180,"seen":{"s:40:13:40:17":0,"f:40:13:40:17":0,"f:19:4:19:Infinity":1,"s:26:6:26:Infinity":1,"s:27:8:27:Infinity":2,"s:27:19:27:Infinity":3,"s:28:8:28:Infinity":4,"s:28:19:28:Infinity":5,"s:29:8:29:Infinity":6,"s:29:25:29:Infinity":7,"s:30:8:30:Infinity":8,"s:30:28:30:Infinity":9,"s:31:8:31:Infinity":10,"s:31:25:31:Infinity":11,"s:32:8:32:Infinity":12,"f:35:11:35:18":2,"s:35:43:35:Infinity":13,"f:39:11:39:26":3,"s:39:26:39:Infinity":14,"s:40:8:40:Infinity":15,"s:40:78:40:Infinity":16,"s:41:8:41:Infinity":17,"s:41:29:41:Infinity":18,"s:42:8:42:Infinity":19,"s:42:77:42:Infinity":20,"s:44:8:44:Infinity":21,"s:44:22:44:Infinity":22,"s:45:8:45:Infinity":23,"s:45:67:45:Infinity":24,"s:47:8:62:Infinity":25,"s:47:17:47:26":26,"s:47:54:47:Infinity":27,"s:48:12:61:Infinity":28,"s:48:21:48:30":29,"s:49:22:49:Infinity":30,"s:49:54:49:Infinity":31,"b:50:16:60:Infinity:60:16:60:Infinity":0,"s:50:16:60:Infinity":32,"s:50:26:50:Infinity":33,"s:51:26:51:Infinity":34,"s:51:59:51:Infinity":35,"b:52:20:59:Infinity:54:20:59:Infinity":1,"s:52:20:59:Infinity":36,"s:52:64:52:Infinity":37,"s:53:24:53:Infinity":38,"s:54:20:54:31":39,"b:54:20:59:Infinity:56:27:59:Infinity":2,"s:54:20:59:Infinity":40,"s:54:69:54:Infinity":41,"s:55:24:55:Infinity":42,"s:56:27:56:Infinity":43,"s:58:24:58:Infinity":44,"b:58:87:58:103:58:94:58:109":3,"s:60:16:60:Infinity":45,"s:62:8:62:Infinity":46,"s:64:8:64:Infinity":47,"f:67:12:67:21":4,"s:67:64:67:Infinity":48,"s:68:8:68:Infinity":49,"s:68:27:68:Infinity":50,"s:69:8:69:Infinity":51,"s:69:28:69:Infinity":52,"s:70:8:70:Infinity":53,"s:70:65:70:Infinity":54,"s:71:8:71:Infinity":55,"s:71:51:71:Infinity":56,"s:72:8:72:Infinity":57,"s:72:65:72:Infinity":58,"s:73:8:73:Infinity":59,"s:73:27:73:Infinity":60,"s:74:8:74:Infinity":61,"s:74:29:74:Infinity":62,"s:75:8:75:Infinity":63,"s:75:22:75:Infinity":64,"s:76:8:76:Infinity":65,"s:76:31:76:Infinity":66,"s:77:8:77:Infinity":67,"f:80:12:80:25":5,"s:80:68:80:Infinity":68,"s:81:14:81:Infinity":69,"s:81:25:81:Infinity":70,"s:84:8:84:Infinity":71,"s:84:29:84:Infinity":72,"s:85:8:85:Infinity":73,"s:85:27:85:Infinity":74,"s:86:8:86:Infinity":75,"s:86:31:86:Infinity":76,"s:87:8:87:Infinity":77,"s:87:68:87:Infinity":78,"s:88:8:88:Infinity":79,"s:88:54:88:Infinity":80,"s:89:8:89:Infinity":81,"s:89:68:89:Infinity":82,"s:90:8:90:Infinity":83,"s:90:27:90:Infinity":84,"s:91:8:91:Infinity":85,"s:91:22:91:Infinity":86,"s:92:8:92:Infinity":87,"s:92:24:92:Infinity":88,"s:95:8:95:Infinity":89,"s:95:29:95:Infinity":90,"s:96:8:96:Infinity":91,"s:96:27:96:Infinity":92,"s:97:8:97:Infinity":93,"s:97:68:97:Infinity":94,"s:98:8:98:Infinity":95,"s:98:54:98:Infinity":96,"s:99:8:99:Infinity":97,"s:99:51:99:Infinity":98,"s:100:8:100:Infinity":99,"s:100:65:100:Infinity":100,"s:101:8:101:Infinity":101,"s:101:27:101:Infinity":102,"s:102:8:102:Infinity":103,"s:102:22:102:Infinity":104,"s:103:8:103:Infinity":105,"s:103:24:103:Infinity":106,"s:106:8:106:Infinity":107,"s:106:29:106:Infinity":108,"s:107:8:107:Infinity":109,"s:107:27:107:Infinity":110,"s:108:8:108:Infinity":111,"s:108:68:108:Infinity":112,"s:109:8:109:Infinity":113,"s:109:54:109:Infinity":114,"s:110:8:110:Infinity":115,"s:110:51:110:Infinity":116,"s:111:8:111:Infinity":117,"s:111:65:111:Infinity":118,"s:112:8:112:Infinity":119,"s:112:27:112:Infinity":120,"s:113:8:113:Infinity":121,"s:113:22:113:Infinity":122,"s:114:8:114:Infinity":123,"f:117:11:117:28":6,"s:117:90:117:Infinity":124,"b:118:8:121:Infinity:121:8:121:Infinity":4,"s:118:8:121:Infinity":125,"s:118:38:118:Infinity":126,"s:119:12:119:Infinity":127,"s:119:52:119:Infinity":128,"s:120:12:120:Infinity":129,"s:121:8:121:Infinity":130,"s:123:14:123:Infinity":131,"s:124:14:124:Infinity":132,"s:124:85:124:Infinity":133,"b:126:8:129:Infinity:129:8:129:Infinity":5,"s:126:8:129:Infinity":134,"b:126:12:126:31:126:25:126:51:126:44:126:70:126:64:126:87":6,"s:126:87:126:Infinity":135,"s:127:12:127:Infinity":136,"s:127:35:127:Infinity":137,"s:128:12:128:Infinity":138,"s:129:8:129:Infinity":139,"s:131:14:134:Infinity":140,"s:134:8:134:Infinity":141,"s:136:8:170:Infinity":142,"s:136:17:136:42":143,"s:136:59:136:Infinity":144,"s:137:12:169:Infinity":145,"s:137:21:137:46":146,"s:138:22:138:Infinity":147,"s:138:54:138:Infinity":148,"b:140:16:168:Infinity:168:16:168:Infinity":7,"s:140:16:168:Infinity":149,"b:140:20:140:29:140:29:140:71:140:52:140:110":8,"s:140:110:140:Infinity":150,"s:141:26:141:Infinity":151,"s:142:26:142:Infinity":152,"s:144:26:148:Infinity":153,"s:149:20:149:Infinity":154,"b:151:20:167:Infinity:167:20:167:Infinity":9,"s:151:20:167:Infinity":155,"s:151:63:151:Infinity":156,"b:152:24:165:Infinity:163:24:165:Infinity":10,"s:152:24:165:Infinity":157,"s:152:68:152:Infinity":158,"s:153:28:162:Infinity":159,"f:153:73:153:79":7,"s:153:79:153:Infinity":160,"b:154:32:161:Infinity:159:39:161:Infinity":11,"s:154:32:161:Infinity":161,"s:154:82:154:Infinity":162,"s:155:42:155:Infinity":163,"s:155:73:155:Infinity":164,"s:156:36:156:Infinity":165,"s:156:78:156:Infinity":166,"s:157:36:157:Infinity":167,"s:157:88:157:Infinity":168,"s:158:36:158:Infinity":169,"s:159:39:159:Infinity":170,"s:160:36:160:Infinity":171,"s:163:24:163:35":172,"b:163:24:165:Infinity:165:24:165:Infinity":12,"s:163:24:165:Infinity":173,"s:163:73:163:Infinity":174,"s:164:28:164:Infinity":175,"s:165:24:165:Infinity":176,"s:166:24:166:Infinity":177,"s:167:20:167:Infinity":178,"s:168:16:168:Infinity":179}}}
,"/app/src/Game.ts": {"path":"/app/src/Game.ts","statementMap":{"0":{"start":{"line":27,"column":13},"end":{"line":27,"column":22}},"1":{"start":{"line":26,"column":18},"end":{"line":26,"column":null}},"2":{"start":{"line":14,"column":4},"end":{"line":14,"column":null}},"3":{"start":{"line":14,"column":31},"end":{"line":14,"column":null}},"4":{"start":{"line":17,"column":4},"end":{"line":17,"column":null}},"5":{"start":{"line":17,"column":40},"end":{"line":17,"column":null}},"6":{"start":{"line":21,"column":4},"end":{"line":21,"column":null}},"7":{"start":{"line":21,"column":45},"end":{"line":21,"column":null}},"8":{"start":{"line":23,"column":4},"end":{"line":23,"column":null}},"9":{"start":{"line":23,"column":48},"end":{"line":23,"column":null}},"10":{"start":{"line":24,"column":4},"end":{"line":24,"column":null}},"11":{"start":{"line":24,"column":42},"end":{"line":24,"column":null}},"12":{"start":{"line":27,"column":8},"end":{"line":27,"column":null}},"13":{"start":{"line":28,"column":14},"end":{"line":28,"column":null}},"14":{"start":{"line":28,"column":51},"end":{"line":28,"column":null}},"15":{"start":{"line":29,"column":8},"end":{"line":31,"column":null}},"16":{"start":{"line":29,"column":22},"end":{"line":29,"column":null}},"17":{"start":{"line":30,"column":12},"end":{"line":30,"column":null}},"18":{"start":{"line":31,"column":8},"end":{"line":31,"column":null}},"19":{"start":{"line":32,"column":8},"end":{"line":32,"column":null}},"20":{"start":{"line":32,"column":19},"end":{"line":32,"column":null}},"21":{"start":{"line":33,"column":8},"end":{"line":33,"column":null}},"22":{"start":{"line":33,"column":37},"end":{"line":33,"column":null}},"23":{"start":{"line":34,"column":8},"end":{"line":34,"column":null}},"24":{"start":{"line":34,"column":47},"end":{"line":34,"column":null}},"25":{"start":{"line":35,"column":8},"end":{"line":35,"column":null}},"26":{"start":{"line":35,"column":48},"end":{"line":35,"column":null}},"27":{"start":{"line":36,"column":8},"end":{"line":36,"column":null}},"28":{"start":{"line":36,"column":39},"end":{"line":36,"column":null}},"29":{"start":{"line":37,"column":8},"end":{"line":37,"column":null}},"30":{"start":{"line":37,"column":45},"end":{"line":37,"column":null}},"31":{"start":{"line":39,"column":8},"end":{"line":39,"column":null}},"32":{"start":{"line":39,"column":125},"end":{"line":39,"column":null}},"33":{"start":{"line":41,"column":8},"end":{"line":41,"column":null}},"34":{"start":{"line":41,"column":26},"end":{"line":41,"column":null}},"35":{"start":{"line":42,"column":8},"end":{"line":42,"column":null}},"36":{"start":{"line":42,"column":48},"end":{"line":42,"column":53}},"37":{"start":{"line":42,"column":48},"end":{"line":42,"column":null}},"38":{"start":{"line":42,"column":67},"end":{"line":42,"column":null}},"39":{"start":{"line":43,"column":8},"end":{"line":43,"column":null}},"40":{"start":{"line":43,"column":81},"end":{"line":43,"column":null}},"41":{"start":{"line":44,"column":8},"end":{"line":44,"column":null}},"42":{"start":{"line":44,"column":81},"end":{"line":44,"column":null}},"43":{"start":{"line":45,"column":8},"end":{"line":45,"column":null}},"44":{"start":{"line":45,"column":77},"end":{"line":45,"column":null}},"45":{"start":{"line":46,"column":8},"end":{"line":46,"column":null}},"46":{"start":{"line":46,"column":78},"end":{"line":46,"column":null}},"47":{"start":{"line":47,"column":8},"end":{"line":47,"column":null}},"48":{"start":{"line":47,"column":59},"end":{"line":47,"column":61}},"49":{"start":{"line":47,"column":59},"end":{"line":47,"column":null}},"50":{"start":{"line":47,"column":77},"end":{"line":47,"column":null}},"51":{"start":{"line":48,"column":8},"end":{"line":48,"column":null}},"52":{"start":{"line":48,"column":72},"end":{"line":48,"column":null}},"53":{"start":{"line":50,"column":8},"end":{"line":50,"column":null}},"54":{"start":{"line":50,"column":50},"end":{"line":50,"column":null}},"55":{"start":{"line":51,"column":8},"end":{"line":51,"column":null}},"56":{"start":{"line":51,"column":51},"end":{"line":51,"column":null}},"57":{"start":{"line":53,"column":9},"end":{"line":53,"column":null}},"58":{"start":{"line":53,"column":31},"end":{"line":53,"column":null}},"59":{"start":{"line":54,"column":9},"end":{"line":54,"column":null}},"60":{"start":{"line":54,"column":39},"end":{"line":54,"column":null}},"61":{"start":{"line":55,"column":9},"end":{"line":55,"column":null}},"62":{"start":{"line":58,"column":33},"end":{"line":58,"column":null}},"63":{"start":{"line":59,"column":8},"end":{"line":59,"column":null}},"64":{"start":{"line":59,"column":35},"end":{"line":59,"column":null}},"65":{"start":{"line":60,"column":8},"end":{"line":60,"column":null}},"66":{"start":{"line":63,"column":25},"end":{"line":63,"column":null}},"67":{"start":{"line":64,"column":8},"end":{"line":64,"column":null}},"68":{"start":{"line":64,"column":24},"end":{"line":64,"column":null}},"69":{"start":{"line":65,"column":8},"end":{"line":65,"column":null}},"70":{"start":{"line":68,"column":46},"end":{"line":68,"column":null}},"71":{"start":{"line":69,"column":14},"end":{"line":69,"column":null}},"72":{"start":{"line":69,"column":43},"end":{"line":69,"column":null}},"73":{"start":{"line":70,"column":8},"end":{"line":70,"column":null}},"74":{"start":{"line":70,"column":24},"end":{"line":70,"column":null}},"75":{"start":{"line":72,"column":8},"end":{"line":81,"column":null}},"76":{"start":{"line":73,"column":26},"end":{"line":73,"column":null}},"77":{"start":{"line":74,"column":16},"end":{"line":74,"column":null}},"78":{"start":{"line":74,"column":46},"end":{"line":74,"column":null}},"79":{"start":{"line":75,"column":16},"end":{"line":75,"column":null}},"80":{"start":{"line":75,"column":37},"end":{"line":75,"column":null}},"81":{"start":{"line":76,"column":16},"end":{"line":76,"column":null}},"82":{"start":{"line":77,"column":26},"end":{"line":77,"column":null}},"83":{"start":{"line":78,"column":16},"end":{"line":78,"column":null}},"84":{"start":{"line":78,"column":51},"end":{"line":78,"column":null}},"85":{"start":{"line":79,"column":16},"end":{"line":79,"column":null}},"86":{"start":{"line":79,"column":42},"end":{"line":79,"column":null}},"87":{"start":{"line":80,"column":16},"end":{"line":80,"column":null}},"88":{"start":{"line":81,"column":8},"end":{"line":81,"column":null}},"89":{"start":{"line":83,"column":8},"end":{"line":83,"column":null}},"90":{"start":{"line":86,"column":53},"end":{"line":86,"column":null}},"91":{"start":{"line":87,"column":8},"end":{"line":93,"column":null}},"92":{"start":{"line":87,"column":38},"end":{"line":87,"column":null}},"93":{"start":{"line":88,"column":12},"end":{"line":92,"column":null}},"94":{"start":{"line":88,"column":40},"end":{"line":88,"column":null}},"95":{"start":{"line":89,"column":16},"end":{"line":89,"column":null}},"96":{"start":{"line":90,"column":19},"end":{"line":90,"column":null}},"97":{"start":{"line":91,"column":16},"end":{"line":91,"column":null}},"98":{"start":{"line":93,"column":8},"end":{"line":93,"column":null}},"99":{"start":{"line":96,"column":53},"end":{"line":96,"column":null}},"100":{"start":{"line":97,"column":8},"end":{"line":97,"column":null}},"101":{"start":{"line":97,"column":38},"end":{"line":97,"column":43}},"102":{"start":{"line":97,"column":38},"end":{"line":97,"column":null}},"103":{"start":{"line":97,"column":77},"end":{"line":97,"column":null}},"104":{"start":{"line":100,"column":53},"end":{"line":100,"column":null}},"105":{"start":{"line":101,"column":8},"end":{"line":105,"column":null}},"106":{"start":{"line":101,"column":38},"end":{"line":101,"column":null}},"107":{"start":{"line":102,"column":12},"end":{"line":102,"column":null}},"108":{"start":{"line":103,"column":8},"end":{"line":103,"column":19}},"109":{"start":{"line":103,"column":8},"end":{"line":105,"column":null}},"110":{"start":{"line":103,"column":59},"end":{"line":103,"column":null}},"111":{"start":{"line":104,"column":12},"end":{"line":104,"column":null}},"112":{"start":{"line":105,"column":8},"end":{"line":105,"column":null}},"113":{"start":{"line":108,"column":51},"end":{"line":108,"column":null}},"114":{"start":{"line":109,"column":8},"end":{"line":109,"column":null}},"115":{"start":{"line":109,"column":38},"end":{"line":109,"column":43}},"116":{"start":{"line":109,"column":38},"end":{"line":109,"column":null}},"117":{"start":{"line":109,"column":75},"end":{"line":109,"column":null}},"118":{"start":{"line":112,"column":54},"end":{"line":112,"column":null}},"119":{"start":{"line":113,"column":36},"end":{"line":124,"column":null}},"120":{"start":{"line":113,"column":53},"end":{"line":113,"column":null}},"121":{"start":{"line":114,"column":12},"end":{"line":123,"column":null}},"122":{"start":{"line":114,"column":52},"end":{"line":114,"column":null}},"123":{"start":{"line":115,"column":16},"end":{"line":115,"column":null}},"124":{"start":{"line":115,"column":38},"end":{"line":115,"column":null}},"125":{"start":{"line":116,"column":16},"end":{"line":116,"column":null}},"126":{"start":{"line":116,"column":102},"end":{"line":116,"column":null}},"127":{"start":{"line":117,"column":16},"end":{"line":117,"column":null}},"128":{"start":{"line":118,"column":19},"end":{"line":118,"column":null}},"129":{"start":{"line":119,"column":16},"end":{"line":119,"column":null}},"130":{"start":{"line":119,"column":42},"end":{"line":119,"column":null}},"131":{"start":{"line":120,"column":16},"end":{"line":120,"column":null}},"132":{"start":{"line":120,"column":44},"end":{"line":120,"column":null}},"133":{"start":{"line":121,"column":16},"end":{"line":121,"column":null}},"134":{"start":{"line":121,"column":36},"end":{"line":121,"column":null}},"135":{"start":{"line":122,"column":16},"end":{"line":122,"column":null}},"136":{"start":{"line":124,"column":8},"end":{"line":124,"column":null}},"137":{"start":{"line":126,"column":8},"end":{"line":130,"column":null}},"138":{"start":{"line":126,"column":48},"end":{"line":126,"column":null}},"139":{"start":{"line":127,"column":12},"end":{"line":127,"column":null}},"140":{"start":{"line":128,"column":15},"end":{"line":128,"column":null}},"141":{"start":{"line":129,"column":12},"end":{"line":129,"column":null}}},"fnMap":{"0":{"name":"(anonymous_0)","decl":{"start":{"line":27,"column":13},"end":{"line":27,"column":22}},"loc":{"start":{"line":27,"column":13},"end":{"line":27,"column":22}},"line":27},"1":{"name":"(anonymous_1)","decl":{"start":{"line":26,"column":4},"end":{"line":26,"column":18}},"loc":{"start":{"line":26,"column":18},"end":{"line":56,"column":null}},"line":26},"2":{"name":"(anonymous_2)","decl":{"start":{"line":42,"column":42},"end":{"line":42,"column":48}},"loc":{"start":{"line":42,"column":48},"end":{"line":42,"column":67}},"line":42},"3":{"name":"(anonymous_3)","decl":{"start":{"line":47,"column":53},"end":{"line":47,"column":59}},"loc":{"start":{"line":47,"column":59},"end":{"line":47,"column":77}},"line":47},"4":{"name":"(anonymous_4)","decl":{"start":{"line":58,"column":12},"end":{"line":58,"column":33}},"loc":{"start":{"line":58,"column":33},"end":{"line":61,"column":null}},"line":58},"5":{"name":"(anonymous_5)","decl":{"start":{"line":63,"column":11},"end":{"line":63,"column":25}},"loc":{"start":{"line":63,"column":25},"end":{"line":66,"column":null}},"line":63},"6":{"name":"(anonymous_6)","decl":{"start":{"line":68,"column":12},"end":{"line":68,"column":21}},"loc":{"start":{"line":68,"column":46},"end":{"line":84,"column":null}},"line":68},"7":{"name":"(anonymous_7)","decl":{"start":{"line":86,"column":11},"end":{"line":86,"column":25}},"loc":{"start":{"line":86,"column":53},"end":{"line":94,"column":null}},"line":86},"8":{"name":"(anonymous_8)","decl":{"start":{"line":96,"column":12},"end":{"line":96,"column":28}},"loc":{"start":{"line":96,"column":53},"end":{"line":98,"column":null}},"line":96},"9":{"name":"(anonymous_9)","decl":{"start":{"line":100,"column":12},"end":{"line":100,"column":28}},"loc":{"start":{"line":100,"column":53},"end":{"line":106,"column":null}},"line":100},"10":{"name":"(anonymous_10)","decl":{"start":{"line":108,"column":12},"end":{"line":108,"column":26}},"loc":{"start":{"line":108,"column":51},"end":{"line":110,"column":null}},"line":108},"11":{"name":"(anonymous_11)","decl":{"start":{"line":112,"column":12},"end":{"line":112,"column":29}},"loc":{"start":{"line":112,"column":54},"end":{"line":131,"column":null}},"line":112},"12":{"name":"(anonymous_12)","decl":{"start":{"line":113,"column":36},"end":{"line":113,"column":53}},"loc":{"start":{"line":113,"column":53},"end":{"line":124,"column":null}},"line":113}},"branchMap":{"0":{"loc":{"start":{"line":29,"column":8},"end":{"line":31,"column":null}},"type":"if","locations":[{"start":{"line":29,"column":8},"end":{"line":31,"column":null}},{"start":{"line":31,"column":8},"end":{"line":31,"column":null}}],"line":29},"1":{"loc":{"start":{"line":72,"column":8},"end":{"line":81,"column":null}},"type":"switch","locations":[{"start":{"line":73,"column":12},"end":{"line":76,"column":null}},{"start":{"line":77,"column":12},"end":{"line":80,"column":null}}],"line":72},"2":{"loc":{"start":{"line":87,"column":8},"end":{"line":93,"column":null}},"type":"if","locations":[{"start":{"line":87,"column":8},"end":{"line":93,"column":null}},{"start":{"line":93,"column":8},"end":{"line":93,"column":null}}],"line":87},"3":{"loc":{"start":{"line":88,"column":12},"end":{"line":92,"column":null}},"type":"if","locations":[{"start":{"line":88,"column":12},"end":{"line":92,"column":null}},{"start":{"line":90,"column":19},"end":{"line":92,"column":null}}],"line":88},"4":{"loc":{"start":{"line":97,"column":8},"end":{"line":97,"column":null}},"type":"if","locations":[{"start":{"line":97,"column":8},"end":{"line":97,"column":null}},{"start":{"line":97,"column":77},"end":{"line":97,"column":null}}],"line":97},"5":{"loc":{"start":{"line":101,"column":8},"end":{"line":105,"column":null}},"type":"if","locations":[{"start":{"line":101,"column":8},"end":{"line":105,"column":null}},{"start":{"line":103,"column":8},"end":{"line":105,"column":null}}],"line":101},"6":{"loc":{"start":{"line":103,"column":8},"end":{"line":105,"column":null}},"type":"if","locations":[{"start":{"line":103,"column":8},"end":{"line":105,"column":null}},{"start":{"line":105,"column":8},"end":{"line":105,"column":null}}],"line":103},"7":{"loc":{"start":{"line":109,"column":8},"end":{"line":109,"column":null}},"type":"if","locations":[{"start":{"line":109,"column":8},"end":{"line":109,"column":null}},{"start":{"line":109,"column":75},"end":{"line":109,"column":null}}],"line":109},"8":{"loc":{"start":{"line":114,"column":12},"end":{"line":123,"column":null}},"type":"if","locations":[{"start":{"line":114,"column":12},"end":{"line":123,"column":null}},{"start":{"line":118,"column":19},"end":{"line":123,"column":null}}],"line":114},"9":{"loc":{"start":{"line":126,"column":8},"end":{"line":130,"column":null}},"type":"if","locations":[{"start":{"line":126,"column":8},"end":{"line":130,"column":null}},{"start":{"line":128,"column":15},"end":{"line":130,"column":null}}],"line":126}},"s":{"0":1,"1":4,"2":4,"3":4,"4":4,"5":4,"6":4,"7":4,"8":4,"9":4,"10":4,"11":4,"12":4,"13":4,"14":4,"15":4,"16":0,"17":0,"18":4,"19":4,"20":4,"21":4,"22":4,"23":4,"24":4,"25":4,"26":4,"27":4,"28":4,"29":4,"30":4,"31":4,"32":4,"33":4,"34":4,"35":4,"36":0,"37":0,"38":4,"39":4,"40":4,"41":4,"42":4,"43":4,"44":4,"45":4,"46":4,"47":4,"48":0,"49":0,"50":4,"51":4,"52":4,"53":4,"54":4,"55":4,"56":4,"57":4,"58":4,"59":4,"60":4,"61":4,"62":4,"63":4,"64":4,"65":4,"66":0,"67":0,"68":0,"69":0,"70":0,"71":0,"72":0,"73":0,"74":0,"75":0,"76":0,"77":0,"78":0,"79":0,"80":0,"81":0,"82":0,"83":0,"84":0,"85":0,"86":0,"87":0,"88":0,"89":0,"90":2,"91":2,"92":2,"93":2,"94":1,"95":1,"96":1,"97":1,"98":0,"99":0,"100":0,"101":0,"102":0,"103":0,"104":0,"105":0,"106":0,"107":0,"108":0,"109":0,"110":0,"111":0,"112":0,"113":0,"114":0,"115":0,"116":0,"117":0,"118":0,"119":0,"120":0,"121":0,"122":0,"123":0,"124":0,"125":0,"126":0,"127":0,"128":0,"129":0,"130":0,"131":0,"132":0,"133":0,"134":0,"135":0,"136":0,"137":0,"138":0,"139":0,"140":0,"141":0},"f":{"0":144,"1":4,"2":0,"3":0,"4":4,"5":0,"6":0,"7":2,"8":0,"9":0,"10":0,"11":0,"12":0},"b":{"0":[0,4],"1":[0,0],"2":[2,0],"3":[1,1],"4":[0,0],"5":[0,0],"6":[0,0],"7":[0,0],"8":[0,0],"9":[0,0]},"meta":{"lastBranch":10,"lastFunction":13,"lastStatement":142,"seen":{"s:27:13:27:22":0,"f:27:13:27:22":0,"f:26:4:26:18":1,"s:26:18:26:Infinity":1,"s:14:4:14:Infinity":2,"s:14:31:14:Infinity":3,"s:17:4:17:Infinity":4,"s:17:40:17:Infinity":5,"s:21:4:21:Infinity":6,"s:21:45:21:Infinity":7,"s:23:4:23:Infinity":8,"s:23:48:23:Infinity":9,"s:24:4:24:Infinity":10,"s:24:42:24:Infinity":11,"s:27:8:27:Infinity":12,"s:28:14:28:Infinity":13,"s:28:51:28:Infinity":14,"b:29:8:31:Infinity:31:8:31:Infinity":0,"s:29:8:31:Infinity":15,"s:29:22:29:Infinity":16,"s:30:12:30:Infinity":17,"s:31:8:31:Infinity":18,"s:32:8:32:Infinity":19,"s:32:19:32:Infinity":20,"s:33:8:33:Infinity":21,"s:33:37:33:Infinity":22,"s:34:8:34:Infinity":23,"s:34:47:34:Infinity":24,"s:35:8:35:Infinity":25,"s:35:48:35:Infinity":26,"s:36:8:36:Infinity":27,"s:36:39:36:Infinity":28,"s:37:8:37:Infinity":29,"s:37:45:37:Infinity":30,"s:39:8:39:Infinity":31,"s:39:125:39:Infinity":32,"s:41:8:41:Infinity":33,"s:41:26:41:Infinity":34,"s:42:8:42:Infinity":35,"f:42:42:42:48":2,"s:42:48:42:53":36,"s:42:48:42:Infinity":37,"s:42:67:42:Infinity":38,"s:43:8:43:Infinity":39,"s:43:81:43:Infinity":40,"s:44:8:44:Infinity":41,"s:44:81:44:Infinity":42,"s:45:8:45:Infinity":43,"s:45:77:45:Infinity":44,"s:46:8:46:Infinity":45,"s:46:78:46:Infinity":46,"s:47:8:47:Infinity":47,"f:47:53:47:59":3,"s:47:59:47:61":48,"s:47:59:47:Infinity":49,"s:47:77:47:Infinity":50,"s:48:8:48:Infinity":51,"s:48:72:48:Infinity":52,"s:50:8:50:Infinity":53,"s:50:50:50:Infinity":54,"s:51:8:51:Infinity":55,"s:51:51:51:Infinity":56,"s:53:9:53:Infinity":57,"s:53:31:53:Infinity":58,"s:54:9:54:Infinity":59,"s:54:39:54:Infinity":60,"s:55:9:55:Infinity":61,"f:58:12:58:33":4,"s:58:33:58:Infinity":62,"s:59:8:59:Infinity":63,"s:59:35:59:Infinity":64,"s:60:8:60:Infinity":65,"f:63:11:63:25":5,"s:63:25:63:Infinity":66,"s:64:8:64:Infinity":67,"s:64:24:64:Infinity":68,"s:65:8:65:Infinity":69,"f:68:12:68:21":6,"s:68:46:68:Infinity":70,"s:69:14:69:Infinity":71,"s:69:43:69:Infinity":72,"s:70:8:70:Infinity":73,"s:70:24:70:Infinity":74,"b:73:12:76:Infinity:77:12:80:Infinity":1,"s:72:8:81:Infinity":75,"s:73:26:73:Infinity":76,"s:74:16:74:Infinity":77,"s:74:46:74:Infinity":78,"s:75:16:75:Infinity":79,"s:75:37:75:Infinity":80,"s:76:16:76:Infinity":81,"s:77:26:77:Infinity":82,"s:78:16:78:Infinity":83,"s:78:51:78:Infinity":84,"s:79:16:79:Infinity":85,"s:79:42:79:Infinity":86,"s:80:16:80:Infinity":87,"s:81:8:81:Infinity":88,"s:83:8:83:Infinity":89,"f:86:11:86:25":7,"s:86:53:86:Infinity":90,"b:87:8:93:Infinity:93:8:93:Infinity":2,"s:87:8:93:Infinity":91,"s:87:38:87:Infinity":92,"b:88:12:92:Infinity:90:19:92:Infinity":3,"s:88:12:92:Infinity":93,"s:88:40:88:Infinity":94,"s:89:16:89:Infinity":95,"s:90:19:90:Infinity":96,"s:91:16:91:Infinity":97,"s:93:8:93:Infinity":98,"f:96:12:96:28":8,"s:96:53:96:Infinity":99,"b:97:8:97:Infinity:97:77:97:Infinity":4,"s:97:8:97:Infinity":100,"s:97:38:97:43":101,"s:97:38:97:Infinity":102,"s:97:77:97:Infinity":103,"f:100:12:100:28":9,"s:100:53:100:Infinity":104,"b:101:8:105:Infinity:103:8:105:Infinity":5,"s:101:8:105:Infinity":105,"s:101:38:101:Infinity":106,"s:102:12:102:Infinity":107,"s:103:8:103:19":108,"b:103:8:105:Infinity:105:8:105:Infinity":6,"s:103:8:105:Infinity":109,"s:103:59:103:Infinity":110,"s:104:12:104:Infinity":111,"s:105:8:105:Infinity":112,"f:108:12:108:26":10,"s:108:51:108:Infinity":113,"b:109:8:109:Infinity:109:75:109:Infinity":7,"s:109:8:109:Infinity":114,"s:109:38:109:43":115,"s:109:38:109:Infinity":116,"s:109:75:109:Infinity":117,"f:112:12:112:29":11,"s:112:54:112:Infinity":118,"s:113:36:124:Infinity":119,"f:113:36:113:53":12,"s:113:53:113:Infinity":120,"b:114:12:123:Infinity:118:19:123:Infinity":8,"s:114:12:123:Infinity":121,"s:114:52:114:Infinity":122,"s:115:16:115:Infinity":123,"s:115:38:115:Infinity":124,"s:116:16:116:Infinity":125,"s:116:102:116:Infinity":126,"s:117:16:117:Infinity":127,"s:118:19:118:Infinity":128,"s:119:16:119:Infinity":129,"s:119:42:119:Infinity":130,"s:120:16:120:Infinity":131,"s:120:44:120:Infinity":132,"s:121:16:121:Infinity":133,"s:121:36:121:Infinity":134,"s:122:16:122:Infinity":135,"s:124:8:124:Infinity":136,"b:126:8:130:Infinity:128:15:130:Infinity":9,"s:126:8:130:Infinity":137,"s:126:48:126:Infinity":138,"s:127:12:127:Infinity":139,"s:128:15:128:Infinity":140,"s:129:12:129:Infinity":141}}}
,"/app/src/InteriorView.ts": {"path":"/app/src/InteriorView.ts","statementMap":{"0":{"start":{"line":27,"column":12},"end":{"line":27,"column":50}},"1":{"start":{"line":7,"column":6},"end":{"line":7,"column":null}},"2":{"start":{"line":8,"column":6},"end":{"line":8,"column":null}},"3":{"start":{"line":9,"column":6},"end":{"line":9,"column":null}},"4":{"start":{"line":11,"column":6},"end":{"line":11,"column":null}},"5":{"start":{"line":12,"column":6},"end":{"line":12,"column":null}},"6":{"start":{"line":13,"column":6},"end":{"line":13,"column":null}},"7":{"start":{"line":15,"column":6},"end":{"line":18,"column":null}},"8":{"start":{"line":30,"column":97},"end":{"line":30,"column":null}},"9":{"start":{"line":26,"column":4},"end":{"line":26,"column":null}},"10":{"start":{"line":26,"column":50},"end":{"line":26,"column":null}},"11":{"start":{"line":27,"column":4},"end":{"line":27,"column":null}},"12":{"start":{"line":27,"column":50},"end":{"line":27,"column":null}},"13":{"start":{"line":28,"column":4},"end":{"line":28,"column":null}},"14":{"start":{"line":28,"column":41},"end":{"line":28,"column":null}},"15":{"start":{"line":31,"column":8},"end":{"line":31,"column":null}},"16":{"start":{"line":31,"column":19},"end":{"line":31,"column":null}},"17":{"start":{"line":32,"column":8},"end":{"line":32,"column":null}},"18":{"start":{"line":32,"column":30},"end":{"line":32,"column":null}},"19":{"start":{"line":33,"column":8},"end":{"line":33,"column":null}},"20":{"start":{"line":33,"column":28},"end":{"line":33,"column":null}},"21":{"start":{"line":34,"column":8},"end":{"line":34,"column":null}},"22":{"start":{"line":37,"column":26},"end":{"line":37,"column":null}},"23":{"start":{"line":38,"column":14},"end":{"line":38,"column":null}},"24":{"start":{"line":38,"column":64},"end":{"line":38,"column":null}},"25":{"start":{"line":39,"column":8},"end":{"line":41,"column":null}},"26":{"start":{"line":39,"column":24},"end":{"line":39,"column":null}},"27":{"start":{"line":40,"column":12},"end":{"line":40,"column":null}},"28":{"start":{"line":41,"column":8},"end":{"line":41,"column":null}},"29":{"start":{"line":44,"column":26},"end":{"line":44,"column":null}},"30":{"start":{"line":45,"column":14},"end":{"line":45,"column":null}},"31":{"start":{"line":45,"column":64},"end":{"line":45,"column":null}},"32":{"start":{"line":46,"column":8},"end":{"line":48,"column":null}},"33":{"start":{"line":46,"column":24},"end":{"line":46,"column":null}},"34":{"start":{"line":47,"column":12},"end":{"line":47,"column":null}},"35":{"start":{"line":48,"column":8},"end":{"line":48,"column":null}},"36":{"start":{"line":51,"column":43},"end":{"line":51,"column":null}},"37":{"start":{"line":55,"column":26},"end":{"line":55,"column":null}},"38":{"start":{"line":56,"column":8},"end":{"line":56,"column":null}},"39":{"start":{"line":56,"column":78},"end":{"line":56,"column":null}},"40":{"start":{"line":57,"column":8},"end":{"line":57,"column":null}},"41":{"start":{"line":57,"column":29},"end":{"line":57,"column":null}},"42":{"start":{"line":58,"column":8},"end":{"line":58,"column":null}},"43":{"start":{"line":60,"column":14},"end":{"line":60,"column":null}},"44":{"start":{"line":61,"column":14},"end":{"line":61,"column":null}},"45":{"start":{"line":61,"column":57},"end":{"line":61,"column":null}},"46":{"start":{"line":63,"column":8},"end":{"line":63,"column":null}},"47":{"start":{"line":63,"column":22},"end":{"line":63,"column":null}},"48":{"start":{"line":64,"column":8},"end":{"line":64,"column":null}},"49":{"start":{"line":64,"column":59},"end":{"line":64,"column":null}},"50":{"start":{"line":66,"column":8},"end":{"line":71,"column":null}},"51":{"start":{"line":66,"column":17},"end":{"line":66,"column":26}},"52":{"start":{"line":66,"column":43},"end":{"line":66,"column":null}},"53":{"start":{"line":67,"column":12},"end":{"line":70,"column":null}},"54":{"start":{"line":67,"column":21},"end":{"line":67,"column":30}},"55":{"start":{"line":68,"column":22},"end":{"line":68,"column":null}},"56":{"start":{"line":68,"column":55},"end":{"line":68,"column":null}},"57":{"start":{"line":69,"column":16},"end":{"line":69,"column":null}},"58":{"start":{"line":71,"column":8},"end":{"line":71,"column":null}},"59":{"start":{"line":73,"column":8},"end":{"line":75,"column":null}},"60":{"start":{"line":73,"column":42},"end":{"line":73,"column":null}},"61":{"start":{"line":74,"column":12},"end":{"line":74,"column":null}},"62":{"start":{"line":75,"column":9},"end":{"line":75,"column":null}},"63":{"start":{"line":77,"column":8},"end":{"line":77,"column":null}},"64":{"start":{"line":77,"column":64},"end":{"line":77,"column":null}},"65":{"start":{"line":79,"column":8},"end":{"line":79,"column":null}},"66":{"start":{"line":79,"column":25},"end":{"line":79,"column":null}},"67":{"start":{"line":81,"column":8},"end":{"line":81,"column":null}},"68":{"start":{"line":81,"column":24},"end":{"line":81,"column":null}},"69":{"start":{"line":82,"column":8},"end":{"line":82,"column":null}},"70":{"start":{"line":85,"column":31},"end":{"line":85,"column":null}},"71":{"start":{"line":86,"column":8},"end":{"line":86,"column":null}},"72":{"start":{"line":86,"column":29},"end":{"line":86,"column":null}},"73":{"start":{"line":87,"column":8},"end":{"line":87,"column":null}},"74":{"start":{"line":87,"column":41},"end":{"line":87,"column":null}},"75":{"start":{"line":88,"column":8},"end":{"line":88,"column":null}},"76":{"start":{"line":88,"column":29},"end":{"line":88,"column":null}},"77":{"start":{"line":89,"column":8},"end":{"line":89,"column":null}},"78":{"start":{"line":89,"column":24},"end":{"line":89,"column":null}},"79":{"start":{"line":90,"column":8},"end":{"line":90,"column":null}},"80":{"start":{"line":90,"column":29},"end":{"line":90,"column":null}},"81":{"start":{"line":91,"column":8},"end":{"line":91,"column":null}},"82":{"start":{"line":91,"column":57},"end":{"line":91,"column":null}},"83":{"start":{"line":92,"column":8},"end":{"line":92,"column":null}},"84":{"start":{"line":92,"column":29},"end":{"line":92,"column":null}},"85":{"start":{"line":94,"column":8},"end":{"line":94,"column":null}},"86":{"start":{"line":94,"column":28},"end":{"line":94,"column":null}},"87":{"start":{"line":95,"column":8},"end":{"line":95,"column":null}},"88":{"start":{"line":98,"column":39},"end":{"line":98,"column":null}},"89":{"start":{"line":99,"column":14},"end":{"line":99,"column":null}},"90":{"start":{"line":100,"column":14},"end":{"line":100,"column":null}},"91":{"start":{"line":100,"column":23},"end":{"line":100,"column":null}},"92":{"start":{"line":102,"column":8},"end":{"line":102,"column":null}},"93":{"start":{"line":102,"column":29},"end":{"line":102,"column":null}},"94":{"start":{"line":103,"column":8},"end":{"line":103,"column":null}},"95":{"start":{"line":103,"column":87},"end":{"line":103,"column":null}},"96":{"start":{"line":105,"column":8},"end":{"line":116,"column":null}},"97":{"start":{"line":105,"column":53},"end":{"line":105,"column":null}},"98":{"start":{"line":106,"column":18},"end":{"line":106,"column":null}},"99":{"start":{"line":106,"column":93},"end":{"line":106,"column":null}},"100":{"start":{"line":107,"column":12},"end":{"line":107,"column":null}},"101":{"start":{"line":107,"column":33},"end":{"line":107,"column":null}},"102":{"start":{"line":108,"column":12},"end":{"line":108,"column":null}},"103":{"start":{"line":108,"column":141},"end":{"line":108,"column":null}},"104":{"start":{"line":109,"column":12},"end":{"line":109,"column":null}},"105":{"start":{"line":109,"column":38},"end":{"line":109,"column":null}},"106":{"start":{"line":110,"column":12},"end":{"line":110,"column":null}},"107":{"start":{"line":110,"column":103},"end":{"line":110,"column":null}},"108":{"start":{"line":111,"column":12},"end":{"line":111,"column":null}},"109":{"start":{"line":111,"column":33},"end":{"line":111,"column":null}},"110":{"start":{"line":112,"column":12},"end":{"line":112,"column":null}},"111":{"start":{"line":112,"column":28},"end":{"line":112,"column":null}},"112":{"start":{"line":113,"column":12},"end":{"line":113,"column":null}},"113":{"start":{"line":113,"column":33},"end":{"line":113,"column":null}},"114":{"start":{"line":114,"column":12},"end":{"line":114,"column":null}},"115":{"start":{"line":114,"column":36},"end":{"line":114,"column":null}},"116":{"start":{"line":115,"column":12},"end":{"line":115,"column":null}},"117":{"start":{"line":119,"column":87},"end":{"line":119,"column":null}},"118":{"start":{"line":120,"column":8},"end":{"line":120,"column":null}},"119":{"start":{"line":120,"column":37},"end":{"line":120,"column":null}},"120":{"start":{"line":122,"column":14},"end":{"line":122,"column":null}},"121":{"start":{"line":123,"column":14},"end":{"line":123,"column":null}},"122":{"start":{"line":124,"column":14},"end":{"line":124,"column":null}},"123":{"start":{"line":125,"column":14},"end":{"line":125,"column":null}},"124":{"start":{"line":126,"column":14},"end":{"line":126,"column":null}},"125":{"start":{"line":127,"column":14},"end":{"line":127,"column":null}},"126":{"start":{"line":127,"column":81},"end":{"line":127,"column":null}},"127":{"start":{"line":128,"column":8},"end":{"line":128,"column":null}},"128":{"start":{"line":131,"column":35},"end":{"line":131,"column":null}},"129":{"start":{"line":132,"column":14},"end":{"line":132,"column":null}},"130":{"start":{"line":133,"column":14},"end":{"line":133,"column":null}},"131":{"start":{"line":133,"column":18},"end":{"line":133,"column":null}},"132":{"start":{"line":134,"column":8},"end":{"line":134,"column":null}},"133":{"start":{"line":134,"column":29},"end":{"line":134,"column":null}},"134":{"start":{"line":135,"column":8},"end":{"line":135,"column":null}},"135":{"start":{"line":135,"column":69},"end":{"line":135,"column":null}},"136":{"start":{"line":136,"column":8},"end":{"line":136,"column":null}},"137":{"start":{"line":136,"column":29},"end":{"line":136,"column":null}},"138":{"start":{"line":137,"column":8},"end":{"line":137,"column":null}},"139":{"start":{"line":137,"column":24},"end":{"line":137,"column":null}},"140":{"start":{"line":138,"column":8},"end":{"line":138,"column":null}},"141":{"start":{"line":138,"column":29},"end":{"line":138,"column":null}},"142":{"start":{"line":139,"column":8},"end":{"line":139,"column":null}},"143":{"start":{"line":139,"column":32},"end":{"line":139,"column":null}},"144":{"start":{"line":140,"column":8},"end":{"line":140,"column":null}},"145":{"start":{"line":143,"column":101},"end":{"line":143,"column":null}},"146":{"start":{"line":144,"column":8},"end":{"line":144,"column":null}},"147":{"start":{"line":144,"column":47},"end":{"line":144,"column":null}},"148":{"start":{"line":145,"column":8},"end":{"line":145,"column":null}},"149":{"start":{"line":145,"column":57},"end":{"line":145,"column":null}},"150":{"start":{"line":146,"column":8},"end":{"line":157,"column":null}},"151":{"start":{"line":146,"column":17},"end":{"line":146,"column":26}},"152":{"start":{"line":146,"column":57},"end":{"line":146,"column":null}},"153":{"start":{"line":147,"column":12},"end":{"line":156,"column":null}},"154":{"start":{"line":147,"column":21},"end":{"line":147,"column":30}},"155":{"start":{"line":148,"column":22},"end":{"line":148,"column":null}},"156":{"start":{"line":148,"column":67},"end":{"line":148,"column":null}},"157":{"start":{"line":149,"column":16},"end":{"line":149,"column":null}},"158":{"start":{"line":149,"column":35},"end":{"line":149,"column":null}},"159":{"start":{"line":150,"column":16},"end":{"line":150,"column":null}},"160":{"start":{"line":150,"column":64},"end":{"line":150,"column":null}},"161":{"start":{"line":151,"column":16},"end":{"line":151,"column":null}},"162":{"start":{"line":151,"column":101},"end":{"line":151,"column":null}},"163":{"start":{"line":152,"column":16},"end":{"line":152,"column":null}},"164":{"start":{"line":152,"column":87},"end":{"line":152,"column":null}},"165":{"start":{"line":153,"column":16},"end":{"line":153,"column":null}},"166":{"start":{"line":153,"column":101},"end":{"line":153,"column":null}},"167":{"start":{"line":154,"column":16},"end":{"line":154,"column":null}},"168":{"start":{"line":154,"column":35},"end":{"line":154,"column":null}},"169":{"start":{"line":155,"column":16},"end":{"line":155,"column":null}},"170":{"start":{"line":157,"column":8},"end":{"line":157,"column":null}},"171":{"start":{"line":158,"column":8},"end":{"line":158,"column":null}},"172":{"start":{"line":161,"column":49},"end":{"line":161,"column":null}},"173":{"start":{"line":162,"column":8},"end":{"line":162,"column":null}},"174":{"start":{"line":162,"column":27},"end":{"line":162,"column":null}},"175":{"start":{"line":163,"column":8},"end":{"line":163,"column":null}},"176":{"start":{"line":163,"column":28},"end":{"line":163,"column":null}},"177":{"start":{"line":164,"column":8},"end":{"line":164,"column":null}},"178":{"start":{"line":164,"column":65},"end":{"line":164,"column":null}},"179":{"start":{"line":165,"column":8},"end":{"line":165,"column":null}},"180":{"start":{"line":165,"column":51},"end":{"line":165,"column":null}},"181":{"start":{"line":166,"column":8},"end":{"line":166,"column":null}},"182":{"start":{"line":166,"column":65},"end":{"line":166,"column":null}},"183":{"start":{"line":167,"column":8},"end":{"line":167,"column":null}},"184":{"start":{"line":167,"column":27},"end":{"line":167,"column":null}},"185":{"start":{"line":168,"column":8},"end":{"line":168,"column":null}},"186":{"start":{"line":168,"column":31},"end":{"line":168,"column":null}},"187":{"start":{"line":169,"column":8},"end":{"line":169,"column":null}},"188":{"start":{"line":172,"column":52},"end":{"line":172,"column":null}},"189":{"start":{"line":173,"column":14},"end":{"line":173,"column":null}},"190":{"start":{"line":173,"column":59},"end":{"line":173,"column":null}},"191":{"start":{"line":174,"column":8},"end":{"line":174,"column":null}},"192":{"start":{"line":174,"column":52},"end":{"line":174,"column":null}},"193":{"start":{"line":175,"column":8},"end":{"line":175,"column":null}},"194":{"start":{"line":178,"column":89},"end":{"line":178,"column":null}},"195":{"start":{"line":179,"column":14},"end":{"line":179,"column":null}},"196":{"start":{"line":180,"column":14},"end":{"line":180,"column":null}},"197":{"start":{"line":181,"column":14},"end":{"line":181,"column":null}},"198":{"start":{"line":181,"column":44},"end":{"line":181,"column":null}},"199":{"start":{"line":183,"column":8},"end":{"line":187,"column":null}},"200":{"start":{"line":184,"column":95},"end":{"line":184,"column":null}},"201":{"start":{"line":185,"column":12},"end":{"line":185,"column":null}},"202":{"start":{"line":185,"column":27},"end":{"line":185,"column":null}},"203":{"start":{"line":186,"column":12},"end":{"line":186,"column":null}},"204":{"start":{"line":187,"column":8},"end":{"line":187,"column":null}},"205":{"start":{"line":189,"column":14},"end":{"line":189,"column":null}},"206":{"start":{"line":189,"column":47},"end":{"line":189,"column":null}},"207":{"start":{"line":190,"column":8},"end":{"line":198,"column":null}},"208":{"start":{"line":190,"column":30},"end":{"line":190,"column":null}},"209":{"start":{"line":191,"column":12},"end":{"line":196,"column":null}},"210":{"start":{"line":191,"column":53},"end":{"line":191,"column":null}},"211":{"start":{"line":192,"column":22},"end":{"line":192,"column":null}},"212":{"start":{"line":192,"column":84},"end":{"line":192,"column":null}},"213":{"start":{"line":193,"column":16},"end":{"line":195,"column":null}},"214":{"start":{"line":193,"column":80},"end":{"line":193,"column":null}},"215":{"start":{"line":194,"column":20},"end":{"line":194,"column":null}},"216":{"start":{"line":195,"column":16},"end":{"line":195,"column":null}},"217":{"start":{"line":196,"column":13},"end":{"line":196,"column":null}},"218":{"start":{"line":197,"column":12},"end":{"line":197,"column":null}},"219":{"start":{"line":198,"column":8},"end":{"line":198,"column":null}},"220":{"start":{"line":200,"column":8},"end":{"line":217,"column":null}},"221":{"start":{"line":200,"column":36},"end":{"line":200,"column":null}},"222":{"start":{"line":201,"column":12},"end":{"line":204,"column":null}},"223":{"start":{"line":201,"column":36},"end":{"line":201,"column":null}},"224":{"start":{"line":202,"column":16},"end":{"line":202,"column":null}},"225":{"start":{"line":202,"column":41},"end":{"line":202,"column":null}},"226":{"start":{"line":203,"column":16},"end":{"line":203,"column":null}},"227":{"start":{"line":204,"column":12},"end":{"line":204,"column":null}},"228":{"start":{"line":205,"column":18},"end":{"line":205,"column":null}},"229":{"start":{"line":206,"column":18},"end":{"line":206,"column":null}},"230":{"start":{"line":207,"column":18},"end":{"line":207,"column":null}},"231":{"start":{"line":208,"column":18},"end":{"line":208,"column":null}},"232":{"start":{"line":209,"column":18},"end":{"line":209,"column":null}},"233":{"start":{"line":210,"column":18},"end":{"line":210,"column":null}},"234":{"start":{"line":211,"column":18},"end":{"line":211,"column":null}},"235":{"start":{"line":211,"column":46},"end":{"line":211,"column":null}},"236":{"start":{"line":213,"column":12},"end":{"line":216,"column":null}},"237":{"start":{"line":213,"column":76},"end":{"line":213,"column":null}},"238":{"start":{"line":214,"column":16},"end":{"line":214,"column":null}},"239":{"start":{"line":214,"column":85},"end":{"line":214,"column":null}},"240":{"start":{"line":215,"column":16},"end":{"line":215,"column":null}},"241":{"start":{"line":216,"column":12},"end":{"line":216,"column":null}},"242":{"start":{"line":217,"column":8},"end":{"line":217,"column":null}},"243":{"start":{"line":220,"column":89},"end":{"line":220,"column":null}},"244":{"start":{"line":221,"column":8},"end":{"line":223,"column":null}},"245":{"start":{"line":221,"column":101},"end":{"line":221,"column":null}},"246":{"start":{"line":222,"column":12},"end":{"line":222,"column":null}},"247":{"start":{"line":223,"column":8},"end":{"line":223,"column":null}},"248":{"start":{"line":224,"column":8},"end":{"line":229,"column":null}},"249":{"start":{"line":224,"column":51},"end":{"line":224,"column":null}},"250":{"start":{"line":225,"column":12},"end":{"line":228,"column":null}},"251":{"start":{"line":226,"column":97},"end":{"line":226,"column":null}},"252":{"start":{"line":227,"column":16},"end":{"line":227,"column":null}},"253":{"start":{"line":228,"column":12},"end":{"line":228,"column":null}},"254":{"start":{"line":229,"column":8},"end":{"line":229,"column":null}},"255":{"start":{"line":230,"column":8},"end":{"line":230,"column":null}}},"fnMap":{"0":{"name":"(anonymous_0)","decl":{"start":{"line":27,"column":12},"end":{"line":27,"column":50}},"loc":{"start":{"line":27,"column":12},"end":{"line":27,"column":50}},"line":27},"1":{"name":"(anonymous_1)","decl":{"start":{"line":30,"column":4},"end":{"line":30,"column":16}},"loc":{"start":{"line":30,"column":97},"end":{"line":35,"column":null}},"line":30},"2":{"name":"(anonymous_2)","decl":{"start":{"line":37,"column":11},"end":{"line":37,"column":26}},"loc":{"start":{"line":37,"column":26},"end":{"line":42,"column":null}},"line":37},"3":{"name":"(anonymous_3)","decl":{"start":{"line":44,"column":11},"end":{"line":44,"column":26}},"loc":{"start":{"line":44,"column":26},"end":{"line":49,"column":null}},"line":44},"4":{"name":"(anonymous_4)","decl":{"start":{"line":51,"column":11},"end":{"line":51,"column":18}},"loc":{"start":{"line":51,"column":43},"end":{"line":53,"column":null}},"line":51},"5":{"name":"(anonymous_5)","decl":{"start":{"line":55,"column":11},"end":{"line":55,"column":26}},"loc":{"start":{"line":55,"column":26},"end":{"line":83,"column":null}},"line":55},"6":{"name":"(anonymous_6)","decl":{"start":{"line":73,"column":37},"end":{"line":73,"column":42}},"loc":{"start":{"line":73,"column":42},"end":{"line":75,"column":9}},"line":73},"7":{"name":"(anonymous_7)","decl":{"start":{"line":85,"column":12},"end":{"line":85,"column":31}},"loc":{"start":{"line":85,"column":31},"end":{"line":96,"column":null}},"line":85},"8":{"name":"(anonymous_8)","decl":{"start":{"line":98,"column":12},"end":{"line":98,"column":39}},"loc":{"start":{"line":98,"column":39},"end":{"line":117,"column":null}},"line":98},"9":{"name":"(anonymous_9)","decl":{"start":{"line":105,"column":36},"end":{"line":105,"column":37}},"loc":{"start":{"line":105,"column":53},"end":{"line":116,"column":9}},"line":105},"10":{"name":"(anonymous_10)","decl":{"start":{"line":119,"column":12},"end":{"line":119,"column":31}},"loc":{"start":{"line":119,"column":87},"end":{"line":129,"column":null}},"line":119},"11":{"name":"(anonymous_11)","decl":{"start":{"line":131,"column":12},"end":{"line":131,"column":35}},"loc":{"start":{"line":131,"column":35},"end":{"line":141,"column":null}},"line":131},"12":{"name":"(anonymous_12)","decl":{"start":{"line":143,"column":12},"end":{"line":143,"column":26}},"loc":{"start":{"line":143,"column":101},"end":{"line":159,"column":null}},"line":143},"13":{"name":"(anonymous_13)","decl":{"start":{"line":161,"column":12},"end":{"line":161,"column":21}},"loc":{"start":{"line":161,"column":49},"end":{"line":170,"column":null}},"line":161},"14":{"name":"(anonymous_14)","decl":{"start":{"line":172,"column":11},"end":{"line":172,"column":27}},"loc":{"start":{"line":172,"column":52},"end":{"line":176,"column":null}},"line":172},"15":{"name":"(anonymous_15)","decl":{"start":{"line":178,"column":11},"end":{"line":178,"column":28}},"loc":{"start":{"line":178,"column":89},"end":{"line":218,"column":null}},"line":178},"16":{"name":"(anonymous_16)","decl":{"start":{"line":191,"column":40},"end":{"line":191,"column":41}},"loc":{"start":{"line":191,"column":53},"end":{"line":196,"column":13}},"line":191},"17":{"name":"(anonymous_17)","decl":{"start":{"line":220,"column":12},"end":{"line":220,"column":28}},"loc":{"start":{"line":220,"column":89},"end":{"line":231,"column":null}},"line":220}},"branchMap":{"0":{"loc":{"start":{"line":39,"column":8},"end":{"line":41,"column":null}},"type":"if","locations":[{"start":{"line":39,"column":8},"end":{"line":41,"column":null}},{"start":{"line":41,"column":8},"end":{"line":41,"column":null}}],"line":39},"1":{"loc":{"start":{"line":46,"column":8},"end":{"line":48,"column":null}},"type":"if","locations":[{"start":{"line":46,"column":8},"end":{"line":48,"column":null}},{"start":{"line":48,"column":8},"end":{"line":48,"column":null}}],"line":46},"2":{"loc":{"start":{"line":120,"column":8},"end":{"line":120,"column":null}},"type":"if","locations":[{"start":{"line":120,"column":8},"end":{"line":120,"column":null}},{"start":{"line":120,"column":37},"end":{"line":120,"column":null}}],"line":120},"3":{"loc":{"start":{"line":143,"column":70},"end":{"line":143,"column":101}},"type":"default-arg","locations":[{"start":{"line":143,"column":70},"end":{"line":143,"column":101}}],"line":143},"4":{"loc":{"start":{"line":144,"column":31},"end":{"line":144,"column":null}},"type":"cond-expr","locations":[{"start":{"line":144,"column":31},"end":{"line":144,"column":47}},{"start":{"line":144,"column":41},"end":{"line":144,"column":null}}],"line":144},"5":{"loc":{"start":{"line":145,"column":29},"end":{"line":145,"column":null}},"type":"cond-expr","locations":[{"start":{"line":145,"column":29},"end":{"line":145,"column":57}},{"start":{"line":145,"column":49},"end":{"line":145,"column":null}}],"line":145},"6":{"loc":{"start":{"line":183,"column":8},"end":{"line":187,"column":null}},"type":"if","locations":[{"start":{"line":183,"column":8},"end":{"line":187,"column":null}},{"start":{"line":187,"column":8},"end":{"line":187,"column":null}}],"line":183},"7":{"loc":{"start":{"line":183,"column":12},"end":{"line":184,"column":95}},"type":"binary-expr","locations":[{"start":{"line":183,"column":12},"end":{"line":183,"column":44}},{"start":{"line":183,"column":22},"end":{"line":183,"column":null}},{"start":{"line":183,"column":75},"end":{"line":184,"column":44}},{"start":{"line":184,"column":22},"end":{"line":184,"column":95}}],"line":183},"8":{"loc":{"start":{"line":190,"column":8},"end":{"line":198,"column":null}},"type":"if","locations":[{"start":{"line":190,"column":8},"end":{"line":198,"column":null}},{"start":{"line":198,"column":8},"end":{"line":198,"column":null}}],"line":190},"9":{"loc":{"start":{"line":193,"column":16},"end":{"line":195,"column":null}},"type":"if","locations":[{"start":{"line":193,"column":16},"end":{"line":195,"column":null}},{"start":{"line":195,"column":16},"end":{"line":195,"column":null}}],"line":193},"10":{"loc":{"start":{"line":193,"column":20},"end":{"line":193,"column":80}},"type":"binary-expr","locations":[{"start":{"line":193,"column":20},"end":{"line":193,"column":39}},{"start":{"line":193,"column":30},"end":{"line":193,"column":80}}],"line":193},"11":{"loc":{"start":{"line":200,"column":8},"end":{"line":217,"column":null}},"type":"if","locations":[{"start":{"line":200,"column":8},"end":{"line":217,"column":null}},{"start":{"line":217,"column":8},"end":{"line":217,"column":null}}],"line":200},"12":{"loc":{"start":{"line":201,"column":12},"end":{"line":204,"column":null}},"type":"if","locations":[{"start":{"line":201,"column":12},"end":{"line":204,"column":null}},{"start":{"line":204,"column":12},"end":{"line":204,"column":null}}],"line":201},"13":{"loc":{"start":{"line":213,"column":12},"end":{"line":216,"column":null}},"type":"if","locations":[{"start":{"line":213,"column":12},"end":{"line":216,"column":null}},{"start":{"line":216,"column":12},"end":{"line":216,"column":null}}],"line":213},"14":{"loc":{"start":{"line":221,"column":8},"end":{"line":223,"column":null}},"type":"if","locations":[{"start":{"line":221,"column":8},"end":{"line":223,"column":null}},{"start":{"line":223,"column":8},"end":{"line":223,"column":null}}],"line":221},"15":{"loc":{"start":{"line":221,"column":12},"end":{"line":221,"column":101}},"type":"binary-expr","locations":[{"start":{"line":221,"column":12},"end":{"line":221,"column":25}},{"start":{"line":221,"column":20},"end":{"line":221,"column":38}},{"start":{"line":221,"column":33},"end":{"line":221,"column":70}},{"start":{"line":221,"column":64},"end":{"line":221,"column":101}}],"line":221},"16":{"loc":{"start":{"line":225,"column":12},"end":{"line":228,"column":null}},"type":"if","locations":[{"start":{"line":225,"column":12},"end":{"line":228,"column":null}},{"start":{"line":228,"column":12},"end":{"line":228,"column":null}}],"line":225},"17":{"loc":{"start":{"line":225,"column":16},"end":{"line":226,"column":97}},"type":"binary-expr","locations":[{"start":{"line":225,"column":16},"end":{"line":225,"column":55}},{"start":{"line":225,"column":46},"end":{"line":225,"column":null}},{"start":{"line":225,"column":88},"end":{"line":226,"column":56}},{"start":{"line":226,"column":46},"end":{"line":226,"column":97}}],"line":225}},"s":{"0":1,"1":1,"2":1,"3":1,"4":1,"5":1,"6":1,"7":1,"8":0,"9":0,"10":0,"11":0,"12":0,"13":0,"14":0,"15":0,"16":0,"17":0,"18":0,"19":0,"20":0,"21":0,"22":0,"23":0,"24":0,"25":0,"26":0,"27":0,"28":0,"29":0,"30":0,"31":0,"32":0,"33":0,"34":0,"35":0,"36":0,"37":0,"38":0,"39":0,"40":0,"41":0,"42":0,"43":0,"44":0,"45":0,"46":0,"47":0,"48":0,"49":0,"50":0,"51":0,"52":0,"53":0,"54":0,"55":0,"56":0,"57":0,"58":0,"59":0,"60":0,"61":0,"62":0,"63":0,"64":0,"65":0,"66":0,"67":0,"68":0,"69":0,"70":0,"71":0,"72":0,"73":0,"74":0,"75":0,"76":0,"77":0,"78":0,"79":0,"80":0,"81":0,"82":0,"83":0,"84":0,"85":0,"86":0,"87":0,"88":0,"89":0,"90":0,"91":0,"92":0,"93":0,"94":0,"95":0,"96":0,"97":0,"98":0,"99":0,"100":0,"101":0,"102":0,"103":0,"104":0,"105":0,"106":0,"107":0,"108":0,"109":0,"110":0,"111":0,"112":0,"113":0,"114":0,"115":0,"116":0,"117":0,"118":0,"119":0,"120":0,"121":0,"122":0,"123":0,"124":0,"125":0,"126":0,"127":0,"128":0,"129":0,"130":0,"131":0,"132":0,"133":0,"134":0,"135":0,"136":0,"137":0,"138":0,"139":0,"140":0,"141":0,"142":0,"143":0,"144":0,"145":0,"146":0,"147":0,"148":0,"149":0,"150":0,"151":0,"152":0,"153":0,"154":0,"155":0,"156":0,"157":0,"158":0,"159":0,"160":0,"161":0,"162":0,"163":0,"164":0,"165":0,"166":0,"167":0,"168":0,"169":0,"170":0,"171":0,"172":0,"173":0,"174":0,"175":0,"176":0,"177":0,"178":0,"179":0,"180":0,"181":0,"182":0,"183":0,"184":0,"185":0,"186":0,"187":0,"188":0,"189":0,"190":0,"191":0,"192":0,"193":0,"194":0,"195":0,"196":0,"197":0,"198":0,"199":0,"200":0,"201":0,"202":0,"203":0,"204":0,"205":0,"206":0,"207":0,"208":0,"209":0,"210":0,"211":0,"212":0,"213":0,"214":0,"215":0,"216":0,"217":0,"218":0,"219":0,"220":0,"221":0,"222":0,"223":0,"224":0,"225":0,"226":0,"227":0,"228":0,"229":0,"230":0,"231":0,"232":0,"233":0,"234":0,"235":0,"236":0,"237":0,"238":0,"239":0,"240":0,"241":0,"242":0,"243":0,"244":0,"245":0,"246":0,"247":0,"248":0,"249":0,"250":0,"251":0,"252":0,"253":0,"254":0,"255":0},"f":{"0":7,"1":0,"2":0,"3":0,"4":0,"5":0,"6":0,"7":0,"8":0,"9":0,"10":0,"11":0,"12":0,"13":0,"14":0,"15":0,"16":0,"17":0},"b":{"0":[0,0],"1":[0,0],"2":[0,0],"3":[0],"4":[0,0],"5":[0,0],"6":[0,0],"7":[0,0,0,0],"8":[0,0],"9":[0,0],"10":[0,0],"11":[0,0],"12":[0,0],"13":[0,0],"14":[0,0],"15":[0,0,0,0],"16":[0,0],"17":[0,0,0,0]},"meta":{"lastBranch":18,"lastFunction":18,"lastStatement":256,"seen":{"s:27:12:27:50":0,"f:27:12:27:50":0,"s:7:6:7:Infinity":1,"s:8:6:8:Infinity":2,"s:9:6:9:Infinity":3,"s:11:6:11:Infinity":4,"s:12:6:12:Infinity":5,"s:13:6:13:Infinity":6,"s:15:6:18:Infinity":7,"f:30:4:30:16":1,"s:30:97:30:Infinity":8,"s:26:4:26:Infinity":9,"s:26:50:26:Infinity":10,"s:27:4:27:Infinity":11,"s:27:50:27:Infinity":12,"s:28:4:28:Infinity":13,"s:28:41:28:Infinity":14,"s:31:8:31:Infinity":15,"s:31:19:31:Infinity":16,"s:32:8:32:Infinity":17,"s:32:30:32:Infinity":18,"s:33:8:33:Infinity":19,"s:33:28:33:Infinity":20,"s:34:8:34:Infinity":21,"f:37:11:37:26":2,"s:37:26:37:Infinity":22,"s:38:14:38:Infinity":23,"s:38:64:38:Infinity":24,"b:39:8:41:Infinity:41:8:41:Infinity":0,"s:39:8:41:Infinity":25,"s:39:24:39:Infinity":26,"s:40:12:40:Infinity":27,"s:41:8:41:Infinity":28,"f:44:11:44:26":3,"s:44:26:44:Infinity":29,"s:45:14:45:Infinity":30,"s:45:64:45:Infinity":31,"b:46:8:48:Infinity:48:8:48:Infinity":1,"s:46:8:48:Infinity":32,"s:46:24:46:Infinity":33,"s:47:12:47:Infinity":34,"s:48:8:48:Infinity":35,"f:51:11:51:18":4,"s:51:43:51:Infinity":36,"f:55:11:55:26":5,"s:55:26:55:Infinity":37,"s:56:8:56:Infinity":38,"s:56:78:56:Infinity":39,"s:57:8:57:Infinity":40,"s:57:29:57:Infinity":41,"s:58:8:58:Infinity":42,"s:60:14:60:Infinity":43,"s:61:14:61:Infinity":44,"s:61:57:61:Infinity":45,"s:63:8:63:Infinity":46,"s:63:22:63:Infinity":47,"s:64:8:64:Infinity":48,"s:64:59:64:Infinity":49,"s:66:8:71:Infinity":50,"s:66:17:66:26":51,"s:66:43:66:Infinity":52,"s:67:12:70:Infinity":53,"s:67:21:67:30":54,"s:68:22:68:Infinity":55,"s:68:55:68:Infinity":56,"s:69:16:69:Infinity":57,"s:71:8:71:Infinity":58,"s:73:8:75:Infinity":59,"f:73:37:73:42":6,"s:73:42:73:Infinity":60,"s:74:12:74:Infinity":61,"s:75:9:75:Infinity":62,"s:77:8:77:Infinity":63,"s:77:64:77:Infinity":64,"s:79:8:79:Infinity":65,"s:79:25:79:Infinity":66,"s:81:8:81:Infinity":67,"s:81:24:81:Infinity":68,"s:82:8:82:Infinity":69,"f:85:12:85:31":7,"s:85:31:85:Infinity":70,"s:86:8:86:Infinity":71,"s:86:29:86:Infinity":72,"s:87:8:87:Infinity":73,"s:87:41:87:Infinity":74,"s:88:8:88:Infinity":75,"s:88:29:88:Infinity":76,"s:89:8:89:Infinity":77,"s:89:24:89:Infinity":78,"s:90:8:90:Infinity":79,"s:90:29:90:Infinity":80,"s:91:8:91:Infinity":81,"s:91:57:91:Infinity":82,"s:92:8:92:Infinity":83,"s:92:29:92:Infinity":84,"s:94:8:94:Infinity":85,"s:94:28:94:Infinity":86,"s:95:8:95:Infinity":87,"f:98:12:98:39":8,"s:98:39:98:Infinity":88,"s:99:14:99:Infinity":89,"s:100:14:100:Infinity":90,"s:100:23:100:Infinity":91,"s:102:8:102:Infinity":92,"s:102:29:102:Infinity":93,"s:103:8:103:Infinity":94,"s:103:87:103:Infinity":95,"s:105:8:116:Infinity":96,"f:105:36:105:37":9,"s:105:53:105:Infinity":97,"s:106:18:106:Infinity":98,"s:106:93:106:Infinity":99,"s:107:12:107:Infinity":100,"s:107:33:107:Infinity":101,"s:108:12:108:Infinity":102,"s:108:141:108:Infinity":103,"s:109:12:109:Infinity":104,"s:109:38:109:Infinity":105,"s:110:12:110:Infinity":106,"s:110:103:110:Infinity":107,"s:111:12:111:Infinity":108,"s:111:33:111:Infinity":109,"s:112:12:112:Infinity":110,"s:112:28:112:Infinity":111,"s:113:12:113:Infinity":112,"s:113:33:113:Infinity":113,"s:114:12:114:Infinity":114,"s:114:36:114:Infinity":115,"s:115:12:115:Infinity":116,"f:119:12:119:31":10,"s:119:87:119:Infinity":117,"b:120:8:120:Infinity:120:37:120:Infinity":2,"s:120:8:120:Infinity":118,"s:120:37:120:Infinity":119,"s:122:14:122:Infinity":120,"s:123:14:123:Infinity":121,"s:124:14:124:Infinity":122,"s:125:14:125:Infinity":123,"s:126:14:126:Infinity":124,"s:127:14:127:Infinity":125,"s:127:81:127:Infinity":126,"s:128:8:128:Infinity":127,"f:131:12:131:35":11,"s:131:35:131:Infinity":128,"s:132:14:132:Infinity":129,"s:133:14:133:Infinity":130,"s:133:18:133:Infinity":131,"s:134:8:134:Infinity":132,"s:134:29:134:Infinity":133,"s:135:8:135:Infinity":134,"s:135:69:135:Infinity":135,"s:136:8:136:Infinity":136,"s:136:29:136:Infinity":137,"s:137:8:137:Infinity":138,"s:137:24:137:Infinity":139,"s:138:8:138:Infinity":140,"s:138:29:138:Infinity":141,"s:139:8:139:Infinity":142,"s:139:32:139:Infinity":143,"s:140:8:140:Infinity":144,"f:143:12:143:26":12,"b:143:70:143:101":3,"s:143:101:143:Infinity":145,"s:144:8:144:Infinity":146,"b:144:31:144:47:144:41:144:Infinity":4,"s:144:47:144:Infinity":147,"s:145:8:145:Infinity":148,"b:145:29:145:57:145:49:145:Infinity":5,"s:145:57:145:Infinity":149,"s:146:8:157:Infinity":150,"s:146:17:146:26":151,"s:146:57:146:Infinity":152,"s:147:12:156:Infinity":153,"s:147:21:147:30":154,"s:148:22:148:Infinity":155,"s:148:67:148:Infinity":156,"s:149:16:149:Infinity":157,"s:149:35:149:Infinity":158,"s:150:16:150:Infinity":159,"s:150:64:150:Infinity":160,"s:151:16:151:Infinity":161,"s:151:101:151:Infinity":162,"s:152:16:152:Infinity":163,"s:152:87:152:Infinity":164,"s:153:16:153:Infinity":165,"s:153:101:153:Infinity":166,"s:154:16:154:Infinity":167,"s:154:35:154:Infinity":168,"s:155:16:155:Infinity":169,"s:157:8:157:Infinity":170,"s:158:8:158:Infinity":171,"f:161:12:161:21":13,"s:161:49:161:Infinity":172,"s:162:8:162:Infinity":173,"s:162:27:162:Infinity":174,"s:163:8:163:Infinity":175,"s:163:28:163:Infinity":176,"s:164:8:164:Infinity":177,"s:164:65:164:Infinity":178,"s:165:8:165:Infinity":179,"s:165:51:165:Infinity":180,
[...]
,"/app/src/model/Ingredient.ts": {"path":"/app/src/model/Ingredient.ts","statementMap":{"0":{"start":{"line":9,"column":4},"end":{"line":9,"column":5}},"1":{"start":{"line":5,"column":11},"end":{"line":5,"column":null}},"2":{"start":{"line":6,"column":11},"end":{"line":6,"column":null}},"3":{"start":{"line":7,"column":11},"end":{"line":7,"column":null}},"4":{"start":{"line":8,"column":11},"end":{"line":8,"column":null}}},"fnMap":{"0":{"name":"(anonymous_0)","decl":{"start":{"line":4,"column":2},"end":{"line":4,"column":null}},"loc":{"start":{"line":9,"column":4},"end":{"line":9,"column":null}},"line":9}},"branchMap":{},"s":{"0":21,"1":21,"2":21,"3":21,"4":21},"f":{"0":21},"b":{},"meta":{"lastBranch":0,"lastFunction":1,"lastStatement":5,"seen":{"f:4:2:4:Infinity":0,"s:9:4:9:5":0,"s:5:11:5:Infinity":1,"s:6:11:6:Infinity":2,"s:7:11:7:Infinity":3,"s:8:11:8:Infinity":4}}}
,"/app/src/model/Pizza.ts": {"path":"/app/src/model/Pizza.ts","statementMap":{"0":{"start":{"line":8,"column":4},"end":{"line":8,"column":5}},"1":{"start":{"line":5,"column":11},"end":{"line":5,"column":null}},"2":{"start":{"line":6,"column":11},"end":{"line":6,"column":null}},"3":{"start":{"line":7,"column":11},"end":{"line":7,"column":null}},"4":{"start":{"line":10,"column":20},"end":{"line":10,"column":null}},"5":{"start":{"line":11,"column":4},"end":{"line":14,"column":null}},"6":{"start":{"line":12,"column":33},"end":{"line":12,"column":45}},"7":{"start":{"line":12,"column":33},"end":{"line":12,"column":null}}},"fnMap":{"0":{"name":"(anonymous_0)","decl":{"start":{"line":4,"column":2},"end":{"line":4,"column":null}},"loc":{"start":{"line":8,"column":4},"end":{"line":8,"column":null}},"line":8},"1":{"name":"(anonymous_1)","decl":{"start":{"line":10,"column":2},"end":{"line":10,"column":20}},"loc":{"start":{"line":10,"column":20},"end":{"line":15,"column":null}},"line":10},"2":{"name":"(anonymous_2)","decl":{"start":{"line":12,"column":6},"end":{"line":12,"column":7}},"loc":{"start":{"line":12,"column":33},"end":{"line":12,"column":null}},"line":12}},"branchMap":{},"s":{"0":9,"1":9,"2":9,"3":9,"4":1,"5":1,"6":2,"7":2},"f":{"0":9,"1":1,"2":2},"b":{},"meta":{"lastBranch":0,"lastFunction":3,"lastStatement":8,"seen":{"f:4:2:4:Infinity":0,"s:8:4:8:5":0,"s:5:11:5:Infinity":1,"s:6:11:6:Infinity":2,"s:7:11:7:Infinity":3,"f:10:2:10:20":1,"s:10:20:10:Infinity":4,"s:11:4:14:Infinity":5,"f:12:6:12:7":2,"s:12:33:12:45":6,"s:12:33:12:Infinity":7}}}
,"/app/src/model/PizzaRecipe.ts": {"path":"/app/src/model/PizzaRecipe.ts","statementMap":{},"fnMap":{},"branchMap":{},"s":{},"f":{},"b":{},"meta":{"lastBranch":0,"lastFunction":0,"lastStatement":0,"seen":{}}}
,"/app/src/model/Player.ts": {"path":"/app/src/model/Player.ts","statementMap":{"0":{"start":{"line":21,"column":6},"end":{"line":21,"column":13}},"1":{"start":{"line":4,"column":37},"end":{"line":4,"column":null}},"2":{"start":{"line":5,"column":4},"end":{"line":5,"column":null}},"3":{"start":{"line":8,"column":29},"end":{"line":8,"column":null}},"4":{"start":{"line":9,"column":4},"end":{"line":9,"column":null}},"5":{"start":{"line":12,"column":40},"end":{"line":12,"column":null}},"6":{"start":{"line":13,"column":4},"end":{"line":15,"column":null}},"7":{"start":{"line":13,"column":20},"end":{"line":13,"column":null}},"8":{"start":{"line":14,"column":6},"end":{"line":14,"column":null}},"9":{"start":{"line":15,"column":4},"end":{"line":15,"column":null}},"10":{"start":{"line":18,"column":45},"end":{"line":18,"column":null}},"11":{"start":{"line":19,"column":4},"end":{"line":22,"column":null}},"12":{"start":{"line":19,"column":45},"end":{"line":19,"column":null}},"13":{"start":{"line":20,"column":6},"end":{"line":20,"column":null}},"14":{"start":{"line":20,"column":21},"end":{"line":20,"column":null}},"15":{"start":{"line":21,"column":6},"end":{"line":21,"column":null}},"16":{"start":{"line":22,"column":4},"end":{"line":22,"column":null}},"17":{"start":{"line":23,"column":4},"end":{"line":23,"column":null}}},"fnMap":{"0":{"name":"(anonymous_0)","decl":{"start":{"line":21,"column":6},"end":{"line":21,"column":13}},"loc":{"start":{"line":21,"column":6},"end":{"line":21,"column":13}},"line":21},"1":{"name":"(anonymous_1)","decl":{"start":{"line":4,"column":2},"end":{"line":4,"column":14}},"loc":{"start":{"line":4,"column":37},"end":{"line":6,"column":null}},"line":4},"2":{"name":"(anonymous_2)","decl":{"start":{"line":8,"column":13},"end":{"line":8,"column":29}},"loc":{"start":{"line":8,"column":29},"end":{"line":10,"column":null}},"line":8},"3":{"name":"(anonymous_3)","decl":{"start":{"line":12,"column":9},"end":{"line":12,"column":18}},"loc":{"start":{"line":12,"column":40},"end":{"line":16,"column":null}},"line":12},"4":{"name":"(anonymous_4)","decl":{"start":{"line":18,"column":9},"end":{"line":18,"column":20}},"loc":{"start":{"line":18,"column":45},"end":{"line":24,"column":null}},"line":18}},"branchMap":{"0":{"loc":{"start":{"line":13,"column":4},"end":{"line":15,"column":null}},"type":"if","locations":[{"start":{"line":13,"column":4},"end":{"line":15,"column":null}},{"start":{"line":15,"column":4},"end":{"line":15,"column":null}}],"line":13},"1":{"loc":{"start":{"line":19,"column":4},"end":{"line":22,"column":null}},"type":"if","locations":[{"start":{"line":19,"column":4},"end":{"line":22,"column":null}},{"start":{"line":22,"column":4},"end":{"line":22,"column":null}}],"line":19},"2":{"loc":{"start":{"line":19,"column":8},"end":{"line":19,"column":45}},"type":"binary-expr","locations":[{"start":{"line":19,"column":8},"end":{"line":19,"column":22}},{"start":{"line":19,"column":17},"end":{"line":19,"column":45}}],"line":19}},"s":{"0":3,"1":12,"2":12,"3":7,"4":7,"5":2,"6":2,"7":1,"8":1,"9":1,"10":3,"11":3,"12":1,"13":1,"14":1,"15":1,"16":2,"17":2},"f":{"0":63,"1":12,"2":7,"3":2,"4":3},"b":{"0":[1,1],"1":[1,2],"2":[3,2]},"meta":{"lastBranch":3,"lastFunction":5,"lastStatement":18,"seen":{"s:21:6:21:13":0,"f:21:6:21:13":0,"f:4:2:4:14":1,"s:4:37:4:Infinity":1,"s:5:4:5:Infinity":2,"f:8:13:8:29":2,"s:8:29:8:Infinity":3,"s:9:4:9:Infinity":4,"f:12:9:12:18":3,"s:12:40:12:Infinity":5,"b:13:4:15:Infinity:15:4:15:Infinity":0,"s:13:4:15:Infinity":6,"s:13:20:13:Infinity":7,"s:14:6:14:Infinity":8,"s:15:4:15:Infinity":9,"f:18:9:18:20":4,"s:18:45:18:Infinity":10,"b:19:4:22:Infinity:22:4:22:Infinity":1,"s:19:4:22:Infinity":11,"b:19:8:19:22:19:17:19:45":2,"s:19:45:19:Infinity":12,"s:20:6:20:Infinity":13,"s:20:21:20:Infinity":14,"s:21:6:21:Infinity":15,"s:22:4:22:Infinity":16,"s:23:4:23:Infinity":17}}}
,"/app/src/model/Restaurant.ts": {"path":"/app/src/model/Restaurant.ts","statementMap":{"0":{"start":{"line":13,"column":16},"end":{"line":13,"column":null}},"1":{"start":{"line":8,"column":2},"end":{"line":8,"column":null}},"2":{"start":{"line":9,"column":2},"end":{"line":9,"column":null}},"3":{"start":{"line":9,"column":26},"end":{"line":9,"column":null}},"4":{"start":{"line":10,"column":2},"end":{"line":10,"column":null}},"5":{"start":{"line":10,"column":34},"end":{"line":10,"column":null}},"6":{"start":{"line":11,"column":2},"end":{"line":11,"column":null}},"7":{"start":{"line":11,"column":29},"end":{"line":11,"column":null}},"8":{"start":{"line":14,"column":4},"end":{"line":14,"column":null}}},"fnMap":{"0":{"name":"(anonymous_0)","decl":{"start":{"line":13,"column":2},"end":{"line":13,"column":16}},"loc":{"start":{"line":13,"column":16},"end":{"line":15,"column":null}},"line":13}},"branchMap":{},"s":{"0":10,"1":10,"2":10,"3":10,"4":10,"5":10,"6":10,"7":10,"8":10},"f":{"0":10},"b":{},"meta":{"lastBranch":0,"lastFunction":1,"lastStatement":9,"seen":{"f:13:2:13:16":0,"s:13:16:13:Infinity":0,"s:8:2:8:Infinity":1,"s:9:2:9:Infinity":2,"s:9:26:9:Infinity":3,"s:10:2:10:Infinity":4,"s:10:34:10:Infinity":5,"s:11:2:11:Infinity":6,"s:11:29:11:Infinity":7,"s:14:4:14:Infinity":8}}}
,"/app/src/model/Tile.ts": {"path":"/app/src/model/Tile.ts","statementMap":{},"fnMap":{},"branchMap":{},"s":{},"f":{},"b":{},"meta":{"lastBranch":0,"lastFunction":0,"lastStatement":0,"seen":{}}}
,"/app/src/model/enums.ts": {"path":"/app/src/model/enums.ts","statementMap":{"0":{"start":{"line":16,"column":2},"end":{"line":16,"column":null}},"1":{"start":{"line":1,"column":12},"end":{"line":1,"column":null}},"2":{"start":{"line":1,"column":7},"end":{"line":1,"column":12}},"3":{"start":{"line":2,"column":2},"end":{"line":2,"column":null}},"4":{"start":{"line":3,"column":2},"end":{"line":3,"column":null}},"5":{"start":{"line":4,"column":2},"end":{"line":4,"column":null}},"6":{"start":{"line":5,"column":2},"end":{"line":5,"column":null}},"7":{"start":{"line":8,"column":12},"end":{"line":8,"column":null}},"8":{"start":{"line":8,"column":7},"end":{"line":8,"column":12}},"9":{"start":{"line":9,"column":2},"end":{"line":9,"column":null}},"10":{"start":{"line":10,"column":2},"end":{"line":10,"column":null}},"11":{"start":{"line":13,"column":12},"end":{"line":13,"column":null}},"12":{"start":{"line":13,"column":7},"end":{"line":13,"column":12}},"13":{"start":{"line":14,"column":2},"end":{"line":14,"column":null}},"14":{"start":{"line":15,"column":2},"end":{"line":15,"column":null}},"15":{"start":{"line":17,"column":2},"end":{"line":17,"column":null}},"16":{"start":{"line":18,"column":2},"end":{"line":18,"column":null}},"17":{"start":{"line":21,"column":12},"end":{"line":21,"column":null}},"18":{"start":{"line":21,"column":7},"end":{"line":21,"column":12}},"19":{"start":{"line":22,"column":2},"end":{"line":22,"column":null}},"20":{"start":{"line":23,"column":2},"end":{"line":23,"column":null}}},"fnMap":{"0":{"name":"(anonymous_0)","decl":{"start":{"line":16,"column":2},"end":{"line":16,"column":null}},"loc":{"start":{"line":16,"column":2},"end":{"line":16,"column":null}},"line":16},"1":{"name":"(anonymous_1)","decl":{"start":{"line":1,"column":12},"end":{"line":1,"column":null}},"loc":{"start":{"line":1,"column":7},"end":{"line":1,"column":null}},"line":1},"2":{"name":"(anonymous_2)","decl":{"start":{"line":8,"column":12},"end":{"line":8,"column":null}},"loc":{"start":{"line":8,"column":7},"end":{"line":8,"column":null}},"line":8},"3":{"name":"(anonymous_3)","decl":{"start":{"line":13,"column":12},"end":{"line":13,"column":null}},"loc":{"start":{"line":13,"column":7},"end":{"line":13,"column":null}},"line":13},"4":{"name":"(anonymous_4)","decl":{"start":{"line":21,"column":12},"end":{"line":21,"column":null}},"loc":{"start":{"line":21,"column":7},"end":{"line":21,"column":null}},"line":21}},"branchMap":{"0":{"loc":{"start":{"line":1,"column":12},"end":{"line":1,"column":null}},"type":"binary-expr","locations":[{"start":{"line":1,"column":12},"end":{"line":1,"column":null}},{"start":{"line":1,"column":12},"end":{"line":1,"column":null}}],"line":1},"1":{"loc":{"start":{"line":8,"column":12},"end":{"line":8,"column":null}},"type":"binary-expr","locations":[{"start":{"line":8,"column":12},"end":{"line":8,"column":null}},{"start":{"line":8,"column":12},"end":{"line":8,"column":null}}],"line":8},"2":{"loc":{"start":{"line":13,"column":12},"end":{"line":13,"column":null}},"type":"binary-expr","locations":[{"start":{"line":13,"column":12},"end":{"line":13,"column":null}},{"start":{"line":13,"column":12},"end":{"line":13,"column":null}}],"line":13},"3":{"loc":{"start":{"line":21,"column":12},"end":{"line":21,"column":null}},"type":"binary-expr","locations":[{"start":{"line":21,"column":12},"end":{"line":21,"column":null}},{"start":{"line":21,"column":12},"end":{"line":21,"column":null}}],"line":21}},"s":{"0":1,"1":1,"2":1,"3":1,"4":1,"5":1,"6":1,"7":1,"8":1,"9":1,"10":1,"11":1,"12":1,"13":1,"14":1,"15":1,"16":1,"17":1,"18":1,"19":1,"20":1},"f":{"0":33,"1":1,"2":1,"3":1,"4":1},"b":{"0":[1,1],"1":[1,1],"2":[1,1],"3":[1,1]},"meta":{"lastBranch":4,"lastFunction":5,"lastStatement":21,"seen":{"s:16:2:16:Infinity":0,"f:16:2:16:Infinity":0,"s:1:12:1:Infinity":1,"f:1:12:1:Infinity":1,"s:1:7:1:12":2,"s:2:2:2:Infinity":3,"s:3:2:3:Infinity":4,"s:4:2:4:Infinity":5,"s:5:2:5:Infinity":6,"b:1:12:1:Infinity:1:12:1:Infinity":0,"s:8:12:8:Infinity":7,"f:8:12:8:Infinity":2,"s:8:7:8:12":8,"s:9:2:9:Infinity":9,"s:10:2:10:Infinity":10,"b:8:12:8:Infinity:8:12:8:Infinity":1,"s:13:12:13:Infinity":11,"f:13:12:13:Infinity":3,"s:13:7:13:12":12,"s:14:2:14:Infinity":13,"s:15:2:15:Infinity":14,"s:17:2:17:Infinity":15,"s:18:2:18:Infinity":16,"b:13:12:13:Infinity:13:12:13:Infinity":2,"s:21:12:21:Infinity":17,"f:21:12:21:Infinity":4,"s:21:7:21:12":18,"s:22:2:22:Infinity":19,"s:23:2:23:Infinity":20,"b:21:12:21:Infinity:21:12:21:Infinity":3}}}
,"/app/src/model/ingredientDefinitions.ts": {"path":"/app/src/model/ingredientDefinitions.ts","statementMap":{"0":{"start":{"line":25,"column":8},"end":{"line":25,"column":null}},"1":{"start":{"line":11,"column":13},"end":{"line":35,"column":null}}},"fnMap":{"0":{"name":"(anonymous_0)","decl":{"start":{"line":25,"column":8},"end":{"line":25,"column":null}},"loc":{"start":{"line":25,"column":8},"end":{"line":25,"column":null}},"line":25}},"branchMap":{},"s":{"0":1,"1":1},"f":{"0":1},"b":{},"meta":{"lastBranch":0,"lastFunction":1,"lastStatement":2,"seen":{"s:25:8:25:Infinity":0,"f:25:8:25:Infinity":0,"s:11:13:35:Infinity":1}}}
,"/app/src/model/initialData.ts": {"path":"/app/src/model/initialData.ts","statementMap":{"0":{"start":{"line":25,"column":8},"end":{"line":25,"column":25}},"1":{"start":{"line":11,"column":74},"end":{"line":11,"column":null}},"2":{"start":{"line":13,"column":2},"end":{"line":16,"column":null}},"3":{"start":{"line":13,"column":42},"end":{"line":13,"column":null}},"4":{"start":{"line":14,"column":10},"end":{"line":14,"column":null}},"5":{"start":{"line":14,"column":78},"end":{"line":14,"column":null}},"6":{"start":{"line":15,"column":4},"end":{"line":15,"column":null}},"7":{"start":{"line":19,"column":8},"end":{"line":19,"column":null}},"8":{"start":{"line":20,"column":8},"end":{"line":20,"column":null}},"9":{"start":{"line":21,"column":8},"end":{"line":21,"column":null}},"10":{"start":{"line":24,"column":8},"end":{"line":24,"column":null}},"11":{"start":{"line":25,"column":8},"end":{"line":25,"column":null}},"12":{"start":{"line":28,"column":8},"end":{"line":28,"column":null}},"13":{"start":{"line":31,"column":8},"end":{"line":31,"column":null}},"14":{"start":{"line":31,"column":43},"end":{"line":31,"column":null}},"15":{"start":{"line":32,"column":2},"end":{"line":32,"column":null}},"16":{"start":{"line":32,"column":56},"end":{"line":32,"column":null}},"17":{"start":{"line":33,"column":2},"end":{"line":33,"column":null}},"18":{"start":{"line":33,"column":45},"end":{"line":33,"column":null}},"19":{"start":{"line":36,"column":2},"end":{"line":36,"column":null}},"20":{"start":{"line":40,"column":6},"end":{"line":40,"column":null}},"21":{"start":{"line":40,"column":15},"end":{"line":40,"column":null}},"22":{"start":{"line":41,"column":2},"end":{"line":49,"column":null}},"23":{"start":{"line":41,"column":11},"end":{"line":41,"column":18}},"24":{"start":{"line":41,"column":48},"end":{"line":41,"column":null}},"25":{"start":{"line":42,"column":4},"end":{"line":48,"column":null}},"26":{"start":{"line":42,"column":13},"end":{"line":42,"column":20}},"27":{"start":{"line":43,"column":12},"end":{"line":43,"column":null}},"28":{"start":{"line":43,"column":35},"end":{"line":43,"column":null}},"29":{"start":{"line":44,"column":6},"end":{"line":47,"column":null}},"30":{"start":{"line":44,"column":58},"end":{"line":44,"column":null}},"31":{"start":{"line":45,"column":8},"end":{"line":45,"column":null}},"32":{"start":{"line":45,"column":55},"end":{"line":45,"column":null}},"33":{"start":{"line":46,"column":8},"end":{"line":46,"column":null}},"34":{"start":{"line":47,"column":6},"end":{"line":47,"column":null}},"35":{"start":{"line":49,"column":2},"end":{"line":49,"column":null}},"36":{"start":{"line":51,"column":2},"end":{"line":53,"column":null}},"37":{"start":{"line":51,"column":15},"end":{"line":51,"column":null}},"38":{"start":{"line":52,"column":4},"end":{"line":52,"column":null}},"39":{"start":{"line":53,"column":2},"end":{"line":53,"column":null}},"40":{"start":{"line":55,"column":2},"end":{"line":55,"column":null}}},"fnMap":{"0":{"name":"(anonymous_0)","decl":{"start":{"line":25,"column":8},"end":{"line":25,"column":25}},"loc":{"start":{"line":25,"column":8},"end":{"line":25,"column":25}},"line":25},"1":{"name":"loadInitialData","decl":{"start":{"line":11,"column":16},"end":{"line":11,"column":32}},"loc":{"start":{"line":11,"column":74},"end":{"line":56,"column":null}},"line":11},"2":{"name":"(anonymous_2)","decl":{"start":{"line":13,"column":34},"end":{"line":13,"column":42}},"loc":{"start":{"line":13,"column":42},"end":{"line":16,"column":3}},"line":13}},"branchMap":{"0":{"loc":{"start":{"line":41,"column":18},"end":{"line":41,"column":43}},"type":"binary-expr","locations":[{"start":{"line":41,"column":18},"end":{"line":41,"column":34}},{"start":{"line":41,"column":26},"end":{"line":41,"column":43}}],"line":41},"1":{"loc":{"start":{"line":42,"column":20},"end":{"line":42,"column":45}},"type":"binary-expr","locations":[{"start":{"line":42,"column":20},"end":{"line":42,"column":36}},{"start":{"line":42,"column":28},"end":{"line":42,"column":45}}],"line":42},"2":{"loc":{"start":{"line":44,"column":6},"end":{"line":47,"column":null}},"type":"if","locations":[{"start":{"line":44,"column":6},"end":{"line":47,"column":null}},{"start":{"line":47,"column":6},"end":{"line":47,"column":null}}],"line":44},"3":{"loc":{"start":{"line":44,"column":10},"end":{"line":44,"column":58}},"type":"binary-expr","locations":[{"start":{"line":44,"column":10},"end":{"line":44,"column":18}},{"start":{"line":44,"column":10},"end":{"line":44,"column":58}}],"line":44},"4":{"loc":{"start":{"line":51,"column":2},"end":{"line":53,"column":null}},"type":"if","locations":[{"start":{"line":51,"column":2},"end":{"line":53,"column":null}},{"start":{"line":53,"column":2},"end":{"line":53,"column":null}}],"line":51}},"s":{"0":1,"1":4,"2":4,"3":16,"4":16,"5":16,"6":16,"7":4,"8":4,"9":4,"10":4,"11":4,"12":4,"13":4,"14":4,"15":4,"16":4,"17":4,"18":4,"19":4,"20":4,"21":4,"22":4,"23":4,"24":9,"25":9,"26":9,"27":71,"28":71,"29":71,"30":4,"31":4,"32":4,"33":4,"34":67,"35":4,"36":4,"37":0,"38":0,"39":4,"40":4},"f":{"0":682,"1":4,"2":16},"b":{"0":[4,13],"1":[9,75],"2":[4,67],"3":[71,71],"4":[0,4]},"meta":{"lastBranch":5,"lastFunction":3,"lastStatement":41,"seen":{"s:25:8:25:25":0,"f:25:8:25:25":0,"f:11:16:11:32":1,"s:11:74:11:Infinity":1,"s:13:2:16:Infinity":2,"f:13:34:13:42":2,"s:13:42:13:Infinity":3,"s:14:10:14:Infinity":4,"s:14:78:14:Infinity":5,"s:15:4:15:Infinity":6,"s:19:8:19:Infinity":7,"s:20:8:20:Infinity":8,"s:21:8:21:Infinity":9,"s:24:8:24:Infinity":10,"s:25:8:25:Infinity":11,"s:28:8:28:Infinity":12,"s:31:8:31:Infinity":13,"s:31:43:31:Infinity":14,"s:32:2:32:Infinity":15,"s:32:56:32:Infinity":16,"s:33:2:33:Infinity":17,"s:33:45:33:Infinity":18,"s:36:2:36:Infinity":19,"s:40:6:40:Infinity":20,"s:40:15:40:Infinity":21,"s:41:2:49:Infinity":22,"s:41:11:41:18":23,"b:41:18:41:34:41:26:41:43":0,"s:41:48:41:Infinity":24,"s:42:4:48:Infinity":25,"s:42:13:42:20":26,"b:42:20:42:36:42:28:42:45":1,"s:43:12:43:Infinity":27,"s:43:35:43:Infinity":28,"b:44:6:47:Infinity:47:6:47:Infinity":2,"s:44:6:47:Infinity":29,"b:44:10:44:18:44:10:44:58":3,"s:44:58:44:Infinity":30,"s:45:8:45:Infinity":31,"s:45:55:45:Infinity":32,"s:46:8:46:Infinity":33,"s:47:6:47:Infinity":34,"s:49:2:49:Infinity":35,"b:51:2:53:Infinity:53:2:53:Infinity":4,"s:51:2:53:Infinity":36,"s:51:15:51:Infinity":37,"s:52:4:52:Infinity":38,"s:53:2:53:Infinity":39,"s:55:2:55:Infinity":40}}}
}
