{"/app/src/AssetManager.ts": {"path":"/app/src/AssetManager.ts","statementMap":{"0":{"start":{"line":2,"column":4},"end":{"line":2,"column":null}},"1":{"start":{"line":5,"column":8},"end":{"line":31,"column":null}},"2":{"start":{"line":6,"column":29},"end":{"line":6,"column":null}},"3":{"start":{"line":7,"column":12},"end":{"line":10,"column":null}},"4":{"start":{"line":8,"column":16},"end":{"line":8,"column":null}},"5":{"start":{"line":9,"column":16},"end":{"line":9,"column":null}},"6":{"start":{"line":11,"column":28},"end":{"line":11,"column":null}},"7":{"start":{"line":12,"column":25},"end":{"line":12,"column":null}},"8":{"start":{"line":13,"column":24},"end":{"line":13,"column":null}},"9":{"start":{"line":15,"column":12},"end":{"line":28,"column":null}},"10":{"start":{"line":16,"column":28},"end":{"line":16,"column":null}},"11":{"start":{"line":17,"column":16},"end":{"line":21,"column":null}},"12":{"start":{"line":18,"column":20},"end":{"line":18,"column":null}},"13":{"start":{"line":19,"column":20},"end":{"line":19,"column":null}},"14":{"start":{"line":20,"column":20},"end":{"line":20,"column":null}},"15":{"start":{"line":22,"column":16},"end":{"line":26,"column":null}},"16":{"start":{"line":23,"column":20},"end":{"line":23,"column":null}},"17":{"start":{"line":24,"column":20},"end":{"line":24,"column":null}},"18":{"start":{"line":25,"column":20},"end":{"line":25,"column":null}},"19":{"start":{"line":27,"column":16},"end":{"line":27,"column":null}},"20":{"start":{"line":30,"column":12},"end":{"line":30,"column":null}},"21":{"start":{"line":35,"column":8},"end":{"line":35,"column":null}}},"fnMap":{"0":{"name":"(anonymous_0)","decl":{"start":{"line":1,"column":7},"end":{"line":1,"column":13}},"loc":{"start":{"line":1,"column":7},"end":{"line":2,"column":null}},"line":1},"1":{"name":"(anonymous_1)","decl":{"start":{"line":4,"column":17},"end":{"line":4,"column":27}},"loc":{"start":{"line":4,"column":69},"end":{"line":32,"column":null}},"line":4},"2":{"name":"(anonymous_2)","decl":{"start":{"line":15,"column":36},"end":{"line":15,"column":37}},"loc":{"start":{"line":15,"column":49},"end":{"line":28,"column":13}},"line":15},"3":{"name":"(anonymous_3)","decl":{"start":{"line":17,"column":29},"end":{"line":17,"column":35}},"loc":{"start":{"line":17,"column":35},"end":{"line":21,"column":null}},"line":17},"4":{"name":"(anonymous_4)","decl":{"start":{"line":22,"column":30},"end":{"line":22,"column":36}},"loc":{"start":{"line":22,"column":36},"end":{"line":26,"column":null}},"line":22},"5":{"name":"(anonymous_5)","decl":{"start":{"line":34,"column":11},"end":{"line":34,"column":20}},"loc":{"start":{"line":34,"column":63},"end":{"line":36,"column":null}},"line":34}},"branchMap":{"0":{"loc":{"start":{"line":7,"column":12},"end":{"line":10,"column":null}},"type":"if","locations":[{"start":{"line":7,"column":12},"end":{"line":10,"column":null}},{"start":{},"end":{}}],"line":7}},"s":{"0":0,"1":0,"2":0,"3":0,"4":0,"5":0,"6":0,"7":0,"8":0,"9":0,"10":0,"11":0,"12":0,"13":0,"14":0,"15":0,"16":0,"17":0,"18":0,"19":0,"20":0,"21":0},"f":{"0":0,"1":0,"2":0,"3":0,"4":0,"5":0},"b":{"0":[0,0]},"meta":{"lastBranch":1,"lastFunction":6,"lastStatement":22,"seen":{"f:1:7:1:13":0,"s:2:4:2:Infinity":0,"f:4:17:4:27":1,"s:5:8:31:Infinity":1,"s:6:29:6:Infinity":2,"b:7:12:10:Infinity:undefined:undefined:undefined:undefined":0,"s:7:12:10:Infinity":3,"s:8:16:8:Infinity":4,"s:9:16:9:Infinity":5,"s:11:28:11:Infinity":6,"s:12:25:12:Infinity":7,"s:13:24:13:Infinity":8,"s:15:12:28:Infinity":9,"f:15:36:15:37":2,"s:16:28:16:Infinity":10,"s:17:16:21:Infinity":11,"f:17:29:17:35":3,"s:18:20:18:Infinity":12,"s:19:20:19:Infinity":13,"s:20:20:20:Infinity":14,"s:22:16:26:Infinity":15,"f:22:30:22:36":4,"s:23:20:23:Infinity":16,"s:24:20:24:Infinity":17,"s:25:20:25:Infinity":18,"s:27:16:27:Infinity":19,"s:30:12:30:Infinity":20,"f:34:11:34:20":5,"s:35:8:35:Infinity":21}}}
,"/app/src/CityView.ts": {"path":"/app/src/CityView.ts","statementMap":{"0":{"start":{"line":30,"column":8},"end":{"line":30,"column":null}},"1":{"start":{"line":31,"column":8},"end":{"line":31,"column":null}},"2":{"start":{"line":32,"column":8},"end":{"line":32,"column":null}},"3":{"start":{"line":33,"column":8},"end":{"line":33,"column":null}},"4":{"start":{"line":34,"column":8},"end":{"line":34,"column":null}},"5":{"start":{"line":35,"column":8},"end":{"line":35,"column":null}},"6":{"start":{"line":36,"column":8},"end":{"line":36,"column":null}},"7":{"start":{"line":44,"column":8},"end":{"line":44,"column":null}},"8":{"start":{"line":45,"column":8},"end":{"line":45,"column":null}},"9":{"start":{"line":46,"column":8},"end":{"line":46,"column":null}},"10":{"start":{"line":48,"column":8},"end":{"line":48,"column":null}},"11":{"start":{"line":49,"column":8},"end":{"line":49,"column":null}},"12":{"start":{"line":51,"column":8},"end":{"line":66,"column":null}},"13":{"start":{"line":51,"column":23},"end":{"line":51,"column":26}},"14":{"start":{"line":52,"column":12},"end":{"line":65,"column":null}},"15":{"start":{"line":52,"column":27},"end":{"line":52,"column":30}},"16":{"start":{"line":53,"column":29},"end":{"line":53,"column":null}},"17":{"start":{"line":54,"column":16},"end":{"line":64,"column":null}},"18":{"start":{"line":55,"column":26},"end":{"line":55,"column":null}},"19":{"start":{"line":56,"column":20},"end":{"line":63,"column":null}},"20":{"start":{"line":57,"column":24},"end":{"line":57,"column":null}},"21":{"start":{"line":58,"column":20},"end":{"line":63,"column":null}},"22":{"start":{"line":59,"column":24},"end":{"line":59,"column":null}},"23":{"start":{"line":62,"column":24},"end":{"line":62,"column":null}},"24":{"start":{"line":68,"column":8},"end":{"line":68,"column":null}},"25":{"start":{"line":72,"column":8},"end":{"line":72,"column":null}},"26":{"start":{"line":73,"column":8},"end":{"line":73,"column":null}},"27":{"start":{"line":74,"column":8},"end":{"line":74,"column":null}},"28":{"start":{"line":75,"column":8},"end":{"line":75,"column":null}},"29":{"start":{"line":76,"column":8},"end":{"line":76,"column":null}},"30":{"start":{"line":77,"column":8},"end":{"line":77,"column":null}},"31":{"start":{"line":78,"column":8},"end":{"line":78,"column":null}},"32":{"start":{"line":79,"column":8},"end":{"line":79,"column":null}},"33":{"start":{"line":80,"column":8},"end":{"line":80,"column":null}},"34":{"start":{"line":81,"column":8},"end":{"line":81,"column":null}},"35":{"start":{"line":85,"column":20},"end":{"line":85,"column":null}},"36":{"start":{"line":86,"column":8},"end":{"line":93,"column":null}},"37":{"start":{"line":87,"column":30},"end":{"line":87,"column":null}},"38":{"start":{"line":88,"column":31},"end":{"line":88,"column":null}},"39":{"start":{"line":89,"column":28},"end":{"line":89,"column":null}},"40":{"start":{"line":90,"column":28},"end":{"line":90,"column":null}},"41":{"start":{"line":91,"column":12},"end":{"line":91,"column":null}},"42":{"start":{"line":92,"column":12},"end":{"line":92,"column":null}},"43":{"start":{"line":96,"column":21},"end":{"line":96,"column":null}},"44":{"start":{"line":99,"column":8},"end":{"line":99,"column":null}},"45":{"start":{"line":100,"column":8},"end":{"line":100,"column":null}},"46":{"start":{"line":101,"column":8},"end":{"line":101,"column":null}},"47":{"start":{"line":102,"column":8},"end":{"line":102,"column":null}},"48":{"start":{"line":103,"column":8},"end":{"line":103,"column":null}},"49":{"start":{"line":104,"column":8},"end":{"line":104,"column":null}},"50":{"start":{"line":105,"column":8},"end":{"line":105,"column":null}},"51":{"start":{"line":106,"column":8},"end":{"line":106,"column":null}},"52":{"start":{"line":107,"column":8},"end":{"line":107,"column":null}},"53":{"start":{"line":110,"column":8},"end":{"line":110,"column":null}},"54":{"start":{"line":111,"column":8},"end":{"line":111,"column":null}},"55":{"start":{"line":112,"column":8},"end":{"line":112,"column":null}},"56":{"start":{"line":113,"column":8},"end":{"line":113,"column":null}},"57":{"start":{"line":114,"column":8},"end":{"line":114,"column":null}},"58":{"start":{"line":115,"column":8},"end":{"line":115,"column":null}},"59":{"start":{"line":116,"column":8},"end":{"line":116,"column":null}},"60":{"start":{"line":117,"column":8},"end":{"line":117,"column":null}},"61":{"start":{"line":118,"column":8},"end":{"line":118,"column":null}},"62":{"start":{"line":121,"column":8},"end":{"line":121,"column":null}},"63":{"start":{"line":122,"column":8},"end":{"line":122,"column":null}},"64":{"start":{"line":123,"column":8},"end":{"line":123,"column":null}},"65":{"start":{"line":124,"column":8},"end":{"line":124,"column":null}},"66":{"start":{"line":125,"column":8},"end":{"line":125,"column":null}},"67":{"start":{"line":126,"column":8},"end":{"line":126,"column":null}},"68":{"start":{"line":127,"column":8},"end":{"line":127,"column":null}},"69":{"start":{"line":128,"column":8},"end":{"line":128,"column":null}},"70":{"start":{"line":129,"column":8},"end":{"line":129,"column":null}},"71":{"start":{"line":133,"column":8},"end":{"line":136,"column":null}},"72":{"start":{"line":134,"column":12},"end":{"line":134,"column":null}},"73":{"start":{"line":135,"column":12},"end":{"line":135,"column":null}},"74":{"start":{"line":138,"column":21},"end":{"line":138,"column":null}},"75":{"start":{"line":139,"column":25},"end":{"line":139,"column":null}},"76":{"start":{"line":141,"column":8},"end":{"line":144,"column":null}},"77":{"start":{"line":142,"column":12},"end":{"line":142,"column":null}},"78":{"start":{"line":143,"column":12},"end":{"line":143,"column":null}},"79":{"start":{"line":146,"column":34},"end":{"line":149,"column":null}},"80":{"start":{"line":151,"column":8},"end":{"line":185,"column":null}},"81":{"start":{"line":151,"column":23},"end":{"line":151,"column":42}},"82":{"start":{"line":152,"column":12},"end":{"line":184,"column":null}},"83":{"start":{"line":152,"column":27},"end":{"line":152,"column":46}},"84":{"start":{"line":153,"column":29},"end":{"line":153,"column":null}},"85":{"start":{"line":155,"column":16},"end":{"line":183,"column":null}},"86":{"start":{"line":156,"column":26},"end":{"line":156,"column":null}},"87":{"start":{"line":157,"column":33},"end":{"line":157,"column":null}},"88":{"start":{"line":159,"column":45},"end":{"line":164,"column":null}},"89":{"start":{"line":166,"column":20},"end":{"line":182,"column":null}},"90":{"start":{"line":167,"column":24},"end":{"line":180,"column":null}},"91":{"start":{"line":168,"column":28},"end":{"line":177,"column":null}},"92":{"start":{"line":169,"column":32},"end":{"line":176,"column":null}},"93":{"start":{"line":170,"column":58},"end":{"line":170,"column":null}},"94":{"start":{"line":171,"column":36},"end":{"line":171,"column":null}},"95":{"start":{"line":172,"column":36},"end":{"line":172,"column":null}},"96":{"start":{"line":173,"column":36},"end":{"line":173,"column":null}},"97":{"start":{"line":175,"column":36},"end":{"line":175,"column":null}},"98":{"start":{"line":178,"column":24},"end":{"line":180,"column":null}},"99":{"start":{"line":179,"column":28},"end":{"line":179,"column":null}},"100":{"start":{"line":181,"column":24},"end":{"line":181,"column":null}}},"fnMap":{"0":{"name":"(anonymous_0)","decl":{"start":{"line":21,"column":4},"end":{"line":21,"column":null}},"loc":{"start":{"line":29,"column":6},"end":{"line":37,"column":null}},"line":29},"1":{"name":"(anonymous_1)","decl":{"start":{"line":39,"column":11},"end":{"line":39,"column":18}},"loc":{"start":{"line":39,"column":43},"end":{"line":41,"column":null}},"line":39},"2":{"name":"(anonymous_2)","decl":{"start":{"line":43,"column":11},"end":{"line":43,"column":26}},"loc":{"start":{"line":43,"column":26},"end":{"line":69,"column":null}},"line":43},"3":{"name":"(anonymous_3)","decl":{"start":{"line":71,"column":12},"end":{"line":71,"column":21}},"loc":{"start":{"line":71,"column":64},"end":{"line":82,"column":null}},"line":71},"4":{"name":"(anonymous_4)","decl":{"start":{"line":84,"column":12},"end":{"line":84,"column":25}},"loc":{"start":{"line":84,"column":86},"end":{"line":130,"column":null}},"line":84},"5":{"name":"(anonymous_5)","decl":{"start":{"line":132,"column":11},"end":{"line":132,"column":28}},"loc":{"start":{"line":132,"column":90},"end":{"line":186,"column":null}},"line":132},"6":{"name":"(anonymous_6)","decl":{"start":{"line":168,"column":73},"end":{"line":168,"column":79}},"loc":{"start":{"line":168,"column":79},"end":{"line":177,"column":29}},"line":168}},"branchMap":{"0":{"loc":{"start":{"line":54,"column":16},"end":{"line":64,"column":null}},"type":"if","locations":[{"start":{"line":54,"column":16},"end":{"line":64,"column":null}},{"start":{},"end":{}}],"line":54},"1":{"loc":{"start":{"line":56,"column":20},"end":{"line":63,"column":null}},"type":"if","locations":[{"start":{"line":56,"column":20},"end":{"line":63,"column":null}},{"start":{"line":58,"column":20},"end":{"line":63,"column":null}}],"line":56},"2":{"loc":{"start":{"line":58,"column":20},"end":{"line":63,"column":null}},"type":"if","locations":[{"start":{"line":58,"column":20},"end":{"line":63,"column":null}},{"start":{"line":60,"column":27},"end":{"line":63,"column":null}}],"line":58},"3":{"loc":{"start":{"line":62,"column":64},"end":{"line":62,"column":109}},"type":"cond-expr","locations":[{"start":{"line":62,"column":94},"end":{"line":62,"column":103}},{"start":{"line":62,"column":103},"end":{"line":62,"column":109}}],"line":62},"4":{"loc":{"start":{"line":86,"column":8},"end":{"line":93,"column":null}},"type":"if","locations":[{"start":{"line":86,"column":8},"end":{"line":93,"column":null}},{"start":{},"end":{}}],"line":86},"5":{"loc":{"start":{"line":86,"column":12},"end":{"line":86,"column":41}},"type":"binary-expr","locations":[{"start":{"line":86,"column":12},"end":{"line":86,"column":19}},{"start":{"line":86,"column":19},"end":{"line":86,"column":41}}],"line":86},"6":{"loc":{"start":{"line":133,"column":8},"end":{"line":136,"column":null}},"type":"if","locations":[{"start":{"line":133,"column":8},"end":{"line":136,"column":null}},{"start":{},"end":{}}],"line":133},"7":{"loc":{"start":{"line":141,"column":8},"end":{"line":144,"column":null}},"type":"if","locations":[{"start":{"line":141,"column":8},"end":{"line":144,"column":null}},{"start":{},"end":{}}],"line":141},"8":{"loc":{"start":{"line":141,"column":12},"end":{"line":141,"column":87}},"type":"binary-expr","locations":[{"start":{"line":141,"column":12},"end":{"line":141,"column":31}},{"start":{"line":141,"column":31},"end":{"line":141,"column":51}},{"start":{"line":141,"column":51},"end":{"line":141,"column":70}},{"start":{"line":141,"column":70},"end":{"line":141,"column":87}}],"line":141},"9":{"loc":{"start":{"line":155,"column":16},"end":{"line":183,"column":null}},"type":"if","locations":[{"start":{"line":155,"column":16},"end":{"line":183,"column":null}},{"start":{},"end":{}}],"line":155},"10":{"loc":{"start":{"line":155,"column":20},"end":{"line":155,"column":110}},"type":"binary-expr","locations":[{"start":{"line":155,"column":20},"end":{"line":155,"column":29}},{"start":{"line":155,"column":29},"end":{"line":155,"column":71}},{"start":{"line":155,"column":71},"end":{"line":155,"column":110}}],"line":155},"11":{"loc":{"start":{"line":166,"column":20},"end":{"line":182,"column":null}},"type":"if","locations":[{"start":{"line":166,"column":20},"end":{"line":182,"column":null}},{"start":{},"end":{}}],"line":166},"12":{"loc":{"start":{"line":167,"column":24},"end":{"line":180,"column":null}},"type":"if","locations":[{"start":{"line":167,"column":24},"end":{"line":180,"column":null}},{"start":{"line":178,"column":24},"end":{"line":180,"column":null}}],"line":167},"13":{"loc":{"start":{"line":169,"column":32},"end":{"line":176,"column":null}},"type":"if","locations":[{"start":{"line":169,"column":32},"end":{"line":176,"column":null}},{"start":{"line":174,"column":39},"end":{"line":176,"column":null}}],"line":169},"14":{"loc":{"start":{"line":178,"column":24},"end":{"line":180,"column":null}},"type":"if","locations":[{"start":{"line":178,"column":24},"end":{"line":180,"column":null}},{"start":{},"end":{}}],"line":178}},"s":{"0":0,"1":0,"2":0,"3":0,"4":0,"5":0,"6":0,"7":0,"8":0,"9":0,"10":0,"11":0,"12":0,"13":0,"14":0,"15":0,"16":0,"17":0,"18":0,"19":0,"20":0,"21":0,"22":0,"23":0,"24":0,"25":0,"26":0,"27":0,"28":0,"29":0,"30":0,"31":0,"32":0,"33":0,"34":0,"35":0,"36":0,"37":0,"38":0,"39":0,"40":0,"41":0,"42":0,"43":0,"44":0,"45":0,"46":0,"47":0,"48":0,"49":0,"50":0,"51":0,"52":0,"53":0,"54":0,"55":0,"56":0,"57":0,"58":0,"59":0,"60":0,"61":0,"62":0,"63":0,"64":0,"65":0,"66":0,"67":0,"68":0,"69":0,"70":0,"71":0,"72":0,"73":0,"74":0,"75":0,"76":0,"77":0,"78":0,"79":0,"80":0,"81":0,"82":0,"83":0,"84":0,"85":0,"86":0,"87":0,"88":0,"89":0,"90":0,"91":0,"92":0,"93":0,"94":0,"95":0,"96":0,"97":0,"98":0,"99":0,"100":0},"f":{"0":0,"1":0,"2":0,"3":0,"4":0,"5":0,"6":0},"b":{"0":[0,0],"1":[0,0],"2":[0,0],"3":[0,0],"4":[0,0],"5":[0,0],"6":[0,0],"7":[0,0],"8":[0,0,0,0],"9":[0,0],"10":[0,0,0],"11":[0,0],"12":[0,0],"13":[0,0],"14":[0,0]},"meta":{"lastBranch":15,"lastFunction":7,"lastStatement":101,"seen":{"f:21:4:21:Infinity":0,"s:30:8:30:Infinity":0,"s:31:8:31:Infinity":1,"s:32:8:32:Infinity":2,"s:33:8:33:Infinity":3,"s:34:8:34:Infinity":4,"s:35:8:35:Infinity":5,"s:36:8:36:Infinity":6,"f:39:11:39:18":1,"f:43:11:43:26":2,"s:44:8:44:Infinity":7,"s:45:8:45:Infinity":8,"s:46:8:46:Infinity":9,"s:48:8:48:Infinity":10,"s:49:8:49:Infinity":11,"s:51:8:66:Infinity":12,"s:51:23:51:26":13,"s:52:12:65:Infinity":14,"s:52:27:52:30":15,"s:53:29:53:Infinity":16,"b:54:16:64:Infinity:undefined:undefined:undefined:undefined":0,"s:54:16:64:Infinity":17,"s:55:26:55:Infinity":18,"b:56:20:63:Infinity:58:20:63:Infinity":1,"s:56:20:63:Infinity":19,"s:57:24:57:Infinity":20,"b:58:20:63:Infinity:60:27:63:Infinity":2,"s:58:20:63:Infinity":21,"s:59:24:59:Infinity":22,"s:62:24:62:Infinity":23,"b:62:94:62:103:62:103:62:109":3,"s:68:8:68:Infinity":24,"f:71:12:71:21":3,"s:72:8:72:Infinity":25,"s:73:8:73:Infinity":26,"s:74:8:74:Infinity":27,"s:75:8:75:Infinity":28,"s:76:8:76:Infinity":29,"s:77:8:77:Infinity":30,"s:78:8:78:Infinity":31,"s:79:8:79:Infinity":32,"s:80:8:80:Infinity":33,"s:81:8:81:Infinity":34,"f:84:12:84:25":4,"s:85:20:85:Infinity":35,"b:86:8:93:Infinity:undefined:undefined:undefined:undefined":4,"s:86:8:93:Infinity":36,"b:86:12:86:19:86:19:86:41":5,"s:87:30:87:Infinity":37,"s:88:31:88:Infinity":38,"s:89:28:89:Infinity":39,"s:90:28:90:Infinity":40,"s:91:12:91:Infinity":41,"s:92:12:92:Infinity":42,"s:96:21:96:Infinity":43,"s:99:8:99:Infinity":44,"s:100:8:100:Infinity":45,"s:101:8:101:Infinity":46,"s:102:8:102:Infinity":47,"s:103:8:103:Infinity":48,"s:104:8:104:Infinity":49,"s:105:8:105:Infinity":50,"s:106:8:106:Infinity":51,"s:107:8:107:Infinity":52,"s:110:8:110:Infinity":53,"s:111:8:111:Infinity":54,"s:112:8:112:Infinity":55,"s:113:8:113:Infinity":56,"s:114:8:114:Infinity":57,"s:115:8:115:Infinity":58,"s:116:8:116:Infinity":59,"s:117:8:117:Infinity":60,"s:118:8:118:Infinity":61,"s:121:8:121:Infinity":62,"s:122:8:122:Infinity":63,"s:123:8:123:Infinity":64,"s:124:8:124:Infinity":65,"s:125:8:125:Infinity":66,"s:126:8:126:Infinity":67,"s:127:8:127:Infinity":68,"s:128:8:128:Infinity":69,"s:129:8:129:Infinity":70,"f:132:11:132:28":5,"b:133:8:136:Infinity:undefined:undefined:undefined:undefined":6,"s:133:8:136:Infinity":71,"s:134:12:134:Infinity":72,"s:135:12:135:Infinity":73,"s:138:21:138:Infinity":74,"s:139:25:139:Infinity":75,"b:141:8:144:Infinity:undefined:undefined:undefined:undefined":7,"s:141:8:144:Infinity":76,"b:141:12:141:31:141:31:141:51:141:51:141:70:141:70:141:87":8,"s:142:12:142:Infinity":77,"s:143:12:143:Infinity":78,"s:146:34:149:Infinity":79,"s:151:8:185:Infinity":80,"s:151:23:151:42":81,"s:152:12:184:Infinity":82,"s:152:27:152:46":83,"s:153:29:153:Infinity":84,"b:155:16:183:Infinity:undefined:undefined:undefined:undefined":9,"s:155:16:183:Infinity":85,"b:155:20:155:29:155:29:155:71:155:71:155:110":10,"s:156:26:156:Infinity":86,"s:157:33:157:Infinity":87,"s:159:45:164:Infinity":88,"b:166:20:182:Infinity:undefined:undefined:undefined:undefined":11,"s:166:20:182:Infinity":89,"b:167:24:180:Infinity:178:24:180:Infinity":12,"s:167:24:180:Infinity":90,"s:168:28:177:Infinity":91,"f:168:73:168:79":6,"b:169:32:176:Infinity:174:39:176:Infinity":13,"s:169:32:176:Infinity":92,"s:170:58:170:Infinity":93,"s:171:36:171:Infinity":94,"s:172:36:172:Infinity":95,"s:173:36:173:Infinity":96,"s:175:36:175:Infinity":97,"b:178:24:180:Infinity:undefined:undefined:undefined:undefined":14,"s:178:24:180:Infinity":98,"s:179:28:179:Infinity":99,"s:181:24:181:Infinity":100}}}
,"/app/src/Game.ts": {"path":"/app/src/Game.ts","statementMap":{"0":{"start":{"line":15,"column":4},"end":{"line":15,"column":null}},"1":{"start":{"line":18,"column":4},"end":{"line":18,"column":null}},"2":{"start":{"line":23,"column":4},"end":{"line":23,"column":null}},"3":{"start":{"line":25,"column":4},"end":{"line":25,"column":null}},"4":{"start":{"line":26,"column":4},"end":{"line":26,"column":null}},"5":{"start":{"line":29,"column":8},"end":{"line":29,"column":null}},"6":{"start":{"line":30,"column":24},"end":{"line":30,"column":null}},"7":{"start":{"line":31,"column":8},"end":{"line":33,"column":null}},"8":{"start":{"line":32,"column":12},"end":{"line":32,"column":null}},"9":{"start":{"line":34,"column":8},"end":{"line":34,"column":null}},"10":{"start":{"line":35,"column":8},"end":{"line":35,"column":null}},"11":{"start":{"line":36,"column":8},"end":{"line":36,"column":null}},"12":{"start":{"line":37,"column":8},"end":{"line":37,"column":null}},"13":{"start":{"line":38,"column":8},"end":{"line":38,"column":null}},"14":{"start":{"line":39,"column":8},"end":{"line":39,"column":null}},"15":{"start":{"line":40,"column":8},"end":{"line":40,"column":null}},"16":{"start":{"line":42,"column":8},"end":{"line":42,"column":null}},"17":{"start":{"line":44,"column":8},"end":{"line":44,"column":null}},"18":{"start":{"line":45,"column":8},"end":{"line":45,"column":null}},"19":{"start":{"line":45,"column":48},"end":{"line":45,"column":67}},"20":{"start":{"line":46,"column":8},"end":{"line":46,"column":null}},"21":{"start":{"line":47,"column":8},"end":{"line":47,"column":null}},"22":{"start":{"line":48,"column":8},"end":{"line":48,"column":null}},"23":{"start":{"line":49,"column":8},"end":{"line":49,"column":null}},"24":{"start":{"line":50,"column":8},"end":{"line":50,"column":null}},"25":{"start":{"line":50,"column":59},"end":{"line":50,"column":77}},"26":{"start":{"line":51,"column":8},"end":{"line":51,"column":null}},"27":{"start":{"line":53,"column":8},"end":{"line":53,"column":null}},"28":{"start":{"line":54,"column":8},"end":{"line":54,"column":null}},"29":{"start":{"line":59,"column":29},"end":{"line":71,"column":null}},"30":{"start":{"line":73,"column":8},"end":{"line":73,"column":null}},"31":{"start":{"line":73,"column":52},"end":{"line":73,"column":102}},"32":{"start":{"line":77,"column":8},"end":{"line":77,"column":null}},"33":{"start":{"line":78,"column":8},"end":{"line":78,"column":null}},"34":{"start":{"line":82,"column":8},"end":{"line":82,"column":null}},"35":{"start":{"line":83,"column":8},"end":{"line":83,"column":null}},"36":{"start":{"line":87,"column":26},"end":{"line":87,"column":null}},"37":{"start":{"line":88,"column":8},"end":{"line":88,"column":null}},"38":{"start":{"line":90,"column":8},"end":{"line":99,"column":null}},"39":{"start":{"line":92,"column":16},"end":{"line":92,"column":null}},"40":{"start":{"line":93,"column":16},"end":{"line":93,"column":null}},"41":{"start":{"line":94,"column":16},"end":{"line":94,"column":null}},"42":{"start":{"line":96,"column":16},"end":{"line":96,"column":null}},"43":{"start":{"line":97,"column":16},"end":{"line":97,"column":null}},"44":{"start":{"line":98,"column":16},"end":{"line":98,"column":null}},"45":{"start":{"line":101,"column":8},"end":{"line":101,"column":null}},"46":{"start":{"line":105,"column":8},"end":{"line":111,"column":null}},"47":{"start":{"line":106,"column":12},"end":{"line":110,"column":null}},"48":{"start":{"line":107,"column":16},"end":{"line":107,"column":null}},"49":{"start":{"line":109,"column":16},"end":{"line":109,"column":null}},"50":{"start":{"line":115,"column":8},"end":{"line":115,"column":null}},"51":{"start":{"line":115,"column":38},"end":{"line":115,"column":null}},"52":{"start":{"line":119,"column":8},"end":{"line":123,"column":null}},"53":{"start":{"line":120,"column":12},"end":{"line":120,"column":null}},"54":{"start":{"line":121,"column":8},"end":{"line":123,"column":null}},"55":{"start":{"line":122,"column":12},"end":{"line":122,"column":null}},"56":{"start":{"line":127,"column":8},"end":{"line":127,"column":null}},"57":{"start":{"line":127,"column":38},"end":{"line":127,"column":null}},"58":{"start":{"line":131,"column":35},"end":{"line":149,"column":null}},"59":{"start":{"line":132,"column":12},"end":{"line":148,"column":null}},"60":{"start":{"line":133,"column":16},"end":{"line":142,"column":null}},"61":{"start":{"line":134,"column":38},"end":{"line":134,"column":null}},"62":{"start":{"line":135,"column":39},"end":{"line":135,"column":null}},"63":{"start":{"line":135,"column":76},"end":{"line":135,"column":107}},"64":{"start":{"line":137,"column":20},"end":{"line":141,"column":null}},"65":{"start":{"line":138,"column":24},"end":{"line":138,"column":null}},"66":{"start":{"line":139,"column":24},"end":{"line":139,"column":null}},"67":{"start":{"line":140,"column":24},"end":{"line":140,"column":null}},"68":{"start":{"line":144,"column":16},"end":{"line":144,"column":null}},"69":{"start":{"line":145,"column":16},"end":{"line":145,"column":null}},"70":{"start":{"line":146,"column":16},"end":{"line":146,"column":null}},"71":{"start":{"line":147,"column":16},"end":{"line":147,"column":null}},"72":{"start":{"line":151,"column":8},"end":{"line":155,"column":null}},"73":{"start":{"line":152,"column":12},"end":{"line":152,"column":null}},"74":{"start":{"line":154,"column":12},"end":{"line":154,"column":null}}},"fnMap":{"0":{"name":"(anonymous_0)","decl":{"start":{"line":28,"column":4},"end":{"line":28,"column":18}},"loc":{"start":{"line":28,"column":18},"end":{"line":56,"column":null}},"line":28},"1":{"name":"(anonymous_1)","decl":{"start":{"line":45,"column":42},"end":{"line":45,"column":48}},"loc":{"start":{"line":45,"column":48},"end":{"line":45,"column":67}},"line":45},"2":{"name":"(anonymous_2)","decl":{"start":{"line":50,"column":52},"end":{"line":50,"column":53}},"loc":{"start":{"line":50,"column":59},"end":{"line":50,"column":77}},"line":50},"3":{"name":"(anonymous_3)","decl":{"start":{"line":58,"column":17},"end":{"line":58,"column":48}},"loc":{"start":{"line":58,"column":48},"end":{"line":74,"column":null}},"line":58},"4":{"name":"(anonymous_4)","decl":{"start":{"line":73,"column":43},"end":{"line":73,"column":52}},"loc":{"start":{"line":73,"column":52},"end":{"line":73,"column":102}},"line":73},"5":{"name":"(anonymous_5)","decl":{"start":{"line":76,"column":12},"end":{"line":76,"column":33}},"loc":{"start":{"line":76,"column":33},"end":{"line":79,"column":null}},"line":76},"6":{"name":"(anonymous_6)","decl":{"start":{"line":81,"column":11},"end":{"line":81,"column":25}},"loc":{"start":{"line":81,"column":25},"end":{"line":84,"column":null}},"line":81},"7":{"name":"(anonymous_7)","decl":{"start":{"line":86,"column":12},"end":{"line":86,"column":21}},"loc":{"start":{"line":86,"column":46},"end":{"line":102,"column":null}},"line":86},"8":{"name":"(anonymous_8)","decl":{"start":{"line":104,"column":12},"end":{"line":104,"column":26}},"loc":{"start":{"line":104,"column":54},"end":{"line":112,"column":null}},"line":104},"9":{"name":"(anonymous_9)","decl":{"start":{"line":114,"column":12},"end":{"line":114,"column":28}},"loc":{"start":{"line":114,"column":53},"end":{"line":116,"column":null}},"line":114},"10":{"name":"(anonymous_10)","decl":{"start":{"line":118,"column":12},"end":{"line":118,"column":28}},"loc":{"start":{"line":118,"column":53},"end":{"line":124,"column":null}},"line":118},"11":{"name":"(anonymous_11)","decl":{"start":{"line":126,"column":12},"end":{"line":126,"column":26}},"loc":{"start":{"line":126,"column":51},"end":{"line":128,"column":null}},"line":126},"12":{"name":"(anonymous_12)","decl":{"start":{"line":130,"column":12},"end":{"line":130,"column":29}},"loc":{"start":{"line":130,"column":54},"end":{"line":156,"column":null}},"line":130},"13":{"name":"(anonymous_13)","decl":{"start":{"line":131,"column":35},"end":{"line":131,"column":36}},"loc":{"start":{"line":131,"column":61},"end":{"line":149,"column":null}},"line":131},"14":{"name":"(anonymous_14)","decl":{"start":{"line":135,"column":71},"end":{"line":135,"column":76}},"loc":{"start":{"line":135,"column":76},"end":{"line":135,"column":107}},"line":135}},"branchMap":{"0":{"loc":{"start":{"line":31,"column":8},"end":{"line":33,"column":null}},"type":"if","locations":[{"start":{"line":31,"column":8},"end":{"line":33,"column":null}},{"start":{},"end":{}}],"line":31},"1":{"loc":{"start":{"line":90,"column":8},"end":{"line":99,"column":null}},"type":"switch","locations":[{"start":{"line":91,"column":12},"end":{"line":94,"column":null}},{"start":{"line":95,"column":12},"end":{"line":98,"column":null}}],"line":90},"2":{"loc":{"start":{"line":105,"column":8},"end":{"line":111,"column":null}},"type":"if","locations":[{"start":{"line":105,"column":8},"end":{"line":111,"column":null}},{"start":{},"end":{}}],"line":105},"3":{"loc":{"start":{"line":106,"column":12},"end":{"line":110,"column":null}},"type":"if","locations":[{"start":{"line":106,"column":12},"end":{"line":110,"column":null}},{"start":{"line":108,"column":19},"end":{"line":110,"column":null}}],"line":106},"4":{"loc":{"start":{"line":115,"column":8},"end":{"line":115,"column":null}},"type":"if","locations":[{"start":{"line":115,"column":8},"end":{"line":115,"column":null}},{"start":{},"end":{}}],"line":115},"5":{"loc":{"start":{"line":119,"column":8},"end":{"line":123,"column":null}},"type":"if","locations":[{"start":{"line":119,"column":8},"end":{"line":123,"column":null}},{"start":{"line":121,"column":8},"end":{"line":123,"column":null}}],"line":119},"6":{"loc":{"start":{"line":121,"column":8},"end":{"line":123,"column":null}},"type":"if","locations":[{"start":{"line":121,"column":8},"end":{"line":123,"column":null}},{"start":{},"end":{}}],"line":121},"7":{"loc":{"start":{"line":127,"column":8},"end":{"line":127,"column":null}},"type":"if","locations":[{"start":{"line":127,"column":8},"end":{"line":127,"column":null}},{"start":{},"end":{}}],"line":127},"8":{"loc":{"start":{"line":132,"column":12},"end":{"line":148,"column":null}},"type":"if","locations":[{"start":{"line":132,"column":12},"end":{"line":148,"column":null}},{"start":{"line":143,"column":19},"end":{"line":148,"column":null}}],"line":132},"9":{"loc":{"start":{"line":132,"column":16},"end":{"line":132,"column":63}},"type":"binary-expr","locations":[{"start":{"line":132,"column":16},"end":{"line":132,"column":54}},{"start":{"line":132,"column":54},"end":{"line":132,"column":63}}],"line":132},"10":{"loc":{"start":{"line":133,"column":16},"end":{"line":142,"column":null}},"type":"if","locations":[{"start":{"line":133,"column":16},"end":{"line":142,"column":null}},{"start":{},"end":{}}],"line":133},"11":{"loc":{"start":{"line":137,"column":20},"end":{"line":141,"column":null}},"type":"if","locations":[{"start":{"line":137,"column":20},"end":{"line":141,"column":null}},{"start":{},"end":{}}],"line":137},"12":{"loc":{"start":{"line":151,"column":8},"end":{"line":155,"column":null}},"type":"if","locations":[{"start":{"line":151,"column":8},"end":{"line":155,"column":null}},{"start":{"line":153,"column":15},"end":{"line":155,"column":null}}],"line":151}},"s":{"0":0,"1":0,"2":0,"3":0,"4":0,"5":0,"6":0,"7":0,"8":0,"9":0,"10":0,"11":0,"12":0,"13":0,"14":0,"15":0,"16":0,"17":0,"18":0,"19":0,"20":0,"21":0,"22":0,"23":0,"24":0,"25":0,"26":0,"27":0,"28":0,"29":0,"30":0,"31":0,"32":0,"33":0,"34":0,"35":0,"36":0,"37":0,"38":0,"39":0,"40":0,"41":0,"42":0,"43":0,"44":0,"45":0,"46":0,"47":0,"48":0,"49":0,"50":0,"51":0,"52":0,"53":0,"54":0,"55":0,"56":0,"57":0,"58":0,"59":0,"60":0,"61":0,"62":0,"63":0,"64":0,"65":0,"66":0,"67":0,"68":0,"69":0,"70":0,"71":0,"72":0,"73":0,"74":0},"f":{"0":0,"1":0,"2":0,"3":0,"4":0,"5":0,"6":0,"7":0,"8":0,"9":0,"10":0,"11":0,"12":0,"13":0,"14":0},"b":{"0":[0,0],"1":[0,0],"2":[0,0],"3":[0,0],"4":[0,0],"5":[0,0],"6":[0,0],"7":[0,0],"8":[0,0],"9":[0,0],"10":[0,0],"11":[0,0],"12":[0,0]},"meta":{"lastBranch":13,"lastFunction":15,"lastStatement":75,"seen":{"f:28:4:28:18":0,"s:15:4:15:Infinity":0,"s:18:4:18:Infinity":1,"s:23:4:23:Infinity":2,"s:25:4:25:Infinity":3,"s:26:4:26:Infinity":4,"s:29:8:29:Infinity":5,"s:30:24:30:Infinity":6,"b:31:8:33:Infinity:undefined:undefined:undefined:undefined":0,"s:31:8:33:Infinity":7,"s:32:12:32:Infinity":8,"s:34:8:34:Infinity":9,"s:35:8:35:Infinity":10,"s:36:8:36:Infinity":11,"s:37:8:37:Infinity":12,"s:38:8:38:Infinity":13,"s:39:8:39:Infinity":14,"s:40:8:40:Infinity":15,"s:42:8:42:Infinity":16,"s:44:8:44:Infinity":17,"s:45:8:45:Infinity":18,"f:45:42:45:48":1,"s:45:48:45:67":19,"s:46:8:46:Infinity":20,"s:47:8:47:Infinity":21,"s:48:8:48:Infinity":22,"s:49:8:49:Infinity":23,"s:50:8:50:Infinity":24,"f:50:52:50:53":2,"s:50:59:50:77":25,"s:51:8:51:Infinity":26,"s:53:8:53:Infinity":27,"s:54:8:54:Infinity":28,"f:58:17:58:48":3,"s:59:29:71:Infinity":29,"s:73:8:73:Infinity":30,"f:73:43:73:52":4,"s:73:52:73:102":31,"f:76:12:76:33":5,"s:77:8:77:Infinity":32,"s:78:8:78:Infinity":33,"f:81:11:81:25":6,"s:82:8:82:Infinity":34,"s:83:8:83:Infinity":35,"f:86:12:86:21":7,"s:87:26:87:Infinity":36,"s:88:8:88:Infinity":37,"b:91:12:94:Infinity:95:12:98:Infinity":1,"s:90:8:99:Infinity":38,"s:92:16:92:Infinity":39,"s:93:16:93:Infinity":40,"s:94:16:94:Infinity":41,"s:96:16:96:Infinity":42,"s:97:16:97:Infinity":43,"s:98:16:98:Infinity":44,"s:101:8:101:Infinity":45,"f:104:12:104:26":8,"b:105:8:111:Infinity:undefined:undefined:undefined:undefined":2,"s:105:8:111:Infinity":46,"b:106:12:110:Infinity:108:19:110:Infinity":3,"s:106:12:110:Infinity":47,"s:107:16:107:Infinity":48,"s:109:16:109:Infinity":49,"f:114:12:114:28":9,"b:115:8:115:Infinity:undefined:undefined:undefined:undefined":4,"s:115:8:115:Infinity":50,"s:115:38:115:Infinity":51,"f:118:12:118:28":10,"b:119:8:123:Infinity:121:8:123:Infinity":5,"s:119:8:123:Infinity":52,"s:120:12:120:Infinity":53,"b:121:8:123:Infinity:undefined:undefined:undefined:undefined":6,"s:121:8:123:Infinity":54,"s:122:12:122:Infinity":55,"f:126:12:126:26":11,"b:127:8:127:Infinity:undefined:undefined:undefined:undefined":7,"s:127:8:127:Infinity":56,"s:127:38:127:Infinity":57,"f:130:12:130:29":12,"s:131:35:149:Infinity":58,"f:131:35:131:36":13,"b:132:12:148:Infinity:143:19:148:Infinity":8,"s:132:12:148:Infinity":59,"b:132:16:132:54:132:54:132:63":9,"b:133:16:142:Infinity:undefined:undefined:undefined:undefined":10,"s:133:16:142:Infinity":60,"s:134:38:134:Infinity":61,"s:135:39:135:Infinity":62,"f:135:71:135:76":14,"s:135:76:135:107":63,"b:137:20:141:Infinity:undefined:undefined:undefined:undefined":11,"s:137:20:141:Infinity":64,"s:138:24:138:Infinity":65,"s:139:24:139:Infinity":66,"s:140:24:140:Infinity":67,"s:144:16:144:Infinity":68,"s:145:16:145:Infinity":69,"s:146:16:146:Infinity":70,"s:147:16:147:Infinity":71,"b:151:8:155:Infinity:153:15:155:Infinity":12,"s:151:8:155:Infinity":72,"s:152:12:152:Infinity":73,"s:154:12:154:Infinity":74}}}
,"/app/src/InteriorView.ts": {"path":"/app/src/InteriorView.ts","statementMap":{"0":{"start":{"line":9,"column":26},"end":{"line":9,"column":null}},"1":{"start":{"line":10,"column":27},"end":{"line":10,"column":null}},"2":{"start":{"line":11,"column":27},"end":{"line":11,"column":null}},"3":{"start":{"line":13,"column":30},"end":{"line":13,"column":null}},"4":{"start":{"line":14,"column":30},"end":{"line":14,"column":null}},"5":{"start":{"line":15,"column":30},"end":{"line":15,"column":null}},"6":{"start":{"line":23,"column":4},"end":{"line":23,"column":null}},"7":{"start":{"line":24,"column":4},"end":{"line":24,"column":null}},"8":{"start":{"line":32,"column":8},"end":{"line":32,"column":null}},"9":{"start":{"line":33,"column":8},"end":{"line":33,"column":null}},"10":{"start":{"line":34,"column":8},"end":{"line":34,"column":null}},"11":{"start":{"line":35,"column":8},"end":{"line":35,"column":null}},"12":{"start":{"line":43,"column":8},"end":{"line":43,"column":null}},"13":{"start":{"line":44,"column":8},"end":{"line":44,"column":null}},"14":{"start":{"line":45,"column":8},"end":{"line":45,"column":null}},"15":{"start":{"line":47,"column":32},"end":{"line":47,"column":null}},"16":{"start":{"line":48,"column":32},"end":{"line":48,"column":null}},"17":{"start":{"line":50,"column":8},"end":{"line":50,"column":null}},"18":{"start":{"line":51,"column":8},"end":{"line":51,"column":null}},"19":{"start":{"line":53,"column":8},"end":{"line":58,"column":null}},"20":{"start":{"line":53,"column":23},"end":{"line":53,"column":26}},"21":{"start":{"line":54,"column":12},"end":{"line":57,"column":null}},"22":{"start":{"line":54,"column":27},"end":{"line":54,"column":30}},"23":{"start":{"line":55,"column":22},"end":{"line":55,"column":null}},"24":{"start":{"line":56,"column":16},"end":{"line":56,"column":null}},"25":{"start":{"line":60,"column":8},"end":{"line":62,"column":null}},"26":{"start":{"line":61,"column":12},"end":{"line":61,"column":null}},"27":{"start":{"line":64,"column":8},"end":{"line":64,"column":null}},"28":{"start":{"line":66,"column":8},"end":{"line":66,"column":null}},"29":{"start":{"line":68,"column":8},"end":{"line":68,"column":null}},"30":{"start":{"line":69,"column":8},"end":{"line":69,"column":null}},"31":{"start":{"line":73,"column":8},"end":{"line":73,"column":null}},"32":{"start":{"line":74,"column":8},"end":{"line":74,"column":null}},"33":{"start":{"line":75,"column":8},"end":{"line":75,"column":null}},"34":{"start":{"line":76,"column":8},"end":{"line":76,"column":null}},"35":{"start":{"line":77,"column":8},"end":{"line":77,"column":null}},"36":{"start":{"line":78,"column":8},"end":{"line":78,"column":null}},"37":{"start":{"line":79,"column":8},"end":{"line":79,"column":null}},"38":{"start":{"line":81,"column":8},"end":{"line":81,"column":null}},"39":{"start":{"line":82,"column":8},"end":{"line":82,"column":null}},"40":{"start":{"line":86,"column":23},"end":{"line":86,"column":null}},"41":{"start":{"line":87,"column":23},"end":{"line":87,"column":null}},"42":{"start":{"line":89,"column":8},"end":{"line":89,"column":null}},"43":{"start":{"line":90,"column":8},"end":{"line":90,"column":null}},"44":{"start":{"line":92,"column":28},"end":{"line":92,"column":null}},"45":{"start":{"line":94,"column":8},"end":{"line":112,"column":null}},"46":{"start":{"line":95,"column":26},"end":{"line":95,"column":null}},"47":{"start":{"line":96,"column":12},"end":{"line":96,"column":null}},"48":{"start":{"line":97,"column":12},"end":{"line":97,"column":null}},"49":{"start":{"line":99,"column":12},"end":{"line":99,"column":null}},"50":{"start":{"line":100,"column":12},"end":{"line":100,"column":null}},"51":{"start":{"line":102,"column":30},"end":{"line":102,"column":null}},"52":{"start":{"line":103,"column":12},"end":{"line":103,"column":null}},"53":{"start":{"line":104,"column":12},"end":{"line":104,"column":null}},"54":{"start":{"line":105,"column":12},"end":{"line":105,"column":null}},"55":{"start":{"line":106,"column":12},"end":{"line":106,"column":null}},"56":{"start":{"line":107,"column":12},"end":{"line":107,"column":null}},"57":{"start":{"line":109,"column":12},"end":{"line":109,"column":null}},"58":{"start":{"line":110,"column":12},"end":{"line":110,"column":null}},"59":{"start":{"line":111,"column":12},"end":{"line":111,"column":null}},"60":{"start":{"line":116,"column":8},"end":{"line":116,"column":null}},"61":{"start":{"line":116,"column":37},"end":{"line":116,"column":null}},"62":{"start":{"line":118,"column":24},"end":{"line":118,"column":null}},"63":{"start":{"line":119,"column":24},"end":{"line":119,"column":null}},"64":{"start":{"line":120,"column":14},"end":{"line":120,"column":null}},"65":{"start":{"line":121,"column":22},"end":{"line":121,"column":null}},"66":{"start":{"line":122,"column":22},"end":{"line":122,"column":null}},"67":{"start":{"line":124,"column":22},"end":{"line":124,"column":null}},"68":{"start":{"line":125,"column":9},"end":{"line":139,"column":null}},"69":{"start":{"line":126,"column":12},"end":{"line":126,"column":null}},"70":{"start":{"line":128,"column":13},"end":{"line":138,"column":null}},"71":{"start":{"line":129,"column":16},"end":{"line":137,"column":null}},"72":{"start":{"line":135,"column":20},"end":{"line":135,"column":null}},"73":{"start":{"line":136,"column":20},"end":{"line":136,"column":null}},"74":{"start":{"line":141,"column":8},"end":{"line":141,"column":null}},"75":{"start":{"line":145,"column":18},"end":{"line":145,"column":null}},"76":{"start":{"line":146,"column":18},"end":{"line":146,"column":null}},"77":{"start":{"line":147,"column":8},"end":{"line":147,"column":null}},"78":{"start":{"line":148,"column":8},"end":{"line":148,"column":null}},"79":{"start":{"line":149,"column":8},"end":{"line":149,"column":null}},"80":{"start":{"line":150,"column":8},"end":{"line":150,"column":null}},"81":{"start":{"line":151,"column":8},"end":{"line":151,"column":null}},"82":{"start":{"line":152,"column":8},"end":{"line":152,"column":null}},"83":{"start":{"line":153,"column":8},"end":{"line":153,"column":null}},"84":{"start":{"line":157,"column":20},"end":{"line":157,"column":null}},"85":{"start":{"line":158,"column":14},"end":{"line":158,"column":null}},"86":{"start":{"line":160,"column":8},"end":{"line":182,"column":null}},"87":{"start":{"line":161,"column":12},"end":{"line":161,"column":null}},"88":{"start":{"line":162,"column":26},"end":{"line":162,"column":null}},"89":{"start":{"line":163,"column":26},"end":{"line":163,"column":null}},"90":{"start":{"line":164,"column":12},"end":{"line":164,"column":null}},"91":{"start":{"line":165,"column":12},"end":{"line":165,"column":null}},"92":{"start":{"line":167,"column":12},"end":{"line":167,"column":null}},"93":{"start":{"line":168,"column":12},"end":{"line":168,"column":null}},"94":{"start":{"line":169,"column":12},"end":{"line":180,"column":null}},"95":{"start":{"line":169,"column":27},"end":{"line":169,"column":30}},"96":{"start":{"line":170,"column":16},"end":{"line":179,"column":null}},"97":{"start":{"line":170,"column":31},"end":{"line":170,"column":34}},"98":{"start":{"line":171,"column":26},"end":{"line":171,"column":null}},"99":{"start":{"line":172,"column":20},"end":{"line":172,"column":null}},"100":{"start":{"line":173,"column":20},"end":{"line":173,"column":null}},"101":{"start":{"line":174,"column":20},"end":{"line":174,"column":null}},"102":{"start":{"line":175,"column":20},"end":{"line":175,"column":null}},"103":{"start":{"line":176,"column":20},"end":{"line":176,"column":null}},"104":{"start":{"line":177,"column":20},"end":{"line":177,"column":null}},"105":{"start":{"line":178,"column":20},"end":{"line":178,"column":null}},"106":{"start":{"line":181,"column":12},"end":{"line":181,"column":null}},"107":{"start":{"line":186,"column":22},"end":{"line":186,"column":null}},"108":{"start":{"line":187,"column":8},"end":{"line":200,"column":null}},"109":{"start":{"line":188,"column":12},"end":{"line":188,"column":null}},"110":{"start":{"line":190,"column":12},"end":{"line":190,"column":null}},"111":{"start":{"line":191,"column":12},"end":{"line":191,"column":null}},"112":{"start":{"line":192,"column":12},"end":{"line":192,"column":null}},"113":{"start":{"line":193,"column":12},"end":{"line":193,"column":null}},"114":{"start":{"line":194,"column":12},"end":{"line":194,"column":null}},"115":{"start":{"line":195,"column":12},"end":{"line":195,"column":null}},"116":{"start":{"line":196,"column":12},"end":{"line":196,"column":null}},"117":{"start":{"line":197,"column":12},"end":{"line":197,"column":null}},"118":{"start":{"line":198,"column":12},"end":{"line":198,"column":null}},"119":{"start":{"line":199,"column":12},"end":{"line":199,"column":null}},"120":{"start":{"line":204,"column":21},"end":{"line":204,"column":null}},"121":{"start":{"line":205,"column":8},"end":{"line":205,"column":null}},"122":{"start":{"line":206,"column":8},"end":{"line":206,"column":null}},"123":{"start":{"line":210,"column":21},"end":{"line":210,"column":null}},"124":{"start":{"line":211,"column":23},"end":{"line":211,"column":null}},"125":{"start":{"line":212,"column":23},"end":{"line":212,"column":null}},"126":{"start":{"line":214,"column":8},"end":{"line":218,"column":null}},"127":{"start":{"line":216,"column":12},"end":{"line":216,"column":null}},"128":{"start":{"line":217,"column":12},"end":{"line":217,"column":null}},"129":{"start":{"line":220,"column":23},"end":{"line":220,"column":null}},"130":{"start":{"line":221,"column":8},"end":{"line":229,"column":null}},"131":{"start":{"line":222,"column":12},"end":{"line":227,"column":null}},"132":{"start":{"line":223,"column":22},"end":{"line":223,"column":null}},"133":{"start":{"line":224,"column":16},"end":{"line":226,"column":null}},"134":{"start":{"line":225,"column":20},"end":{"line":225,"column":null}},"135":{"start":{"line":228,"column":12},"end":{"line":228,"column":null}},"136":{"start":{"line":231,"column":8},"end":{"line":255,"column":null}},"137":{"start":{"line":232,"column":12},"end":{"line":235,"column":null}},"138":{"start":{"line":233,"column":16},"end":{"line":233,"column":null}},"139":{"start":{"line":234,"column":16},"end":{"line":234,"column":null}},"140":{"start":{"line":236,"column":36},"end":{"line":236,"column":null}},"141":{"start":{"line":237,"column":36},"end":{"line":237,"column":null}},"142":{"start":{"line":238,"column":28},"end":{"line":238,"column":null}},"143":{"start":{"line":239,"column":28},"end":{"line":239,"column":null}},"144":{"start":{"line":240,"column":18},"end":{"line":240,"column":null}},"145":{"start":{"line":241,"column":26},"end":{"line":241,"column":null}},"146":{"start":{"line":242,"column":26},"end":{"line":242,"column":null}},"147":{"start":{"line":244,"column":27},"end":{"line":244,"column":null}},"148":{"start":{"line":245,"column":12},"end":{"line":254,"column":null}},"149":{"start":{"line":246,"column":32},"end":{"line":246,"column":null}},"150":{"start":{"line":247,"column":16},"end":{"line":251,"column":null}},"151":{"start":{"line":248,"column":20},"end":{"line":248,"column":null}},"152":{"start":{"line":249,"column":20},"end":{"line":249,"column":null}},"153":{"start":{"line":250,"column":20},"end":{"line":250,"column":null}},"154":{"start":{"line":253,"column":16},"end":{"line":253,"column":null}}},"fnMap":{"0":{"name":"(anonymous_0)","decl":{"start":{"line":26,"column":4},"end":{"line":26,"column":null}},"loc":{"start":{"line":31,"column":6},"end":{"line":36,"column":null}},"line":31},"1":{"name":"(anonymous_1)","decl":{"start":{"line":38,"column":11},"end":{"line":38,"column":18}},"loc":{"start":{"line":38,"column":43},"end":{"line":40,"column":null}},"line":38},"2":{"name":"(anonymous_2)","decl":{"start":{"line":42,"column":11},"end":{"line":42,"column":26}},"loc":{"start":{"line":42,"column":26},"end":{"line":70,"column":null}},"line":42},"3":{"name":"(anonymous_3)","decl":{"start":{"line":60,"column":48},"end":{"line":60,"column":53}},"loc":{"start":{"line":60,"column":53},"end":{"line":62,"column":9}},"line":60},"4":{"name":"(anonymous_4)","decl":{"start":{"line":72,"column":12},"end":{"line":72,"column":31}},"loc":{"start":{"line":72,"column":31},"end":{"line":83,"column":null}},"line":72},"5":{"name":"(anonymous_5)","decl":{"start":{"line":85,"column":12},"end":{"line":85,"column":39}},"loc":{"start":{"line":85,"column":39},"end":{"line":113,"column":null}},"line":85},"6":{"name":"(anonymous_6)","decl":{"start":{"line":94,"column":34},"end":{"line":94,"column":35}},"loc":{"start":{"line":94,"column":51},"end":{"line":112,"column":9}},"line":94},"7":{"name":"(anonymous_7)","decl":{"start":{"line":115,"column":12},"end":{"line":115,"column":31}},"loc":{"start":{"line":115,"column":87},"end":{"line":142,"column":null}},"line":115},"8":{"name":"(anonymous_8)","decl":{"start":{"line":144,"column":12},"end":{"line":144,"column":35}},"loc":{"start":{"line":144,"column":35},"end":{"line":154,"column":null}},"line":144},"9":{"name":"(anonymous_9)","decl":{"start":{"line":156,"column":12},"end":{"line":156,"column":26}},"loc":{"start":{"line":156,"column":101},"end":{"line":183,"column":null}},"line":156},"10":{"name":"(anonymous_10)","decl":{"start":{"line":185,"column":12},"end":{"line":185,"column":21}},"loc":{"start":{"line":185,"column":49},"end":{"line":201,"column":null}},"line":185},"11":{"name":"(anonymous_11)","decl":{"start":{"line":203,"column":11},"end":{"line":203,"column":27}},"loc":{"start":{"line":203,"column":52},"end":{"line":207,"column":null}},"line":203},"12":{"name":"(anonymous_12)","decl":{"start":{"line":209,"column":11},"end":{"line":209,"column":28}},"loc":{"start":{"line":209,"column":89},"end":{"line":256,"column":null}},"line":209},"13":{"name":"(anonymous_13)","decl":{"start":{"line":222,"column":38},"end":{"line":222,"column":39}},"loc":{"start":{"line":222,"column":51},"end":{"line":227,"column":13}},"line":222},"14":{"name":"(anonymous_14)","decl":{"start":{"line":258,"column":11},"end":{"line":258,"column":26}},"loc":{"start":{"line":258,"column":26},"end":{"line":260,"column":null}},"line":258}},"branchMap":{"0":{"loc":{"start":{"line":103,"column":33},"end":{"line":103,"column":null}},"type":"cond-expr","locations":[{"start":{"line":103,"column":45},"end":{"line":103,"column":55}},{"start":{"line":103,"column":55},"end":{"line":103,"column":null}}],"line":103},"1":{"loc":{"start":{"line":110,"column":33},"end":{"line":110,"column":null}},"type":"cond-expr","locations":[{"start":{"line":110,"column":45},"end":{"line":110,"column":54}},{"start":{"line":110,"column":54},"end":{"line":110,"column":null}}],"line":110},"2":{"loc":{"start":{"line":116,"column":8},"end":{"line":116,"column":null}},"type":"if","locations":[{"start":{"line":116,"column":8},"end":{"line":116,"column":null}},{"start":{},"end":{}}],"line":116},"3":{"loc":{"start":{"line":125,"column":9},"end":{"line":139,"column":null}},"type":"if","locations":[{"start":{"line":125,"column":9},"end":{"line":139,"column":null}},{"start":{"line":127,"column":15},"end":{"line":139,"column":null}}],"line":125},"4":{"loc":{"start":{"line":125,"column":13},"end":{"line":125,"column":128}},"type":"binary-expr","locations":[{"start":{"line":125,"column":13},"end":{"line":125,"column":26}},{"start":{"line":125,"column":26},"end":{"line":125,"column":39}},{"start":{"line":125,"column":39},"end":{"line":125,"column":84}},{"start":{"line":125,"column":84},"end":{"line":125,"column":128}}],"line":125},"5":{"loc":{"start":{"line":129,"column":16},"end":{"line":137,"column":null}},"type":"if","locations":[{"start":{"line":129,"column":16},"end":{"line":137,"column":null}},{"start":{},"end":{}}],"line":129},"6":{"loc":{"start":{"line":130,"column":20},"end":{"line":133,"column":null}},"type":"binary-expr","locations":[{"start":{"line":130,"column":20},"end":{"line":130,"column":null}},{"start":{"line":131,"column":20},"end":{"line":131,"column":null}},{"start":{"line":132,"column":20},"end":{"line":132,"column":null}},{"start":{"line":133,"column":20},"end":{"line":133,"column":null}}],"line":130},"7":{"loc":{"start":{"line":156,"column":70},"end":{"line":156,"column":101}},"type":"default-arg","locations":[{"start":{"line":156,"column":89},"end":{"line":156,"column":101}}],"line":156},"8":{"loc":{"start":{"line":160,"column":8},"end":{"line":182,"column":null}},"type":"if","locations":[{"start":{"line":160,"column":8},"end":{"line":182,"column":null}},{"start":{"line":166,"column":15},"end":{"line":182,"column":null}}],"line":160},"9":{"loc":{"start":{"line":160,"column":12},"end":{"line":160,"column":41}},"type":"binary-expr","locations":[{"start":{"line":160,"column":12},"end":{"line":160,"column":19}},{"start":{"line":160,"column":19},"end":{"line":160,"column":41}}],"line":160},"10":{"loc":{"start":{"line":161,"column":35},"end":{"line":161,"column":null}},"type":"cond-expr","locations":[{"start":{"line":161,"column":45},"end":{"line":161,"column":51}},{"start":{"line":161,"column":51},"end":{"line":161,"column":null}}],"line":161},"11":{"loc":{"start":{"line":167,"column":35},"end":{"line":167,"column":null}},"type":"cond-expr","locations":[{"start":{"line":167,"column":45},"end":{"line":167,"column":51}},{"start":{"line":167,"column":51},"end":{"line":167,"column":null}}],"line":167},"12":{"loc":{"start":{"line":168,"column":33},"end":{"line":168,"column":null}},"type":"cond-expr","locations":[{"start":{"line":168,"column":43},"end":{"line":168,"column":61}},{"start":{"line":168,"column":61},"end":{"line":168,"column":null}}],"line":168},"13":{"loc":{"start":{"line":187,"column":8},"end":{"line":200,"column":null}},"type":"if","locations":[{"start":{"line":187,"column":8},"end":{"line":200,"column":null}},{"start":{"line":189,"column":15},"end":{"line":200,"column":null}}],"line":187},"14":{"loc":{"start":{"line":187,"column":12},"end":{"line":187,"column":45}},"type":"binary-expr","locations":[{"start":{"line":187,"column":12},"end":{"line":187,"column":21}},{"start":{"line":187,"column":21},"end":{"line":187,"column":45}}],"line":187},"15":{"loc":{"start":{"line":214,"column":8},"end":{"line":218,"column":null}},"type":"if","locations":[{"start":{"line":214,"column":8},"end":{"line":218,"column":null}},{"start":{},"end":{}}],"line":214},"16":{"loc":{"start":{"line":214,"column":12},"end":{"line":215,"column":95}},"type":"binary-expr","locations":[{"start":{"line":214,"column":12},"end":{"line":214,"column":44}},{"start":{"line":214,"column":44},"end":{"line":214,"column":null}},{"start":{"line":215,"column":12},"end":{"line":215,"column":44}},{"start":{"line":215,"column":44},"end":{"line":215,"column":95}}],"line":214},"17":{"loc":{"start":{"line":221,"column":8},"end":{"line":229,"column":null}},"type":"if","locations":[{"start":{"line":221,"column":8},"end":{"line":229,"column":null}},{"start":{},"end":{}}],"line":221},"18":{"loc":{"start":{"line":224,"column":16},"end":{"line":226,"column":null}},"type":"if","locations":[{"start":{"line":224,"column":16},"end":{"line":226,"column":null}},{"start":{},"end":{}}],"line":224},"19":{"loc":{"start":{"line":224,"column":20},"end":{"line":224,"column":80}},"type":"binary-expr","locations":[{"start":{"line":224,"column":20},"end":{"line":224,"column":39}},{"start":{"line":224,"column":39},"end":{"line":224,"column":80}}],"line":224},"20":{"loc":{"start":{"line":231,"column":8},"end":{"line":255,"column":null}},"type":"if","locations":[{"start":{"line":231,"column":8},"end":{"line":255,"column":null}},{"start":{},"end":{}}],"line":231},"21":{"loc":{"start":{"line":232,"column":12},"end":{"line":235,"column":null}},"type":"if","locations":[{"start":{"line":232,"column":12},"end":{"line":235,"column":null}},{"start":{},"end":{}}],"line":232},"22":{"loc":{"start":{"line":245,"column":12},"end":{"line":254,"column":null}},"type":"if","locations":[{"start":{"line":245,"column":12},"end":{"line":254,"column":null}},{"start":{"line":252,"column":19},"end":{"line":254,"column":null}}],"line":245},"23":{"loc":{"start":{"line":247,"column":16},"end":{"line":251,"column":null}},"type":"if","locations":[{"start":{"line":247,"column":16},"end":{"line":251,"column":null}},{"start":{},"end":{}}],"line":247}},"s":{"0":0,"1":0,"2":0,"3":0,"4":0,"5":0,"6":0,"7":0,"8":0,"9":0,"10":0,"11":0,"12":0,"13":0,"14":0,"15":0,"16":0,"17":0,"18":0,"19":0,"20":0,"21":0,"22":0,"23":0,"24":0,"25":0,"26":0,"27":0,"28":0,"29":0,"30":0,"31":0,"32":0,"33":0,"34":0,"35":0,"36":0,"37":0,"38":0,"39":0,"40":0,"41":0,"42":0,"43":0,"44":0,"45":0,"46":0,"47":0,"48":0,"49":0,"50":0,"51":0,"52":0,"53":0,"54":0,"55":0,"56":0,"57":0,"58":0,"59":0,"60":0,"61":0,"62":0,"63":0,"64":0,"65":0,"66":0,"67":0,"68":0,"69":0,"70":0,"71":0,"72":0,"73":0,"74":0,"75":0,"76":0,"77":0,"78":0,"79":0,"80":0,"81":0,"82":0,"83":0,"84":0,"85":0,"86":0,"87":0,"88":0,"89":0,"90":0,"91":0,"92":0,"93":0,"94":0,"95":0,"96":0,"97":0,"98":0,"99":0,"100":0,"101":0,"102":0,"103":0,"104":0,"105":0,"106":0,"107":0,"108":0,"109":0,"110":0,"111":0,"112":0,"113":0,"114":0,"115":0,"116":0,"117":0,"118":0,"119":0,"120":0,"121":0,"122":0,"123":0,"124":0,"125":0,"126":0,"127":0,"128":0,"129":0,"130":0,"131":0,"132":0,"133":0,"134":0,"135":0,"136":0,"137":0,"138":0,"139":0,"140":0,"141":0,"142":0,"143":0,"144":0,"145":0,"146":0,"147":0,"148":0,"149":0,"150":0,"151":0,"152":0,"153":0,"154":0},"f":{"0":0,"1":0,"2":0,"3":0,"4":0,"5":0,"6":0,"7":0,"8":0,"9":0,"10":0,"11":0,"12":0,"13":0,"14":0},"b":{"0":[0,0],"1":[0,0],"2":[0,0],"3":[0,0],"4":[0,0,0,0],"5":[0,0],"6":[0,0,0,0],"7":[0],"8":[0,0],"9":[0,0],"10":[0,0],"11":[0,0],"12":[0,0],"13":[0,0],"14":[0,0],"15":[0,0],"16":[0,0,0,0],"17":[0,0],"18":[0,0],"19":[0,0],"20":[0,0],"21":[0,0],"22":[0,0],"23":[0,0]},"meta":{"lastBranch":24,"lastFunction":15,"lastStatement":155,"seen":{"s:9:26:9:Infinity":0,"s:10:27:10:Infinity":1,"s:11:27:11:Infinity":2,"s:13:30:13:Infinity":3,"s:14:30:14:Infinity":4,"s:15:30:15:Infinity":5,"f:26:4:26:Infinity":0,"s:23:4:23:Infinity":6,"s:24:4:24:Infinity":7,"s:32:8:32:Infinity":8,"s:33:8:33:Infinity":9,"s:34:8:34:Infinity":10,"s:35:8:35:Infinity":11,"f:38:11:38:18":1,"f:42:11:42:26":2,"s:43:8:43:Infinity":12,"s:44:8:44:Infinity":13,"s:45:8:45:Infinity":14,"s:47:32:47:Infinity":15,"s:48:32:48:Infinity":16,"s:50:8:50:Infinity":17,"s:51:8:51:Infinity":18,"s:53:8:58:Infinity":19,"s:53:23:53:26":20,"s:54:12:57:Infinity":21,"s:54:27:54:30":22,"s:55:22:55:Infinity":23,"s:56:16:56:Infinity":24,"s:60:8:62:Infinity":25,"f:60:48:60:53":3,"s:61:12:61:Infinity":26,"s:64:8:64:Infinity":27,"s:66:8:66:Infinity":28,"s:68:8:68:Infinity":29,"s:69:8:69:Infinity":30,"f:72:12:72:31":4,"s:73:8:73:Infinity":31,"s:74:8:74:Infinity":32,"s:75:8:75:Infinity":33,"s:76:8:76:Infinity":34,"s:77:8:77:Infinity":35,"s:78:8:78:Infinity":36,"s:79:8:79:Infinity":37,"s:81:8:81:Infinity":38,"s:82:8:82:Infinity":39,"f:85:12:85:39":5,"s:86:23:86:Infinity":40,"s:87:23:87:Infinity":41,"s:89:8:89:Infinity":42,"s:90:8:90:Infinity":43,"s:92:28:92:Infinity":44,"s:94:8:112:Infinity":45,"f:94:34:94:35":6,"s:95:26:95:Infinity":46,"s:96:12:96:Infinity":47,"s:97:12:97:Infinity":48,"s:99:12:99:Infinity":49,"s:100:12:100:Infinity":50,"s:102:30:102:Infinity":51,"s:103:12:103:Infinity":52,"b:103:45:103:55:103:55:103:Infinity":0,"s:104:12:104:Infinity":53,"s:105:12:105:Infinity":54,"s:106:12:106:Infinity":55,"s:107:12:107:Infinity":56,"s:109:12:109:Infinity":57,"s:110:12:110:Infinity":58,"b:110:45:110:54:110:54:110:Infinity":1,"s:111:12:111:Infinity":59,"f:115:12:115:31":7,"b:116:8:116:Infinity:undefined:undefined:undefined:undefined":2,"s:116:8:116:Infinity":60,"s:116:37:116:Infinity":61,"s:118:24:118:Infinity":62,"s:119:24:119:Infinity":63,"s:120:14:120:Infinity":64,"s:121:22:121:Infinity":65,"s:122:22:122:Infinity":66,"s:124:22:124:Infinity":67,"b:125:9:139:Infinity:127:15:139:Infinity":3,"s:125:9:139:Infinity":68,"b:125:13:125:26:125:26:125:39:125:39:125:84:125:84:125:128":4,"s:126:12:126:Infinity":69,"s:128:13:138:Infinity":70,"b:129:16:137:Infinity:undefined:undefined:undefined:undefined":5,"s:129:16:137:Infinity":71,"b:130:20:130:Infinity:131:20:131:Infinity:132:20:132:Infinity:133:20:133:Infinity":6,"s:135:20:135:Infinity":72,"s:136:20:136:Infinity":73,"s:141:8:141:Infinity":74,"f:144:12:144:35":8,"s:145:18:145:Infinity":75,"s:146:18:146:Infinity":76,"s:147:8:147:Infinity":77,"s:148:8:148:Infinity":78,"s:149:8:149:Infinity":79,"s:150:8:150:Infinity":80,"s:151:8:151:Infinity":81,"s:152:8:152:Infinity":82,"s:153:8:153:Infinity":83,"f:156:12:156:26":9,"b:156:89:156:101":7,"s:157:20:157:Infinity":84,"s:158:14:158:Infinity":85,"b:160:8:182:Infinity:166:15:182:Infinity":8,"s:160:8:182:Infinity":86,"b:160:12:160:19:160:19:160:41":9,"s:161:12:161:Infinity":87,"b:161:45:161:51:161:51:161:Infinity":10,"s:162:26:162:Infinity":88,"s:163:26:163:Infinity":89,"s:164:12:164:Infinity":90,"s:165:12:165:Infinity":91,"s:167:12:167:Infinity":92,"b:167:45:167:51:167:51:167:Infinity":11,"s:168:12:168:Infinity":93,"b:168:43:168:61:168:61:168:Infinity":12,"s:169:12:180:Infinity":94,"s:169:27:169:30":95,"s:170:16:179:Infinity":96,"s:170:31:170:34":97,"s:171:26:171:Infinity":98,"s:172:20:172:Infinity":99,"s:173:20:173:Infinity":100,"s:174:20:174:Infinity":101,"s:175:20:175:Infinity":102,"s:176:20:176:Infinity":103,"s:177:20:177:Infinity":104,"s:178:20:178:Infinity":105,"s:181:12:181:Infinity":106,"f:185:12:185:21":10,"s:186:22:186:Infinity":107,"b:187:8:200:Infinity:189:15:200:Infinity":13,"s:187:8:200:Infinity":108,"b:187:12:187:21:187:21:187:45":14,"s:188:12:188:Infinity":109,"s:190:12:190:Infinity":110,"s:191:12:191:Infinity":111,"s:192:12:192:Infinity":112,"s:193:12:193:Infinity":113,"s:194:12:194:Infinity":114,"s:195:12:195:Infinity":115,"s:196:12:196:Infinity":116,"s:197:12:197:Infinity":117,"s:198:12:198:Infinity":118,"s:199:12:199:Infinity":119,"f:203:11:203:27":11,"s:204:21:204:Infinity":120,"s:205:8:205:Infinity":121,"s:206:8:206:Infinity":122,"f:209:11:209:28":12,"s:210:21:210:Infinity":123,"s:211:23:211:Infinity":124,"s:212:23:212:Infinity":125,"b:214:8:218:Infinity:undefined:undefined:undefined:undefined":15,"s:214:8:218:Infinity":126,"b:214:12:214:44:214:44:214:Infinity:215:12:215:44:215:44:215:95":16,"s:216:12:216:Infinity":127,"s:217:12:217:Infinity":128,"s:220:23:220:Infinity":129,"b:221:8:229:Infinity:undefined:undefined:undefined:undefined":17,"s:221:8:229:Infinity":130,"s:222:12:227:Infinity":131,"f:222:38:222:39":13,"s:223:22:223:Infinity":132,"b:224:16:226:Infinity:undefined:undefined:undefined:undefined":18,"s:224:16:226:Infinity":133,"b:224:20:224:39:224:39:224:80":19,"s:225:20:225:Infinity":134,"s:228:12:228:Infinity":135,"b:231:8:255:Infinity:undefined:undefined:undefined:undefined":20,"s:231:8:255:Infinity":136,"b:232:12:235:Infinity:undefined:undefined:undefined:undefined":21,"s:232:12:235:Infinity":137,"s:233:16:233:Infinity":138,"s:234:16:234:Infinity":139,"s:236:36:236:Infinity":140,"s:237:36:237:Infinity":141,"s:238:28:238:Infinity":142,"s:239:28:239:Infinity":143,"s:240:18:240:Infinity":144,"s:241:26:241:Infinity":145,"s:242:26:242:Infinity":146,"s:244:27:244:Infinity":147,"b:245:12:254:Infinity:252:19:254:Infinity":22,"s:245:12:254:Infinity":148,"s:246:32:246:Infinity":149,"b:247:16:251:Infinity:undefined:undefined:undefined:undefined":23,"s:247:16:251:Infinity":150,"s:248:20:248:Infinity":151,"s:249:20:249:Infinity":152,"s:250:20:250:Infinity":153,"s:253:16:253:Infinity":154,"f:258:11:258:26":14}}}
,"/app/src/Isometric.ts": {"path":"/app/src/Isometric.ts","statementMap":{"0":{"start":{"line":3,"column":31},"end":{"line":3,"column":null}},"1":{"start":{"line":4,"column":32},"end":{"line":4,"column":null}},"2":{"start":{"line":5,"column":31},"end":{"line":5,"column":null}},"3":{"start":{"line":13,"column":10},"end":{"line":13,"column":null}},"4":{"start":{"line":14,"column":10},"end":{"line":14,"column":null}},"5":{"start":{"line":15,"column":4},"end":{"line":15,"column":null}},"6":{"start":{"line":19,"column":10},"end":{"line":19,"column":null}},"7":{"start":{"line":20,"column":10},"end":{"line":20,"column":null}},"8":{"start":{"line":21,"column":4},"end":{"line":21,"column":null}},"9":{"start":{"line":25,"column":19},"end":{"line":25,"column":null}},"10":{"start":{"line":26,"column":4},"end":{"line":33,"column":null}},"11":{"start":{"line":26,"column":17},"end":{"line":26,"column":20}},"12":{"start":{"line":26,"column":24},"end":{"line":26,"column":44}},"13":{"start":{"line":27,"column":19},"end":{"line":27,"column":33}},"14":{"start":{"line":27,"column":38},"end":{"line":27,"column":null}},"15":{"start":{"line":28,"column":19},"end":{"line":28,"column":33}},"16":{"start":{"line":28,"column":38},"end":{"line":28,"column":null}},"17":{"start":{"line":30,"column":28},"end":{"line":31,"column":null}},"18":{"start":{"line":32,"column":8},"end":{"line":32,"column":null}},"19":{"start":{"line":32,"column":23},"end":{"line":32,"column":null}},"20":{"start":{"line":34,"column":4},"end":{"line":34,"column":null}}},"fnMap":{"0":{"name":"gridToScreen","decl":{"start":{"line":12,"column":16},"end":{"line":12,"column":29}},"loc":{"start":{"line":12,"column":62},"end":{"line":16,"column":null}},"line":12},"1":{"name":"screenToGrid","decl":{"start":{"line":18,"column":16},"end":{"line":18,"column":29}},"loc":{"start":{"line":18,"column":58},"end":{"line":22,"column":null}},"line":18},"2":{"name":"isPointInPolygon","decl":{"start":{"line":24,"column":16},"end":{"line":24,"column":33}},"loc":{"start":{"line":24,"column":74},"end":{"line":35,"column":null}},"line":24}},"branchMap":{"0":{"loc":{"start":{"line":30,"column":28},"end":{"line":31,"column":null}},"type":"binary-expr","locations":[{"start":{"line":30,"column":28},"end":{"line":30,"column":null}},{"start":{"line":31,"column":16},"end":{"line":31,"column":null}}],"line":30},"1":{"loc":{"start":{"line":32,"column":8},"end":{"line":32,"column":null}},"type":"if","locations":[{"start":{"line":32,"column":8},"end":{"line":32,"column":null}},{"start":{},"end":{}}],"line":32}},"s":{"0":0,"1":0,"2":0,"3":0,"4":0,"5":0,"6":0,"7":0,"8":0,"9":0,"10":0,"11":0,"12":0,"13":0,"14":0,"15":0,"16":0,"17":0,"18":0,"19":0,"20":0},"f":{"0":0,"1":0,"2":0},"b":{"0":[0,0],"1":[0,0]},"meta":{"lastBranch":2,"lastFunction":3,"lastStatement":21,"seen":{"s:3:31:3:Infinity":0,"s:4:32:4:Infinity":1,"s:5:31:5:Infinity":2,"f:12:16:12:29":0,"s:13:10:13:Infinity":3,"s:14:10:14:Infinity":4,"s:15:4:15:Infinity":5,"f:18:16:18:29":1,"s:19:10:19:Infinity":6,"s:20:10:20:Infinity":7,"s:21:4:21:Infinity":8,"f:24:16:24:33":2,"s:25:19:25:Infinity":9,"s:26:4:33:Infinity":10,"s:26:17:26:20":11,"s:26:24:26:44":12,"s:27:19:27:33":13,"s:27:38:27:Infinity":14,"s:28:19:28:33":15,"s:28:38:28:Infinity":16,"s:30:28:31:Infinity":17,"b:30:28:30:Infinity:31:16:31:Infinity":0,"b:32:8:32:Infinity:undefined:undefined:undefined:undefined":1,"s:32:8:32:Infinity":18,"s:32:23:32:Infinity":19,"s:34:4:34:Infinity":20}}}
,"/app/src/Map.ts": {"path":"/app/src/Map.ts","statementMap":{"0":{"start":{"line":11,"column":8},"end":{"line":11,"column":null}},"1":{"start":{"line":12,"column":8},"end":{"line":12,"column":null}},"2":{"start":{"line":13,"column":8},"end":{"line":13,"column":null}},"3":{"start":{"line":17,"column":30},"end":{"line":17,"column":null}},"4":{"start":{"line":18,"column":26},"end":{"line":18,"column":null}},"5":{"start":{"line":19,"column":8},"end":{"line":33,"column":null}},"6":{"start":{"line":19,"column":21},"end":{"line":19,"column":24}},"7":{"start":{"line":20,"column":12},"end":{"line":20,"column":null}},"8":{"start":{"line":21,"column":12},"end":{"line":32,"column":null}},"9":{"start":{"line":21,"column":25},"end":{"line":21,"column":28}},"10":{"start":{"line":23,"column":16},"end":{"line":31,"column":null}},"11":{"start":{"line":24,"column":20},"end":{"line":24,"column":null}},"12":{"start":{"line":25,"column":16},"end":{"line":31,"column":null}},"13":{"start":{"line":27,"column":34},"end":{"line":27,"column":null}},"14":{"start":{"line":28,"column":20},"end":{"line":28,"column":null}},"15":{"start":{"line":30,"column":20},"end":{"line":30,"column":null}},"16":{"start":{"line":34,"column":8},"end":{"line":34,"column":null}},"17":{"start":{"line":38,"column":8},"end":{"line":38,"column":null}},"18":{"start":{"line":43,"column":21},"end":{"line":43,"column":null}},"19":{"start":{"line":44,"column":8},"end":{"line":49,"column":null}},"20":{"start":{"line":45,"column":12},"end":{"line":48,"column":null}}},"fnMap":{"0":{"name":"(anonymous_0)","decl":{"start":{"line":10,"column":4},"end":{"line":10,"column":16}},"loc":{"start":{"line":10,"column":44},"end":{"line":14,"column":null}},"line":10},"1":{"name":"(anonymous_1)","decl":{"start":{"line":16,"column":12},"end":{"line":16,"column":36}},"loc":{"start":{"line":16,"column":36},"end":{"line":35,"column":null}},"line":16},"2":{"name":"(anonymous_2)","decl":{"start":{"line":37,"column":11},"end":{"line":37,"column":19}},"loc":{"start":{"line":37,"column":63},"end":{"line":39,"column":null}},"line":37},"3":{"name":"(anonymous_3)","decl":{"start":{"line":42,"column":11},"end":{"line":42,"column":28}},"loc":{"start":{"line":42,"column":82},"end":{"line":50,"column":null}},"line":42}},"branchMap":{"0":{"loc":{"start":{"line":23,"column":16},"end":{"line":31,"column":null}},"type":"if","locations":[{"start":{"line":23,"column":16},"end":{"line":31,"column":null}},{"start":{"line":25,"column":16},"end":{"line":31,"column":null}}],"line":23},"1":{"loc":{"start":{"line":23,"column":20},"end":{"line":23,"column":48}},"type":"binary-expr","locations":[{"start":{"line":23,"column":20},"end":{"line":23,"column":35}},{"start":{"line":23,"column":35},"end":{"line":23,"column":48}}],"line":23},"2":{"loc":{"start":{"line":25,"column":16},"end":{"line":31,"column":null}},"type":"if","locations":[{"start":{"line":25,"column":16},"end":{"line":31,"column":null}},{"start":{"line":29,"column":23},"end":{"line":31,"column":null}}],"line":25},"3":{"loc":{"start":{"line":44,"column":8},"end":{"line":49,"column":null}},"type":"if","locations":[{"start":{"line":44,"column":8},"end":{"line":49,"column":null}},{"start":{},"end":{}}],"line":44},"4":{"loc":{"start":{"line":44,"column":12},"end":{"line":44,"column":60}},"type":"binary-expr","locations":[{"start":{"line":44,"column":12},"end":{"line":44,"column":20}},{"start":{"line":44,"column":20},"end":{"line":44,"column":60}}],"line":44}},"s":{"0":0,"1":0,"2":0,"3":0,"4":0,"5":0,"6":0,"7":0,"8":0,"9":0,"10":0,"11":0,"12":0,"13":0,"14":0,"15":0,"16":0,"17":0,"18":0,"19":0,"20":0},"f":{"0":0,"1":0,"2":0,"3":0},"b":{"0":[0,0],"1":[0,0],"2":[0,0],"3":[0,0],"4":[0,0]},"meta":{"lastBranch":5,"lastFunction":4,"lastStatement":21,"seen":{"f:10:4:10:16":0,"s:11:8:11:Infinity":0,"s:12:8:12:Infinity":1,"s:13:8:13:Infinity":2,"f:16:12:16:36":1,"s:17:30:17:Infinity":3,"s:18:26:18:Infinity":4,"s:19:8:33:Infinity":5,"s:19:21:19:24":6,"s:20:12:20:Infinity":7,"s:21:12:32:Infinity":8,"s:21:25:21:28":9,"b:23:16:31:Infinity:25:16:31:Infinity":0,"s:23:16:31:Infinity":10,"b:23:20:23:35:23:35:23:48":1,"s:24:20:24:Infinity":11,"b:25:16:31:Infinity:29:23:31:Infinity":2,"s:25:16:31:Infinity":12,"s:27:34:27:Infinity":13,"s:28:20:28:Infinity":14,"s:30:20:30:Infinity":15,"s:34:8:34:Infinity":16,"f:37:11:37:19":2,"s:38:8:38:Infinity":17,"f:42:11:42:28":3,"s:43:21:43:Infinity":18,"b:44:8:49:Infinity:undefined:undefined:undefined:undefined":3,"s:44:8:49:Infinity":19,"b:44:12:44:20:44:20:44:60":4,"s:45:12:48:Infinity":20}}}
,"/app/src/PizzaCreator.ts": {"path":"/app/src/PizzaCreator.ts","statementMap":{"0":{"start":{"line":45,"column":2},"end":{"line":45,"column":16}},"1":{"start":{"line":24,"column":121},"end":{"line":24,"column":null}},"2":{"start":{"line":25,"column":4},"end":{"line":25,"column":null}},"3":{"start":{"line":28,"column":82},"end":{"line":28,"column":null}},"4":{"start":{"line":29,"column":4},"end":{"line":29,"column":null}},"5":{"start":{"line":33,"column":6},"end":{"line":64,"column":null}},"6":{"start":{"line":99,"column":16},"end":{"line":99,"column":17}},"7":{"start":{"line":67,"column":2},"end":{"line":67,"column":null}},"8":{"start":{"line":70,"column":2},"end":{"line":70,"column":null}},"9":{"start":{"line":70,"column":56},"end":{"line":70,"column":null}},"10":{"start":{"line":71,"column":2},"end":{"line":71,"column":null}},"11":{"start":{"line":71,"column":46},"end":{"line":71,"column":null}},"12":{"start":{"line":72,"column":2},"end":{"line":72,"column":null}},"13":{"start":{"line":72,"column":63},"end":{"line":72,"column":null}},"14":{"start":{"line":73,"column":2},"end":{"line":73,"column":null}},"15":{"start":{"line":73,"column":60},"end":{"line":73,"column":null}},"16":{"start":{"line":74,"column":2},"end":{"line":74,"column":null}},"17":{"start":{"line":74,"column":63},"end":{"line":74,"column":null}},"18":{"start":{"line":75,"column":2},"end":{"line":75,"column":null}},"19":{"start":{"line":75,"column":61},"end":{"line":75,"column":null}},"20":{"start":{"line":76,"column":2},"end":{"line":76,"column":null}},"21":{"start":{"line":79,"column":2},"end":{"line":79,"column":null}},"22":{"start":{"line":79,"column":32},"end":{"line":79,"column":null}},"23":{"start":{"line":80,"column":2},"end":{"line":80,"column":null}},"24":{"start":{"line":80,"column":49},"end":{"line":80,"column":null}},"25":{"start":{"line":81,"column":2},"end":{"line":81,"column":null}},"26":{"start":{"line":81,"column":61},"end":{"line":81,"column":null}},"27":{"start":{"line":82,"column":2},"end":{"line":82,"column":null}},"28":{"start":{"line":82,"column":36},"end":{"line":82,"column":null}},"29":{"start":{"line":83,"column":2},"end":{"line":83,"column":null}},"30":{"start":{"line":83,"column":34},"end":{"line":83,"column":null}},"31":{"start":{"line":84,"column":2},"end":{"line":84,"column":null}},"32":{"start":{"line":84,"column":35},"end":{"line":84,"column":null}},"33":{"start":{"line":85,"column":2},"end":{"line":85,"column":null}},"34":{"start":{"line":85,"column":32},"end":{"line":85,"column":null}},"35":{"start":{"line":88,"column":2},"end":{"line":94,"column":null}},"36":{"start":{"line":94,"column":2},"end":{"line":94,"column":null}},"37":{"start":{"line":96,"column":2},"end":{"line":96,"column":null}},"38":{"start":{"line":96,"column":53},"end":{"line":96,"column":null}},"39":{"start":{"line":97,"column":2},"end":{"line":97,"column":null}},"40":{"start":{"line":101,"column":22},"end":{"line":101,"column":null}},"41":{"start":{"line":102,"column":4},"end":{"line":102,"column":null}},"42":{"start":{"line":102,"column":18},"end":{"line":102,"column":null}},"43":{"start":{"line":103,"column":4},"end":{"line":103,"column":null}},"44":{"start":{"line":103,"column":32},"end":{"line":103,"column":null}},"45":{"start":{"line":104,"column":4},"end":{"line":104,"column":null}},"46":{"start":{"line":104,"column":21},"end":{"line":104,"column":null}},"47":{"start":{"line":105,"column":4},"end":{"line":105,"column":null}},"48":{"start":{"line":108,"column":23},"end":{"line":108,"column":null}},"49":{"start":{"line":109,"column":4},"end":{"line":109,"column":null}},"50":{"start":{"line":109,"column":18},"end":{"line":109,"column":null}},"51":{"start":{"line":110,"column":4},"end":{"line":110,"column":null}},"52":{"start":{"line":113,"column":68},"end":{"line":113,"column":null}},"53":{"start":{"line":114,"column":10},"end":{"line":114,"column":null}},"54":{"start":{"line":114,"column":68},"end":{"line":114,"column":74}},"55":{"start":{"line":114,"column":68},"end":{"line":114,"column":96}},"56":{"start":{"line":115,"column":10},"end":{"line":117,"column":null}},"57":{"start":{"line":116,"column":55},"end":{"line":116,"column":61}},"58":{"start":{"line":116,"column":55},"end":{"line":116,"column":92}},"59":{"start":{"line":118,"column":10},"end":{"line":118,"column":null}},"60":{"start":{"line":118,"column":33},"end":{"line":118,"column":null}},"61":{"start":{"line":119,"column":4},"end":{"line":119,"column":null}},"62":{"start":{"line":122,"column":35},"end":{"line":122,"column":null}},"63":{"start":{"line":123,"column":32},"end":{"line":123,"column":null}},"64":{"start":{"line":123,"column":56},"end":{"line":123,"column":null}},"65":{"start":{"line":124,"column":4},"end":{"line":129,"column":null}},"66":{"start":{"line":126,"column":56},"end":{"line":126,"column":61}},"67":{"start":{"line":126,"column":56},"end":{"line":126,"column":null}},"68":{"start":{"line":132,"column":72},"end":{"line":132,"column":null}},"69":{"start":{"line":133,"column":6},"end":{"line":138,"column":null}},"70":{"start":{"line":140,"column":12},"end":{"line":140,"column":null}},"71":{"start":{"line":141,"column":12},"end":{"line":141,"column":null}},"72":{"start":{"line":142,"column":12},"end":{"line":142,"column":null}},"73":{"start":{"line":142,"column":57},"end":{"line":142,"column":null}},"74":{"start":{"line":144,"column":6},"end":{"line":148,"column":null}},"75":{"start":{"line":148,"column":6},"end":{"line":148,"column":null}},"76":{"start":{"line":150,"column":6},"end":{"line":155,"column":null}},"77":{"start":{"line":155,"column":6},"end":{"line":155,"column":null}},"78":{"start":{"line":157,"column":6},"end":{"line":162,"column":null}},"79":{"start":{"line":162,"column":6},"end":{"line":162,"column":null}},"80":{"start":{"line":164,"column":6},"end":{"line":169,"column":null}},"81":{"start":{"line":169,"column":6},"end":{"line":169,"column":null}},"82":{"start":{"line":171,"column":6},"end":{"line":176,"column":null}},"83":{"start":{"line":176,"column":6},"end":{"line":176,"column":null}},"84":{"start":{"line":178,"column":6},"end":{"line":183,"column":null}},"85":{"start":{"line":187,"column":50},"end":{"line":187,"column":null}},"86":{"start":{"line":188,"column":4},"end":{"line":188,"column":null}},"87":{"start":{"line":188,"column":22},"end":{"line":188,"column":null}},"88":{"start":{"line":189,"column":10},"end":{"line":189,"column":null}},"89":{"start":{"line":189,"column":75},"end":{"line":189,"column":null}},"90":{"start":{"line":190,"column":4},"end":{"line":190,"column":null}},"91":{"start":{"line":190,"column":80},"end":{"line":190,"column":null}},"92":{"start":{"line":192,"column":4},"end":{"line":192,"column":null}},"93":{"start":{"line":192,"column":67},"end":{"line":192,"column":null}},"94":{"start":{"line":194,"column":4},"end":{"line":218,"column":null}},"95":{"start":{"line":194,"column":29},"end":{"line":194,"column":null}},"96":{"start":{"line":195,"column":6},"end":{"line":207,"column":null}},"97":{"start":{"line":195,"column":63},"end":{"line":195,"column":null}},"98":{"start":{"line":196,"column":16},"end":{"line":201,"column":null}},"99":{"start":{"line":201,"column":10},"end":{"line":201,"column":null}},"100":{"start":{"line":202,"column":10},"end":{"line":206,"column":null}},"101":{"start":{"line":202,"column":49},"end":{"line":202,"column":null}},"102":{"start":{"line":203,"column":14},"end":{"line":203,"column":null}},"103":{"start":{"line":203,"column":32},"end":{"line":203,"column":null}},"104":{"start":{"line":204,"column":14},"end":{"line":204,"column":null}},"105":{"start":{"line":204,"column":39},"end":{"line":204,"column":null}},"106":{"start":{"line":205,"column":14},"end":{"line":205,"column":null}},"107":{"start":{"line":206,"column":10},"end":{"line":206,"column":null}},"108":{"start":{"line":207,"column":7},"end":{"line":207,"column":null}},"109":{"start":{"line":209,"column":6},"end":{"line":217,"column":null}},"110":{"start":{"line":209,"column":49},"end":{"line":209,"column":null}},"111":{"start":{"line":210,"column":8},"end":{"line":216,"column":null}},"112":{"start":{"line":210,"column":60},"end":{"line":210,"column":null}},"113":{"start":{"line":211,"column":10},"end":{"line":211,"column":null}},"114":{"start":{"line":211,"column":28},"end":{"line":211,"column":null}},"115":{"start":{"line":212,"column":10},"end":{"line":212,"column":null}},"116":{"start":{"line":212,"column":41},"end":{"line":212,"column":null}},"117":{"start":{"line":213,"column":10},"end":{"line":213,"column":null}},"118":{"start":{"line":213,"column":91},"end":{"line":213,"column":null}},"119":{"start":{"line":214,"column":10},"end":{"line":214,"column":null}},"120":{"start":{"line":214,"column":74},"end":{"line":214,"column":80}},"121":{"start":{"line":214,"column":74},"end":{"line":214,"column":null}},"122":{"start":{"line":214,"column":86},"end":{"line":214,"column":null}},"123":{"start":{"line":215,"column":10},"end":{"line":215,"column":null}},"124":{"start":{"line":216,"column":8},"end":{"line":216,"column":null}},"125":{"start":{"line":218,"column":4},"end":{"line":218,"column":null}},"126":{"start
[...]
,"/app/src/model/Pizza.ts": {"path":"/app/src/model/Pizza.ts","statementMap":{"0":{"start":{"line":8,"column":4},"end":{"line":8,"column":5}},"1":{"start":{"line":5,"column":11},"end":{"line":5,"column":null}},"2":{"start":{"line":6,"column":11},"end":{"line":6,"column":null}},"3":{"start":{"line":7,"column":11},"end":{"line":7,"column":null}},"4":{"start":{"line":10,"column":20},"end":{"line":10,"column":null}},"5":{"start":{"line":11,"column":4},"end":{"line":14,"column":null}},"6":{"start":{"line":12,"column":33},"end":{"line":12,"column":45}},"7":{"start":{"line":12,"column":33},"end":{"line":12,"column":null}}},"fnMap":{"0":{"name":"(anonymous_0)","decl":{"start":{"line":4,"column":2},"end":{"line":4,"column":null}},"loc":{"start":{"line":8,"column":4},"end":{"line":8,"column":null}},"line":8},"1":{"name":"(anonymous_1)","decl":{"start":{"line":10,"column":2},"end":{"line":10,"column":20}},"loc":{"start":{"line":10,"column":20},"end":{"line":15,"column":null}},"line":10},"2":{"name":"(anonymous_2)","decl":{"start":{"line":12,"column":6},"end":{"line":12,"column":7}},"loc":{"start":{"line":12,"column":33},"end":{"line":12,"column":null}},"line":12}},"branchMap":{},"s":{"0":1,"1":1,"2":1,"3":1,"4":1,"5":1,"6":2,"7":2},"f":{"0":1,"1":1,"2":2},"b":{},"meta":{"lastBranch":0,"lastFunction":3,"lastStatement":8,"seen":{"f:4:2:4:Infinity":0,"s:8:4:8:5":0,"s:5:11:5:Infinity":1,"s:6:11:6:Infinity":2,"s:7:11:7:Infinity":3,"f:10:2:10:20":1,"s:10:20:10:Infinity":4,"s:11:4:14:Infinity":5,"f:12:6:12:7":2,"s:12:33:12:45":6,"s:12:33:12:Infinity":7}}}
,"/app/src/model/PizzaRecipe.ts": {"path":"/app/src/model/PizzaRecipe.ts","statementMap":{},"fnMap":{},"branchMap":{},"s":{},"f":{},"b":{},"meta":{"lastBranch":0,"lastFunction":0,"lastStatement":0,"seen":{}}}
,"/app/src/model/Player.ts": {"path":"/app/src/model/Player.ts","statementMap":{"0":{"start":{"line":21,"column":6},"end":{"line":21,"column":13}},"1":{"start":{"line":4,"column":37},"end":{"line":4,"column":null}},"2":{"start":{"line":5,"column":4},"end":{"line":5,"column":null}},"3":{"start":{"line":8,"column":29},"end":{"line":8,"column":null}},"4":{"start":{"line":9,"column":4},"end":{"line":9,"column":null}},"5":{"start":{"line":12,"column":40},"end":{"line":12,"column":null}},"6":{"start":{"line":13,"column":4},"end":{"line":15,"column":null}},"7":{"start":{"line":13,"column":20},"end":{"line":13,"column":null}},"8":{"start":{"line":14,"column":6},"end":{"line":14,"column":null}},"9":{"start":{"line":15,"column":4},"end":{"line":15,"column":null}},"10":{"start":{"line":18,"column":45},"end":{"line":18,"column":null}},"11":{"start":{"line":19,"column":4},"end":{"line":22,"column":null}},"12":{"start":{"line":19,"column":45},"end":{"line":19,"column":null}},"13":{"start":{"line":20,"column":6},"end":{"line":20,"column":null}},"14":{"start":{"line":20,"column":21},"end":{"line":20,"column":null}},"15":{"start":{"line":21,"column":6},"end":{"line":21,"column":null}},"16":{"start":{"line":22,"column":4},"end":{"line":22,"column":null}},"17":{"start":{"line":23,"column":4},"end":{"line":23,"column":null}}},"fnMap":{"0":{"name":"(anonymous_0)","decl":{"start":{"line":21,"column":6},"end":{"line":21,"column":13}},"loc":{"start":{"line":21,"column":6},"end":{"line":21,"column":13}},"line":21},"1":{"name":"(anonymous_1)","decl":{"start":{"line":4,"column":2},"end":{"line":4,"column":14}},"loc":{"start":{"line":4,"column":37},"end":{"line":6,"column":null}},"line":4},"2":{"name":"(anonymous_2)","decl":{"start":{"line":8,"column":13},"end":{"line":8,"column":29}},"loc":{"start":{"line":8,"column":29},"end":{"line":10,"column":null}},"line":8},"3":{"name":"(anonymous_3)","decl":{"start":{"line":12,"column":9},"end":{"line":12,"column":18}},"loc":{"start":{"line":12,"column":40},"end":{"line":16,"column":null}},"line":12},"4":{"name":"(anonymous_4)","decl":{"start":{"line":18,"column":9},"end":{"line":18,"column":20}},"loc":{"start":{"line":18,"column":45},"end":{"line":24,"column":null}},"line":18}},"branchMap":{"0":{"loc":{"start":{"line":13,"column":4},"end":{"line":15,"column":null}},"type":"if","locations":[{"start":{"line":13,"column":4},"end":{"line":15,"column":null}},{"start":{"line":15,"column":4},"end":{"line":15,"column":null}}],"line":13},"1":{"loc":{"start":{"line":19,"column":4},"end":{"line":22,"column":null}},"type":"if","locations":[{"start":{"line":19,"column":4},"end":{"line":22,"column":null}},{"start":{"line":22,"column":4},"end":{"line":22,"column":null}}],"line":19},"2":{"loc":{"start":{"line":19,"column":8},"end":{"line":19,"column":45}},"type":"binary-expr","locations":[{"start":{"line":19,"column":8},"end":{"line":19,"column":22}},{"start":{"line":19,"column":17},"end":{"line":19,"column":45}}],"line":19}},"s":{"0":2,"1":11,"2":11,"3":7,"4":7,"5":2,"6":2,"7":1,"8":1,"9":1,"10":3,"11":3,"12":1,"13":1,"14":1,"15":1,"16":2,"17":2},"f":{"0":61,"1":11,"2":7,"3":2,"4":3},"b":{"0":[1,1],"1":[1,2],"2":[3,2]},"meta":{"lastBranch":3,"lastFunction":5,"lastStatement":18,"seen":{"s:21:6:21:13":0,"f:21:6:21:13":0,"f:4:2:4:14":1,"s:4:37:4:Infinity":1,"s:5:4:5:Infinity":2,"f:8:13:8:29":2,"s:8:29:8:Infinity":3,"s:9:4:9:Infinity":4,"f:12:9:12:18":3,"s:12:40:12:Infinity":5,"b:13:4:15:Infinity:15:4:15:Infinity":0,"s:13:4:15:Infinity":6,"s:13:20:13:Infinity":7,"s:14:6:14:Infinity":8,"s:15:4:15:Infinity":9,"f:18:9:18:20":4,"s:18:45:18:Infinity":10,"b:19:4:22:Infinity:22:4:22:Infinity":1,"s:19:4:22:Infinity":11,"b:19:8:19:22:19:17:19:45":2,"s:19:45:19:Infinity":12,"s:20:6:20:Infinity":13,"s:20:21:20:Infinity":14,"s:21:6:21:Infinity":15,"s:22:4:22:Infinity":16,"s:23:4:23:Infinity":17}}}
,"/app/src/model/Restaurant.ts": {"path":"/app/src/model/Restaurant.ts","statementMap":{"0":{"start":{"line":28,"column":8},"end":{"line":28,"column":12}},"1":{"start":{"line":14,"column":16},"end":{"line":14,"column":null}},"2":{"start":{"line":9,"column":2},"end":{"line":9,"column":null}},"3":{"start":{"line":10,"column":2},"end":{"line":10,"column":null}},"4":{"start":{"line":10,"column":26},"end":{"line":10,"column":null}},"5":{"start":{"line":11,"column":2},"end":{"line":11,"column":null}},"6":{"start":{"line":11,"column":34},"end":{"line":11,"column":null}},"7":{"start":{"line":12,"column":2},"end":{"line":12,"column":null}},"8":{"start":{"line":12,"column":41},"end":{"line":12,"column":null}},"9":{"start":{"line":15,"column":4},"end":{"line":15,"column":null}},"10":{"start":{"line":18,"column":70},"end":{"line":18,"column":null}},"11":{"start":{"line":20,"column":4},"end":{"line":22,"column":null}},"12":{"start":{"line":20,"column":71},"end":{"line":20,"column":null}},"13":{"start":{"line":21,"column":6},"end":{"line":21,"column":null}},"14":{"start":{"line":22,"column":4},"end":{"line":22,"column":null}},"15":{"start":{"line":25,"column":4},"end":{"line":35,"column":null}},"16":{"start":{"line":25,"column":41},"end":{"line":25,"column":null}},"17":{"start":{"line":27,"column":6},"end":{"line":34,"column":null}},"18":{"start":{"line":32,"column":8},"end":{"line":32,"column":null}},"19":{"start":{"line":33,"column":8},"end":{"line":33,"column":null}},"20":{"start":{"line":34,"column":6},"end":{"line":34,"column":null}},"21":{"start":{"line":38,"column":10},"end":{"line":42,"column":null}},"22":{"start":{"line":42,"column":4},"end":{"line":42,"column":null}},"23":{"start":{"line":43,"column":4},"end":{"line":43,"column":null}},"24":{"start":{"line":43,"column":36},"end":{"line":43,"column":null}},"25":{"start":{"line":44,"column":4},"end":{"line":44,"column":null}}},"fnMap":{"0":{"name":"(anonymous_0)","decl":{"start":{"line":28,"column":8},"end":{"line":28,"column":12}},"loc":{"start":{"line":28,"column":8},"end":{"line":28,"column":12}},"line":28},"1":{"name":"(anonymous_1)","decl":{"start":{"line":14,"column":2},"end":{"line":14,"column":16}},"loc":{"start":{"line":14,"column":16},"end":{"line":16,"column":null}},"line":14},"2":{"name":"(anonymous_2)","decl":{"start":{"line":18,"column":9},"end":{"line":18,"column":22}},"loc":{"start":{"line":18,"column":70},"end":{"line":45,"column":null}},"line":18}},"branchMap":{"0":{"loc":{"start":{"line":20,"column":4},"end":{"line":22,"column":null}},"type":"if","locations":[{"start":{"line":20,"column":4},"end":{"line":22,"column":null}},{"start":{"line":22,"column":4},"end":{"line":22,"column":null}}],"line":20},"1":{"loc":{"start":{"line":20,"column":8},"end":{"line":20,"column":71}},"type":"binary-expr","locations":[{"start":{"line":20,"column":8},"end":{"line":20,"column":17}},{"start":{"line":20,"column":12},"end":{"line":20,"column":26}},{"start":{"line":20,"column":21},"end":{"line":20,"column":49}},{"start":{"line":20,"column":43},"end":{"line":20,"column":71}}],"line":20},"2":{"loc":{"start":{"line":27,"column":6},"end":{"line":34,"column":null}},"type":"if","locations":[{"start":{"line":27,"column":6},"end":{"line":34,"column":null}},{"start":{"line":34,"column":6},"end":{"line":34,"column":null}}],"line":27},"3":{"loc":{"start":{"line":28,"column":8},"end":{"line":31,"column":null}},"type":"binary-expr","locations":[{"start":{"line":28,"column":8},"end":{"line":28,"column":null}},{"start":{"line":28,"column":34},"end":{"line":29,"column":null}},{"start":{"line":29,"column":32},"end":{"line":30,"column":null}},{"start":{"line":30,"column":34},"end":{"line":31,"column":null}}],"line":28}},"s":{"0":2,"1":9,"2":9,"3":9,"4":9,"5":9,"6":9,"7":9,"8":9,"9":9,"10":7,"11":7,"12":2,"13":2,"14":5,"15":5,"16":3,"17":3,"18":2,"19":2,"20":1,"21":3,"22":3,"23":3,"24":3,"25":3},"f":{"0":133,"1":9,"2":7},"b":{"0":[2,5],"1":[7,6,6,5],"2":[2,1],"3":[3,3,2,2]},"meta":{"lastBranch":4,"lastFunction":3,"lastStatement":26,"seen":{"s:28:8:28:12":0,"f:28:8:28:12":0,"f:14:2:14:16":1,"s:14:16:14:Infinity":1,"s:9:2:9:Infinity":2,"s:10:2:10:Infinity":3,"s:10:26:10:Infinity":4,"s:11:2:11:Infinity":5,"s:11:34:11:Infinity":6,"s:12:2:12:Infinity":7,"s:12:41:12:Infinity":8,"s:15:4:15:Infinity":9,"f:18:9:18:22":2,"s:18:70:18:Infinity":10,"b:20:4:22:Infinity:22:4:22:Infinity":0,"s:20:4:22:Infinity":11,"b:20:8:20:17:20:12:20:26:20:21:20:49:20:43:20:71":1,"s:20:71:20:Infinity":12,"s:21:6:21:Infinity":13,"s:22:4:22:Infinity":14,"s:25:4:35:Infinity":15,"s:25:41:25:Infinity":16,"b:27:6:34:Infinity:34:6:34:Infinity":2,"s:27:6:34:Infinity":17,"b:28:8:28:Infinity:28:34:29:Infinity:29:32:30:Infinity:30:34:31:Infinity":3,"s:32:8:32:Infinity":18,"s:33:8:33:Infinity":19,"s:34:6:34:Infinity":20,"s:38:10:42:Infinity":21,"s:42:4:42:Infinity":22,"s:43:4:43:Infinity":23,"s:43:36:43:Infinity":24,"s:44:4:44:Infinity":25}}}
,"/app/src/model/Tile.ts": {"path":"/app/src/model/Tile.ts","statementMap":{},"fnMap":{},"branchMap":{},"s":{},"f":{},"b":{},"meta":{"lastBranch":0,"lastFunction":0,"lastStatement":0,"seen":{}}}
,"/app/src/model/enums.ts": {"path":"/app/src/model/enums.ts","statementMap":{"0":{"start":{"line":1,"column":7},"end":{"line":1,"column":null}},"1":{"start":{"line":2,"column":2},"end":{"line":2,"column":null}},"2":{"start":{"line":3,"column":2},"end":{"line":3,"column":null}},"3":{"start":{"line":4,"column":2},"end":{"line":4,"column":null}},"4":{"start":{"line":5,"column":2},"end":{"line":5,"column":null}},"5":{"start":{"line":1,"column":12},"end":{"line":1,"column":null}},"6":{"start":{"line":8,"column":7},"end":{"line":8,"column":null}},"7":{"start":{"line":9,"column":2},"end":{"line":9,"column":null}},"8":{"start":{"line":10,"column":2},"end":{"line":10,"column":null}},"9":{"start":{"line":8,"column":12},"end":{"line":8,"column":null}},"10":{"start":{"line":13,"column":7},"end":{"line":13,"column":null}},"11":{"start":{"line":14,"column":2},"end":{"line":14,"column":null}},"12":{"start":{"line":15,"column":2},"end":{"line":15,"column":null}},"13":{"start":{"line":16,"column":2},"end":{"line":16,"column":null}},"14":{"start":{"line":17,"column":2},"end":{"line":17,"column":null}},"15":{"start":{"line":18,"column":2},"end":{"line":18,"column":null}},"16":{"start":{"line":13,"column":12},"end":{"line":13,"column":null}},"17":{"start":{"line":21,"column":7},"end":{"line":21,"column":null}},"18":{"start":{"line":22,"column":2},"end":{"line":22,"column":null}},"19":{"start":{"line":23,"column":2},"end":{"line":23,"column":null}},"20":{"start":{"line":21,"column":12},"end":{"line":21,"column":null}}},"fnMap":{"0":{"name":"(anonymous_0)","decl":{"start":{"line":1,"column":7},"end":{"line":1,"column":12}},"loc":{"start":{"line":1,"column":7},"end":{"line":1,"column":null}},"line":1},"1":{"name":"(anonymous_1)","decl":{"start":{"line":8,"column":7},"end":{"line":8,"column":12}},"loc":{"start":{"line":8,"column":7},"end":{"line":8,"column":null}},"line":8},"2":{"name":"(anonymous_2)","decl":{"start":{"line":13,"column":7},"end":{"line":13,"column":12}},"loc":{"start":{"line":13,"column":7},"end":{"line":13,"column":null}},"line":13},"3":{"name":"(anonymous_3)","decl":{"start":{"line":21,"column":7},"end":{"line":21,"column":12}},"loc":{"start":{"line":21,"column":7},"end":{"line":21,"column":null}},"line":21}},"branchMap":{"0":{"loc":{"start":{"line":1,"column":12},"end":{"line":1,"column":null}},"type":"binary-expr","locations":[{"start":{"line":1,"column":12},"end":{"line":1,"column":null}},{"start":{"line":1,"column":12},"end":{"line":1,"column":null}}],"line":1},"1":{"loc":{"start":{"line":8,"column":12},"end":{"line":8,"column":null}},"type":"binary-expr","locations":[{"start":{"line":8,"column":12},"end":{"line":8,"column":null}},{"start":{"line":8,"column":12},"end":{"line":8,"column":null}}],"line":8},"2":{"loc":{"start":{"line":13,"column":12},"end":{"line":13,"column":null}},"type":"binary-expr","locations":[{"start":{"line":13,"column":12},"end":{"line":13,"column":null}},{"start":{"line":13,"column":12},"end":{"line":13,"column":null}}],"line":13},"3":{"loc":{"start":{"line":21,"column":12},"end":{"line":21,"column":null}},"type":"binary-expr","locations":[{"start":{"line":21,"column":12},"end":{"line":21,"column":null}},{"start":{"line":21,"column":12},"end":{"line":21,"column":null}}],"line":21}},"s":{"0":0,"1":0,"2":0,"3":0,"4":0,"5":0,"6":0,"7":0,"8":0,"9":0,"10":0,"11":0,"12":0,"13":0,"14":0,"15":0,"16":0,"17":0,"18":0,"19":0,"20":0},"f":{"0":0,"1":0,"2":0,"3":0},"b":{"0":[0,0],"1":[0,0],"2":[0,0],"3":[0,0]},"meta":{"lastBranch":4,"lastFunction":4,"lastStatement":21,"seen":{"s:1:7:1:Infinity":0,"f:1:7:1:12":0,"s:2:2:2:Infinity":1,"s:3:2:3:Infinity":2,"s:4:2:4:Infinity":3,"s:5:2:5:Infinity":4,"s:1:12:1:Infinity":5,"b:1:12:1:Infinity:1:12:1:Infinity":0,"s:8:7:8:Infinity":6,"f:8:7:8:12":1,"s:9:2:9:Infinity":7,"s:10:2:10:Infinity":8,"s:8:12:8:Infinity":9,"b:8:12:8:Infinity:8:12:8:Infinity":1,"s:13:7:13:Infinity":10,"f:13:7:13:12":2,"s:14:2:14:Infinity":11,"s:15:2:15:Infinity":12,"s:16:2:16:Infinity":13,"s:17:2:17:Infinity":14,"s:18:2:18:Infinity":15,"s:13:12:13:Infinity":16,"b:13:12:13:Infinity:13:12:13:Infinity":2,"s:21:7:21:Infinity":17,"f:21:7:21:12":3,"s:22:2:22:Infinity":18,"s:23:2:23:Infinity":19,"s:21:12:21:Infinity":20,"b:21:12:21:Infinity:21:12:21:Infinity":3}}}
,"/app/src/model/ingredientDefinitions.ts": {"path":"/app/src/model/ingredientDefinitions.ts","statementMap":{"0":{"start":{"line":11,"column":62},"end":{"line":36,"column":null}}},"fnMap":{},"branchMap":{},"s":{"0":0},"f":{},"b":{},"meta":{"lastBranch":0,"lastFunction":0,"lastStatement":1,"seen":{"s:11:62:36:Infinity":0}}}
,"/app/src/model/initialData.ts": {"path":"/app/src/model/initialData.ts","statementMap":{"0":{"start":{"line":13,"column":2},"end":{"line":16,"column":null}},"1":{"start":{"line":14,"column":23},"end":{"line":14,"column":null}},"2":{"start":{"line":15,"column":4},"end":{"line":15,"column":null}},"3":{"start":{"line":19,"column":22},"end":{"line":19,"column":null}},"4":{"start":{"line":20,"column":17},"end":{"line":20,"column":null}},"5":{"start":{"line":21,"column":20},"end":{"line":21,"column":null}},"6":{"start":{"line":24,"column":21},"end":{"line":24,"column":null}},"7":{"start":{"line":25,"column":25},"end":{"line":25,"column":null}},"8":{"start":{"line":28,"column":21},"end":{"line":28,"column":null}},"9":{"start":{"line":31,"column":28},"end":{"line":31,"column":null}},"10":{"start":{"line":32,"column":2},"end":{"line":32,"column":null}},"11":{"start":{"line":33,"column":2},"end":{"line":33,"column":null}},"12":{"start":{"line":36,"column":2},"end":{"line":36,"column":null}},"13":{"start":{"line":40,"column":15},"end":{"line":40,"column":null}},"14":{"start":{"line":41,"column":2},"end":{"line":49,"column":null}},"15":{"start":{"line":41,"column":15},"end":{"line":41,"column":18}},"16":{"start":{"line":42,"column":4},"end":{"line":48,"column":null}},"17":{"start":{"line":42,"column":17},"end":{"line":42,"column":20}},"18":{"start":{"line":43,"column":19},"end":{"line":43,"column":null}},"19":{"start":{"line":44,"column":6},"end":{"line":47,"column":null}},"20":{"start":{"line":45,"column":8},"end":{"line":45,"column":null}},"21":{"start":{"line":46,"column":8},"end":{"line":46,"column":null}},"22":{"start":{"line":51,"column":2},"end":{"line":53,"column":null}},"23":{"start":{"line":52,"column":4},"end":{"line":52,"column":null}},"24":{"start":{"line":55,"column":2},"end":{"line":55,"column":null}}},"fnMap":{"0":{"name":"loadInitialData","decl":{"start":{"line":11,"column":16},"end":{"line":11,"column":32}},"loc":{"start":{"line":11,"column":74},"end":{"line":56,"column":null}},"line":11},"1":{"name":"(anonymous_1)","decl":{"start":{"line":13,"column":33},"end":{"line":13,"column":34}},"loc":{"start":{"line":13,"column":42},"end":{"line":16,"column":3}},"line":13}},"branchMap":{"0":{"loc":{"start":{"line":41,"column":18},"end":{"line":41,"column":43}},"type":"binary-expr","locations":[{"start":{"line":41,"column":18},"end":{"line":41,"column":34}},{"start":{"line":41,"column":34},"end":{"line":41,"column":43}}],"line":41},"1":{"loc":{"start":{"line":42,"column":20},"end":{"line":42,"column":45}},"type":"binary-expr","locations":[{"start":{"line":42,"column":20},"end":{"line":42,"column":36}},{"start":{"line":42,"column":36},"end":{"line":42,"column":45}}],"line":42},"2":{"loc":{"start":{"line":44,"column":6},"end":{"line":47,"column":null}},"type":"if","locations":[{"start":{"line":44,"column":6},"end":{"line":47,"column":null}},{"start":{},"end":{}}],"line":44},"3":{"loc":{"start":{"line":44,"column":10},"end":{"line":44,"column":58}},"type":"binary-expr","locations":[{"start":{"line":44,"column":10},"end":{"line":44,"column":18}},{"start":{"line":44,"column":18},"end":{"line":44,"column":58}}],"line":44},"4":{"loc":{"start":{"line":51,"column":2},"end":{"line":53,"column":null}},"type":"if","locations":[{"start":{"line":51,"column":2},"end":{"line":53,"column":null}},{"start":{},"end":{}}],"line":51}},"s":{"0":0,"1":0,"2":0,"3":0,"4":0,"5":0,"6":0,"7":0,"8":0,"9":0,"10":0,"11":0,"12":0,"13":0,"14":0,"15":0,"16":0,"17":0,"18":0,"19":0,"20":0,"21":0,"22":0,"23":0,"24":0},"f":{"0":0,"1":0},"b":{"0":[0,0],"1":[0,0],"2":[0,0],"3":[0,0],"4":[0,0]},"meta":{"lastBranch":5,"lastFunction":2,"lastStatement":25,"seen":{"f:11:16:11:32":0,"s:13:2:16:Infinity":0,"f:13:33:13:34":1,"s:14:23:14:Infinity":1,"s:15:4:15:Infinity":2,"s:19:22:19:Infinity":3,"s:20:17:20:Infinity":4,"s:21:20:21:Infinity":5,"s:24:21:24:Infinity":6,"s:25:25:25:Infinity":7,"s:28:21:28:Infinity":8,"s:31:28:31:Infinity":9,"s:32:2:32:Infinity":10,"s:33:2:33:Infinity":11,"s:36:2:36:Infinity":12,"s:40:15:40:Infinity":13,"s:41:2:49:Infinity":14,"s:41:15:41:18":15,"b:41:18:41:34:41:34:41:43":0,"s:42:4:48:Infinity":16,"s:42:17:42:20":17,"b:42:20:42:36:42:36:42:45":1,"s:43:19:43:Infinity":18,"b:44:6:47:Infinity:undefined:undefined:undefined:undefined":2,"s:44:6:47:Infinity":19,"b:44:10:44:18:44:18:44:58":3,"s:45:8:45:Infinity":20,"s:46:8:46:Infinity":21,"b:51:2:53:Infinity:undefined:undefined:undefined:undefined":4,"s:51:2:53:Infinity":22,"s:52:4:52:Infinity":23,"s:55:2:55:Infinity":24}}}
}
