TN:
SF:src/AssetManager.ts
FN:1,(anonymous_0)
FN:4,(anonymous_1)
FN:15,(anonymous_2)
FN:17,(anonymous_3)
FN:22,(anonymous_4)
FN:34,(anonymous_5)
FNF:6
FNH:0
FNDA:0,(anonymous_0)
FNDA:0,(anonymous_1)
FNDA:0,(anonymous_2)
FNDA:0,(anonymous_3)
FNDA:0,(anonymous_4)
FNDA:0,(anonymous_5)
DA:2,0
DA:5,0
DA:6,0
DA:7,0
DA:8,0
DA:9,0
DA:11,0
DA:12,0
DA:13,0
DA:15,0
DA:16,0
DA:17,0
DA:18,0
DA:19,0
DA:20,0
DA:22,0
DA:23,0
DA:24,0
DA:25,0
DA:27,0
DA:30,0
DA:35,0
LF:22
LH:0
BRDA:7,0,0,0
BRDA:7,0,1,0
BRF:2
BRH:0
end_of_record
TN:
SF:src/CityView.ts
FN:21,(anonymous_0)
FN:39,(anonymous_1)
FN:43,(anonymous_2)
FN:71,(anonymous_3)
FN:84,(anonymous_4)
FN:132,(anonymous_5)
FN:168,(anonymous_6)
FNF:7
FNH:0
FNDA:0,(anonymous_0)
FNDA:0,(anonymous_1)
FNDA:0,(anonymous_2)
FNDA:0,(anonymous_3)
FNDA:0,(anonymous_4)
FNDA:0,(anonymous_5)
FNDA:0,(anonymous_6)
DA:30,0
DA:31,0
DA:32,0
DA:33,0
DA:34,0
DA:35,0
DA:36,0
DA:44,0
DA:45,0
DA:46,0
DA:48,0
DA:49,0
DA:51,0
DA:52,0
DA:53,0
DA:54,0
DA:55,0
DA:56,0
DA:57,0
DA:58,0
DA:59,0
DA:62,0
DA:68,0
DA:72,0
DA:73,0
DA:74,0
DA:75,0
DA:76,0
DA:77,0
DA:78,0
DA:79,0
DA:80,0
DA:81,0
DA:85,0
DA:86,0
DA:87,0
DA:88,0
DA:89,0
DA:90,0
DA:91,0
DA:92,0
DA:96,0
DA:99,0
DA:100,0
DA:101,0
DA:102,0
DA:103,0
DA:104,0
DA:105,0
DA:106,0
DA:107,0
DA:110,0
DA:111,0
DA:112,0
DA:113,0
DA:114,0
DA:115,0
DA:116,0
DA:117,0
DA:118,0
DA:121,0
DA:122,0
DA:123,0
DA:124,0
DA:125,0
DA:126,0
DA:127,0
DA:128,0
DA:129,0
DA:133,0
DA:134,0
DA:135,0
DA:138,0
DA:139,0
DA:141,0
DA:142,0
DA:143,0
DA:146,0
DA:151,0
DA:152,0
DA:153,0
DA:155,0
DA:156,0
DA:157,0
DA:159,0
DA:166,0
DA:167,0
DA:168,0
DA:169,0
DA:170,0
DA:171,0
DA:172,0
DA:173,0
DA:175,0
DA:178,0
DA:179,0
DA:181,0
LF:97
LH:0
BRDA:54,0,0,0
BRDA:54,0,1,0
BRDA:56,1,0,0
BRDA:56,1,1,0
BRDA:58,2,0,0
BRDA:58,2,1,0
BRDA:62,3,0,0
BRDA:62,3,1,0
BRDA:86,4,0,0
BRDA:86,4,1,0
BRDA:86,5,0,0
BRDA:86,5,1,0
BRDA:133,6,0,0
BRDA:133,6,1,0
BRDA:141,7,0,0
BRDA:141,7,1,0
BRDA:141,8,0,0
BRDA:141,8,1,0
BRDA:141,8,2,0
BRDA:141,8,3,0
BRDA:155,9,0,0
BRDA:155,9,1,0
BRDA:155,10,0,0
BRDA:155,10,1,0
BRDA:155,10,2,0
BRDA:166,11,0,0
BRDA:166,11,1,0
BRDA:167,12,0,0
BRDA:167,12,1,0
BRDA:169,13,0,0
BRDA:169,13,1,0
BRDA:178,14,0,0
BRDA:178,14,1,0
BRF:33
BRH:0
end_of_record
TN:
SF:src/Game.ts
FN:28,(anonymous_0)
FN:45,(anonymous_1)
FN:50,(anonymous_2)
FN:58,(anonymous_3)
FN:75,(anonymous_4)
FN:78,(anonymous_5)
FN:83,(anonymous_6)
FN:88,(anonymous_7)
FN:106,(anonymous_8)
FN:116,(anonymous_9)
FN:120,(anonymous_10)
FN:128,(anonymous_11)
FN:132,(anonymous_12)
FN:133,(anonymous_13)
FN:137,(anonymous_14)
FNF:15
FNH:0
FNDA:0,(anonymous_0)
FNDA:0,(anonymous_1)
FNDA:0,(anonymous_2)
FNDA:0,(anonymous_3)
FNDA:0,(anonymous_4)
FNDA:0,(anonymous_5)
FNDA:0,(anonymous_6)
FNDA:0,(anonymous_7)
FNDA:0,(anonymous_8)
FNDA:0,(anonymous_9)
FNDA:0,(anonymous_10)
FNDA:0,(anonymous_11)
FNDA:0,(anonymous_12)
FNDA:0,(anonymous_13)
FNDA:0,(anonymous_14)
DA:15,0
DA:18,0
DA:23,0
DA:25,0
DA:26,0
DA:29,0
DA:30,0
DA:31,0
DA:32,0
DA:34,0
DA:35,0
DA:36,0
DA:37,0
DA:38,0
DA:39,0
DA:40,0
DA:42,0
DA:44,0
DA:45,0
DA:46,0
DA:47,0
DA:48,0
DA:49,0
DA:50,0
DA:51,0
DA:53,0
DA:54,0
DA:59,0
DA:75,0
DA:79,0
DA:80,0
DA:84,0
DA:85,0
DA:89,0
DA:90,0
DA:92,0
DA:94,0
DA:95,0
DA:96,0
DA:98,0
DA:99,0
DA:100,0
DA:103,0
DA:107,0
DA:108,0
DA:109,0
DA:111,0
DA:117,0
DA:121,0
DA:122,0
DA:123,0
DA:124,0
DA:129,0
DA:133,0
DA:134,0
DA:135,0
DA:136,0
DA:137,0
DA:139,0
DA:140,0
DA:141,0
DA:142,0
DA:146,0
DA:147,0
DA:148,0
DA:149,0
DA:153,0
DA:154,0
DA:156,0
LF:69
LH:0
BRDA:31,0,0,0
BRDA:31,0,1,0
BRDA:92,1,0,0
BRDA:92,1,1,0
BRDA:107,2,0,0
BRDA:107,2,1,0
BRDA:108,3,0,0
BRDA:108,3,1,0
BRDA:117,4,0,0
BRDA:117,4,1,0
BRDA:121,5,0,0
BRDA:121,5,1,0
BRDA:123,6,0,0
BRDA:123,6,1,0
BRDA:129,7,0,0
BRDA:129,7,1,0
BRDA:134,8,0,0
BRDA:134,8,1,0
BRDA:134,9,0,0
BRDA:134,9,1,0
BRDA:135,10,0,0
BRDA:135,10,1,0
BRDA:139,11,0,0
BRDA:139,11,1,0
BRDA:153,12,0,0
BRDA:153,12,1,0
BRF:26
BRH:0
end_of_record
TN:
SF:src/InteriorView.ts
FN:40,(anonymous_0)
FN:52,(anonymous_1)
FN:56,(anonymous_2)
FN:78,(anonymous_3)
FN:87,(anonymous_4)
FN:96,(anonymous_5)
FN:105,(anonymous_6)
FN:108,(anonymous_7)
FN:129,(anonymous_8)
FN:149,(anonymous_9)
FN:180,(anonymous_10)
FN:189,(anonymous_11)
FN:210,(anonymous_12)
FN:224,(anonymous_13)
FN:242,(anonymous_14)
FN:251,(anonymous_15)
FN:303,(anonymous_16)
FN:332,(anonymous_17)
FN:344,(anonymous_18)
FN:375,(anonymous_19)
FN:378,(anonymous_20)
FN:424,(anonymous_21)
FN:459,(anonymous_22)
FN:488,(anonymous_23)
FN:506,(anonymous_24)
FN:512,(anonymous_25)
FN:542,(anonymous_26)
FN:553,(anonymous_27)
FN:560,(anonymous_28)
FN:614,(anonymous_29)
FN:618,(anonymous_30)
FN:641,(anonymous_31)
FN:654,(anonymous_32)
FNF:33
FNH:0
FNDA:0,(anonymous_0)
FNDA:0,(anonymous_1)
FNDA:0,(anonymous_2)
FNDA:0,(anonymous_3)
FNDA:0,(anonymous_4)
FNDA:0,(anonymous_5)
FNDA:0,(anonymous_6)
FNDA:0,(anonymous_7)
FNDA:0,(anonymous_8)
FNDA:0,(anonymous_9)
FNDA:0,(anonymous_10)
FNDA:0,(anonymous_11)
FNDA:0,(anonymous_12)
FNDA:0,(anonymous_13)
FNDA:0,(anonymous_14)
FNDA:0,(anonymous_15)
FNDA:0,(anonymous_16)
FNDA:0,(anonymous_17)
FNDA:0,(anonymous_18)
FNDA:0,(anonymous_19)
FNDA:0,(anonymous_20)
FNDA:0,(anonymous_21)
FNDA:0,(anonymous_22)
FNDA:0,(anonymous_23)
FNDA:0,(anonymous_24)
FNDA:0,(anonymous_25)
FNDA:0,(anonymous_26)
FNDA:0,(anonymous_27)
FNDA:0,(anonymous_28)
FNDA:0,(anonymous_29)
FNDA:0,(anonymous_30)
FNDA:0,(anonymous_31)
FNDA:0,(anonymous_32)
DA:13,0
DA:14,0
DA:15,0
DA:17,0
DA:18,0
DA:19,0
DA:22,0
DA:23,0
DA:24,0
DA:27,0
DA:28,0
DA:36,0
DA:37,0
DA:38,0
DA:46,0
DA:47,0
DA:48,0
DA:49,0
DA:57,0
DA:58,0
DA:59,0
DA:61,0
DA:62,0
DA:64,0
DA:65,0
DA:67,0
DA:68,0
DA:69,0
DA:70,0
DA:75,0
DA:78,0
DA:79,0
DA:87,0
DA:88,0
DA:96,0
DA:97,0
DA:105,0
DA:108,0
DA:109,0
DA:110,0
DA:111,0
DA:112,0
DA:113,0
DA:114,0
DA:115,0
DA:116,0
DA:117,0
DA:121,0
DA:123,0
DA:125,0
DA:126,0
DA:130,0
DA:131,0
DA:132,0
DA:133,0
DA:134,0
DA:135,0
DA:136,0
DA:138,0
DA:139,0
DA:140,0
DA:141,0
DA:142,0
DA:143,0
DA:144,0
DA:145,0
DA:150,0
DA:153,0
DA:154,0
DA:156,0
DA:159,0
DA:160,0
DA:161,0
DA:162,0
DA:163,0
DA:164,0
DA:165,0
DA:168,0
DA:169,0
DA:170,0
DA:171,0
DA:174,0
DA:175,0
DA:176,0
DA:177,0
DA:181,0
DA:182,0
DA:184,0
DA:185,0
DA:187,0
DA:189,0
DA:190,0
DA:191,0
DA:192,0
DA:194,0
DA:195,0
DA:197,0
DA:198,0
DA:199,0
DA:200,0
DA:201,0
DA:202,0
DA:204,0
DA:205,0
DA:206,0
DA:211,0
DA:212,0
DA:214,0
DA:215,0
DA:217,0
DA:222,0
DA:224,0
DA:225,0
DA:227,0
DA:228,0
DA:230,0
DA:231,0
DA:232,0
DA:233,0
DA:234,0
DA:235,0
DA:237,0
DA:238,0
DA:243,0
DA:244,0
DA:246,0
DA:247,0
DA:249,0
DA:251,0
DA:252,0
DA:255,0
DA:256,0
DA:260,0
DA:266,0
DA:267,0
DA:268,0
DA:269,0
DA:272,0
DA:273,0
DA:274,0
DA:275,0
DA:276,0
DA:279,0
DA:280,0
DA:281,0
DA:284,0
DA:285,0
DA:286,0
DA:288,0
DA:289,0
DA:290,0
DA:291,0
DA:293,0
DA:294,0
DA:296,0
DA:297,0
DA:298,0
DA:299,0
DA:304,0
DA:306,0
DA:307,0
DA:308,0
DA:309,0
DA:310,0
DA:312,0
DA:313,0
DA:314,0
DA:316,0
DA:317,0
DA:323,0
DA:324,0
DA:329,0
DA:333,0
DA:334,0
DA:335,0
DA:336,0
DA:337,0
DA:338,0
DA:339,0
DA:340,0
DA:341,0
DA:345,0
DA:346,0
DA:348,0
DA:349,0
DA:351,0
DA:352,0
DA:355,0
DA:356,0
DA:361,0
DA:362,0
DA:363,0
DA:364,0
DA:365,0
DA:366,0
DA:368,0
DA:369,0
DA:371,0
DA:372,0
DA:373,0
DA:375,0
DA:376,0
DA:378,0
DA:379,0
DA:382,0
DA:384,0
DA:385,0
DA:386,0
DA:387,0
DA:390,0
DA:391,0
DA:392,0
DA:399,0
DA:400,0
DA:407,0
DA:412,0
DA:413,0
DA:414,0
DA:416,0
DA:417,0
DA:418,0
DA:419,0
DA:425,0
DA:426,0
DA:428,0
DA:429,0
DA:431,0
DA:432,0
DA:435,0
DA:436,0
DA:441,0
DA:442,0
DA:443,0
DA:444,0
DA:445,0
DA:448,0
DA:449,0
DA:450,0
DA:451,0
DA:452,0
DA:453,0
DA:454,0
DA:455,0
DA:460,0
DA:461,0
DA:463,0
DA:464,0
DA:465,0
DA:466,0
DA:467,0
DA:468,0
DA:470,0
DA:471,0
DA:472,0
DA:473,0
DA:474,0
DA:475,0
DA:476,0
DA:477,0
DA:478,0
DA:479,0
DA:480,0
DA:481,0
DA:484,0
DA:489,0
DA:490,0
DA:491,0
DA:493,0
DA:494,0
DA:495,0
DA:496,0
DA:497,0
DA:498,0
DA:499,0
DA:500,0
DA:501,0
DA:502,0
DA:507,0
DA:508,0
DA:509,0
DA:513,0
DA:514,0
DA:515,0
DA:517,0
DA:519,0
DA:520,0
DA:523,0
DA:524,0
DA:526,0
DA:527,0
DA:528,0
DA:529,0
DA:530,0
DA:531,0
DA:532,0
DA:534,0
DA:535,0
DA:537,0
DA:541,0
DA:542,0
DA:543,0
DA:544,0
DA:545,0
DA:548,0
DA:549,0
DA:553,0
DA:554,0
DA:555,0
DA:556,0
DA:559,0
DA:560,0
DA:561,0
DA:563,0
DA:564,0
DA:565,0
DA:566,0
DA:568,0
DA:571,0
DA:572,0
DA:575,0
DA:576,0
DA:579,0
DA:584,0
DA:587,0
DA:588,0
DA:589,0
DA:590,0
DA:592,0
DA:593,0
DA:594,0
DA:595,0
DA:596,0
DA:597,0
DA:598,0
DA:600,0
DA:601,0
DA:602,0
DA:603,0
DA:604,0
DA:605,0
DA:606,0
DA:609,0
DA:619,0
DA:620,0
DA:621,0
DA:622,0
DA:625,0
DA:626,0
DA:627,0
DA:628,0
DA:631,0
DA:632,0
DA:633,0
DA:634,0
DA:635,0
DA:637,0
DA:638,0
DA:644,0
DA:645,0
DA:646,0
DA:647,0
DA:651,0
DA:655,0
DA:656,0
DA:659,0
DA:660,0
DA:662,0
DA:667,0
DA:668,0
DA:671,0
LF:370
LH:0
BRDA:109,0,0,0
BRDA:109,0,1,0
BRDA:112,1,0,0
BRDA:112,1,1,0
BRDA:115,2,0,0
BRDA:115,2,1,0
BRDA:140,3,0,0
BRDA:140,3,1,0
BRDA:142,4,0,0
BRDA:142,4,1,0
BRDA:144,5,0,0
BRDA:144,5,1,0
BRDA:159,6,0,0
BRDA:159,6,1,0
BRDA:168,7,0,0
BRDA:168,7,1,0
BRDA:174,8,0,0
BRDA:174,8,1,0
BRDA:198,9,0,0
BRDA:198,9,1,0
BRDA:205,10,0,0
BRDA:205,10,1,0
BRDA:231,11,0,0
BRDA:231,11,1,0
BRDA:266,12,0,0
BRDA:266,12,1,0
BRDA:279,13,0,0
BRDA:279,13,1,0
BRDA:293,14,0,0
BRDA:293,14,1,0
BRDA:304,15,0,0
BRDA:304,15,1,0
BRDA:313,16,0,0
BRDA:313,16,1,0
BRDA:313,17,0,0
BRDA:313,17,1,0
BRDA:313,17,2,0
BRDA:313,17,3,0
BRDA:317,18,0,0
BRDA:317,18,1,0
BRDA:318,19,0,0
BRDA:318,19,1,0
BRDA:318,19,2,0
BRDA:318,19,3,0
BRDA:348,20,0,0
BRDA:348,20,1,0
BRDA:348,21,0,0
BRDA:348,21,1,0
BRDA:349,22,0,0
BRDA:349,22,1,0
BRDA:349,23,0,0
BRDA:349,23,1,0
BRDA:351,24,0,0
BRDA:351,24,1,0
BRDA:351,25,0,0
BRDA:351,25,1,0
BRDA:355,26,0,0
BRDA:355,26,1,0
BRDA:361,27,0,0
BRDA:361,27,1,0
BRDA:362,28,0,0
BRDA:362,28,1,0
BRDA:362,29,0,0
BRDA:362,29,1,0
BRDA:373,30,0,0
BRDA:373,30,1,0
BRDA:376,31,0,0
BRDA:376,31,1,0
BRDA:379,32,0,0
BRDA:379,32,1,0
BRDA:382,33,0,0
BRDA:382,33,1,0
BRDA:399,34,0,0
BRDA:399,34,1,0
BRDA:399,35,0,0
BRDA:399,35,1,0
BRDA:399,35,2,0
BRDA:407,36,0,0
BRDA:407,36,1,0
BRDA:407,37,0,0
BRDA:407,37,1,0
BRDA:407,37,2,0
BRDA:413,38,0,0
BRDA:413,38,1,0
BRDA:413,39,0,0
BRDA:413,39,1,0
BRDA:428,40,0,0
BRDA:428,40,1,0
BRDA:428,41,0,0
BRDA:428,41,1,0
BRDA:429,42,0,0
BRDA:429,42,1,0
BRDA:429,43,0,0
BRDA:429,43,1,0
BRDA:431,44,0,0
BRDA:431,44,1,0
BRDA:431,45,0,0
BRDA:431,45,1,0
BRDA:441,46,0,0
BRDA:441,46,1,0
BRDA:459,47,0,0
BRDA:463,48,0,0
BRDA:463,48,1,0
BRDA:463,49,0,0
BRDA:463,49,1,0
BRDA:464,50,0,0
BRDA:464,50,1,0
BRDA:470,51,0,0
BRDA:470,51,1,0
BRDA:471,52,0,0
BRDA:471,52,1,0
BRDA:490,53,0,0
BRDA:490,53,1,0
BRDA:490,54,0,0
BRDA:490,54,1,0
BRDA:517,55,0,0
BRDA:517,55,1,0
BRDA:517,56,0,0
BRDA:517,56,1,0
BRDA:517,56,2,0
BRDA:517,56,3,0
BRDA:524,57,0,0
BRDA:524,57,1,0
BRDA:526,58,0,0
BRDA:526,58,1,0
BRDA:528,59,0,0
BRDA:528,59,1,0
BRDA:530,60,0,0
BRDA:530,60,1,0
BRDA:541,61,0,0
BRDA:541,61,1,0
BRDA:544,62,0,0
BRDA:544,62,1,0
BRDA:544,63,0,0
BRDA:544,63,1,0
BRDA:548,64,0,0
BRDA:548,64,1,0
BRDA:555,65,0,0
BRDA:555,65,1,0
BRDA:555,66,0,0
BRDA:555,66,1,0
BRDA:559,67,0,0
BRDA:559,67,1,0
BRDA:568,68,0,0
BRDA:568,68,1,0
BRDA:568,69,0,0
BRDA:568,69,1,0
BRDA:568,69,2,0
BRDA:568,69,3,0
BRDA:575,70,0,0
BRDA:575,70,1,0
BRDA:587,71,0,0
BRDA:587,71,1,0
BRDA:588,72,0,0
BRDA:588,72,1,0
BRDA:601,73,0,0
BRDA:601,73,1,0
BRDA:603,74,0,0
BRDA:603,74,1,0
BRDA:620,75,0,0
BRDA:620,75,1,0
BRDA:626,76,0,0
BRDA:626,76,1,0
BRDA:632,77,0,0
BRDA:632,77,1,0
BRDA:646,78,0,0
BRDA:646,78,1,0
BRDA:656,79,0,0
BRDA:656,79,1,0
BRDA:656,80,0,0
BRDA:656,80,1,0
BRDA:660,81,0,0
BRDA:660,81,1,0
BRDA:660,82,0,0
BRDA:660,82,1,0
BRDA:660,82,2,0
BRDA:660,82,3,0
BRDA:668,83,0,0
BRDA:668,83,1,0
BRDA:668,84,0,0
BRDA:668,84,1,0
BRF:181
BRH:0
end_of_record
TN:
SF:src/Isometric.ts
FN:12,gridToScreen
FN:18,screenToGrid
FN:24,isPointInPolygon
FNF:3
FNH:0
FNDA:0,gridToScreen
FNDA:0,screenToGrid
FNDA:0,isPointInPolygon
DA:3,0
DA:4,0
DA:5,0
DA:13,0
DA:14,0
DA:15,0
DA:19,0
DA:20,0
DA:21,0
DA:25,0
DA:26,0
DA:27,0
DA:28,0
DA:30,0
DA:32,0
DA:34,0
LF:16
LH:0
BRDA:30,0,0,0
BRDA:30,0,1,0
BRDA:32,1,0,0
BRDA:32,1,1,0
BRF:4
BRH:0
end_of_record
TN:
SF:src/Map.ts
FN:10,(anonymous_0)
FN:16,(anonymous_1)
FN:37,(anonymous_2)
FN:42,(anonymous_3)
FNF:4
FNH:0
FNDA:0,(anonymous_0)
FNDA:0,(anonymous_1)
FNDA:0,(anonymous_2)
FNDA:0,(anonymous_3)
DA:11,0
DA:12,0
DA:13,0
DA:17,0
DA:18,0
DA:19,0
DA:20,0
DA:21,0
DA:23,0
DA:24,0
DA:25,0
DA:27,0
DA:28,0
DA:30,0
DA:34,0
DA:38,0
DA:43,0
DA:44,0
DA:45,0
LF:19
LH:0
BRDA:23,0,0,0
BRDA:23,0,1,0
BRDA:23,1,0,0
BRDA:23,1,1,0
BRDA:25,2,0,0
BRDA:25,2,1,0
BRDA:44,3,0,0
BRDA:44,3,1,0
BRDA:44,4,0,0
BRDA:44,4,1,0
BRF:10
BRH:0
end_of_record
TN:
SF:src/PizzaCreator.ts
FN:45,(anonymous_0)
FN:24,isInside
FN:28,distance
FN:99,(anonymous_3)
FN:101,(anonymous_4)
FN:108,(anonymous_5)
FN:113,(anonymous_6)
FN:114,(anonymous_7)
FN:116,(anonymous_8)
FN:122,(anonymous_9)
FN:126,(anonymous_10)
FN:132,(anonymous_11)
FN:187,(anonymous_12)
FN:195,(anonymous_13)
FN:209,(anonymous_14)
FN:214,(anonymous_15)
FN:221,(anonymous_16)
FN:232,(anonymous_17)
FN:251,(anonymous_18)
FN:258,(anonymous_19)
FN:279,(anonymous_20)
FN:292,(anonymous_21)
FN:312,(anonymous_22)
FN:331,(anonymous_23)
FN:336,(anonymous_24)
FNF:25
FNH:7
FNDA:68,(anonymous_0)
FNDA:0,isInside
FNDA:0,distance
FNDA:2,(anonymous_3)
FNDA:0,(anonymous_4)
FNDA:0,(anonymous_5)
FNDA:2,(anonymous_6)
FNDA:3,(anonymous_7)
FNDA:3,(anonymous_8)
FNDA:1,(anonymous_9)
FNDA:1,(anonymous_10)
FNDA:0,(anonymous_11)
FNDA:0,(anonymous_12)
FNDA:0,(anonymous_13)
FNDA:0,(anonymous_14)
FNDA:0,(anonymous_15)
FNDA:0,(anonymous_16)
FNDA:0,(anonymous_17)
FNDA:0,(anonymous_18)
FNDA:0,(anonymous_19)
FNDA:0,(anonymous_20)
FNDA:0,(anonymous_21)
FNDA:0,(anonymous_22)
FNDA:0,(anonymous_23)
FNDA:0,(anonymous_24)
DA:24,0
DA:25,0
DA:28,0
DA:29,0
DA:33,1
DA:45,1
DA:67,2
DA:70,2
DA:71,2
DA:72,2
DA:73,2
DA:74,2
DA:75,2
DA:76,2
DA:79,2
DA:80,2
DA:81,2
DA:82,2
DA:83,2
DA:84,2
DA:85,2
DA:88,2
DA:94,2
DA:96,2
DA:97,2
DA:99,2
DA:101,0
DA:102,0
DA:103,0
DA:104,0
DA:105,0
DA:108,0
DA:109,0
DA:110,0
DA:113,2
DA:114,3
DA:115,2
DA:116,3
DA:118,2
DA:119,2
DA:122,1
DA:123,1
DA:124,1
DA:126,1
DA:132,0
DA:133,0
DA:140,0
DA:141,0
DA:142,0
DA:144,0
DA:148,0
DA:150,0
DA:155,0
DA:157,0
DA:162,0
DA:164,0
DA:169,0
DA:171,0
DA:176,0
DA:178,0
DA:187,0
DA:188,0
DA:189,0
DA:190,0
DA:192,0
DA:194,0
DA:195,0
DA:196,0
DA:201,0
DA:202,0
DA:203,0
DA:204,0
DA:205,0
DA:206,0
DA:207,0
DA:209,0
DA:210,0
DA:211,0
DA:212,0
DA:213,0
DA:214,0
DA:215,0
DA:216,0
DA:218,0
DA:221,0
DA:222,0
DA:223,0
DA:224,0
DA:226,0
DA:227,0
DA:228,0
DA:229,0
DA:232,0
DA:233,0
DA:234,0
DA:236,0
DA:237,0
DA:239,0
DA:241,0
DA:242,0
DA:248,0
DA:250,0
DA:251,0
DA:252,0
DA:254,0
DA:255,0
DA:258,0
DA:259,0
DA:260,0
DA:261,0
DA:263,0
DA:264,0
DA:265,0
DA:266,0
DA:267,0
DA:268,0
DA:269,0
DA:270,0
DA:271,0
DA:272,0
DA:274,0
DA:275,0
DA:276,0
DA:279,0
DA:280,0
DA:282,0
DA:283,0
DA:284,0
DA:285,0
DA:286,0
DA:287,0
DA:288,0
DA:292,0
DA:293,0
DA:295,0
DA:296,0
DA:298,0
DA:299,0
DA:301,0
DA:302,0
DA:303,0
DA:304,0
DA:305,0
DA:307,0
DA:308,0
DA:309,0
DA:310,0
DA:312,0
DA:313,0
DA:314,0
DA:315,0
DA:316,0
DA:317,0
DA:319,0
DA:321,0
DA:322,0
DA:323,0
DA:324,0
DA:325,0
DA:326,0
DA:327,0
DA:328,0
DA:331,0
DA:332,0
DA:333,0
DA:334,0
DA:336,0
DA:337,0
DA:338,0
DA:339,0
DA:341,0
DA:342,0
DA:343,0
DA:344,0
DA:346,0
DA:347,0
DA:348,0
DA:350,0
DA:351,0
DA:352,0
DA:353,0
DA:354,0
DA:355,0
DA:356,0
DA:357,0
DA:359,0
DA:360,0
DA:361,0
DA:362,0
DA:363,0
DA:365,0
DA:366,0
DA:367,0
DA:368,0
DA:369,0
DA:370,0
DA:372,0
DA:373,0
DA:374,0
DA:375,0
DA:376,0
DA:377,0
DA:378,0
DA:379,0
DA:380,0
DA:381,0
DA:382,0
DA:383,0
DA:385,0
LF:209
LH:32
BRDA:25,0,0,0
BRDA:25,0,1,0
BRDA:25,0,2,0
BRDA:25,0,3,0
BRDA:115,1,0,2
BRDA:115,1,1,0
BRDA:188,2,0,0
BRDA:188,2,1,0
BRDA:194,3,0,0
BRDA:194,3,1,0
BRDA:202,4,0,0
BRDA:202,4,1,0
BRDA:210,5,0,0
BRDA:210,5,1,0
BRDA:222,6,0,0
BRDA:222,6,1,0
BRDA:222,7,0,0
BRDA:222,7,1,0
BRDA:226,8,0,0
BRDA:226,8,1,0
BRDA:233,9,0,0
BRDA:233,9,1,0
BRDA:233,10,0,0
BRDA:233,10,1,0
BRDA:241,11,0,0
BRDA:241,11,1,0
BRDA:241,12,0,0
BRDA:241,12,1,0
BRDA:250,13,0,0
BRDA:250,13,1,0
BRDA:250,14,0,0
BRDA:250,14,1,0
BRDA:259,15,0,0
BRDA:259,15,1,0
BRDA:263,16,0,0
BRDA:263,16,1,0
BRDA:267,17,0,0
BRDA:267,17,1,0
BRDA:274,18,0,0
BRDA:274,18,1,0
BRDA:280,19,0,0
BRDA:280,19,1,0
BRDA:280,20,0,0
BRDA:280,20,1,0
BRDA:282,21,0,0
BRDA:282,21,1,0
BRDA:284,22,0,0
BRDA:284,22,1,0
BRDA:286,23,0,0
BRDA:286,23,1,0
BRDA:286,24,0,0
BRDA:286,24,1,0
BRDA:293,25,0,0
BRDA:293,25,1,0
BRDA:321,26,0,0
BRDA:321,26,1,0
BRDA:321,27,0,0
BRDA:321,27,1,0
BRDA:350,28,0,0
BRDA:350,28,1,0
BRDA:354,29,0,0
BRDA:354,29,1,0
BRDA:354,30,0,0
BRDA:354,30,1,0
BRF:64
BRH:1
end_of_record
TN:
SF:src/UIManager.ts
FN:9,(anonymous_0)
FN:15,(anonymous_1)
FN:18,(anonymous_2)
FN:31,(anonymous_3)
FNF:4
FNH:0
FNDA:0,(anonymous_0)
FNDA:0,(anonymous_1)
FNDA:0,(anonymous_2)
FNDA:0,(anonymous_3)
DA:10,0
DA:11,0
DA:12,0
DA:13,0
DA:15,0
DA:19,0
DA:22,0
DA:23,0
DA:24,0
DA:26,0
DA:28,0
DA:32,0
LF:12
LH:0
BRF:0
BRH:0
end_of_record
TN:
SF:src/main.ts
FN:3,(anonymous_0)
FNF:1
FNH:0
FNDA:0,(anonymous_0)
DA:1,0
DA:4,0
DA:5,0
DA:6,0
LF:4
LH:0
BRF:0
BRH:0
end_of_record
TN:
SF:src/model/Customer.ts
FN:14,(anonymous_0)
FNF:1
FNH:0
FNDA:0,(anonymous_0)
DA:14,0
DA:15,0
DA:16,0
DA:17,0
DA:18,0
DA:19,0
DA:20,0
DA:21,0
DA:22,0
LF:9
LH:0
BRF:0
BRH:0
end_of_record
TN:
SF:src/model/Employee.ts
FN:14,(anonymous_0)
FN:26,(anonymous_1)
FN:34,(anonymous_2)
FN:39,(anonymous_3)
FN:50,(anonymous_4)
FN:51,(anonymous_5)
FN:52,(anonymous_6)
FN:89,(anonymous_7)
FN:100,(anonymous_8)
FN:104,(anonymous_9)
FN:108,(anonymous_10)
FN:124,(anonymous_11)
FN:128,(anonymous_12)
FN:130,(anonymous_13)
FN:147,(anonymous_14)
FN:161,(anonymous_15)
FN:171,(anonymous_16)
FNF:17
FNH:0
FNDA:0,(anonymous_0)
FNDA:0,(anonymous_1)
FNDA:0,(anonymous_2)
FNDA:0,(anonymous_3)
FNDA:0,(anonymous_4)
FNDA:0,(anonymous_5)
FNDA:0,(anonymous_6)
FNDA:0,(anonymous_7)
FNDA:0,(anonymous_8)
FNDA:0,(anonymous_9)
FNDA:0,(anonymous_10)
FNDA:0,(anonymous_11)
FNDA:0,(anonymous_12)
FNDA:0,(anonymous_13)
FNDA:0,(anonymous_14)
FNDA:0,(anonymous_15)
FNDA:0,(anonymous_16)
DA:10,0
DA:11,0
DA:12,0
DA:15,0
DA:16,0
DA:17,0
DA:18,0
DA:20,0
DA:21,0
DA:22,0
DA:23,0
DA:27,0
DA:28,0
DA:29,0
DA:30,0
DA:35,0
DA:37,0
DA:39,0
DA:41,0
DA:43,0
DA:46,0
DA:50,0
DA:51,0
DA:52,0
DA:53,0
DA:58,0
DA:61,0
DA:63,0
DA:64,0
DA:65,0
DA:67,0
DA:68,0
DA:69,0
DA:72,0
DA:73,0
DA:74,0
DA:75,0
DA:76,0
DA:78,0
DA:81,0
DA:82,0
DA:83,0
DA:84,0
DA:85,0
DA:86,0
DA:88,0
DA:89,0
DA:91,0
DA:92,0
DA:95,0
DA:101,0
DA:103,0
DA:104,0
DA:105,0
DA:108,0
DA:109,0
DA:110,0
DA:111,0
DA:112,0
DA:116,0
DA:117,0
DA:119,0
DA:123,0
DA:124,0
DA:125,0
DA:126,0
DA:128,0
DA:130,0
DA:131,0
DA:132,0
DA:133,0
DA:137,0
DA:138,0
DA:142,0
DA:147,0
DA:148,0
DA:149,0
DA:150,0
DA:151,0
DA:152,0
DA:154,0
DA:162,0
DA:163,0
DA:164,0
DA:165,0
DA:166,0
DA:167,0
DA:172,0
DA:173,0
DA:174,0
LF:90
LH:0
BRDA:23,0,0,0
BRDA:23,0,1,0
BRDA:27,1,0,0
BRDA:27,1,1,0
BRDA:29,2,0,0
BRDA:29,2,1,0
BRDA:37,3,0,0
BRDA:37,3,1,0
BRDA:41,4,0,0
BRDA:41,4,1,0
BRDA:43,5,0,0
BRDA:43,5,1,0
BRDA:53,6,0,0
BRDA:53,6,1,0
BRDA:53,6,2,0
BRDA:53,6,3,0
BRDA:61,7,0,0
BRDA:61,7,1,0
BRDA:72,8,0,0
BRDA:72,8,1,0
BRDA:74,9,0,0
BRDA:74,9,1,0
BRDA:75,10,0,0
BRDA:75,10,1,0
BRDA:75,11,0,0
BRDA:75,11,1,0
BRDA:81,12,0,0
BRDA:81,12,1,0
BRDA:82,13,0,0
BRDA:82,13,1,0
BRDA:84,14,0,0
BRDA:84,14,1,0
BRDA:103,15,0,0
BRDA:103,15,1,0
BRDA:105,16,0,0
BRDA:105,16,1,0
BRDA:109,17,0,0
BRDA:109,17,1,0
BRDA:116,18,0,0
BRDA:116,18,1,0
BRDA:119,19,0,0
BRDA:119,19,1,0
BRDA:123,20,0,0
BRDA:123,20,1,0
BRDA:125,21,0,0
BRDA:125,21,1,0
BRDA:131,22,0,0
BRDA:131,22,1,0
BRDA:148,23,0,0
BRDA:148,23,1,0
BRDA:148,24,0,0
BRDA:148,24,1,0
BRDA:165,25,0,0
BRDA:165,25,1,0
BRF:54
BRH:0
end_of_record
TN:
SF:src/model/Furniture.ts
FNF:0
FNH:0
LF:0
LH:0
BRF:0
BRH:0
end_of_record
TN:
SF:src/model/FurnitureCatalog.ts
FNF:0
FNH:0
DA:3,0
LF:1
LH:0
BRF:0
BRH:0
end_of_record
TN:
SF:src/model/GameState.ts
FN:27,(anonymous_0)
FN:13,(anonymous_1)
FN:20,(anonymous_2)
FN:31,(anonymous_3)
FN:35,(anonymous_4)
FN:39,(anonymous_5)
FNF:6
FNH:6
FNDA:67,(anonymous_0)
FNDA:5,(anonymous_1)
FNDA:2,(anonymous_2)
FNDA:3,(anonymous_3)
FNDA:1,(anonymous_4)
FNDA:1,(anonymous_5)
DA:13,5
DA:14,5
DA:15,5
DA:16,5
DA:17,5
DA:20,6
DA:21,6
DA:22,5
DA:23,6
DA:24,6
DA:27,2
DA:28,1
DA:31,3
DA:32,3
DA:35,1
DA:36,1
DA:39,1
DA:40,1
LF:18
LH:18
BRDA:21,0,0,5
BRDA:21,0,1,1
BRF:2
BRH:2
end_of_record
TN:
SF:src/model/Ingredient.ts
FN:4,(anonymous_0)
FNF:1
FNH:1
FNDA:5,(anonymous_0)
DA:5,5
DA:6,5
DA:7,5
DA:8,5
DA:9,5
LF:5
LH:5
BRF:0
BRH:0
end_of_record
TN:
SF:src/model/Order.ts
FNF:0
FNH:0
LF:0
LH:0
BRF:0
BRH:0
end_of_record
TN:
SF:src/model/Pizza.ts
FN:4,(anonymous_0)
FN:10,(anonymous_1)
FN:12,(anonymous_2)
FNF:3
FNH:3
FNDA:1,(anonymous_0)
FNDA:1,(anonymous_1)
FNDA:2,(anonymous_2)
DA:5,1
DA:6,1
DA:7,1
DA:8,1
DA:10,1
DA:11,1
DA:12,2
LF:7
LH:7
BRF:0
BRH:0
end_of_record
TN:
SF:src/model/PizzaRecipe.ts
FNF:0
FNH:0
LF:0
LH:0
BRF:0
BRH:0
end_of_record
TN:
SF:src/model/Player.ts
FN:21,(anonymous_0)
FN:4,(anonymous_1)
FN:8,(anonymous_2)
FN:12,(anonymous_3)
FN:18,(anonymous_4)
FNF:5
FNH:5
FNDA:61,(anonymous_0)
FNDA:11,(anonymous_1)
FNDA:7,(anonymous_2)
FNDA:2,(anonymous_3)
FNDA:3,(anonymous_4)
DA:4,11
DA:5,11
DA:8,7
DA:9,7
DA:12,2
DA:13,2
DA:14,1
DA:15,1
DA:18,3
DA:19,3
DA:20,1
DA:21,3
DA:22,2
DA:23,2
LF:14
LH:14
BRDA:13,0,0,1
BRDA:13,0,1,1
BRDA:19,1,0,1
BRDA:19,1,1,2
BRDA:19,2,0,3
BRDA:19,2,1,2
BRF:6
BRH:6
end_of_record
TN:
SF:src/model/Restaurant.ts
FN:21,(anonymous_0)
FN:24,(anonymous_1)
FN:28,(anonymous_2)
FN:37,(anonymous_3)
FN:43,(anonymous_4)
FN:47,(anonymous_5)
FN:52,(anonymous_6)
FN:61,(anonymous_7)
FN:68,(anonymous_8)
FN:80,(anonymous_9)
FN:81,(anonymous_10)
FN:82,(anonymous_11)
FN:84,(anonymous_12)
FN:96,(anonymous_13)
FN:101,(anonymous_14)
FN:165,(anonymous_15)
FN:171,(anonymous_16)
FN:177,(anonymous_17)
FNF:18
FNH:3
FNDA:187,(anonymous_0)
FNDA:9,(anonymous_1)
FNDA:0,(anonymous_2)
FNDA:0,(anonymous_3)
FNDA:0,(anonymous_4)
FNDA:0,(anonymous_5)
FNDA:0,(anonymous_6)
FNDA:0,(anonymous_7)
FNDA:0,(anonymous_8)
FNDA:0,(anonymous_9)
FNDA:0,(anonymous_10)
FNDA:0,(anonymous_11)
FNDA:0,(anonymous_12)
FNDA:0,(anonymous_13)
FNDA:0,(anonymous_14)
FNDA:0,(anonymous_15)
FNDA:0,(anonymous_16)
FNDA:7,(anonymous_17)
DA:12,9
DA:13,9
DA:14,9
DA:15,9
DA:16,9
DA:17,9
DA:18,9
DA:19,9
DA:21,9
DA:22,9
DA:24,9
DA:25,9
DA:28,0
DA:30,0
DA:31,0
DA:32,0
DA:33,0
DA:34,0
DA:37,0
DA:38,0
DA:42,0
DA:43,0
DA:44,0
DA:45,0
DA:47,0
DA:52,0
DA:54,0
DA:55,0
DA:56,0
DA:57,0
DA:58,0
DA:61,0
DA:62,0
DA:63,0
DA:64,0
DA:68,0
DA:69,0
DA:70,0
DA:71,0
DA:72,0
DA:73,0
DA:74,0
DA:75,0
DA:80,0
DA:81,0
DA:82,0
DA:83,0
DA:84,0
DA:85,0
DA:86,0
DA:88,0
DA:89,0
DA:90,0
DA:91,0
DA:92,0
DA:93,0
DA:96,0
DA:97,0
DA:99,0
DA:100,0
DA:101,0
DA:102,0
DA:103,0
DA:104,0
DA:105,0
DA:107,0
DA:108,0
DA:109,0
DA:110,0
DA:111,0
DA:112,0
DA:113,0
DA:115,0
DA:116,0
DA:118,0
DA:119,0
DA:120,0
DA:121,0
DA:124,0
DA:131,0
DA:132,0
DA:134,0
DA:135,0
DA:136,0
DA:137,0
DA:138,0
DA:140,0
DA:141,0
DA:142,0
DA:143,0
DA:144,0
DA:145,0
DA:146,0
DA:147,0
DA:148,0
DA:149,0
DA:150,0
DA:151,0
DA:152,0
DA:153,0
DA:154,0
DA:156,0
DA:157,0
DA:158,0
DA:159,0
DA:160,0
DA:162,0
DA:165,0
DA:166,0
DA:171,0
DA:173,0
DA:174,0
DA:177,7
DA:178,7
DA:179,2
DA:180,5
DA:182,5
DA:183,3
DA:188,2
DA:189,2
DA:190,1
DA:193,3
DA:197,3
DA:198,3
DA:199,3
LF:125
LH:25
BRDA:31,0,0,0
BRDA:31,0,1,0
BRDA:55,1,0,0
BRDA:55,1,1,0
BRDA:56,2,0,0
BRDA:56,2,1,0
BRDA:63,3,0,0
BRDA:63,3,1,0
BRDA:70,4,0,0
BRDA:70,4,1,0
BRDA:71,5,0,0
BRDA:71,5,1,0
BRDA:88,6,0,0
BRDA:88,6,1,0
BRDA:99,7,0,0
BRDA:99,7,1,0
BRDA:100,8,0,0
BRDA:100,8,1,0
BRDA:102,9,0,0
BRDA:102,9,1,0
BRDA:107,10,0,0
BRDA:107,10,1,0
BRDA:119,11,0,0
BRDA:119,11,1,0
BRDA:120,12,0,0
BRDA:120,12,1,0
BRDA:140,13,0,0
BRDA:140,13,1,0
BRDA:142,14,0,0
BRDA:142,14,1,0
BRDA:143,15,0,0
BRDA:143,15,1,0
BRDA:149,16,0,0
BRDA:149,16,1,0
BRDA:156,17,0,0
BRDA:156,17,1,0
BRDA:173,18,0,0
BRDA:173,18,1,0
BRDA:173,19,0,0
BRDA:173,19,1,0
BRDA:173,19,2,0
BRDA:173,19,3,0
BRDA:178,20,0,2
BRDA:178,20,1,5
BRDA:178,21,0,7
BRDA:178,21,1,6
BRDA:178,21,2,6
BRDA:178,21,3,5
BRDA:183,22,0,2
BRDA:183,22,1,1
BRDA:184,23,0,3
BRDA:184,23,1,3
BRDA:184,23,2,2
BRDA:184,23,3,2
BRF:54
BRH:12
end_of_record
TN:
SF:src/model/Tile.ts
FNF:0
FNH:0
LF:0
LH:0
BRF:0
BRH:0
end_of_record
TN:
SF:src/model/enums.ts
FN:16,(anonymous_0)
FN:1,(anonymous_1)
FN:8,(anonymous_2)
FN:13,(anonymous_3)
FN:19,(anonymous_4)
FN:27,(anonymous_5)
FN:34,(anonymous_6)
FN:42,(anonymous_7)
FNF:8
FNH:8
FNDA:120,(anonymous_0)
FNDA:2,(anonymous_1)
FNDA:2,(anonymous_2)
FNDA:2,(anonymous_3)
FNDA:2,(anonymous_4)
FNDA:2,(anonymous_5)
FNDA:2,(anonymous_6)
FNDA:2,(anonymous_7)
DA:1,2
DA:2,2
DA:3,2
DA:4,2
DA:5,2
DA:8,2
DA:9,2
DA:10,2
DA:13,2
DA:14,2
DA:15,2
DA:16,2
DA:19,2
DA:20,2
DA:21,2
DA:22,2
DA:23,2
DA:24,2
DA:27,2
DA:28,2
DA:29,2
DA:30,2
DA:31,2
DA:34,2
DA:35,2
DA:36,2
DA:37,2
DA:38,2
DA:39,2
DA:42,2
DA:43,2
DA:44,2
LF:32
LH:32
BRDA:1,0,0,2
BRDA:1,0,1,2
BRDA:8,1,0,2
BRDA:8,1,1,2
BRDA:13,2,0,2
BRDA:13,2,1,2
BRDA:19,3,0,2
BRDA:19,3,1,2
BRDA:27,4,0,2
BRDA:27,4,1,2
BRDA:34,5,0,2
BRDA:34,5,1,2
BRDA:42,6,0,2
BRDA:42,6,1,2
BRF:14
BRH:14
end_of_record
TN:
SF:src/model/ingredientDefinitions.ts
FNF:0
FNH:0
DA:11,0
LF:1
LH:0
BRF:0
BRH:0
end_of_record
TN:
SF:src/model/initialData.ts
FN:11,loadInitialData
FN:13,(anonymous_1)
FNF:2
FNH:0
FNDA:0,loadInitialData
FNDA:0,(anonymous_1)
DA:13,0
DA:14,0
DA:15,0
DA:19,0
DA:20,0
DA:21,0
DA:24,0
DA:25,0
DA:28,0
DA:31,0
DA:32,0
DA:33,0
DA:36,0
DA:40,0
DA:41,0
DA:42,0
DA:43,0
DA:44,0
DA:45,0
DA:46,0
DA:51,0
DA:52,0
DA:55,0
LF:23
LH:0
BRDA:41,0,0,0
BRDA:41,0,1,0
BRDA:42,1,0,0
BRDA:42,1,1,0
BRDA:44,2,0,0
BRDA:44,2,1,0
BRDA:44,3,0,0
BRDA:44,3,1,0
BRDA:51,4,0,0
BRDA:51,4,1,0
BRF:10
BRH:0
end_of_record
