{"/app/src/CityView.ts": {"path":"/app/src/CityView.ts","statementMap":{"0":{"start":{"line":27,"column":8},"end":{"line":27,"column":null}},"1":{"start":{"line":28,"column":8},"end":{"line":28,"column":null}},"2":{"start":{"line":29,"column":8},"end":{"line":29,"column":null}},"3":{"start":{"line":30,"column":8},"end":{"line":30,"column":null}},"4":{"start":{"line":31,"column":8},"end":{"line":31,"column":null}},"5":{"start":{"line":32,"column":8},"end":{"line":32,"column":null}},"6":{"start":{"line":40,"column":8},"end":{"line":40,"column":null}},"7":{"start":{"line":41,"column":8},"end":{"line":41,"column":null}},"8":{"start":{"line":42,"column":8},"end":{"line":42,"column":null}},"9":{"start":{"line":44,"column":8},"end":{"line":44,"column":null}},"10":{"start":{"line":45,"column":8},"end":{"line":45,"column":null}},"11":{"start":{"line":47,"column":8},"end":{"line":62,"column":null}},"12":{"start":{"line":47,"column":23},"end":{"line":47,"column":26}},"13":{"start":{"line":48,"column":12},"end":{"line":61,"column":null}},"14":{"start":{"line":48,"column":27},"end":{"line":48,"column":30}},"15":{"start":{"line":49,"column":29},"end":{"line":49,"column":null}},"16":{"start":{"line":50,"column":16},"end":{"line":60,"column":null}},"17":{"start":{"line":51,"column":26},"end":{"line":51,"column":null}},"18":{"start":{"line":52,"column":20},"end":{"line":59,"column":null}},"19":{"start":{"line":53,"column":24},"end":{"line":53,"column":null}},"20":{"start":{"line":54,"column":20},"end":{"line":59,"column":null}},"21":{"start":{"line":55,"column":24},"end":{"line":55,"column":null}},"22":{"start":{"line":58,"column":24},"end":{"line":58,"column":null}},"23":{"start":{"line":64,"column":8},"end":{"line":64,"column":null}},"24":{"start":{"line":68,"column":8},"end":{"line":68,"column":null}},"25":{"start":{"line":69,"column":8},"end":{"line":69,"column":null}},"26":{"start":{"line":70,"column":8},"end":{"line":70,"column":null}},"27":{"start":{"line":71,"column":8},"end":{"line":71,"column":null}},"28":{"start":{"line":72,"column":8},"end":{"line":72,"column":null}},"29":{"start":{"line":73,"column":8},"end":{"line":73,"column":null}},"30":{"start":{"line":74,"column":8},"end":{"line":74,"column":null}},"31":{"start":{"line":75,"column":8},"end":{"line":75,"column":null}},"32":{"start":{"line":76,"column":8},"end":{"line":76,"column":null}},"33":{"start":{"line":77,"column":8},"end":{"line":77,"column":null}},"34":{"start":{"line":81,"column":21},"end":{"line":81,"column":null}},"35":{"start":{"line":84,"column":8},"end":{"line":84,"column":null}},"36":{"start":{"line":85,"column":8},"end":{"line":85,"column":null}},"37":{"start":{"line":86,"column":8},"end":{"line":86,"column":null}},"38":{"start":{"line":87,"column":8},"end":{"line":87,"column":null}},"39":{"start":{"line":88,"column":8},"end":{"line":88,"column":null}},"40":{"start":{"line":89,"column":8},"end":{"line":89,"column":null}},"41":{"start":{"line":90,"column":8},"end":{"line":90,"column":null}},"42":{"start":{"line":91,"column":8},"end":{"line":91,"column":null}},"43":{"start":{"line":92,"column":8},"end":{"line":92,"column":null}},"44":{"start":{"line":95,"column":8},"end":{"line":95,"column":null}},"45":{"start":{"line":96,"column":8},"end":{"line":96,"column":null}},"46":{"start":{"line":97,"column":8},"end":{"line":97,"column":null}},"47":{"start":{"line":98,"column":8},"end":{"line":98,"column":null}},"48":{"start":{"line":99,"column":8},"end":{"line":99,"column":null}},"49":{"start":{"line":100,"column":8},"end":{"line":100,"column":null}},"50":{"start":{"line":101,"column":8},"end":{"line":101,"column":null}},"51":{"start":{"line":102,"column":8},"end":{"line":102,"column":null}},"52":{"start":{"line":103,"column":8},"end":{"line":103,"column":null}},"53":{"start":{"line":106,"column":8},"end":{"line":106,"column":null}},"54":{"start":{"line":107,"column":8},"end":{"line":107,"column":null}},"55":{"start":{"line":108,"column":8},"end":{"line":108,"column":null}},"56":{"start":{"line":109,"column":8},"end":{"line":109,"column":null}},"57":{"start":{"line":110,"column":8},"end":{"line":110,"column":null}},"58":{"start":{"line":111,"column":8},"end":{"line":111,"column":null}},"59":{"start":{"line":112,"column":8},"end":{"line":112,"column":null}},"60":{"start":{"line":113,"column":8},"end":{"line":113,"column":null}},"61":{"start":{"line":114,"column":8},"end":{"line":114,"column":null}},"62":{"start":{"line":118,"column":8},"end":{"line":121,"column":null}},"63":{"start":{"line":119,"column":12},"end":{"line":119,"column":null}},"64":{"start":{"line":120,"column":12},"end":{"line":120,"column":null}},"65":{"start":{"line":123,"column":21},"end":{"line":123,"column":null}},"66":{"start":{"line":124,"column":25},"end":{"line":124,"column":null}},"67":{"start":{"line":126,"column":8},"end":{"line":129,"column":null}},"68":{"start":{"line":127,"column":12},"end":{"line":127,"column":null}},"69":{"start":{"line":128,"column":12},"end":{"line":128,"column":null}},"70":{"start":{"line":131,"column":34},"end":{"line":134,"column":null}},"71":{"start":{"line":136,"column":8},"end":{"line":170,"column":null}},"72":{"start":{"line":136,"column":23},"end":{"line":136,"column":42}},"73":{"start":{"line":137,"column":12},"end":{"line":169,"column":null}},"74":{"start":{"line":137,"column":27},"end":{"line":137,"column":46}},"75":{"start":{"line":138,"column":29},"end":{"line":138,"column":null}},"76":{"start":{"line":140,"column":16},"end":{"line":168,"column":null}},"77":{"start":{"line":141,"column":26},"end":{"line":141,"column":null}},"78":{"start":{"line":142,"column":33},"end":{"line":142,"column":null}},"79":{"start":{"line":144,"column":45},"end":{"line":149,"column":null}},"80":{"start":{"line":151,"column":20},"end":{"line":167,"column":null}},"81":{"start":{"line":152,"column":24},"end":{"line":165,"column":null}},"82":{"start":{"line":153,"column":28},"end":{"line":162,"column":null}},"83":{"start":{"line":154,"column":32},"end":{"line":161,"column":null}},"84":{"start":{"line":155,"column":58},"end":{"line":155,"column":null}},"85":{"start":{"line":156,"column":36},"end":{"line":156,"column":null}},"86":{"start":{"line":157,"column":36},"end":{"line":157,"column":null}},"87":{"start":{"line":158,"column":36},"end":{"line":158,"column":null}},"88":{"start":{"line":160,"column":36},"end":{"line":160,"column":null}},"89":{"start":{"line":163,"column":24},"end":{"line":165,"column":null}},"90":{"start":{"line":164,"column":28},"end":{"line":164,"column":null}},"91":{"start":{"line":166,"column":24},"end":{"line":166,"column":null}}},"fnMap":{"0":{"name":"(anonymous_0)","decl":{"start":{"line":19,"column":4},"end":{"line":19,"column":null}},"loc":{"start":{"line":26,"column":6},"end":{"line":33,"column":null}},"line":26},"1":{"name":"(anonymous_1)","decl":{"start":{"line":35,"column":11},"end":{"line":35,"column":18}},"loc":{"start":{"line":35,"column":43},"end":{"line":37,"column":null}},"line":35},"2":{"name":"(anonymous_2)","decl":{"start":{"line":39,"column":11},"end":{"line":39,"column":26}},"loc":{"start":{"line":39,"column":26},"end":{"line":65,"column":null}},"line":39},"3":{"name":"(anonymous_3)","decl":{"start":{"line":67,"column":12},"end":{"line":67,"column":21}},"loc":{"start":{"line":67,"column":64},"end":{"line":78,"column":null}},"line":67},"4":{"name":"(anonymous_4)","decl":{"start":{"line":80,"column":12},"end":{"line":80,"column":25}},"loc":{"start":{"line":80,"column":68},"end":{"line":115,"column":null}},"line":80},"5":{"name":"(anonymous_5)","decl":{"start":{"line":117,"column":11},"end":{"line":117,"column":28}},"loc":{"start":{"line":117,"column":90},"end":{"line":171,"column":null}},"line":117},"6":{"name":"(anonymous_6)","decl":{"start":{"line":153,"column":73},"end":{"line":153,"column":79}},"loc":{"start":{"line":153,"column":79},"end":{"line":162,"column":29}},"line":153}},"branchMap":{"0":{"loc":{"start":{"line":50,"column":16},"end":{"line":60,"column":null}},"type":"if","locations":[{"start":{"line":50,"column":16},"end":{"line":60,"column":null}},{"start":{},"end":{}}],"line":50},"1":{"loc":{"start":{"line":52,"column":20},"end":{"line":59,"column":null}},"type":"if","locations":[{"start":{"line":52,"column":20},"end":{"line":59,"column":null}},{"start":{"line":54,"column":20},"end":{"line":59,"column":null}}],"line":52},"2":{"loc":{"start":{"line":54,"column":20},"end":{"line":59,"column":null}},"type":"if","locations":[{"start":{"line":54,"column":20},"end":{"line":59,"column":null}},{"start":{"line":56,"column":27},"end":{"line":59,"column":null}}],"line":54},"3":{"loc":{"start":{"line":58,"column":64},"end":{"line":58,"column":109}},"type":"cond-expr","locations":[{"start":{"line":58,"column":94},"end":{"line":58,"column":103}},{"start":{"line":58,"column":103},"end":{"line":58,"column":109}}],"line":58},"4":{"loc":{"start":{"line":118,"column":8},"end":{"line":121,"column":null}},"type":"if","locations":[{"start":{"line":118,"column":8},"end":{"line":121,"column":null}},{"start":{},"end":{}}],"line":118},"5":{"loc":{"start":{"line":126,"column":8},"end":{"line":129,"column":null}},"type":"if","locations":[{"start":{"line":126,"column":8},"end":{"line":129,"column":null}},{"start":{},"end":{}}],"line":126},"6":{"loc":{"start":{"line":126,"column":12},"end":{"line":126,"column":87}},"type":"binary-expr","locations":[{"start":{"line":126,"column":12},"end":{"line":126,"column":31}},{"start":{"line":126,"column":31},"end":{"line":126,"column":51}},{"start":{"line":126,"column":51},"end":{"line":126,"column":70}},{"start":{"line":126,"column":70},"end":{"line":126,"column":87}}],"line":126},"7":{"loc":{"start":{"line":140,"column":16},"end":{"line":168,"column":null}},"type":"if","locations":[{"start":{"line":140,"column":16},"end":{"line":168,"column":null}},{"start":{},"end":{}}],"line":140},"8":{"loc":{"start":{"line":140,"column":20},"end":{"line":140,"column":110}},"type":"binary-expr","locations":[{"start":{"line":140,"column":20},"end":{"line":140,"column":29}},{"start":{"line":140,"column":29},"end":{"line":140,"column":71}},{"start":{"line":140,"column":71},"end":{"line":140,"column":110}}],"line":140},"9":{"loc":{"start":{"line":151,"column":20},"end":{"line":167,"column":null}},"type":"if","locations":[{"start":{"line":151,"column":20},"end":{"line":167,"column":null}},{"start":{},"end":{}}],"line":151},"10":{"loc":{"start":{"line":152,"column":24},"end":{"line":165,"column":null}},"type":"if","locations":[{"start":{"line":152,"column":24},"end":{"line":165,"column":null}},{"start":{"line":163,"column":24},"end":{"line":165,"column":null}}],"line":152},"11":{"loc":{"start":{"line":154,"column":32},"end":{"line":161,"column":null}},"type":"if","locations":[{"start":{"line":154,"column":32},"end":{"line":161,"column":null}},{"start":{"line":159,"column":39},"end":{"line":161,"column":null}}],"line":154},"12":{"loc":{"start":{"line":163,"column":24},"end":{"line":165,"column":null}},"type":"if","locations":[{"start":{"line":163,"column":24},"end":{"line":165,"column":null}},{"start":{},"end":{}}],"line":163}},"s":{"0":0,"1":0,"2":0,"3":0,"4":0,"5":0,"6":0,"7":0,"8":0,"9":0,"10":0,"11":0,"12":0,"13":0,"14":0,"15":0,"16":0,"17":0,"18":0,"19":0,"20":0,"21":0,"22":0,"23":0,"24":0,"25":0,"26":0,"27":0,"28":0,"29":0,"30":0,"31":0,"32":0,"33":0,"34":0,"35":0,"36":0,"37":0,"38":0,"39":0,"40":0,"41":0,"42":0,"43":0,"44":0,"45":0,"46":0,"47":0,"48":0,"49":0,"50":0,"51":0,"52":0,"53":0,"54":0,"55":0,"56":0,"57":0,"58":0,"59":0,"60":0,"61":0,"62":0,"63":0,"64":0,"65":0,"66":0,"67":0,"68":0,"69":0,"70":0,"71":0,"72":0,"73":0,"74":0,"75":0,"76":0,"77":0,"78":0,"79":0,"80":0,"81":0,"82":0,"83":0,"84":0,"85":0,"86":0,"87":0,"88":0,"89":0,"90":0,"91":0},"f":{"0":0,"1":0,"2":0,"3":0,"4":0,"5":0,"6":0},"b":{"0":[0,0],"1":[0,0],"2":[0,0],"3":[0,0],"4":[0,0],"5":[0,0],"6":[0,0,0,0],"7":[0,0],"8":[0,0,0],"9":[0,0],"10":[0,0],"11":[0,0],"12":[0,0]},"meta":{"lastBranch":13,"lastFunction":7,"lastStatement":92,"seen":{"f:19:4:19:Infinity":0,"s:27:8:27:Infinity":0,"s:28:8:28:Infinity":1,"s:29:8:29:Infinity":2,"s:30:8:30:Infinity":3,"s:31:8:31:Infinity":4,"s:32:8:32:Infinity":5,"f:35:11:35:18":1,"f:39:11:39:26":2,"s:40:8:40:Infinity":6,"s:41:8:41:Infinity":7,"s:42:8:42:Infinity":8,"s:44:8:44:Infinity":9,"s:45:8:45:Infinity":10,"s:47:8:62:Infinity":11,"s:47:23:47:26":12,"s:48:12:61:Infinity":13,"s:48:27:48:30":14,"s:49:29:49:Infinity":15,"b:50:16:60:Infinity:undefined:undefined:undefined:undefined":0,"s:50:16:60:Infinity":16,"s:51:26:51:Infinity":17,"b:52:20:59:Infinity:54:20:59:Infinity":1,"s:52:20:59:Infinity":18,"s:53:24:53:Infinity":19,"b:54:20:59:Infinity:56:27:59:Infinity":2,"s:54:20:59:Infinity":20,"s:55:24:55:Infinity":21,"s:58:24:58:Infinity":22,"b:58:94:58:103:58:103:58:109":3,"s:64:8:64:Infinity":23,"f:67:12:67:21":3,"s:68:8:68:Infinity":24,"s:69:8:69:Infinity":25,"s:70:8:70:Infinity":26,"s:71:8:71:Infinity":27,"s:72:8:72:Infinity":28,"s:73:8:73:Infinity":29,"s:74:8:74:Infinity":30,"s:75:8:75:Infinity":31,"s:76:8:76:Infinity":32,"s:77:8:77:Infinity":33,"f:80:12:80:25":4,"s:81:21:81:Infinity":34,"s:84:8:84:Infinity":35,"s:85:8:85:Infinity":36,"s:86:8:86:Infinity":37,"s:87:8:87:Infinity":38,"s:88:8:88:Infinity":39,"s:89:8:89:Infinity":40,"s:90:8:90:Infinity":41,"s:91:8:91:Infinity":42,"s:92:8:92:Infinity":43,"s:95:8:95:Infinity":44,"s:96:8:96:Infinity":45,"s:97:8:97:Infinity":46,"s:98:8:98:Infinity":47,"s:99:8:99:Infinity":48,"s:100:8:100:Infinity":49,"s:101:8:101:Infinity":50,"s:102:8:102:Infinity":51,"s:103:8:103:Infinity":52,"s:106:8:106:Infinity":53,"s:107:8:107:Infinity":54,"s:108:8:108:Infinity":55,"s:109:8:109:Infinity":56,"s:110:8:110:Infinity":57,"s:111:8:111:Infinity":58,"s:112:8:112:Infinity":59,"s:113:8:113:Infinity":60,"s:114:8:114:Infinity":61,"f:117:11:117:28":5,"b:118:8:121:Infinity:undefined:undefined:undefined:undefined":4,"s:118:8:121:Infinity":62,"s:119:12:119:Infinity":63,"s:120:12:120:Infinity":64,"s:123:21:123:Infinity":65,"s:124:25:124:Infinity":66,"b:126:8:129:Infinity:undefined:undefined:undefined:undefined":5,"s:126:8:129:Infinity":67,"b:126:12:126:31:126:31:126:51:126:51:126:70:126:70:126:87":6,"s:127:12:127:Infinity":68,"s:128:12:128:Infinity":69,"s:131:34:134:Infinity":70,"s:136:8:170:Infinity":71,"s:136:23:136:42":72,"s:137:12:169:Infinity":73,"s:137:27:137:46":74,"s:138:29:138:Infinity":75,"b:140:16:168:Infinity:undefined:undefined:undefined:undefined":7,"s:140:16:168:Infinity":76,"b:140:20:140:29:140:29:140:71:140:71:140:110":8,"s:141:26:141:Infinity":77,"s:142:33:142:Infinity":78,"s:144:45:149:Infinity":79,"b:151:20:167:Infinity:undefined:undefined:undefined:undefined":9,"s:151:20:167:Infinity":80,"b:152:24:165:Infinity:163:24:165:Infinity":10,"s:152:24:165:Infinity":81,"s:153:28:162:Infinity":82,"f:153:73:153:79":6,"b:154:32:161:Infinity:159:39:161:Infinity":11,"s:154:32:161:Infinity":83,"s:155:58:155:Infinity":84,"s:156:36:156:Infinity":85,"s:157:36:157:Infinity":86,"s:158:36:158:Infinity":87,"s:160:36:160:Infinity":88,"b:163:24:165:Infinity:undefined:undefined:undefined:undefined":12,"s:163:24:165:Infinity":89,"s:164:28:164:Infinity":90,"s:166:24:166:Infinity":91}}}
,"/app/src/Game.ts": {"path":"/app/src/Game.ts","statementMap":{"0":{"start":{"line":14,"column":4},"end":{"line":14,"column":null}},"1":{"start":{"line":17,"column":4},"end":{"line":17,"column":null}},"2":{"start":{"line":21,"column":4},"end":{"line":21,"column":null}},"3":{"start":{"line":23,"column":4},"end":{"line":23,"column":null}},"4":{"start":{"line":24,"column":4},"end":{"line":24,"column":null}},"5":{"start":{"line":27,"column":8},"end":{"line":27,"column":null}},"6":{"start":{"line":28,"column":24},"end":{"line":28,"column":null}},"7":{"start":{"line":29,"column":8},"end":{"line":31,"column":null}},"8":{"start":{"line":30,"column":12},"end":{"line":30,"column":null}},"9":{"start":{"line":32,"column":8},"end":{"line":32,"column":null}},"10":{"start":{"line":33,"column":8},"end":{"line":33,"column":null}},"11":{"start":{"line":34,"column":8},"end":{"line":34,"column":null}},"12":{"start":{"line":35,"column":8},"end":{"line":35,"column":null}},"13":{"start":{"line":36,"column":8},"end":{"line":36,"column":null}},"14":{"start":{"line":37,"column":8},"end":{"line":37,"column":null}},"15":{"start":{"line":39,"column":8},"end":{"line":39,"column":null}},"16":{"start":{"line":41,"column":8},"end":{"line":41,"column":null}},"17":{"start":{"line":42,"column":8},"end":{"line":42,"column":null}},"18":{"start":{"line":42,"column":48},"end":{"line":42,"column":67}},"19":{"start":{"line":43,"column":8},"end":{"line":43,"column":null}},"20":{"start":{"line":44,"column":8},"end":{"line":44,"column":null}},"21":{"start":{"line":45,"column":8},"end":{"line":45,"column":null}},"22":{"start":{"line":46,"column":8},"end":{"line":46,"column":null}},"23":{"start":{"line":47,"column":8},"end":{"line":47,"column":null}},"24":{"start":{"line":47,"column":59},"end":{"line":47,"column":77}},"25":{"start":{"line":48,"column":8},"end":{"line":48,"column":null}},"26":{"start":{"line":50,"column":8},"end":{"line":50,"column":null}},"27":{"start":{"line":51,"column":8},"end":{"line":51,"column":null}},"28":{"start":{"line":55,"column":8},"end":{"line":55,"column":null}},"29":{"start":{"line":56,"column":8},"end":{"line":56,"column":null}},"30":{"start":{"line":60,"column":8},"end":{"line":60,"column":null}},"31":{"start":{"line":61,"column":8},"end":{"line":61,"column":null}},"32":{"start":{"line":65,"column":26},"end":{"line":65,"column":null}},"33":{"start":{"line":66,"column":8},"end":{"line":66,"column":null}},"34":{"start":{"line":68,"column":8},"end":{"line":77,"column":null}},"35":{"start":{"line":70,"column":16},"end":{"line":70,"column":null}},"36":{"start":{"line":71,"column":16},"end":{"line":71,"column":null}},"37":{"start":{"line":72,"column":16},"end":{"line":72,"column":null}},"38":{"start":{"line":74,"column":16},"end":{"line":74,"column":null}},"39":{"start":{"line":75,"column":16},"end":{"line":75,"column":null}},"40":{"start":{"line":76,"column":16},"end":{"line":76,"column":null}},"41":{"start":{"line":79,"column":8},"end":{"line":79,"column":null}},"42":{"start":{"line":83,"column":8},"end":{"line":89,"column":null}},"43":{"start":{"line":84,"column":12},"end":{"line":88,"column":null}},"44":{"start":{"line":85,"column":16},"end":{"line":85,"column":null}},"45":{"start":{"line":87,"column":16},"end":{"line":87,"column":null}},"46":{"start":{"line":93,"column":8},"end":{"line":93,"column":null}},"47":{"start":{"line":93,"column":38},"end":{"line":93,"column":null}},"48":{"start":{"line":97,"column":8},"end":{"line":101,"column":null}},"49":{"start":{"line":98,"column":12},"end":{"line":98,"column":null}},"50":{"start":{"line":99,"column":8},"end":{"line":101,"column":null}},"51":{"start":{"line":100,"column":12},"end":{"line":100,"column":null}},"52":{"start":{"line":105,"column":8},"end":{"line":105,"column":null}},"53":{"start":{"line":105,"column":38},"end":{"line":105,"column":null}},"54":{"start":{"line":109,"column":35},"end":{"line":119,"column":null}},"55":{"start":{"line":110,"column":12},"end":{"line":118,"column":null}},"56":{"start":{"line":111,"column":16},"end":{"line":111,"column":null}},"57":{"start":{"line":112,"column":16},"end":{"line":112,"column":null}},"58":{"start":{"line":113,"column":16},"end":{"line":113,"column":null}},"59":{"start":{"line":115,"column":16},"end":{"line":115,"column":null}},"60":{"start":{"line":116,"column":16},"end":{"line":116,"column":null}},"61":{"start":{"line":117,"column":16},"end":{"line":117,"column":null}},"62":{"start":{"line":121,"column":8},"end":{"line":125,"column":null}},"63":{"start":{"line":122,"column":12},"end":{"line":122,"column":null}},"64":{"start":{"line":124,"column":12},"end":{"line":124,"column":null}}},"fnMap":{"0":{"name":"(anonymous_0)","decl":{"start":{"line":26,"column":4},"end":{"line":26,"column":18}},"loc":{"start":{"line":26,"column":18},"end":{"line":52,"column":null}},"line":26},"1":{"name":"(anonymous_1)","decl":{"start":{"line":42,"column":42},"end":{"line":42,"column":48}},"loc":{"start":{"line":42,"column":48},"end":{"line":42,"column":67}},"line":42},"2":{"name":"(anonymous_2)","decl":{"start":{"line":47,"column":52},"end":{"line":47,"column":53}},"loc":{"start":{"line":47,"column":59},"end":{"line":47,"column":77}},"line":47},"3":{"name":"(anonymous_3)","decl":{"start":{"line":54,"column":12},"end":{"line":54,"column":33}},"loc":{"start":{"line":54,"column":33},"end":{"line":57,"column":null}},"line":54},"4":{"name":"(anonymous_4)","decl":{"start":{"line":59,"column":11},"end":{"line":59,"column":25}},"loc":{"start":{"line":59,"column":25},"end":{"line":62,"column":null}},"line":59},"5":{"name":"(anonymous_5)","decl":{"start":{"line":64,"column":12},"end":{"line":64,"column":21}},"loc":{"start":{"line":64,"column":46},"end":{"line":80,"column":null}},"line":64},"6":{"name":"(anonymous_6)","decl":{"start":{"line":82,"column":12},"end":{"line":82,"column":26}},"loc":{"start":{"line":82,"column":54},"end":{"line":90,"column":null}},"line":82},"7":{"name":"(anonymous_7)","decl":{"start":{"line":92,"column":12},"end":{"line":92,"column":28}},"loc":{"start":{"line":92,"column":53},"end":{"line":94,"column":null}},"line":92},"8":{"name":"(anonymous_8)","decl":{"start":{"line":96,"column":12},"end":{"line":96,"column":28}},"loc":{"start":{"line":96,"column":53},"end":{"line":102,"column":null}},"line":96},"9":{"name":"(anonymous_9)","decl":{"start":{"line":104,"column":12},"end":{"line":104,"column":26}},"loc":{"start":{"line":104,"column":51},"end":{"line":106,"column":null}},"line":104},"10":{"name":"(anonymous_10)","decl":{"start":{"line":108,"column":12},"end":{"line":108,"column":29}},"loc":{"start":{"line":108,"column":54},"end":{"line":126,"column":null}},"line":108},"11":{"name":"(anonymous_11)","decl":{"start":{"line":109,"column":35},"end":{"line":109,"column":36}},"loc":{"start":{"line":109,"column":53},"end":{"line":119,"column":null}},"line":109}},"branchMap":{"0":{"loc":{"start":{"line":29,"column":8},"end":{"line":31,"column":null}},"type":"if","locations":[{"start":{"line":29,"column":8},"end":{"line":31,"column":null}},{"start":{},"end":{}}],"line":29},"1":{"loc":{"start":{"line":68,"column":8},"end":{"line":77,"column":null}},"type":"switch","locations":[{"start":{"line":69,"column":12},"end":{"line":72,"column":null}},{"start":{"line":73,"column":12},"end":{"line":76,"column":null}}],"line":68},"2":{"loc":{"start":{"line":83,"column":8},"end":{"line":89,"column":null}},"type":"if","locations":[{"start":{"line":83,"column":8},"end":{"line":89,"column":null}},{"start":{},"end":{}}],"line":83},"3":{"loc":{"start":{"line":84,"column":12},"end":{"line":88,"column":null}},"type":"if","locations":[{"start":{"line":84,"column":12},"end":{"line":88,"column":null}},{"start":{"line":86,"column":19},"end":{"line":88,"column":null}}],"line":84},"4":{"loc":{"start":{"line":93,"column":8},"end":{"line":93,"column":null}},"type":"if","locations":[{"start":{"line":93,"column":8},"end":{"line":93,"column":null}},{"start":{},"end":{}}],"line":93},"5":{"loc":{"start":{"line":97,"column":8},"end":{"line":101,"column":null}},"type":"if","locations":[{"start":{"line":97,"column":8},"end":{"line":101,"column":null}},{"start":{"line":99,"column":8},"end":{"line":101,"column":null}}],"line":97},"6":{"loc":{"start":{"line":99,"column":8},"end":{"line":101,"column":null}},"type":"if","locations":[{"start":{"line":99,"column":8},"end":{"line":101,"column":null}},{"start":{},"end":{}}],"line":99},"7":{"loc":{"start":{"line":105,"column":8},"end":{"line":105,"column":null}},"type":"if","locations":[{"start":{"line":105,"column":8},"end":{"line":105,"column":null}},{"start":{},"end":{}}],"line":105},"8":{"loc":{"start":{"line":110,"column":12},"end":{"line":118,"column":null}},"type":"if","locations":[{"start":{"line":110,"column":12},"end":{"line":118,"column":null}},{"start":{"line":114,"column":19},"end":{"line":118,"column":null}}],"line":110},"9":{"loc":{"start":{"line":121,"column":8},"end":{"line":125,"column":null}},"type":"if","locations":[{"start":{"line":121,"column":8},"end":{"line":125,"column":null}},{"start":{"line":123,"column":15},"end":{"line":125,"column":null}}],"line":121}},"s":{"0":0,"1":0,"2":0,"3":0,"4":0,"5":0,"6":0,"7":0,"8":0,"9":0,"10":0,"11":0,"12":0,"13":0,"14":0,"15":0,"16":0,"17":0,"18":0,"19":0,"20":0,"21":0,"22":0,"23":0,"24":0,"25":0,"26":0,"27":0,"28":0,"29":0,"30":0,"31":0,"32":0,"33":0,"34":0,"35":0,"36":0,"37":0,"38":0,"39":0,"40":0,"41":0,"42":0,"43":0,"44":0,"45":0,"46":0,"47":0,"48":0,"49":0,"50":0,"51":0,"52":0,"53":0,"54":0,"55":0,"56":0,"57":0,"58":0,"59":0,"60":0,"61":0,"62":0,"63":0,"64":0},"f":{"0":0,"1":0,"2":0,"3":0,"4":0,"5":0,"6":0,"7":0,"8":0,"9":0,"10":0,"11":0},"b":{"0":[0,0],"1":[0,0],"2":[0,0],"3":[0,0],"4":[0,0],"5":[0,0],"6":[0,0],"7":[0,0],"8":[0,0],"9":[0,0]},"meta":{"lastBranch":10,"lastFunction":12,"lastStatement":65,"seen":{"f:26:4:26:18":0,"s:14:4:14:Infinity":0,"s:17:4:17:Infinity":1,"s:21:4:21:Infinity":2,"s:23:4:23:Infinity":3,"s:24:4:24:Infinity":4,"s:27:8:27:Infinity":5,"s:28:24:28:Infinity":6,"b:29:8:31:Infinity:undefined:undefined:undefined:undefined":0,"s:29:8:31:Infinity":7,"s:30:12:30:Infinity":8,"s:32:8:32:Infinity":9,"s:33:8:33:Infinity":10,"s:34:8:34:Infinity":11,"s:35:8:35:Infinity":12,"s:36:8:36:Infinity":13,"s:37:8:37:Infinity":14,"s:39:8:39:Infinity":15,"s:41:8:41:Infinity":16,"s:42:8:42:Infinity":17,"f:42:42:42:48":1,"s:42:48:42:67":18,"s:43:8:43:Infinity":19,"s:44:8:44:Infinity":20,"s:45:8:45:Infinity":21,"s:46:8:46:Infinity":22,"s:47:8:47:Infinity":23,"f:47:52:47:53":2,"s:47:59:47:77":24,"s:48:8:48:Infinity":25,"s:50:8:50:Infinity":26,"s:51:8:51:Infinity":27,"f:54:12:54:33":3,"s:55:8:55:Infinity":28,"s:56:8:56:Infinity":29,"f:59:11:59:25":4,"s:60:8:60:Infinity":30,"s:61:8:61:Infinity":31,"f:64:12:64:21":5,"s:65:26:65:Infinity":32,"s:66:8:66:Infinity":33,"b:69:12:72:Infinity:73:12:76:Infinity":1,"s:68:8:77:Infinity":34,"s:70:16:70:Infinity":35,"s:71:16:71:Infinity":36,"s:72:16:72:Infinity":37,"s:74:16:74:Infinity":38,"s:75:16:75:Infinity":39,"s:76:16:76:Infinity":40,"s:79:8:79:Infinity":41,"f:82:12:82:26":6,"b:83:8:89:Infinity:undefined:undefined:undefined:undefined":2,"s:83:8:89:Infinity":42,"b:84:12:88:Infinity:86:19:88:Infinity":3,"s:84:12:88:Infinity":43,"s:85:16:85:Infinity":44,"s:87:16:87:Infinity":45,"f:92:12:92:28":7,"b:93:8:93:Infinity:undefined:undefined:undefined:undefined":4,"s:93:8:93:Infinity":46,"s:93:38:93:Infinity":47,"f:96:12:96:28":8,"b:97:8:101:Infinity:99:8:101:Infinity":5,"s:97:8:101:Infinity":48,"s:98:12:98:Infinity":49,"b:99:8:101:Infinity:undefined:undefined:undefined:undefined":6,"s:99:8:101:Infinity":50,"s:100:12:100:Infinity":51,"f:104:12:104:26":9,"b:105:8:105:Infinity:undefined:undefined:undefined:undefined":7,"s:105:8:105:Infinity":52,"s:105:38:105:Infinity":53,"f:108:12:108:29":10,"s:109:35:119:Infinity":54,"f:109:35:109:36":11,"b:110:12:118:Infinity:114:19:118:Infinity":8,"s:110:12:118:Infinity":55,"s:111:16:111:Infinity":56,"s:112:16:112:Infinity":57,"s:113:16:113:Infinity":58,"s:115:16:115:Infinity":59,"s:116:16:116:Infinity":60,"s:117:16:117:Infinity":61,"b:121:8:125:Infinity:123:15:125:Infinity":9,"s:121:8:125:Infinity":62,"s:122:12:122:Infinity":63,"s:124:12:124:Infinity":64}}}
,"/app/src/InteriorView.ts": {"path":"/app/src/InteriorView.ts","statementMap":{"0":{"start":{"line":7,"column":26},"end":{"line":7,"column":null}},"1":{"start":{"line":8,"column":27},"end":{"line":8,"column":null}},"2":{"start":{"line":9,"column":27},"end":{"line":9,"column":null}},"3":{"start":{"line":11,"column":30},"end":{"line":11,"column":null}},"4":{"start":{"line":12,"column":30},"end":{"line":12,"column":null}},"5":{"start":{"line":13,"column":30},"end":{"line":13,"column":null}},"6":{"start":{"line":15,"column":41},"end":{"line":19,"column":null}},"7":{"start":{"line":26,"column":4},"end":{"line":26,"column":null}},"8":{"start":{"line":27,"column":4},"end":{"line":27,"column":null}},"9":{"start":{"line":28,"column":4},"end":{"line":28,"column":null}},"10":{"start":{"line":31,"column":8},"end":{"line":31,"column":null}},"11":{"start":{"line":32,"column":8},"end":{"line":32,"column":null}},"12":{"start":{"line":33,"column":8},"end":{"line":33,"column":null}},"13":{"start":{"line":41,"column":8},"end":{"line":41,"column":null}},"14":{"start":{"line":42,"column":8},"end":{"line":42,"column":null}},"15":{"start":{"line":43,"column":8},"end":{"line":43,"column":null}},"16":{"start":{"line":45,"column":32},"end":{"line":45,"column":null}},"17":{"start":{"line":46,"column":32},"end":{"line":46,"column":null}},"18":{"start":{"line":48,"column":8},"end":{"line":48,"column":null}},"19":{"start":{"line":49,"column":8},"end":{"line":49,"column":null}},"20":{"start":{"line":51,"column":8},"end":{"line":56,"column":null}},"21":{"start":{"line":51,"column":23},"end":{"line":51,"column":26}},"22":{"start":{"line":52,"column":12},"end":{"line":55,"column":null}},"23":{"start":{"line":52,"column":27},"end":{"line":52,"column":30}},"24":{"start":{"line":53,"column":22},"end":{"line":53,"column":null}},"25":{"start":{"line":54,"column":16},"end":{"line":54,"column":null}},"26":{"start":{"line":58,"column":8},"end":{"line":60,"column":null}},"27":{"start":{"line":59,"column":12},"end":{"line":59,"column":null}},"28":{"start":{"line":62,"column":8},"end":{"line":62,"column":null}},"29":{"start":{"line":64,"column":8},"end":{"line":64,"column":null}},"30":{"start":{"line":66,"column":8},"end":{"line":66,"column":null}},"31":{"start":{"line":67,"column":8},"end":{"line":67,"column":null}},"32":{"start":{"line":71,"column":8},"end":{"line":71,"column":null}},"33":{"start":{"line":72,"column":8},"end":{"line":72,"column":null}},"34":{"start":{"line":73,"column":8},"end":{"line":73,"column":null}},"35":{"start":{"line":74,"column":8},"end":{"line":74,"column":null}},"36":{"start":{"line":75,"column":8},"end":{"line":75,"column":null}},"37":{"start":{"line":76,"column":8},"end":{"line":76,"column":null}},"38":{"start":{"line":77,"column":8},"end":{"line":77,"column":null}},"39":{"start":{"line":79,"column":8},"end":{"line":79,"column":null}},"40":{"start":{"line":80,"column":8},"end":{"line":80,"column":null}},"41":{"start":{"line":84,"column":23},"end":{"line":84,"column":null}},"42":{"start":{"line":85,"column":23},"end":{"line":85,"column":null}},"43":{"start":{"line":87,"column":8},"end":{"line":87,"column":null}},"44":{"start":{"line":88,"column":8},"end":{"line":88,"column":null}},"45":{"start":{"line":90,"column":8},"end":{"line":101,"column":null}},"46":{"start":{"line":91,"column":26},"end":{"line":91,"column":null}},"47":{"start":{"line":92,"column":12},"end":{"line":92,"column":null}},"48":{"start":{"line":93,"column":12},"end":{"line":93,"column":null}},"49":{"start":{"line":94,"column":12},"end":{"line":94,"column":null}},"50":{"start":{"line":95,"column":12},"end":{"line":95,"column":null}},"51":{"start":{"line":96,"column":12},"end":{"line":96,"column":null}},"52":{"start":{"line":97,"column":12},"end":{"line":97,"column":null}},"53":{"start":{"line":98,"column":12},"end":{"line":98,"column":null}},"54":{"start":{"line":99,"column":12},"end":{"line":99,"column":null}},"55":{"start":{"line":100,"column":12},"end":{"line":100,"column":null}},"56":{"start":{"line":105,"column":8},"end":{"line":105,"column":null}},"57":{"start":{"line":105,"column":37},"end":{"line":105,"column":null}},"58":{"start":{"line":107,"column":24},"end":{"line":107,"column":null}},"59":{"start":{"line":108,"column":24},"end":{"line":108,"column":null}},"60":{"start":{"line":109,"column":14},"end":{"line":109,"column":null}},"61":{"start":{"line":110,"column":22},"end":{"line":110,"column":null}},"62":{"start":{"line":111,"column":22},"end":{"line":111,"column":null}},"63":{"start":{"line":112,"column":24},"end":{"line":112,"column":null}},"64":{"start":{"line":113,"column":8},"end":{"line":113,"column":null}},"65":{"start":{"line":117,"column":18},"end":{"line":117,"column":null}},"66":{"start":{"line":118,"column":18},"end":{"line":118,"column":null}},"67":{"start":{"line":119,"column":8},"end":{"line":119,"column":null}},"68":{"start":{"line":120,"column":8},"end":{"line":120,"column":null}},"69":{"start":{"line":121,"column":8},"end":{"line":121,"column":null}},"70":{"start":{"line":122,"column":8},"end":{"line":122,"column":null}},"71":{"start":{"line":123,"column":8},"end":{"line":123,"column":null}},"72":{"start":{"line":124,"column":8},"end":{"line":124,"column":null}},"73":{"start":{"line":125,"column":8},"end":{"line":125,"column":null}},"74":{"start":{"line":129,"column":8},"end":{"line":129,"column":null}},"75":{"start":{"line":130,"column":8},"end":{"line":130,"column":null}},"76":{"start":{"line":131,"column":8},"end":{"line":142,"column":null}},"77":{"start":{"line":131,"column":23},"end":{"line":131,"column":26}},"78":{"start":{"line":132,"column":12},"end":{"line":141,"column":null}},"79":{"start":{"line":132,"column":27},"end":{"line":132,"column":30}},"80":{"start":{"line":133,"column":22},"end":{"line":133,"column":null}},"81":{"start":{"line":134,"column":16},"end":{"line":134,"column":null}},"82":{"start":{"line":135,"column":16},"end":{"line":135,"column":null}},"83":{"start":{"line":136,"column":16},"end":{"line":136,"column":null}},"84":{"start":{"line":137,"column":16},"end":{"line":137,"column":null}},"85":{"start":{"line":138,"column":16},"end":{"line":138,"column":null}},"86":{"start":{"line":139,"column":16},"end":{"line":139,"column":null}},"87":{"start":{"line":140,"column":16},"end":{"line":140,"column":null}},"88":{"start":{"line":143,"column":8},"end":{"line":143,"column":null}},"89":{"start":{"line":147,"column":8},"end":{"line":147,"column":null}},"90":{"start":{"line":148,"column":8},"end":{"line":148,"column":null}},"91":{"start":{"line":149,"column":8},"end":{"line":149,"column":null}},"92":{"start":{"line":150,"column":8},"end":{"line":150,"column":null}},"93":{"start":{"line":151,"column":8},"end":{"line":151,"column":null}},"94":{"start":{"line":152,"column":8},"end":{"line":152,"column":null}},"95":{"start":{"line":153,"column":8},"end":{"line":153,"column":null}},"96":{"start":{"line":154,"column":8},"end":{"line":154,"column":null}},"97":{"start":{"line":158,"column":21},"end":{"line":158,"column":null}},"98":{"start":{"line":159,"column":8},"end":{"line":159,"column":null}},"99":{"start":{"line":160,"column":8},"end":{"line":160,"column":null}},"100":{"start":{"line":164,"column":21},"end":{"line":164,"column":null}},"101":{"start":{"line":165,"column":23},"end":{"line":165,"column":null}},"102":{"start":{"line":166,"column":23},"end":{"line":166,"column":null}},"103":{"start":{"line":168,"column":8},"end":{"line":172,"column":null}},"104":{"start":{"line":170,"column":12},"end":{"line":170,"column":null}},"105":{"start":{"line":171,"column":12},"end":{"line":171,"column":null}},"106":{"start":{"line":174,"column":23},"end":{"line":174,"column":null}},"107":{"start":{"line":175,"column":8},"end":{"line":183,"column":null}},"108":{"start":{"line":176,"column":12},"end":{"line":181,"column":null}},"109":{"start":{"line":177,"column":22},"end":{"line":177,"column":null}},"110":{"start":{"line":178,"column":16},"end":{"line":180,"column":null}},"111":{"start":{"line":179,"column":20},"end":{"line":179,"column":null}},"112":{"start":{"line":182,"column":12},"end":{"line":182,"column":null}},"113":{"start":{"line":185,"column":8},"end":{"line":202,"column":null}},"114":{"start":{"line":186,"column":12},"end":{"line":189,"column":null}},"115":{"start":{"line":187,"column":16},"end":{"line":187,"column":null}},"116":{"start":{"line":188,"column":16},"end":{"line":188,"column":null}},"117":{"start":{"line":190,"column":36},"end":{"line":190,"column":null}},"118":{"start":{"line":191,"column":36},"end":{"line":191,"column":null}},"119":{"start":{"line":192,"column":28},"end":{"line":192,"column":null}},"120":{"start":{"line":193,"column":28},"end":{"line":193,"column":null}},"121":{"start":{"line":194,"column":18},"end":{"line":194,"column":null}},"122":{"start":{"line":195,"column":26},"end":{"line":195,"column":null}},"123":{"start":{"line":196,"column":26},"end":{"line":196,"column":null}},"124":{"start":{"line":198,"column":12},"end":{"line":201,"column":null}},"125":{"start":{"line":199,"column":16},"end":{"line":199,"column":null}},"126":{"start":{"line":200,"column":16},"end":{"line":200,"column":null}},"127":{"start":{"line":206,"column":8},"end":{"line":208,"column":null}},"128":{"start":{"line":207,"column":12},"end":{"line":207,"column":null}},"129":{"start":{"line":209,"column":8},"end":{"line":214,"column":null}},"130":{"start":{"line":210,"column":12},"end":{"line":213,"column":null}},"131":{"start":{"line":212,"column":16},"end":{"line":212,"column":null}},"132":{"start":{"line":215,"column":8},"end":{"line":215,"column":null}}},"fnMap":{"0":{"name":"(anonymous_0)","decl":{"start":{"line":30,"column":4},"end":{"line":30,"column":16}},"loc":{"start":{"line":30,"column":97},"end":{"line":34,"column":null}},"line":30},"1":{"name":"(anonymous_1)","decl":{"start":{"line":36,"column":11},"end":{"line":36,"column":18}},"loc":{"start":{"line":36,"column":43},"end":{"line":38,"column":null}},"line":36},"2":{"name":"(anonymous_2)","decl":{"start":{"line":40,"column":11},"end":{"line":40,"column":26}},"loc":{"start":{"line":40,"column":26},"end":{"line":68,"column":null}},"line":40},"3":{"name":"(anonymous_3)","decl":{"start":{"line":58,"column":37},"end":{"line":58,"column":42}},"loc":{"start":{"line":58,"column":42},"end":{"line":60,"column":9}},"line":58},"4":{"name":"(anonymous_4)","decl":{"start":{"line":70,"column":12},"end":{"line":70,"column":31}},"loc":{"start":{"line":70,"column":31},"end":{"line":81,"column":null}},"line":70},"5":{"name":"(anonymous_5)","decl":{"start":{"line":83,"column":12},"end":{"line":83,"column":39}},"loc":{"start":{"line":83,"column":39},"end":{"line":102,"column":null}},"line":83},"6":{"name":"(anonymous_6)","decl":{"start":{"line":90,"column":36},"end":{"line":90,"column":37}},"loc":{"start":{"line":90,"column":53},"end":{"line":101,"column":9}},"line":90},"7":{"name":"(anonymous_7)","decl":{"start":{"line":104,"column":12},"end":{"line":104,"column":31}},"loc":{"start":{"line":104,"column":87},"end":{"line":114,"column":null}},"line":104},"8":{"name":"(anonymous_8)","decl":{"start":{"line":116,"column":12},"end":{"line":116,"column":35}},"loc":{"start":{"line":116,"column":35},"end":{"line":126,"column":null}},"line":116},"9":{"name":"(anonymous_9)","decl":{"start":{"line":128,"column":12},"end":{"line":128,"column":26}},"loc":{"start":{"line":128,"column":101},"end":{"line":144,"column":null}},"line":128},"10":{"name":"(anonymous_10)","decl":{"start":{"line":146,"column":12},"end":{"line":146,"column":21}},"loc":{"start":{"line":146,"column":49},"end":{"line":155,"column":null}},"line":146},"11":{"name":"(anonymous_11)","decl":{"start":{"line":157,"column":11},"end":{"line":157,"column":27}},"loc":{"start":{"line":157,"column":52},"end":{"line":161,"column":null}},"line":157},"12":{"name":"(anonymous_12)","decl":{"start":{"line":163,"column":11},"end":{"line":163,"column":28}},"loc":{"start":{"line":163,"column":89},"end":{"line":203,"column":null}},"line":163},"13":{"name":"(anonymous_13)","decl":{"start":{"line":176,"column":40},"end":{"line":176,"column":41}},"loc":{"start":{"line":176,"column":53},"end":{"line":181,"column":13}},"line":176},"14":{"name":"(anonymous_14)","decl":{"start":{"line":205,"column":12},"end":{"line":205,"column":28}},"loc":{"start":{"line":205,"column":89},"end":{"line":216,"column":null}},"line":205}},"branchMap":{"0":{"loc":{"start":{"line":105,"column":8},"end":{"line":105,"column":null}},"type":"if","locations":[{"start":{"line":105,"column":8},"end":{"line":105,"column":null}},{"start":{},"end":{}}],"line":105},"1":{"loc":{"start":{"line":128,"column":70},"end":{"line":128,"column":101}},"type":"default-arg","locations":[{"start":{"line":128,"column":89},"end":{"line":128,"column":101}}],"line":128},"2":{"loc":{"start":{"line":129,"column":31},"end":{"line":129,"column":null}},"type":"cond-expr","locations":[{"start":{"line":129,"column":41},"end":{"line":129,"column":47}},{"start":{"line":129,"column":47},"end":{"line":129,"column":null}}],"line":129},"3":{"loc":{"start":{"line":130,"column":29},"end":{"line":130,"column":null}},"type":"cond-expr","locations":[{"start":{"line":130,"column":39},"end":{"line":130,"column":57}},{"start":{"line":130,"column":57},"end":{"line":130,"column":null}}],"line":130},"4":{"loc":{"start":{"line":168,"column":8},"end":{"line":172,"column":null}},"type":"if","locations":[{"start":{"line":168,"column":8},"end":{"line":172,"column":null}},{"start":{},"end":{}}],"line":168},"5":{"loc":{"start":{"line":168,"column":12},"end":{"line":169,"column":95}},"type":"binary-expr","locations":[{"start":{"line":168,"column":12},"end":{"line":168,"column":44}},{"start":{"line":168,"column":44},"end":{"line":168,"column":null}},{"start":{"line":169,"column":12},"end":{"line":169,"column":44}},{"start":{"line":169,"column":44},"end":{"line":169,"column":95}}],"line":168},"6":{"loc":{"start":{"line":175,"column":8},"end":{"line":183,"column":null}},"type":"if","locations":[{"start":{"line":175,"column":8},"end":{"line":183,"column":null}},{"start":{},"end":{}}],"line":175},"7":{"loc":{"start":{"line":178,"column":16},"end":{"line":180,"column":null}},"type":"if","locations":[{"start":{"line":178,"column":16},"end":{"line":180,"column":null}},{"start":{},"end":{}}],"line":178},"8":{"loc":{"start":{"line":178,"column":20},"end":{"line":178,"column":80}},"type":"binary-expr","locations":[{"start":{"line":178,"column":20},"end":{"line":178,"column":39}},{"start":{"line":178,"column":39},"end":{"line":178,"column":80}}],"line":178},"9":{"loc":{"start":{"line":185,"column":8},"end":{"line":202,"column":null}},"type":"if","locations":[{"start":{"line":185,"column":8},"end":{"line":202,"column":null}},{"start":{},"end":{}}],"line":185},"10":{"loc":{"start":{"line":186,"column":12},"end":{"line":189,"column":null}},"type":"if","locations":[{"start":{"line":186,"column":12},"end":{"line":189,"column":null}},{"start":{},"end":{}}],"line":186},"11":{"loc":{"start":{"line":198,"column":12},"end":{"line":201,"column":null}},"type":"if","locations":[{"start":{"line":198,"column":12},"end":{"line":201,"column":null}},{"start":{},"end":{}}],"line":198},"12":{"loc":{"start":{"line":206,"column":8},"end":{"line":208,"column":null}},"type":"if","locations":[{"start":{"line":206,"column":8},"end":{"line":208,"column":null}},{"start":{},"end":{}}],"line":206},"13":{"loc":{"start":{"line":206,"column":12},"end":{"line":206,"column":101}},"type":"binary-expr","locations":[{"start":{"line":206,"column":12},"end":{"line":206,"column":25}},{"start":{"line":206,"column":25},"end":{"line":206,"column":38}},{"start":{"line":206,"column":38},"end":{"line":206,"column":70}},{"start":{"line":206,"column":70},"end":{"line":206,"column":101}}],"line":206},"14":{"loc":{"start":{"line":210,"column":12},"end":{"line":213,"column":null}},"type":"if","locations":[{"start":{"line":210,"column":12},"end":{"line":213,"column":null}},{"start":{},"end":{}}],"line":210},"15":{"loc":{"start":{"line":210,"column":16},"end":{"line":211,"column":97}},"type":"binary-expr","locations":[{"start":{"line":210,"column":16},"end":{"line":210,"column":55}},{"start":{"line":210,"column":55},"end":{"line":210,"column":null}},{"start":{"line":211,"column":16},"end":{"line":211,"column":56}},{"start":{"line":211,"column":56},"end":{"line":211,"column":97}}],"line":210}},"s":{"0":0,"1":0,"2":0,"3":0,"4":0,"5":0,"6":0,"7":0,"8":0,"9":0,"10":0,"11":0,"12":0,"13":0,"14":0,"15":0,"16":0,"17":0,"18":0,"19":0,"20":0,"21":0,"22":0,"23":0,"24":0,"25":0,"26":0,"27":0,"28":0,"29":0,"30":0,"31":0,"32":0,"33":0,"34":0,"35":0,"36":0,"37":0,"38":0,"39":0,"40":0,"41":0,"42":0,"43":0,"44":0,"45":0,"46":0,"47":0,"48":0,"49":0,"50":0,"51":0,"52":0,"53":0,"54":0,"55":0,"56":0,"57":0,"58":0,"59":0,"60":0,"61":0,"62":0,"63":0,"64":0,"65":0,"66":0,"67":0,"68":0,"69":0,"70":0,"71":0,"72":0,"73":0,"74":0,"75":0,"76":0,"77":0,"78":0,"79":0,"80":0,"81":0,"82":0,"83":0,"84":0,"85":0,"86":0,"87":0,"88":0,"89":0,"90":0,"91":0,"92":0,"93":0,"94":0,"95":0,"96":0,"97":0,"98":0,"99":0,"100":0,"101":0,"102":0,"103":0,"104":0,"105":0,"106":0,"107":0,"108":0,"109":0,"110":0,"111":0,"112":0,"113":0,"114":0,"115":0,"116":0,"117":0,"118":0,"119":0,"120":0,"121":0,"122":0,"123":0,"124":0,"125":0,"126":0,"127":0,"128":0,"129":0,"130":0,"131":0,"132":0},"f":{"0":0,"1":0,"2":0,"3":0,"4":0,"5":0,"6":0,"7":0,"8":0,"9":0,"10":0,"11":0,"12":0,"13":0,"14":0},"b":{"0":[0,0],"1":[0],"2":[0,0],"3":[0,0],"4":[0,0],"5":[0,0,0,0],"6":[0,0],"7":[0,0],"8":[0,0],"9":[0,0],"10":[0,0],"11":[0,0],"12":[0,0],"13":[0,0,0,0],"14":[0,0],"15":[0,0,0,0]},"meta":{"lastBranch":16,"lastFunction":15,"lastStatement":133,"seen":{"s:7:26:7:Infinity":0,"s:8:27:8:Infinity":1,"s:9:27:9:Infinity":2,"s:11:30:11:Infinity":3,"s:12:30:12:Infinity":4,"s:13:30:13:Infinity":5,"s:15:41:19:Infinity":6,"f:30:4:30:16":0,"s:26:4:26:Infinity":7,"s:27:4:27:Infinity":8,"s:28:4:28:Infinity":9,"s:31:8:31:Infinity":10,"s:32:8:32:Infinity":11,"s:33:8:33:Infinity":12,"f:36:11:36:18":1,"f:40:11:40:26":2,"s:41:8:41:Infinity":13,"s:42:8:42:Infinity":14,"s:43:8:43:Infinity":15,"s:45:32:45:Infinity":16,"s:46:32:46:Infinity":17,"s:48:8:48:Infinity":18,"s:49:8:49:Infinity":19,"s:51:8:56:Infinity":20,"s:51:23:51:26":21,"s:52:12:55:Infinity":22,"s:52:27:52:30":23,"s:53:22:53:Infinity":24,"s:54:16:54:Infinity":25,"s:58:8:60:Infinity":26,"f:58:37:58:42":3,"s:59:12:59:Infinity":27,"s:62:8:62:Infinity":28,"s:64:8:64:Infinity":29,"s:66:8:66:Infinity":30,"s:67:8:67:Infinity":31,"f:70:12:70:31":4,"s:71:8:71:Infinity":32,"s:72:8:72:Infinity":33,"s:73:8:73:Infinity":34,"s:74:8:74:Infinity":35,"s:75:8:75:Infinity":36,"s:76:8:76:Infinity":37,"s:77:8:77:Infinity":38,"s:79:8:79:Infinity":39,"s:80:8:80:Infinity":40,"f:83:12:83:39":5,"s:84:23:84:Infinity":41,"s:85:23:85:Infinity":42,"s:87:8:87:Infinity":43,"s:88:8:88:Infinity":44,"s:90:8:101:Infinity":45,"f:90:36:90:37":6,"s:91:26:91:Infinity":46,"s:92:12:92:Infinity":47,"s:93:12:93:Infinity":48,"s:94:12:94:Infinity":49,"s:95:12:95:Infinity":50,"s:96:12:96:Infinity":51,"s:97:12:97:Infinity":52,"s:98:12:98:Infinity":53,"s:99:12:99:Infinity":54,"s:100:12:100:Infinity":55,"f:104:12:104:31":7,"b:105:8:105:Infinity:undefined:undefined:undefined:undefined":0,"s:105:8:105:Infinity":56,"s:105:37:105:Infinity":57,"s:107:24:107:Infinity":58,"s:108:24:108:Infinity":59,"s:109:14:109:Infinity":60,"s:110:22:110:Infinity":61,"s:111:22:111:Infinity":62,"s:112:24:112:Infinity":63,"s:113:8:113:Infinity":64,"f:116:12:116:35":8,"s:117:18:117:Infinity":65,"s:118:18:118:Infinity":66,"s:119:8:119:Infinity":67,"s:120:8:120:Infinity":68,"s:121:8:121:Infinity":69,"s:122:8:122:Infinity":70,"s:123:8:123:Infinity":71,"s:124:8:124:Infinity":72,"s:125:8:125:Infinity":73,"f:128:12:128:26":9,"b:128:89:128:101":1,"s:129:8:129:Infinity":74,"b:129:41:129:47:129:47:129:Infinity":2,"s:130:8:130:Infinity":75,"b:130:39:130:57:130:57:130:Infinity":3,"s:131:8:142:Infinity":76,"s:131:23:131:26":77,"s:132:12:141:Infinity":78,"s:132:27:132:30":79,"s:133:22:133:Infinity":80,"s:134:16:134:Infinity":81,"s:135:16:135:Infinity":82,"s:136:16:136:Infinity":83,"s:137:16:137:Infinity":84,"s:138:16:138:Infinity":85,"s:139:16:139:Infinity":86,"s:140:16:140:Infinity":87,"s:143:8:143:Infinity":88,"f:146:12:146:21":10,"s:147:8:147:Infinity":89,"s:148:8:148:Infinity":90,"s:149:8:149:Infinity":91,"s:150:8:150:Infinity":92,"s:151:8:151:Infinity":93,"s:152:8:152:Infinity":94,"s:153:8:153:Infinity":95,"s:154:8:154:Infinity":96,"f:157:11:157:27":11,"s:158:21:158:Infinity":97,"s:159:8:159:Infinity":98,"s:160:8:160:Infinity":99,"f:163:11:163:28":12,"s:164:21:164:Infinity":100,"s:165:23:165:Infinity":101,"s:166:23:166:Infinity":102,"b:168:8:172:Infinity:undefined:undefined:undefined:undefined":4,"s:168:8:172:Infinity":103,"b:168:12:168:44:168:44:168:Infinity:169:12:169:44:169:44:169:95":5,"s:170:12:170:Infinity":104,"s:171:12:171:Infinity":105,"s:174:23:174:Infinity":106,"b:175:8:183:Infinity:undefined:undefined:undefined:undefined":6,"s:175:8:183:Infinity":107,"s:176:12:181:Infinity":108,"f:176:40:176:41":13,"s:177:22:177:Infinity":109,"b:178:16:180:Infinity:undefined:undefined:undefined:undefined":7,"s:178:16:180:Infinity":110,"b:178:20:178:39:178:39:178:80":8,"s:179:20:179:Infinity":111,"s:182:12:182:Infinity":112,"b:185:8:202:Infinity:undefined:undefined:undefined:undefined":9,"s:185:8:202:Infinity":113,"b:186:12:189:Infinity:undefined:undefined:undefined:undefined":10,"s:186:12:189:Infinity":114,"s:187:16:187:Infinity":115,"s:188:16:188:Infinity":116,"s:190:36:190:Infinity":117,"s:191:36:191:Infinity":118,"s:192:28:192:Infinity":119,"s:193:28:193:Infinity":120,"s:194:18:194:Infinity":121,"s:195:26:195:Infinity":122,"s:196:26:196:Infinity":123,"b:198:12:201:Infinity:undefined:undefined:undefined:undefined":11,"s:198:12:201:Infinity":124,"s:199:16:199:Infinity":125,"s:200:16:200:Infinity":126,"f:205:12:205:28":14,"b:206:8:208:Infinity:undefined:undefined:undefined:undefined":12,"s:206:8:208:Infinity":127,"b:206:12:206:25:206:25:206:38:206:38:206:70:206:70:206:101":13,"s:207:12:207:Infinity":128,"s:209:8:214:Infinity":129,"b:210:12:213:Infinity:undefined:undefined:undefined:undefined":14,"s:210:12:213:Infinity":130,"b:210:16:210:55:210:55:210:Infinity:211:16:211:56:211:56:211:97":15,"s:212:16:212:Infinity":131,"s:215:8:215:Infinity":132}}}
,"/app/src/Isometric.ts": {"path":"/app/src/Isometric.ts","statementMap":{"0":{"start":{"line":3,"column":31},"end":{"line":3,"column":null}},"1":{"start":{"line":4,"column":32},"end":{"line":4,"column":null}},"2":{"start":{"line":5,"column":31},"end":{"line":5,"column":null}},"3":{"start":{"line":13,"column":10},"end":{"line":13,"column":null}},"4":{"start":{"line":14,"column":10},"end":{"line":14,"column":null}},"5":{"start":{"line":15,"column":4},"end":{"line":15,"column":null}},"6":{"start":{"line":19,"column":10},"end":{"line":19,"column":null}},"7":{"start":{"line":20,"column":10},"end":{"line":20,"column":null}},"8":{"start":{"line":21,"column":4},"end":{"line":21,"column":null}},"9":{"start":{"line":25,"column":19},"end":{"line":25,"column":null}},"10":{"start":{"line":26,"column":4},"end":{"line":33,"column":null}},"11":{"start":{"line":26,"column":17},"end":{"line":26,"column":20}},"12":{"start":{"line":26,"column":24},"end":{"line":26,"column":44}},"13":{"start":{"line":27,"column":19},"end":{"line":27,"column":33}},"14":{"start":{"line":27,"column":38},"end":{"line":27,"column":null}},"15":{"start":{"line":28,"column":19},"end":{"line":28,"column":33}},"16":{"start":{"line":28,"column":38},"end":{"line":28,"column":null}},"17":{"start":{"line":30,"column":28},"end":{"line":31,"column":null}},"18":{"start":{"line":32,"column":8},"end":{"line":32,"column":null}},"19":{"start":{"line":32,"column":23},"end":{"line":32,"column":null}},"20":{"start":{"line":34,"column":4},"end":{"line":34,"column":null}}},"fnMap":{"0":{"name":"gridToScreen","decl":{"start":{"line":12,"column":16},"end":{"line":12,"column":29}},"loc":{"start":{"line":12,"column":62},"end":{"line":16,"column":null}},"line":12},"1":{"name":"screenToGrid","decl":{"start":{"line":18,"column":16},"end":{"line":18,"column":29}},"loc":{"start":{"line":18,"column":58},"end":{"line":22,"column":null}},"line":18},"2":{"name":"isPointInPolygon","decl":{"start":{"line":24,"column":16},"end":{"line":24,"column":33}},"loc":{"start":{"line":24,"column":74},"end":{"line":35,"column":null}},"line":24}},"branchMap":{"0":{"loc":{"start":{"line":30,"column":28},"end":{"line":31,"column":null}},"type":"binary-expr","locations":[{"start":{"line":30,"column":28},"end":{"line":30,"column":null}},{"start":{"line":31,"column":16},"end":{"line":31,"column":null}}],"line":30},"1":{"loc":{"start":{"line":32,"column":8},"end":{"line":32,"column":null}},"type":"if","locations":[{"start":{"line":32,"column":8},"end":{"line":32,"column":null}},{"start":{},"end":{}}],"line":32}},"s":{"0":0,"1":0,"2":0,"3":0,"4":0,"5":0,"6":0,"7":0,"8":0,"9":0,"10":0,"11":0,"12":0,"13":0,"14":0,"15":0,"16":0,"17":0,"18":0,"19":0,"20":0},"f":{"0":0,"1":0,"2":0},"b":{"0":[0,0],"1":[0,0]},"meta":{"lastBranch":2,"lastFunction":3,"lastStatement":21,"seen":{"s:3:31:3:Infinity":0,"s:4:32:4:Infinity":1,"s:5:31:5:Infinity":2,"f:12:16:12:29":0,"s:13:10:13:Infinity":3,"s:14:10:14:Infinity":4,"s:15:4:15:Infinity":5,"f:18:16:18:29":1,"s:19:10:19:Infinity":6,"s:20:10:20:Infinity":7,"s:21:4:21:Infinity":8,"f:24:16:24:33":2,"s:25:19:25:Infinity":9,"s:26:4:33:Infinity":10,"s:26:17:26:20":11,"s:26:24:26:44":12,"s:27:19:27:33":13,"s:27:38:27:Infinity":14,"s:28:19:28:33":15,"s:28:38:28:Infinity":16,"s:30:28:31:Infinity":17,"b:30:28:30:Infinity:31:16:31:Infinity":0,"b:32:8:32:Infinity:undefined:undefined:undefined:undefined":1,"s:32:8:32:Infinity":18,"s:32:23:32:Infinity":19,"s:34:4:34:Infinity":20}}}
,"/app/src/Map.ts": {"path":"/app/src/Map.ts","statementMap":{"0":{"start":{"line":11,"column":8},"end":{"line":11,"column":null}},"1":{"start":{"line":12,"column":8},"end":{"line":12,"column":null}},"2":{"start":{"line":13,"column":8},"end":{"line":13,"column":null}},"3":{"start":{"line":17,"column":30},"end":{"line":17,"column":null}},"4":{"start":{"line":18,"column":26},"end":{"line":18,"column":null}},"5":{"start":{"line":19,"column":8},"end":{"line":33,"column":null}},"6":{"start":{"line":19,"column":21},"end":{"line":19,"column":24}},"7":{"start":{"line":20,"column":12},"end":{"line":20,"column":null}},"8":{"start":{"line":21,"column":12},"end":{"line":32,"column":null}},"9":{"start":{"line":21,"column":25},"end":{"line":21,"column":28}},"10":{"start":{"line":23,"column":16},"end":{"line":31,"column":null}},"11":{"start":{"line":24,"column":20},"end":{"line":24,"column":null}},"12":{"start":{"line":25,"column":16},"end":{"line":31,"column":null}},"13":{"start":{"line":27,"column":34},"end":{"line":27,"column":null}},"14":{"start":{"line":28,"column":20},"end":{"line":28,"column":null}},"15":{"start":{"line":30,"column":20},"end":{"line":30,"column":null}},"16":{"start":{"line":34,"column":8},"end":{"line":34,"column":null}},"17":{"start":{"line":38,"column":8},"end":{"line":38,"column":null}},"18":{"start":{"line":43,"column":21},"end":{"line":43,"column":null}},"19":{"start":{"line":44,"column":8},"end":{"line":49,"column":null}},"20":{"start":{"line":45,"column":12},"end":{"line":48,"column":null}}},"fnMap":{"0":{"name":"(anonymous_0)","decl":{"start":{"line":10,"column":4},"end":{"line":10,"column":16}},"loc":{"start":{"line":10,"column":44},"end":{"line":14,"column":null}},"line":10},"1":{"name":"(anonymous_1)","decl":{"start":{"line":16,"column":12},"end":{"line":16,"column":36}},"loc":{"start":{"line":16,"column":36},"end":{"line":35,"column":null}},"line":16},"2":{"name":"(anonymous_2)","decl":{"start":{"line":37,"column":11},"end":{"line":37,"column":19}},"loc":{"start":{"line":37,"column":63},"end":{"line":39,"column":null}},"line":37},"3":{"name":"(anonymous_3)","decl":{"start":{"line":42,"column":11},"end":{"line":42,"column":28}},"loc":{"start":{"line":42,"column":82},"end":{"line":50,"column":null}},"line":42}},"branchMap":{"0":{"loc":{"start":{"line":23,"column":16},"end":{"line":31,"column":null}},"type":"if","locations":[{"start":{"line":23,"column":16},"end":{"line":31,"column":null}},{"start":{"line":25,"column":16},"end":{"line":31,"column":null}}],"line":23},"1":{"loc":{"start":{"line":23,"column":20},"end":{"line":23,"column":48}},"type":"binary-expr","locations":[{"start":{"line":23,"column":20},"end":{"line":23,"column":35}},{"start":{"line":23,"column":35},"end":{"line":23,"column":48}}],"line":23},"2":{"loc":{"start":{"line":25,"column":16},"end":{"line":31,"column":null}},"type":"if","locations":[{"start":{"line":25,"column":16},"end":{"line":31,"column":null}},{"start":{"line":29,"column":23},"end":{"line":31,"column":null}}],"line":25},"3":{"loc":{"start":{"line":44,"column":8},"end":{"line":49,"column":null}},"type":"if","locations":[{"start":{"line":44,"column":8},"end":{"line":49,"column":null}},{"start":{},"end":{}}],"line":44},"4":{"loc":{"start":{"line":44,"column":12},"end":{"line":44,"column":60}},"type":"binary-expr","locations":[{"start":{"line":44,"column":12},"end":{"line":44,"column":20}},{"start":{"line":44,"column":20},"end":{"line":44,"column":60}}],"line":44}},"s":{"0":0,"1":0,"2":0,"3":0,"4":0,"5":0,"6":0,"7":0,"8":0,"9":0,"10":0,"11":0,"12":0,"13":0,"14":0,"15":0,"16":0,"17":0,"18":0,"19":0,"20":0},"f":{"0":0,"1":0,"2":0,"3":0},"b":{"0":[0,0],"1":[0,0],"2":[0,0],"3":[0,0],"4":[0,0]},"meta":{"lastBranch":5,"lastFunction":4,"lastStatement":21,"seen":{"f:10:4:10:16":0,"s:11:8:11:Infinity":0,"s:12:8:12:Infinity":1,"s:13:8:13:Infinity":2,"f:16:12:16:36":1,"s:17:30:17:Infinity":3,"s:18:26:18:Infinity":4,"s:19:8:33:Infinity":5,"s:19:21:19:24":6,"s:20:12:20:Infinity":7,"s:21:12:32:Infinity":8,"s:21:25:21:28":9,"b:23:16:31:Infinity:25:16:31:Infinity":0,"s:23:16:31:Infinity":10,"b:23:20:23:35:23:35:23:48":1,"s:24:20:24:Infinity":11,"b:25:16:31:Infinity:29:23:31:Infinity":2,"s:25:16:31:Infinity":12,"s:27:34:27:Infinity":13,"s:28:20:28:Infinity":14,"s:30:20:30:Infinity":15,"s:34:8:34:Infinity":16,"f:37:11:37:19":2,"s:38:8:38:Infinity":17,"f:42:11:42:28":3,"s:43:21:43:Infinity":18,"b:44:8:49:Infinity:undefined:undefined:undefined:undefined":3,"s:44:8:49:Infinity":19,"b:44:12:44:20:44:20:44:60":4,"s:45:12:48:Infinity":20}}}
,"/app/src/PizzaCreator.ts": {"path":"/app/src/PizzaCreator.ts","statementMap":{"0":{"start":{"line":25,"column":4},"end":{"line":25,"column":null}},"1":{"start":{"line":29,"column":4},"end":{"line":29,"column":null}},"2":{"start":{"line":33,"column":20},"end":{"line":64,"column":null}},"3":{"start":{"line":67,"column":2},"end":{"line":67,"column":null}},"4":{"start":{"line":70,"column":2},"end":{"line":70,"column":null}},"5":{"start":{"line":71,"column":2},"end":{"line":71,"column":null}},"6":{"start":{"line":72,"column":2},"end":{"line":72,"column":null}},"7":{"start":{"line":73,"column":2},"end":{"line":73,"column":null}},"8":{"start":{"line":74,"column":2},"end":{"line":74,"column":null}},"9":{"start":{"line":75,"column":2},"end":{"line":75,"column":null}},"10":{"start":{"line":76,"column":2},"end":{"line":76,"column":null}},"11":{"start":{"line":79,"column":2},"end":{"line":79,"column":null}},"12":{"start":{"line":80,"column":2},"end":{"line":80,"column":null}},"13":{"start":{"line":81,"column":2},"end":{"line":81,"column":null}},"14":{"start":{"line":82,"column":2},"end":{"line":82,"column":null}},"15":{"start":{"line":83,"column":2},"end":{"line":83,"column":null}},"16":{"start":{"line":84,"column":2},"end":{"line":84,"column":null}},"17":{"start":{"line":85,"column":2},"end":{"line":85,"column":null}},"18":{"start":{"line":88,"column":2},"end":{"line":94,"column":null}},"19":{"start":{"line":96,"column":2},"end":{"line":96,"column":null}},"20":{"start":{"line":97,"column":2},"end":{"line":97,"column":null}},"21":{"start":{"line":102,"column":4},"end":{"line":102,"column":null}},"22":{"start":{"line":103,"column":4},"end":{"line":103,"column":null}},"23":{"start":{"line":104,"column":4},"end":{"line":104,"column":null}},"24":{"start":{"line":105,"column":4},"end":{"line":105,"column":null}},"25":{"start":{"line":109,"column":4},"end":{"line":109,"column":null}},"26":{"start":{"line":110,"column":4},"end":{"line":110,"column":null}},"27":{"start":{"line":114,"column":21},"end":{"line":114,"column":null}},"28":{"start":{"line":114,"column":68},"end":{"line":114,"column":96}},"29":{"start":{"line":115,"column":29},"end":{"line":117,"column":null}},"30":{"start":{"line":116,"column":55},"end":{"line":116,"column":92}},"31":{"start":{"line":118,"column":22},"end":{"line":118,"column":null}},"32":{"start":{"line":119,"column":4},"end":{"line":119,"column":null}},"33":{"start":{"line":123,"column":36},"end":{"line":123,"column":null}},"34":{"start":{"line":124,"column":4},"end":{"line":129,"column":null}},"35":{"start":{"line":126,"column":56},"end":{"line":126,"column":76}},"36":{"start":{"line":133,"column":6},"end":{"line":138,"column":null}},"37":{"start":{"line":140,"column":26},"end":{"line":140,"column":null}},"38":{"start":{"line":141,"column":30},"end":{"line":141,"column":null}},"39":{"start":{"line":142,"column":26},"end":{"line":142,"column":null}},"40":{"start":{"line":144,"column":6},"end":{"line":148,"column":null}},"41":{"start":{"line":150,"column":6},"end":{"line":155,"column":null}},"42":{"start":{"line":157,"column":6},"end":{"line":162,"column":null}},"43":{"start":{"line":164,"column":6},"end":{"line":169,"column":null}},"44":{"start":{"line":171,"column":6},"end":{"line":176,"column":null}},"45":{"start":{"line":178,"column":6},"end":{"line":183,"column":null}},"46":{"start":{"line":188,"column":4},"end":{"line":188,"column":null}},"47":{"start":{"line":188,"column":22},"end":{"line":188,"column":null}},"48":{"start":{"line":189,"column":18},"end":{"line":189,"column":null}},"49":{"start":{"line":190,"column":4},"end":{"line":190,"column":null}},"50":{"start":{"line":192,"column":4},"end":{"line":192,"column":null}},"51":{"start":{"line":194,"column":4},"end":{"line":218,"column":null}},"52":{"start":{"line":195,"column":6},"end":{"line":207,"column":null}},"53":{"start":{"line":196,"column":27},"end":{"line":201,"column":null}},"54":{"start":{"line":202,"column":10},"end":{"line":206,"column":null}},"55":{"start":{"line":203,"column":14},"end":{"line":203,"column":null}},"56":{"start":{"line":204,"column":14},"end":{"line":204,"column":null}},"57":{"start":{"line":205,"column":14},"end":{"line":205,"column":null}},"58":{"start":{"line":209,"column":6},"end":{"line":217,"column":null}},"59":{"start":{"line":210,"column":8},"end":{"line":216,"column":null}},"60":{"start":{"line":211,"column":10},"end":{"line":211,"column":null}},"61":{"start":{"line":212,"column":10},"end":{"line":212,"column":null}},"62":{"start":{"line":213,"column":10},"end":{"line":213,"column":null}},"63":{"start":{"line":214,"column":10},"end":{"line":214,"column":null}},"64":{"start":{"line":214,"column":74},"end":{"line":214,"column":86}},"65":{"start":{"line":215,"column":10},"end":{"line":215,"column":null}},"66":{"start":{"line":222,"column":4},"end":{"line":222,"column":null}},"67":{"start":{"line":222,"column":42},"end":{"line":222,"column":null}},"68":{"start":{"line":223,"column":18},"end":{"line":223,"column":null}},"69":{"start":{"line":224,"column":4},"end":{"line":224,"column":null}},"70":{"start":{"line":226,"column":4},"end":{"line":229,"column":null}},"71":{"start":{"line":227,"column":6},"end":{"line":227,"column":null}},"72":{"start":{"line":228,"column":6},"end":{"line":228,"column":null}},"73":{"start":{"line":233,"column":4},"end":{"line":233,"column":null}},"74":{"start":{"line":233,"column":42},"end":{"line":233,"column":null}},"75":{"start":{"line":234,"column":4},"end":{"line":234,"column":null}},"76":{"start":{"line":236,"column":18},"end":{"line":236,"column":null}},"77":{"start":{"line":237,"column":4},"end":{"line":237,"column":null}},"78":{"start":{"line":239,"column":24},"end":{"line":239,"column":null}},"79":{"start":{"line":241,"column":4},"end":{"line":248,"column":null}},"80":{"start":{"line":242,"column":8},"end":{"line":247,"column":null}},"81":{"start":{"line":250,"column":4},"end":{"line":252,"column":null}},"82":{"start":{"line":251,"column":6},"end":{"line":251,"column":null}},"83":{"start":{"line":251,"column":70},"end":{"line":251,"column":104}},"84":{"start":{"line":254,"column":4},"end":{"line":254,"column":null}},"85":{"start":{"line":255,"column":4},"end":{"line":255,"column":null}},"86":{"start":{"line":259,"column":4},"end":{"line":259,"column":null}},"87":{"start":{"line":259,"column":22},"end":{"line":259,"column":null}},"88":{"start":{"line":260,"column":18},"end":{"line":260,"column":null}},"89":{"start":{"line":261,"column":4},"end":{"line":261,"column":null}},"90":{"start":{"line":263,"column":4},"end":{"line":266,"column":null}},"91":{"start":{"line":264,"column":8},"end":{"line":264,"column":null}},"92":{"start":{"line":265,"column":8},"end":{"line":265,"column":null}},"93":{"start":{"line":267,"column":4},"end":{"line":272,"column":null}},"94":{"start":{"line":268,"column":23},"end":{"line":268,"column":null}},"95":{"start":{"line":269,"column":8},"end":{"line":269,"column":null}},"96":{"start":{"line":270,"column":8},"end":{"line":270,"column":null}},"97":{"start":{"line":271,"column":8},"end":{"line":271,"column":null}},"98":{"start":{"line":274,"column":4},"end":{"line":276,"column":null}},"99":{"start":{"line":275,"column":8},"end":{"line":275,"column":null}},"100":{"start":{"line":280,"column":4},"end":{"line":280,"column":null}},"101":{"start":{"line":280,"column":45},"end":{"line":280,"column":null}},"102":{"start":{"line":282,"column":4},"end":{"line":288,"column":null}},"103":{"start":{"line":283,"column":6},"end":{"line":283,"column":null}},"104":{"start":{"line":284,"column":4},"end":{"line":288,"column":null}},"105":{"start":{"line":285,"column":6},"end":{"line":285,"column":null}},"106":{"start":{"line":286,"column":4},"end":{"line":288,"column":null}},"107":{"start":{"line":287,"column":6},"end":{"line":287,"column":null}},"108":{"start":{"line":293,"column":4},"end":{"line":293,"column":null}},"109":{"start":{"line":293,"column":22},"end":{"line":293,"column":null}},"110":{"start":{"line":295,"column":4},"end":{"line":295,"column":null}},"111":{"start":{"line":296,"column":4},"end":{"line":296,"column":null}},"112":{"start":{"line":298,"column":4},"end":{"line":298,"column":null}},"113":{"start":{"line":299,"column":4},"end":{"line":299,"column":null}},"114":{"start":{"line":301,"column":4},"end":{"line":301,"column":null}},"115":{"start":{"line":302,"column":4},"end":{"line":302,"column":null}},"116":{"start":{"line":303,"column":4},"end":{"line":303,"column":null}},"117":{"start":{"line":304,"column":4},"end":{"line":304,"column":null}},"118":{"start":{"line":305,"column":4},"end":{"line":305,"column":null}},"119":{"start":{"line":307,"column":4},"end":{"line":307,"column":null}},"120":{"start":{"line":308,"column":4},"end":{"line":308,"column":null}},"121":{"start":{"line":309,"column":4},"end":{"line":309,"column":null}},"122":{"start":{"line":310,"column":4},"end":{"line":310,"column":null}},"123":{"start":{"line":312,"column":4},"end":{"line":317,"column":null}},"124":{"start":{"line":313,"column":6},"end":{"line":313,"column":null}},"125":{"start":{"line":314,"column":6},"end":{"line":314,"column":null}},"126":{"start":{"line":315,"column":6},"end":{"line":315,"column":null}},"127":{"start":{"line":316,"column":6},"end":{"line":316,"column":null}},"128":{"start":{"line":319,"column":4},"end":{"line":319,"column":null}},"129":{"start":{"line":321,"column":4},"end":{"line":328,"column":null}},"130":{"start":{"line":322,"column":8},"end":{"line":322,"column":null}},"131":{"start":{"line":323,"column":8},"end":{"line":323,"column":null}},"132":{"start":{"line":324,"column":8},"end":{"line":324,"column":null}},"133":{"start":{"line":325,"column":8},"end":{"line":325,"column":null}},"134":{"start":{"line":326,"column":8},"end":{"line":326,"column":null}},"135":{"start":{"line":327,"column":8},"end":{"line":327,"column":null}},"136":{"start":{"line":332,"column":4},"end":{"line":332,"column":null}},"137":{"start":{"line":333,"column":4},"end":{"line":333,"column":null}},"138":{"start":{"line":334,"column":4},"end":{"line":334,"column":null}},"139":{"start":{"line":336,"column":4},"end":{"line":348,"column":null}},"140":{"start":{"line":337,"column":22},"end":{"line":337,"column":null}},"141":{"start":{"line":338,"column":8},"end":{"line":338,"column":null}},"142":{"start":{"line":339,"column":8},"end":{"line":339,"column":null}},"143":{"start":{"line":341,"column":8},"end":{"line":341,"column":null}},"144":{"start":{"line":342,"column":8},"end":{"line":342,"column":null}},"145":{"start":{"line":343,"column":8},"end":{"line":343,"column":null}},"146":{"start":{"line":344,"column":8},"end":{"line":344,"column":null}},"147":{"start":{"line":346,"column":8},"end":{"line":346,"column":null}},"148":{"start":{"line":347,"column":8},"end":{"line":347,"column":null}},"149":{"start":{"line":350,"column":4},"end":{"line":350,"column":null}},"150":{"start":{"line":351,"column":4},"end":{"line":351,"column":null}},"151":{"start":{"line":352,"column":4},"end":{"line":352,"column":null}},"152":{"start":{"line":353,"column":19},"end":{"line":353,"column":null}},"153":{"start":{"line":354,"column":4},"end":{"line":356,"column":null}},"154":{"start":{"line":355,"column":6},"end":{"line":355,"column":null}},"155":{"start":{"line":357,"column":4},"end":{"line":357,"column":null}},"156":{"start":{"line":359,"column":26},"end":{"line":359,"column":null}},"157":{"start":{"line":360,"column":4},"end":{"line":360,"column":null}},"158":{"start":{"line":361,"column":4},"end":{"line":361,"column":null}},"159":{"start":{"line":362,"column":4},"end":{"line":362,"column":null}},"160":{"start":{"line":363,"column":4},"end":{"line":363,"column":null}},"161":{"start":{"line":365,"column":4},"end":{"line":365,"column":null}},"162":{"start":{"line":366,"column":4},"end":{"line":366,"column":null}},"163":{"start":{"line":367,"column":4},"end":{"line":367,"column":null}},"164":{"start":{"line":368,"column":4},"end":{"line":368,"column":null}},"165":{"start":{"line":369,"column":4},"end":{"line":369,"column":null}},"166":{"start":{"line":370,"column":4},"end":{"line":370,"column":null}},"167":{"start":{"line":372,"column":4},"end":{"line":372,"column":null}},"168":{"start":{"line":373,"column":4},"end":{"line":373,"column":null}},"169":{"start":{"line":374,"column":4},"end":{"line":374,"column":null}},"170":{"start":{"line":375,"column":4},"end":{"line":375,"column":null}},"171":{"start":{"line":376,"column":4},"end":{"line":376,"column":null}},"172":{"start":{"line":377,"column":20},"end":{"line":377,"column":null}},"173":{"start":{"line":378,"column":20},"end":{"line":378,"column":null}},"174":{"start":{"line":379,"column":4},"end":{"line":379,"column":null}},"175":{"start":{"line":380,"column":4},"end":{"line":380,"column":null}},"176":{"start":{"line":381,"column":4},"end":{"line":381,"column":null}},"177":{"start":{"line":382,"column":4},"end":{"line":382,"column":null}},"178":{"start":{"line":383,"column":4},"end":{"line":383,"column":null}},"179":{"start":{"line":385,"column":4},"end":{"line":385,"column":null}}},"fnMap":{"0":{"name":"isInside","decl":{"start":{"line":24,"column":9},"end":{"line":24,"column":18}},"loc":{"start":{"line":24,"column":121},"end":{"line":26,"column":null}},"line":24},"1":{"name":"distance","decl":{"start":{"line":28,"column":9},"end":{"line":28,"column":18}},"loc":{"start":{"line":28,"column":82},"end":{"line":30,"column":null}},"line":28},"2":{"name":"(anonymous_2)","decl":{"start":{"line":99,"column":2},"end":{"line":99,"column":16}},"loc":{"start":{"line":99,"column":16},"end":{"line":99,"column":null}},"line":99},"3":{"name":"(anonymous_3)","decl":{"start":{"line":101,"column":9},"end":{"line":101,"column":22}},"loc":{"start":{"line":101,"column":22},"end":{"line":106,"column":null}},"line":101},"4":{"name":"(anonymous_4)","decl":{"start":{"line":108,"column":9},"end":{"line":108,"column":23}},"loc":{"start":{"line":108,"column":23},"end":{"line":111,"column":null}},"line":108},"5":{"name":"(anonymous_5)","decl":{"start":{"line":113,"column":10},"end":{"line":113,"column":68}},"loc":{"start":{"line":113,"column":68},"end":{"line":120,"column":null}},"line":113},"6":{"name":"(anonymous_6)","decl":{"start":{"line":114,"column":53},"end":{"line":114,"column":54}},"loc":{"start":{"line":114,"column":68},"end":{"line":114,"column":96}},"line":114},"7":{"name":"(anonymous_7)","decl":{"start":{"line":116,"column":40},"end":{"line":116,"column":41}},"loc":{"start":{"line":116,"column":55},"end":{"line":116,"column":92}},"line":116},"8":{"name":"(anonymous_8)","decl":{"start":{"line":122,"column":9},"end":{"line":122,"column":35}},"loc":{"start":{"line":122,"column":35},"end":{"line":130,"column":null}},"line":122},"9":{"name":"(anonymous_9)","decl":{"start":{"line":126,"column":48},"end":{"line":126,"column":56}},"loc":{"start":{"line":126,"column":56},"end":{"line":126,"column":76}},"line":126},"10":{"name":"(anonymous_10)","decl":{"start":{"line":132,"column":10},"end":{"line":132,"column":23}},"loc":{"start":{"line":132,"column":72},"end":{"line":184,"column":null}},"line":132},"11":{"name":"(anonymous_11)","decl":{"start":{"line":187,"column":9},"end":{"line":187,"column":25}},"loc":{"start":{"line":187,"column":50},"end":{"line":219,"column":null}},"line":187},"12":{"name":"(anonymous_12)","decl":{"start":{"line":195,"column":40},"end":{"line":195,"column":41}},"loc":{"start":{"line":195,"column":63},"end":{"line":207,"column":7}},"line":195},"13":{"name":"(anonymous_13)","decl":{"start":{"line":209,"column":39},"end":{"line":209,"column":49}},"loc":{"start":{"line":209,"column":49},"end":{"line":217,"column":7}},"line":209},"14":{"name":"(anonymous_14)","decl":{"start":{"line":214,"column":69},"end":{"line":214,"column":74}},"loc":{"start":{"line":214,"column":74},"end":{"line":214,"column":86}},"line":214},"15":{"name":"(anonymous_15)","decl":{"start":{"line":221,"column":9},"end":{"line":221,"column":25}},"loc":{"start":{"line":221,"column":50},"end":{"line":230,"column":null}},"line":221},"16":{"name":"(anonymous_16)","decl":{"start":{"line":232,"column":9},"end":{"line":232,"column":23}},"loc":{"start":{"line":232,"column":48},"end":{"line":256,"column":null}},"line":232},"17":{"name":"(anonymous_17)","decl":{"start":{"line":251,"column":65},"end":{"line":251,"column":70}},"loc":{"start":{"line":251,"column":70},"end":{"line":251,"column":104}},"line":251},"18":{"name":"(anonymous_18)","decl":{"start":{"line":258,"column":9},"end":{"line":258,"column":26}},"loc":{"start":{"line":258,"column":51},"end":{"line":277,"column":null}},"line":258},"19":{"name":"(anonymous_19)","decl":{"start":{"line":279,"column":9},"end":{"line":279,"column":23}},"loc":{"start":{"line":279,"column":51},"end":{"line":289,"column":null}},"line":279},"20":{"name":"(anonymous_20)","decl":{"start":{"line":292,"column":9},"end":{"line":292,"column":16}},"loc":{"start":{"line":292,"column":53},"end":{"line":329,"column":null}},"line":292},"21":{"name":"(anonymous_21)","decl":{"start":{"line":312,"column":37},"end":{"line":312,"column":47}},"loc":{"start":{"line":312,"column":47},"end":{"line":317,"column":5}},"line":312},"22":{"name":"(anonymous_22)","decl":{"start":{"line":331,"column":10},"end":{"line":331,"column":27}},"loc":{"start":{"line":331,"column":64},"end":{"line":386,"column":null}},"line":331},"23":{"name":"(anonymous_23)","decl":{"start":{"line":336,"column":38},"end":{"line":336,"column":39}},"loc":{"start":{"line":336,"column":61},"end":{"line":348,"column":5}},"line":336}},"branchMap":{"0":{"loc":{"start":{"line":25,"column":11},"end":{"line":25,"column":null}},"type":"binary-expr","locations":[{"start":{"line":25,"column":11},"end":{"line":25,"column":29}},{"start":{"line":25,"column":29},"end":{"line":25,"column":60}},{"start":{"line":25,"column":60},"end":{"line":25,"column":78}},{"start":{"line":25,"column":78},"end":{"line":25,"column":null}}],"line":25},"1":{"loc":{"start":{"line":115,"column":29},"end":{"line":117,"column":null}},"type":"cond-expr","locations":[{"start":{"line":116,"column":8},"end":{"line":116,"column":null}},{"start":{"line":117,"column":8},"end":{"line":117,"column":null}}],"line":115},"2":{"loc":{"start":{"line":188,"column":4},"end":{"line":188,"column":null}},"type":"if","locations":[{"start":{"line":188,"column":4},"end":{"line":188,"column":null}},{"start":{},"end":{}}],"line":188},"3":{"loc":{"start":{"line":194,"column":4},"end":{"line":218,"column":null}},"type":"if","locations":[{"start":{"line":194,"column":4},"end":{"line":218,"column":null}},{"start":{},"end":{}}],"line":194},"4":{"loc":{"start":{"line":202,"column":10},"end":{"line":206,"column":null}},"type":"if","locations":[{"start":{"line":202,"column":10},"end":{"line":206,"column":null}},{"start":{},"end":{}}],"line":202},"5":{"loc":{"start":{"line":210,"column":8},"end":{"line":216,"column":null}},"type":"if","locations":[{"start":{"line":210,"column":8},"end":{"line":216,"column":null}},{"start":{},"end":{}}],"line":210},"6":{"loc":{"start":{"line":222,"column":4},"end":{"line":222,"column":null}},"type":"if","locations":[{"start":{"line":222,"column":4},"end":{"line":222,"column":null}},{"start":{},"end":{}}],"line":222},"7":{"loc":{"start":{"line":222,"column":8},"end":{"line":222,"column":42}},"type":"binary-expr","locations":[{"start":{"line":222,"column":8},"end":{"line":222,"column":24}},{"start":{"line":222,"column":24},"end":{"line":222,"column":42}}],"line":222},"8":{"loc":{"start":{"line":226,"column":4},"end":{"line":229,"column":null}},"type":"if","locations":[{"start":{"line":226,"column":4},"end":{"line":229,"column":null}},{"start":{},"end":{}}],"line":226},"9":{"loc":{"start":{"line":233,"column":4},"end":{"line":233,"column":null}},"type":"if","locations":[{"start":{"line":233,"column":4},"end":{"line":233,"column":null}},{"start":{},"end":{}}],"line":233},"10":{"loc":{"start":{"line":233,"column":8},"end":{"line":233,"column":42}},"type":"binary-expr","locations":[{"start":{"line":233,"column":8},"end":{"line":233,"column":24}},{"start":{"line":233,"column":24},"end":{"line":233,"column":42}}],"line":233},"11":{"loc":{"start":{"line":241,"column":4},"end":{"line":248,"column":null}},"type":"if","locations":[{"start":{"line":241,"column":4},"end":{"line":248,"column":null}},{"start":{},"end":{}}],"line":241},"12":{"loc":{"start":{"line":241,"column":8},"end":{"line":241,"column":47}},"type":"binary-expr","locations":[{"start":{"line":241,"column":8},"end":{"line":241,"column":34}},{"start":{"line":241,"column":34},"end":{"line":241,"column":47}}],"line":241},"13":{"loc":{"start":{"line":250,"column":4},"end":{"line":252,"column":null}},"type":"if","locations":[{"start":{"line":250,"column":4},"end":{"line":252,"column":null}},{"start":{},"end":{}}],"line":250},"14":{"loc":{"start":{"line":250,"column":7},"end":{"line":250,"column":53}},"type":"binary-expr","locations":[{"start":{"line":250,"column":7},"end":{"line":250,"column":39}},{"start":{"line":250,"column":39},"end":{"line":250,"column":53}}],"line":250},"15":{"loc":{"start":{"line":259,"column":4},"end":{"line":259,"column":null}},"type":"if","locations":[{"start":{"line":259,"column":4},"end":{"line":259,"column":null}},{"start":{},"end":{}}],"line":259},"16":{"loc":{"start":{"line":263,"column":4},"end":{"line":266,"column":null}},"type":"if","locations":[{"start":{"line":263,"column":4},"end":{"line":266,"column":null}},{"start":{},"end":{}}],"line":263},"17":{"loc":{"start":{"line":267,"column":4},"end":{"line":272,"column":null}},"type":"if","locations":[{"start":{"line":267,"column":4},"end":{"line":272,"column":null}},{"start":{},"end":{}}],"line":267},"18":{"loc":{"start":{"line":274,"column":4},"end":{"line":276,"column":null}},"type":"if","locations":[{"start":{"line":274,"column":4},"end":{"line":276,"column":null}},{"start":{},"end":{}}],"line":274},"19":{"loc":{"start":{"line":280,"column":4},"end":{"line":280,"column":null}},"type":"if","locations":[{"start":{"line":280,"column":4},"end":{"line":280,"column":null}},{"start":{},"end":{}}],"line":280},"20":{"loc":{"start":{"line":280,"column":8},"end":{"line":280,"column":45}},"type":"binary-expr","locations":[{"start":
[...]
,"/app/src/main.ts": {"path":"/app/src/main.ts","statementMap":{"0":{"start":{"line":3,"column":13},"end":{"line":3,"column":null}},"1":{"start":{"line":4,"column":0},"end":{"line":4,"column":null}}},"fnMap":{},"branchMap":{},"s":{"0":0,"1":0},"f":{},"b":{},"meta":{"lastBranch":0,"lastFunction":0,"lastStatement":2,"seen":{"s:3:13:3:Infinity":0,"s:4:0:4:Infinity":1}}}
,"/app/src/model/Employee.ts": {"path":"/app/src/model/Employee.ts","statementMap":{"0":{"start":{"line":5,"column":11},"end":{"line":5,"column":null}},"1":{"start":{"line":6,"column":11},"end":{"line":6,"column":null}},"2":{"start":{"line":7,"column":11},"end":{"line":7,"column":null}},"3":{"start":{"line":8,"column":11},"end":{"line":8,"column":null}}},"fnMap":{"0":{"name":"(anonymous_0)","decl":{"start":{"line":4,"column":2},"end":{"line":4,"column":null}},"loc":{"start":{"line":9,"column":4},"end":{"line":9,"column":null}},"line":9}},"branchMap":{},"s":{"0":0,"1":0,"2":0,"3":0},"f":{"0":0},"b":{},"meta":{"lastBranch":0,"lastFunction":1,"lastStatement":4,"seen":{"f:4:2:4:Infinity":0,"s:5:11:5:Infinity":0,"s:6:11:6:Infinity":1,"s:7:11:7:Infinity":2,"s:8:11:8:Infinity":3}}}
,"/app/src/model/Furniture.ts": {"path":"/app/src/model/Furniture.ts","statementMap":{},"fnMap":{},"branchMap":{},"s":{},"f":{},"b":{},"meta":{"lastBranch":0,"lastFunction":0,"lastStatement":0,"seen":{}}}
,"/app/src/model/GameState.ts": {"path":"/app/src/model/GameState.ts","statementMap":{"0":{"start":{"line":14,"column":4},"end":{"line":14,"column":null}},"1":{"start":{"line":15,"column":4},"end":{"line":15,"column":null}},"2":{"start":{"line":16,"column":4},"end":{"line":16,"column":null}},"3":{"start":{"line":17,"column":4},"end":{"line":17,"column":null}},"4":{"start":{"line":21,"column":4},"end":{"line":23,"column":null}},"5":{"start":{"line":22,"column":6},"end":{"line":22,"column":null}},"6":{"start":{"line":24,"column":4},"end":{"line":24,"column":null}},"7":{"start":{"line":28,"column":4},"end":{"line":28,"column":null}},"8":{"start":{"line":32,"column":4},"end":{"line":32,"column":null}},"9":{"start":{"line":36,"column":4},"end":{"line":36,"column":null}},"10":{"start":{"line":40,"column":4},"end":{"line":40,"column":null}}},"fnMap":{"0":{"name":"(anonymous_0)","decl":{"start":{"line":13,"column":10},"end":{"line":13,"column":24}},"loc":{"start":{"line":13,"column":24},"end":{"line":18,"column":null}},"line":13},"1":{"name":"(anonymous_1)","decl":{"start":{"line":20,"column":16},"end":{"line":20,"column":41}},"loc":{"start":{"line":20,"column":41},"end":{"line":25,"column":null}},"line":20},"2":{"name":"(anonymous_2)","decl":{"start":{"line":27,"column":9},"end":{"line":27,"column":23}},"loc":{"start":{"line":27,"column":53},"end":{"line":29,"column":null}},"line":27},"3":{"name":"(anonymous_3)","decl":{"start":{"line":31,"column":9},"end":{"line":31,"column":28}},"loc":{"start":{"line":31,"column":58},"end":{"line":33,"column":null}},"line":31},"4":{"name":"(anonymous_4)","decl":{"start":{"line":35,"column":9},"end":{"line":35,"column":23}},"loc":{"start":{"line":35,"column":59},"end":{"line":37,"column":null}},"line":35},"5":{"name":"(anonymous_5)","decl":{"start":{"line":39,"column":9},"end":{"line":39,"column":43}},"loc":{"start":{"line":39,"column":43},"end":{"line":41,"column":null}},"line":39}},"branchMap":{"0":{"loc":{"start":{"line":21,"column":4},"end":{"line":23,"column":null}},"type":"if","locations":[{"start":{"line":21,"column":4},"end":{"line":23,"column":null}},{"start":{},"end":{}}],"line":21}},"s":{"0":0,"1":0,"2":0,"3":0,"4":0,"5":0,"6":0,"7":0,"8":0,"9":0,"10":0},"f":{"0":0,"1":0,"2":0,"3":0,"4":0,"5":0},"b":{"0":[0,0]},"meta":{"lastBranch":1,"lastFunction":6,"lastStatement":11,"seen":{"f:13:10:13:24":0,"s:14:4:14:Infinity":0,"s:15:4:15:Infinity":1,"s:16:4:16:Infinity":2,"s:17:4:17:Infinity":3,"f:20:16:20:41":1,"b:21:4:23:Infinity:undefined:undefined:undefined:undefined":0,"s:21:4:23:Infinity":4,"s:22:6:22:Infinity":5,"s:24:4:24:Infinity":6,"f:27:9:27:23":2,"s:28:4:28:Infinity":7,"f:31:9:31:28":3,"s:32:4:32:Infinity":8,"f:35:9:35:23":4,"s:36:4:36:Infinity":9,"f:39:9:39:43":5,"s:40:4:40:Infinity":10}}}
,"/app/src/model/Ingredient.ts": {"path":"/app/src/model/Ingredient.ts","statementMap":{"0":{"start":{"line":5,"column":11},"end":{"line":5,"column":null}},"1":{"start":{"line":6,"column":11},"end":{"line":6,"column":null}},"2":{"start":{"line":7,"column":11},"end":{"line":7,"column":null}},"3":{"start":{"line":8,"column":11},"end":{"line":8,"column":null}}},"fnMap":{"0":{"name":"(anonymous_0)","decl":{"start":{"line":4,"column":2},"end":{"line":4,"column":null}},"loc":{"start":{"line":9,"column":4},"end":{"line":9,"column":null}},"line":9}},"branchMap":{},"s":{"0":2,"1":2,"2":2,"3":2},"f":{"0":2},"b":{},"meta":{"lastBranch":0,"lastFunction":1,"lastStatement":4,"seen":{"f:4:2:4:Infinity":0,"s:5:11:5:Infinity":0,"s:6:11:6:Infinity":1,"s:7:11:7:Infinity":2,"s:8:11:8:Infinity":3}}}
,"/app/src/model/Pizza.ts": {"path":"/app/src/model/Pizza.ts","statementMap":{"0":{"start":{"line":5,"column":11},"end":{"line":5,"column":null}},"1":{"start":{"line":6,"column":11},"end":{"line":6,"column":null}},"2":{"start":{"line":7,"column":11},"end":{"line":7,"column":null}},"3":{"start":{"line":11,"column":4},"end":{"line":14,"column":null}},"4":{"start":{"line":12,"column":33},"end":{"line":12,"column":null}}},"fnMap":{"0":{"name":"(anonymous_0)","decl":{"start":{"line":4,"column":2},"end":{"line":4,"column":null}},"loc":{"start":{"line":8,"column":4},"end":{"line":8,"column":null}},"line":8},"1":{"name":"(anonymous_1)","decl":{"start":{"line":10,"column":2},"end":{"line":10,"column":20}},"loc":{"start":{"line":10,"column":20},"end":{"line":15,"column":null}},"line":10},"2":{"name":"(anonymous_2)","decl":{"start":{"line":12,"column":6},"end":{"line":12,"column":7}},"loc":{"start":{"line":12,"column":33},"end":{"line":12,"column":null}},"line":12}},"branchMap":{},"s":{"0":1,"1":1,"2":1,"3":1,"4":2},"f":{"0":1,"1":1,"2":2},"b":{},"meta":{"lastBranch":0,"lastFunction":3,"lastStatement":5,"seen":{"f:4:2:4:Infinity":0,"s:5:11:5:Infinity":0,"s:6:11:6:Infinity":1,"s:7:11:7:Infinity":2,"f:10:2:10:20":1,"s:11:4:14:Infinity":3,"f:12:6:12:7":2,"s:12:33:12:Infinity":4}}}
,"/app/src/model/PizzaRecipe.ts": {"path":"/app/src/model/PizzaRecipe.ts","statementMap":{},"fnMap":{},"branchMap":{},"s":{},"f":{},"b":{},"meta":{"lastBranch":0,"lastFunction":0,"lastStatement":0,"seen":{}}}
,"/app/src/model/Player.ts": {"path":"/app/src/model/Player.ts","statementMap":{"0":{"start":{"line":5,"column":4},"end":{"line":5,"column":null}},"1":{"start":{"line":9,"column":4},"end":{"line":9,"column":null}},"2":{"start":{"line":13,"column":4},"end":{"line":15,"column":null}},"3":{"start":{"line":14,"column":6},"end":{"line":14,"column":null}},"4":{"start":{"line":19,"column":4},"end":{"line":22,"column":null}},"5":{"start":{"line":20,"column":6},"end":{"line":20,"column":null}},"6":{"start":{"line":21,"column":6},"end":{"line":21,"column":null}},"7":{"start":{"line":23,"column":4},"end":{"line":23,"column":null}}},"fnMap":{"0":{"name":"(anonymous_0)","decl":{"start":{"line":4,"column":2},"end":{"line":4,"column":14}},"loc":{"start":{"line":4,"column":37},"end":{"line":6,"column":null}},"line":4},"1":{"name":"(anonymous_1)","decl":{"start":{"line":8,"column":13},"end":{"line":8,"column":29}},"loc":{"start":{"line":8,"column":29},"end":{"line":10,"column":null}},"line":8},"2":{"name":"(anonymous_2)","decl":{"start":{"line":12,"column":9},"end":{"line":12,"column":18}},"loc":{"start":{"line":12,"column":40},"end":{"line":16,"column":null}},"line":12},"3":{"name":"(anonymous_3)","decl":{"start":{"line":18,"column":9},"end":{"line":18,"column":20}},"loc":{"start":{"line":18,"column":45},"end":{"line":24,"column":null}},"line":18}},"branchMap":{"0":{"loc":{"start":{"line":13,"column":4},"end":{"line":15,"column":null}},"type":"if","locations":[{"start":{"line":13,"column":4},"end":{"line":15,"column":null}},{"start":{},"end":{}}],"line":13},"1":{"loc":{"start":{"line":19,"column":4},"end":{"line":22,"column":null}},"type":"if","locations":[{"start":{"line":19,"column":4},"end":{"line":22,"column":null}},{"start":{},"end":{}}],"line":19},"2":{"loc":{"start":{"line":19,"column":8},"end":{"line":19,"column":45}},"type":"binary-expr","locations":[{"start":{"line":19,"column":8},"end":{"line":19,"column":22}},{"start":{"line":19,"column":22},"end":{"line":19,"column":45}}],"line":19}},"s":{"0":0,"1":0,"2":0,"3":0,"4":0,"5":0,"6":0,"7":0},"f":{"0":0,"1":0,"2":0,"3":0},"b":{"0":[0,0],"1":[0,0],"2":[0,0]},"meta":{"lastBranch":3,"lastFunction":4,"lastStatement":8,"seen":{"f:4:2:4:14":0,"s:5:4:5:Infinity":0,"f:8:13:8:29":1,"s:9:4:9:Infinity":1,"f:12:9:12:18":2,"b:13:4:15:Infinity:undefined:undefined:undefined:undefined":0,"s:13:4:15:Infinity":2,"s:14:6:14:Infinity":3,"f:18:9:18:20":3,"b:19:4:22:Infinity:undefined:undefined:undefined:undefined":1,"s:19:4:22:Infinity":4,"b:19:8:19:22:19:22:19:45":2,"s:20:6:20:Infinity":5,"s:21:6:21:Infinity":6,"s:23:4:23:Infinity":7}}}
,"/app/src/model/Restaurant.ts": {"path":"/app/src/model/Restaurant.ts","statementMap":{"0":{"start":{"line":8,"column":2},"end":{"line":8,"column":null}},"1":{"start":{"line":9,"column":2},"end":{"line":9,"column":null}},"2":{"start":{"line":10,"column":2},"end":{"line":10,"column":null}},"3":{"start":{"line":11,"column":2},"end":{"line":11,"column":null}},"4":{"start":{"line":14,"column":4},"end":{"line":14,"column":null}}},"fnMap":{"0":{"name":"(anonymous_0)","decl":{"start":{"line":13,"column":2},"end":{"line":13,"column":16}},"loc":{"start":{"line":13,"column":16},"end":{"line":15,"column":null}},"line":13}},"branchMap":{},"s":{"0":0,"1":0,"2":0,"3":0,"4":0},"f":{"0":0},"b":{},"meta":{"lastBranch":0,"lastFunction":1,"lastStatement":5,"seen":{"f:13:2:13:16":0,"s:8:2:8:Infinity":0,"s:9:2:9:Infinity":1,"s:10:2:10:Infinity":2,"s:11:2:11:Infinity":3,"s:14:4:14:Infinity":4}}}
,"/app/src/model/Tile.ts": {"path":"/app/src/model/Tile.ts","statementMap":{},"fnMap":{},"branchMap":{},"s":{},"f":{},"b":{},"meta":{"lastBranch":0,"lastFunction":0,"lastStatement":0,"seen":{}}}
,"/app/src/model/enums.ts": {"path":"/app/src/model/enums.ts","statementMap":{"0":{"start":{"line":1,"column":7},"end":{"line":1,"column":null}},"1":{"start":{"line":2,"column":2},"end":{"line":2,"column":null}},"2":{"start":{"line":3,"column":2},"end":{"line":3,"column":null}},"3":{"start":{"line":4,"column":2},"end":{"line":4,"column":null}},"4":{"start":{"line":5,"column":2},"end":{"line":5,"column":null}},"5":{"start":{"line":1,"column":12},"end":{"line":1,"column":null}},"6":{"start":{"line":8,"column":7},"end":{"line":8,"column":null}},"7":{"start":{"line":9,"column":2},"end":{"line":9,"column":null}},"8":{"start":{"line":10,"column":2},"end":{"line":10,"column":null}},"9":{"start":{"line":8,"column":12},"end":{"line":8,"column":null}},"10":{"start":{"line":13,"column":7},"end":{"line":13,"column":null}},"11":{"start":{"line":14,"column":2},"end":{"line":14,"column":null}},"12":{"start":{"line":15,"column":2},"end":{"line":15,"column":null}},"13":{"start":{"line":16,"column":2},"end":{"line":16,"column":null}},"14":{"start":{"line":17,"column":2},"end":{"line":17,"column":null}},"15":{"start":{"line":18,"column":2},"end":{"line":18,"column":null}},"16":{"start":{"line":13,"column":12},"end":{"line":13,"column":null}},"17":{"start":{"line":21,"column":7},"end":{"line":21,"column":null}},"18":{"start":{"line":22,"column":2},"end":{"line":22,"column":null}},"19":{"start":{"line":23,"column":2},"end":{"line":23,"column":null}},"20":{"start":{"line":21,"column":12},"end":{"line":21,"column":null}}},"fnMap":{"0":{"name":"(anonymous_0)","decl":{"start":{"line":1,"column":7},"end":{"line":1,"column":12}},"loc":{"start":{"line":1,"column":7},"end":{"line":1,"column":null}},"line":1},"1":{"name":"(anonymous_1)","decl":{"start":{"line":8,"column":7},"end":{"line":8,"column":12}},"loc":{"start":{"line":8,"column":7},"end":{"line":8,"column":null}},"line":8},"2":{"name":"(anonymous_2)","decl":{"start":{"line":13,"column":7},"end":{"line":13,"column":12}},"loc":{"start":{"line":13,"column":7},"end":{"line":13,"column":null}},"line":13},"3":{"name":"(anonymous_3)","decl":{"start":{"line":21,"column":7},"end":{"line":21,"column":12}},"loc":{"start":{"line":21,"column":7},"end":{"line":21,"column":null}},"line":21}},"branchMap":{"0":{"loc":{"start":{"line":1,"column":12},"end":{"line":1,"column":null}},"type":"binary-expr","locations":[{"start":{"line":1,"column":12},"end":{"line":1,"column":null}},{"start":{"line":1,"column":12},"end":{"line":1,"column":null}}],"line":1},"1":{"loc":{"start":{"line":8,"column":12},"end":{"line":8,"column":null}},"type":"binary-expr","locations":[{"start":{"line":8,"column":12},"end":{"line":8,"column":null}},{"start":{"line":8,"column":12},"end":{"line":8,"column":null}}],"line":8},"2":{"loc":{"start":{"line":13,"column":12},"end":{"line":13,"column":null}},"type":"binary-expr","locations":[{"start":{"line":13,"column":12},"end":{"line":13,"column":null}},{"start":{"line":13,"column":12},"end":{"line":13,"column":null}}],"line":13},"3":{"loc":{"start":{"line":21,"column":12},"end":{"line":21,"column":null}},"type":"binary-expr","locations":[{"start":{"line":21,"column":12},"end":{"line":21,"column":null}},{"start":{"line":21,"column":12},"end":{"line":21,"column":null}}],"line":21}},"s":{"0":0,"1":0,"2":0,"3":0,"4":0,"5":0,"6":0,"7":0,"8":0,"9":0,"10":0,"11":0,"12":0,"13":0,"14":0,"15":0,"16":0,"17":0,"18":0,"19":0,"20":0},"f":{"0":0,"1":0,"2":0,"3":0},"b":{"0":[0,0],"1":[0,0],"2":[0,0],"3":[0,0]},"meta":{"lastBranch":4,"lastFunction":4,"lastStatement":21,"seen":{"s:1:7:1:Infinity":0,"f:1:7:1:12":0,"s:2:2:2:Infinity":1,"s:3:2:3:Infinity":2,"s:4:2:4:Infinity":3,"s:5:2:5:Infinity":4,"s:1:12:1:Infinity":5,"b:1:12:1:Infinity:1:12:1:Infinity":0,"s:8:7:8:Infinity":6,"f:8:7:8:12":1,"s:9:2:9:Infinity":7,"s:10:2:10:Infinity":8,"s:8:12:8:Infinity":9,"b:8:12:8:Infinity:8:12:8:Infinity":1,"s:13:7:13:Infinity":10,"f:13:7:13:12":2,"s:14:2:14:Infinity":11,"s:15:2:15:Infinity":12,"s:16:2:16:Infinity":13,"s:17:2:17:Infinity":14,"s:18:2:18:Infinity":15,"s:13:12:13:Infinity":16,"b:13:12:13:Infinity:13:12:13:Infinity":2,"s:21:7:21:Infinity":17,"f:21:7:21:12":3,"s:22:2:22:Infinity":18,"s:23:2:23:Infinity":19,"s:21:12:21:Infinity":20,"b:21:12:21:Infinity:21:12:21:Infinity":3}}}
,"/app/src/model/ingredientDefinitions.ts": {"path":"/app/src/model/ingredientDefinitions.ts","statementMap":{"0":{"start":{"line":11,"column":62},"end":{"line":36,"column":null}}},"fnMap":{},"branchMap":{},"s":{"0":0},"f":{},"b":{},"meta":{"lastBranch":0,"lastFunction":0,"lastStatement":1,"seen":{"s:11:62:36:Infinity":0}}}
,"/app/src/model/initialData.ts": {"path":"/app/src/model/initialData.ts","statementMap":{"0":{"start":{"line":13,"column":2},"end":{"line":16,"column":null}},"1":{"start":{"line":14,"column":23},"end":{"line":14,"column":null}},"2":{"start":{"line":15,"column":4},"end":{"line":15,"column":null}},"3":{"start":{"line":19,"column":22},"end":{"line":19,"column":null}},"4":{"start":{"line":20,"column":17},"end":{"line":20,"column":null}},"5":{"start":{"line":21,"column":20},"end":{"line":21,"column":null}},"6":{"start":{"line":24,"column":21},"end":{"line":24,"column":null}},"7":{"start":{"line":25,"column":25},"end":{"line":25,"column":null}},"8":{"start":{"line":28,"column":21},"end":{"line":28,"column":null}},"9":{"start":{"line":31,"column":28},"end":{"line":31,"column":null}},"10":{"start":{"line":32,"column":2},"end":{"line":32,"column":null}},"11":{"start":{"line":33,"column":2},"end":{"line":33,"column":null}},"12":{"start":{"line":36,"column":2},"end":{"line":36,"column":null}},"13":{"start":{"line":40,"column":15},"end":{"line":40,"column":null}},"14":{"start":{"line":41,"column":2},"end":{"line":49,"column":null}},"15":{"start":{"line":41,"column":15},"end":{"line":41,"column":18}},"16":{"start":{"line":42,"column":4},"end":{"line":48,"column":null}},"17":{"start":{"line":42,"column":17},"end":{"line":42,"column":20}},"18":{"start":{"line":43,"column":19},"end":{"line":43,"column":null}},"19":{"start":{"line":44,"column":6},"end":{"line":47,"column":null}},"20":{"start":{"line":45,"column":8},"end":{"line":45,"column":null}},"21":{"start":{"line":46,"column":8},"end":{"line":46,"column":null}},"22":{"start":{"line":51,"column":2},"end":{"line":53,"column":null}},"23":{"start":{"line":52,"column":4},"end":{"line":52,"column":null}},"24":{"start":{"line":55,"column":2},"end":{"line":55,"column":null}}},"fnMap":{"0":{"name":"loadInitialData","decl":{"start":{"line":11,"column":16},"end":{"line":11,"column":32}},"loc":{"start":{"line":11,"column":74},"end":{"line":56,"column":null}},"line":11},"1":{"name":"(anonymous_1)","decl":{"start":{"line":13,"column":33},"end":{"line":13,"column":34}},"loc":{"start":{"line":13,"column":42},"end":{"line":16,"column":3}},"line":13}},"branchMap":{"0":{"loc":{"start":{"line":41,"column":18},"end":{"line":41,"column":43}},"type":"binary-expr","locations":[{"start":{"line":41,"column":18},"end":{"line":41,"column":34}},{"start":{"line":41,"column":34},"end":{"line":41,"column":43}}],"line":41},"1":{"loc":{"start":{"line":42,"column":20},"end":{"line":42,"column":45}},"type":"binary-expr","locations":[{"start":{"line":42,"column":20},"end":{"line":42,"column":36}},{"start":{"line":42,"column":36},"end":{"line":42,"column":45}}],"line":42},"2":{"loc":{"start":{"line":44,"column":6},"end":{"line":47,"column":null}},"type":"if","locations":[{"start":{"line":44,"column":6},"end":{"line":47,"column":null}},{"start":{},"end":{}}],"line":44},"3":{"loc":{"start":{"line":44,"column":10},"end":{"line":44,"column":58}},"type":"binary-expr","locations":[{"start":{"line":44,"column":10},"end":{"line":44,"column":18}},{"start":{"line":44,"column":18},"end":{"line":44,"column":58}}],"line":44},"4":{"loc":{"start":{"line":51,"column":2},"end":{"line":53,"column":null}},"type":"if","locations":[{"start":{"line":51,"column":2},"end":{"line":53,"column":null}},{"start":{},"end":{}}],"line":51}},"s":{"0":0,"1":0,"2":0,"3":0,"4":0,"5":0,"6":0,"7":0,"8":0,"9":0,"10":0,"11":0,"12":0,"13":0,"14":0,"15":0,"16":0,"17":0,"18":0,"19":0,"20":0,"21":0,"22":0,"23":0,"24":0},"f":{"0":0,"1":0},"b":{"0":[0,0],"1":[0,0],"2":[0,0],"3":[0,0],"4":[0,0]},"meta":{"lastBranch":5,"lastFunction":2,"lastStatement":25,"seen":{"f:11:16:11:32":0,"s:13:2:16:Infinity":0,"f:13:33:13:34":1,"s:14:23:14:Infinity":1,"s:15:4:15:Infinity":2,"s:19:22:19:Infinity":3,"s:20:17:20:Infinity":4,"s:21:20:21:Infinity":5,"s:24:21:24:Infinity":6,"s:25:25:25:Infinity":7,"s:28:21:28:Infinity":8,"s:31:28:31:Infinity":9,"s:32:2:32:Infinity":10,"s:33:2:33:Infinity":11,"s:36:2:36:Infinity":12,"s:40:15:40:Infinity":13,"s:41:2:49:Infinity":14,"s:41:15:41:18":15,"b:41:18:41:34:41:34:41:43":0,"s:42:4:48:Infinity":16,"s:42:17:42:20":17,"b:42:20:42:36:42:36:42:45":1,"s:43:19:43:Infinity":18,"b:44:6:47:Infinity:undefined:undefined:undefined:undefined":2,"s:44:6:47:Infinity":19,"b:44:10:44:18:44:18:44:58":3,"s:45:8:45:Infinity":20,"s:46:8:46:Infinity":21,"b:51:2:53:Infinity:undefined:undefined:undefined:undefined":4,"s:51:2:53:Infinity":22,"s:52:4:52:Infinity":23,"s:55:2:55:Infinity":24}}}
}
